

================================================================
== Vitis HLS Report for 'fft_kernel'
================================================================
* Date:           Mon Jun  1 09:29:34 2026

* Version:        2024.1 (Build 5069499 on May 21 2024)
* Project:        hls_component
* Solution:       hls (Vivado IP Flow Target)
* Product family: virtexuplusHBM
* Target device:  xcvu47p-fsvh2892-2-e


================================================================
== Performance Estimates
================================================================
+ Timing: 
    * Summary: 
    +--------+---------+----------+------------+
    |  Clock |  Target | Estimated| Uncertainty|
    +--------+---------+----------+------------+
    |ap_clk  |  3.00 ns|  2.190 ns|     0.81 ns|
    +--------+---------+----------+------------+

+ Latency: 
    * Summary: 
    +---------+---------+----------+----------+---------+---------+---------+
    |  Latency (cycles) |  Latency (absolute) |      Interval     | Pipeline|
    |   min   |   max   |    min   |    max   |   min   |   max   |   Type  |
    +---------+---------+----------+----------+---------+---------+---------+
    |  1290414|  1290414|  3.871 ms|  3.871 ms|  1290415|  1290415|       no|
    +---------+---------+----------+----------+---------+---------+---------+

    + Detail: 
        * Instance: 
        +-------------------------------------------------+--------------------------------------+---------+---------+----------+----------+------+------+-----------------------------------------------+
        |                                                 |                                      |  Latency (cycles) |  Latency (absolute) |   Interval  |                    Pipeline                   |
        |                     Instance                    |                Module                |   min   |   max   |    min   |    max   |  min |  max |                      Type                     |
        +-------------------------------------------------+--------------------------------------+---------+---------+----------+----------+------+------+-----------------------------------------------+
        |grp_fft_kernel_Pipeline_VITIS_LOOP_49_2_fu_234   |fft_kernel_Pipeline_VITIS_LOOP_49_2   |     1027|     1027|  3.081 us|  3.081 us|  1025|  1025|  loop auto-rewind stp(delay=0 clock cycles(s))|
        |grp_fft_kernel_Pipeline_VITIS_LOOP_55_3_fu_246   |fft_kernel_Pipeline_VITIS_LOOP_55_3   |     1030|     1030|  3.090 us|  3.090 us|  1025|  1025|  loop auto-rewind stp(delay=0 clock cycles(s))|
        |grp_fft_kernel_Pipeline_VITIS_LOOP_62_4_fu_254   |fft_kernel_Pipeline_VITIS_LOOP_62_4   |     1027|     1027|  3.081 us|  3.081 us|  1025|  1025|  loop auto-rewind stp(delay=0 clock cycles(s))|
        |grp_fft_kernel_Pipeline_VITIS_LOOP_69_5_fu_262   |fft_kernel_Pipeline_VITIS_LOOP_69_5   |     1027|     1027|  3.081 us|  3.081 us|  1025|  1025|  loop auto-rewind stp(delay=0 clock cycles(s))|
        |grp_fft_kernel_Pipeline_VITIS_LOOP_116_9_fu_270  |fft_kernel_Pipeline_VITIS_LOOP_116_9  |     1027|     1027|  3.081 us|  3.081 us|  1025|  1025|  loop auto-rewind stp(delay=0 clock cycles(s))|
        |grp_fft_kernel_Pipeline_VITIS_LOOP_80_7_fu_282   |fft_kernel_Pipeline_VITIS_LOOP_80_7   |     1034|     1034|  3.102 us|  3.102 us|  1026|  1026|  loop auto-rewind stp(delay=0 clock cycles(s))|
        |grp_fft_kernel_Pipeline_VITIS_LOOP_109_8_fu_300  |fft_kernel_Pipeline_VITIS_LOOP_109_8  |     1027|     1027|  3.081 us|  3.081 us|  1025|  1025|  loop auto-rewind stp(delay=0 clock cycles(s))|
        +-------------------------------------------------+--------------------------------------+---------+---------+----------+----------+------+------+-----------------------------------------------+

        * Loop: 
        +--------------------+---------+---------+----------+-----------+-----------+------+----------+
        |                    |  Latency (cycles) | Iteration|  Initiation Interval  | Trip |          |
        |      Loop Name     |   min   |   max   |  Latency |  achieved |   target  | Count| Pipelined|
        +--------------------+---------+---------+----------+-----------+-----------+------+----------+
        |- VITIS_LOOP_47_1   |  1290400|  1290400|     25808|          -|          -|    50|        no|
        | + VITIS_LOOP_75_6  |    20660|    20660|      2066|          -|          -|    10|        no|
        +--------------------+---------+---------+----------+-----------+-----------+------+----------+



================================================================
== Utilization Estimates
================================================================
* Summary: 
+---------------------+---------+------+---------+---------+-----+
|         Name        | BRAM_18K|  DSP |    FF   |   LUT   | URAM|
+---------------------+---------+------+---------+---------+-----+
|DSP                  |        -|     -|        -|        -|    -|
|Expression           |        -|     -|        0|      104|    -|
|FIFO                 |        -|     -|        -|        -|    -|
|Instance             |        7|     6|     4595|     4517|    0|
|Memory               |       12|     -|        0|        0|    -|
|Multiplexer          |        -|     -|        0|      911|    -|
|Register             |        -|     -|      326|        -|    -|
+---------------------+---------+------+---------+---------+-----+
|Total                |       19|     6|     4921|     5532|    0|
+---------------------+---------+------+---------+---------+-----+
|Available SLR        |     1344|  3008|   869120|   434560|  320|
+---------------------+---------+------+---------+---------+-----+
|Utilization SLR (%)  |        1|    ~0|       ~0|        1|    0|
+---------------------+---------+------+---------+---------+-----+
|Available            |     4032|  9024|  2607360|  1303680|  960|
+---------------------+---------+------+---------+---------+-----+
|Utilization (%)      |       ~0|    ~0|       ~0|       ~0|    0|
+---------------------+---------+------+---------+---------+-----+

+ Detail: 
    * Instance: 
    +-------------------------------------------------+--------------------------------------+---------+----+-----+-----+-----+
    |                     Instance                    |                Module                | BRAM_18K| DSP|  FF | LUT | URAM|
    +-------------------------------------------------+--------------------------------------+---------+----+-----+-----+-----+
    |control_s_axi_U                                  |control_s_axi                         |        0|   0|  316|  552|    0|
    |grp_fft_kernel_Pipeline_VITIS_LOOP_109_8_fu_300  |fft_kernel_Pipeline_VITIS_LOOP_109_8  |        0|   0|  102|   75|    0|
    |grp_fft_kernel_Pipeline_VITIS_LOOP_116_9_fu_270  |fft_kernel_Pipeline_VITIS_LOOP_116_9  |        0|   0|   80|   97|    0|
    |grp_fft_kernel_Pipeline_VITIS_LOOP_49_2_fu_234   |fft_kernel_Pipeline_VITIS_LOOP_49_2   |        0|   0|  102|   97|    0|
    |grp_fft_kernel_Pipeline_VITIS_LOOP_55_3_fu_246   |fft_kernel_Pipeline_VITIS_LOOP_55_3   |        1|   2|  451|  188|    0|
    |grp_fft_kernel_Pipeline_VITIS_LOOP_62_4_fu_254   |fft_kernel_Pipeline_VITIS_LOOP_62_4   |        0|   0|  100|   75|    0|
    |grp_fft_kernel_Pipeline_VITIS_LOOP_69_5_fu_262   |fft_kernel_Pipeline_VITIS_LOOP_69_5   |        0|   0|  102|   75|    0|
    |grp_fft_kernel_Pipeline_VITIS_LOOP_80_7_fu_282   |fft_kernel_Pipeline_VITIS_LOOP_80_7   |        2|   2|  778|  731|    0|
    |gmem0_m_axi_U                                    |gmem0_m_axi                           |        1|   0|  604|  650|    0|
    |gmem1_m_axi_U                                    |gmem1_m_axi                           |        1|   0|  604|  650|    0|
    |gmem2_m_axi_U                                    |gmem2_m_axi                           |        1|   0|  595|  639|    0|
    |gmem3_m_axi_U                                    |gmem3_m_axi                           |        1|   0|  595|  639|    0|
    |mul_32s_16s_32_3_1_U45                           |mul_32s_16s_32_3_1                    |        0|   2|  166|   49|    0|
    +-------------------------------------------------+--------------------------------------+---------+----+-----+-----+-----+
    |Total                                            |                                      |        7|   6| 4595| 4517|    0|
    +-------------------------------------------------+--------------------------------------+---------+----+-----+-----+-----+

    * DSP: 
    N/A

    * Memory: 
    +------------+-----------------------+---------+---+----+-----+------+-----+------+-------------+
    |   Memory   |         Module        | BRAM_18K| FF| LUT| URAM| Words| Bits| Banks| W*Bits*Banks|
    +------------+-----------------------+---------+---+----+-----+------+-----+------+-------------+
    |real_U      |real_RAM_2P_BRAM_1R1W  |        2|  0|   0|    0|  1024|   32|     1|        32768|
    |imag_U      |real_RAM_2P_BRAM_1R1W  |        2|  0|   0|    0|  1024|   32|     1|        32768|
    |tmp_real_U  |real_RAM_2P_BRAM_1R1W  |        2|  0|   0|    0|  1024|   32|     1|        32768|
    |tmp_imag_U  |real_RAM_2P_BRAM_1R1W  |        2|  0|   0|    0|  1024|   32|     1|        32768|
    |out_real_U  |real_RAM_2P_BRAM_1R1W  |        2|  0|   0|    0|  1024|   32|     1|        32768|
    |out_imag_U  |real_RAM_2P_BRAM_1R1W  |        2|  0|   0|    0|  1024|   32|     1|        32768|
    +------------+-----------------------+---------+---+----+-----+------+-----+------+-------------+
    |Total       |                       |       12|  0|   0|    0|  6144|  192|     6|       196608|
    +------------+-----------------------+---------+---+----+-----+------+-----+------+-------------+

    * FIFO: 
    N/A

    * Expression: 
    +-----------------------+----------+----+---+----+------------+------------+
    |     Variable Name     | Operation| DSP| FF| LUT| Bitwidth P0| Bitwidth P1|
    +-----------------------+----------+----+---+----+------------+------------+
    |add_ln47_fu_402_p2     |         +|   0|  0|  13|           6|           1|
    |s_1_fu_414_p2          |         +|   0|  0|  12|           4|           1|
    |sub78_fu_434_p2        |         +|   0|  0|  16|           9|           2|
    |sub_ln78_fu_444_p2     |         -|   0|  0|  12|           4|           4|
    |icmp_ln47_fu_396_p2    |      icmp|   0|  0|  13|           6|           5|
    |icmp_ln75_fu_408_p2    |      icmp|   0|  0|  12|           4|           4|
    |ap_block_state28       |        or|   0|  0|   2|           1|           1|
    |ap_block_state2_io     |        or|   0|  0|   2|           1|           1|
    |ap_block_state9_io     |        or|   0|  0|   2|           1|           1|
    |half_stride_fu_424_p2  |       shl|   0|  0|  20|           1|          10|
    +-----------------------+----------+----+---+----+------------+------------+
    |Total                  |          |   0|  0| 104|          37|          30|
    +-----------------------+----------+----+---+----+------------+------------+

    * Multiplexer: 
    +----------------+-----+-----------+-----+-----------+
    |      Name      | LUT | Input Size| Bits| Total Bits|
    +----------------+-----+-----------+-----+-----------+
    |ap_NS_fsm       |  145|         29|    1|         29|
    |f_fu_140        |    9|          2|    6|         12|
    |gmem0_ARADDR    |   14|          3|   64|        192|
    |gmem0_ARLEN     |   14|          3|   32|         96|
    |gmem0_ARVALID   |   14|          3|    1|          3|
    |gmem0_RREADY    |    9|          2|    1|          2|
    |gmem0_blk_n_AR  |    9|          2|    1|          2|
    |gmem1_ARADDR    |   14|          3|   64|        192|
    |gmem1_ARLEN     |   14|          3|   32|         96|
    |gmem1_ARVALID   |   14|          3|    1|          3|
    |gmem1_RREADY    |    9|          2|    1|          2|
    |gmem1_blk_n_AR  |    9|          2|    1|          2|
    |gmem2_AWADDR    |   14|          3|   64|        192|
    |gmem2_AWLEN     |   14|          3|   32|         96|
    |gmem2_AWVALID   |   14|          3|    1|          3|
    |gmem2_BREADY    |   14|          3|    1|          3|
    |gmem2_WVALID    |    9|          2|    1|          2|
    |gmem2_blk_n_AW  |    9|          2|    1|          2|
    |gmem2_blk_n_B   |    9|          2|    1|          2|
    |gmem3_AWADDR    |   14|          3|   64|        192|
    |gmem3_AWLEN     |   14|          3|   32|         96|
    |gmem3_AWVALID   |   14|          3|    1|          3|
    |gmem3_BREADY    |   14|          3|    1|          3|
    |gmem3_WVALID    |    9|          2|    1|          2|
    |gmem3_blk_n_AW  |    9|          2|    1|          2|
    |gmem3_blk_n_B   |    9|          2|    1|          2|
    |grp_fu_534_ce   |   14|          3|    1|          3|
    |grp_fu_534_p0   |   14|          3|   32|         96|
    |grp_fu_534_p1   |   14|          3|   16|         48|
    |imag_address0   |   26|          5|   10|         50|
    |imag_address1   |   26|          5|   10|         50|
    |imag_ce0        |   26|          5|    1|          5|
    |imag_ce1        |   26|          5|    1|          5|
    |imag_d1         |   26|          5|   32|        160|
    |imag_we1        |   26|          5|    1|          5|
    |out_imag_ce0    |    9|          2|    1|          2|
    |out_imag_ce1    |    9|          2|    1|          2|
    |out_imag_we1    |    9|          2|    1|          2|
    |out_real_ce0    |    9|          2|    1|          2|
    |out_real_ce1    |    9|          2|    1|          2|
    |out_real_we1    |    9|          2|    1|          2|
    |real_address0   |   26|          5|   10|         50|
    |real_address1   |   26|          5|   10|         50|
    |real_ce0        |   26|          5|    1|          5|
    |real_ce1        |   26|          5|    1|          5|
    |real_d1         |   26|          5|   32|        160|
    |real_we1        |   26|          5|    1|          5|
    |s_reg_222       |    9|          2|    4|          8|
    |tmp_imag_ce0    |    9|          2|    1|          2|
    |tmp_imag_ce1    |    9|          2|    1|          2|
    |tmp_imag_we1    |    9|          2|    1|          2|
    |tmp_real_ce0    |    9|          2|    1|          2|
    |tmp_real_ce1    |    9|          2|    1|          2|
    |tmp_real_we1    |    9|          2|    1|          2|
    +----------------+-----+-----------+-----+-----------+
    |Total           |  911|        188|  582|       1960|
    +----------------+-----+-----------+-----+-----------+

    * Register: 
    +--------------------------------------------------------------+----+----+-----+-----------+
    |                             Name                             | FF | LUT| Bits| Const Bits|
    +--------------------------------------------------------------+----+----+-----+-----------+
    |add_ln47_reg_505                                              |   6|   0|    6|          0|
    |ap_CS_fsm                                                     |  28|   0|   28|          0|
    |f_fu_140                                                      |   6|   0|    6|          0|
    |grp_fft_kernel_Pipeline_VITIS_LOOP_109_8_fu_300_ap_start_reg  |   1|   0|    1|          0|
    |grp_fft_kernel_Pipeline_VITIS_LOOP_116_9_fu_270_ap_start_reg  |   1|   0|    1|          0|
    |grp_fft_kernel_Pipeline_VITIS_LOOP_49_2_fu_234_ap_start_reg   |   1|   0|    1|          0|
    |grp_fft_kernel_Pipeline_VITIS_LOOP_55_3_fu_246_ap_start_reg   |   1|   0|    1|          0|
    |grp_fft_kernel_Pipeline_VITIS_LOOP_62_4_fu_254_ap_start_reg   |   1|   0|    1|          0|
    |grp_fft_kernel_Pipeline_VITIS_LOOP_69_5_fu_262_ap_start_reg   |   1|   0|    1|          0|
    |grp_fft_kernel_Pipeline_VITIS_LOOP_80_7_fu_282_ap_start_reg   |   1|   0|    1|          0|
    |half_stride_reg_519                                           |  10|   0|   10|          0|
    |s_1_reg_513                                                   |   4|   0|    4|          0|
    |s_reg_222                                                     |   4|   0|    4|          0|
    |sub78_reg_524                                                 |   9|   0|    9|          0|
    |sub_ln78_reg_529                                              |   4|   0|    4|          0|
    |trunc_ln47_1_reg_464                                          |  62|   0|   62|          0|
    |trunc_ln47_2_reg_470                                          |  62|   0|   62|          0|
    |trunc_ln47_3_reg_476                                          |  62|   0|   62|          0|
    |trunc_ln_reg_458                                              |  62|   0|   62|          0|
    +--------------------------------------------------------------+----+----+-----+-----------+
    |Total                                                         | 326|   0|  326|          0|
    +--------------------------------------------------------------+----+----+-----+-----------+



================================================================
== Interface
================================================================
* Summary: 
+-----------------------+-----+-----+------------+--------------+--------------+
|       RTL Ports       | Dir | Bits|  Protocol  | Source Object|    C Type    |
+-----------------------+-----+-----+------------+--------------+--------------+
|s_axi_control_AWVALID  |   in|    1|       s_axi|       control|        scalar|
|s_axi_control_AWREADY  |  out|    1|       s_axi|       control|        scalar|
|s_axi_control_AWADDR   |   in|    6|       s_axi|       control|        scalar|
|s_axi_control_WVALID   |   in|    1|       s_axi|       control|        scalar|
|s_axi_control_WREADY   |  out|    1|       s_axi|       control|        scalar|
|s_axi_control_WDATA    |   in|   32|       s_axi|       control|        scalar|
|s_axi_control_WSTRB    |   in|    4|       s_axi|       control|        scalar|
|s_axi_control_ARVALID  |   in|    1|       s_axi|       control|        scalar|
|s_axi_control_ARREADY  |  out|    1|       s_axi|       control|        scalar|
|s_axi_control_ARADDR   |   in|    6|       s_axi|       control|        scalar|
|s_axi_control_RVALID   |  out|    1|       s_axi|       control|        scalar|
|s_axi_control_RREADY   |   in|    1|       s_axi|       control|        scalar|
|s_axi_control_RDATA    |  out|   32|       s_axi|       control|        scalar|
|s_axi_control_RRESP    |  out|    2|       s_axi|       control|        scalar|
|s_axi_control_BVALID   |  out|    1|       s_axi|       control|        scalar|
|s_axi_control_BREADY   |   in|    1|       s_axi|       control|        scalar|
|s_axi_control_BRESP    |  out|    2|       s_axi|       control|        scalar|
|ap_clk                 |   in|    1|  ap_ctrl_hs|    fft_kernel|  return value|
|ap_rst_n               |   in|    1|  ap_ctrl_hs|    fft_kernel|  return value|
|interrupt              |  out|    1|  ap_ctrl_hs|    fft_kernel|  return value|
|m_axi_gmem0_AWVALID    |  out|    1|       m_axi|         gmem0|       pointer|
|m_axi_gmem0_AWREADY    |   in|    1|       m_axi|         gmem0|       pointer|
|m_axi_gmem0_AWADDR     |  out|   64|       m_axi|         gmem0|       pointer|
|m_axi_gmem0_AWID       |  out|    1|       m_axi|         gmem0|       pointer|
|m_axi_gmem0_AWLEN      |  out|    8|       m_axi|         gmem0|       pointer|
|m_axi_gmem0_AWSIZE     |  out|    3|       m_axi|         gmem0|       pointer|
|m_axi_gmem0_AWBURST    |  out|    2|       m_axi|         gmem0|       pointer|
|m_axi_gmem0_AWLOCK     |  out|    2|       m_axi|         gmem0|       pointer|
|m_axi_gmem0_AWCACHE    |  out|    4|       m_axi|         gmem0|       pointer|
|m_axi_gmem0_AWPROT     |  out|    3|       m_axi|         gmem0|       pointer|
|m_axi_gmem0_AWQOS      |  out|    4|       m_axi|         gmem0|       pointer|
|m_axi_gmem0_AWREGION   |  out|    4|       m_axi|         gmem0|       pointer|
|m_axi_gmem0_AWUSER     |  out|    1|       m_axi|         gmem0|       pointer|
|m_axi_gmem0_WVALID     |  out|    1|       m_axi|         gmem0|       pointer|
|m_axi_gmem0_WREADY     |   in|    1|       m_axi|         gmem0|       pointer|
|m_axi_gmem0_WDATA      |  out|   32|       m_axi|         gmem0|       pointer|
|m_axi_gmem0_WSTRB      |  out|    4|       m_axi|         gmem0|       pointer|
|m_axi_gmem0_WLAST      |  out|    1|       m_axi|         gmem0|       pointer|
|m_axi_gmem0_WID        |  out|    1|       m_axi|         gmem0|       pointer|
|m_axi_gmem0_WUSER      |  out|    1|       m_axi|         gmem0|       pointer|
|m_axi_gmem0_ARVALID    |  out|    1|       m_axi|         gmem0|       pointer|
|m_axi_gmem0_ARREADY    |   in|    1|       m_axi|         gmem0|       pointer|
|m_axi_gmem0_ARADDR     |  out|   64|       m_axi|         gmem0|       pointer|
|m_axi_gmem0_ARID       |  out|    1|       m_axi|         gmem0|       pointer|
|m_axi_gmem0_ARLEN      |  out|    8|       m_axi|         gmem0|       pointer|
|m_axi_gmem0_ARSIZE     |  out|    3|       m_axi|         gmem0|       pointer|
|m_axi_gmem0_ARBURST    |  out|    2|       m_axi|         gmem0|       pointer|
|m_axi_gmem0_ARLOCK     |  out|    2|       m_axi|         gmem0|       pointer|
|m_axi_gmem0_ARCACHE    |  out|    4|       m_axi|         gmem0|       pointer|
|m_axi_gmem0_ARPROT     |  out|    3|       m_axi|         gmem0|       pointer|
|m_axi_gmem0_ARQOS      |  out|    4|       m_axi|         gmem0|       pointer|
|m_axi_gmem0_ARREGION   |  out|    4|       m_axi|         gmem0|       pointer|
|m_axi_gmem0_ARUSER     |  out|    1|       m_axi|         gmem0|       pointer|
|m_axi_gmem0_RVALID     |   in|    1|       m_axi|         gmem0|       pointer|
|m_axi_gmem0_RREADY     |  out|    1|       m_axi|         gmem0|       pointer|
|m_axi_gmem0_RDATA      |   in|   32|       m_axi|         gmem0|       pointer|
|m_axi_gmem0_RLAST      |   in|    1|       m_axi|         gmem0|       pointer|
|m_axi_gmem0_RID        |   in|    1|       m_axi|         gmem0|       pointer|
|m_axi_gmem0_RUSER      |   in|    1|       m_axi|         gmem0|       pointer|
|m_axi_gmem0_RRESP      |   in|    2|       m_axi|         gmem0|       pointer|
|m_axi_gmem0_BVALID     |   in|    1|       m_axi|         gmem0|       pointer|
|m_axi_gmem0_BREADY     |  out|    1|       m_axi|         gmem0|       pointer|
|m_axi_gmem0_BRESP      |   in|    2|       m_axi|         gmem0|       pointer|
|m_axi_gmem0_BID        |   in|    1|       m_axi|         gmem0|       pointer|
|m_axi_gmem0_BUSER      |   in|    1|       m_axi|         gmem0|       pointer|
|m_axi_gmem1_AWVALID    |  out|    1|       m_axi|         gmem1|       pointer|
|m_axi_gmem1_AWREADY    |   in|    1|       m_axi|         gmem1|       pointer|
|m_axi_gmem1_AWADDR     |  out|   64|       m_axi|         gmem1|       pointer|
|m_axi_gmem1_AWID       |  out|    1|       m_axi|         gmem1|       pointer|
|m_axi_gmem1_AWLEN      |  out|    8|       m_axi|         gmem1|       pointer|
|m_axi_gmem1_AWSIZE     |  out|    3|       m_axi|         gmem1|       pointer|
|m_axi_gmem1_AWBURST    |  out|    2|       m_axi|         gmem1|       pointer|
|m_axi_gmem1_AWLOCK     |  out|    2|       m_axi|         gmem1|       pointer|
|m_axi_gmem1_AWCACHE    |  out|    4|       m_axi|         gmem1|       pointer|
|m_axi_gmem1_AWPROT     |  out|    3|       m_axi|         gmem1|       pointer|
|m_axi_gmem1_AWQOS      |  out|    4|       m_axi|         gmem1|       pointer|
|m_axi_gmem1_AWREGION   |  out|    4|       m_axi|         gmem1|       pointer|
|m_axi_gmem1_AWUSER     |  out|    1|       m_axi|         gmem1|       pointer|
|m_axi_gmem1_WVALID     |  out|    1|       m_axi|         gmem1|       pointer|
|m_axi_gmem1_WREADY     |   in|    1|       m_axi|         gmem1|       pointer|
|m_axi_gmem1_WDATA      |  out|   32|       m_axi|         gmem1|       pointer|
|m_axi_gmem1_WSTRB      |  out|    4|       m_axi|         gmem1|       pointer|
|m_axi_gmem1_WLAST      |  out|    1|       m_axi|         gmem1|       pointer|
|m_axi_gmem1_WID        |  out|    1|       m_axi|         gmem1|       pointer|
|m_axi_gmem1_WUSER      |  out|    1|       m_axi|         gmem1|       pointer|
|m_axi_gmem1_ARVALID    |  out|    1|       m_axi|         gmem1|       pointer|
|m_axi_gmem1_ARREADY    |   in|    1|       m_axi|         gmem1|       pointer|
|m_axi_gmem1_ARADDR     |  out|   64|       m_axi|         gmem1|       pointer|
|m_axi_gmem1_ARID       |  out|    1|       m_axi|         gmem1|       pointer|
|m_axi_gmem1_ARLEN      |  out|    8|       m_axi|         gmem1|       pointer|
|m_axi_gmem1_ARSIZE     |  out|    3|       m_axi|         gmem1|       pointer|
|m_axi_gmem1_ARBURST    |  out|    2|       m_axi|         gmem1|       pointer|
|m_axi_gmem1_ARLOCK     |  out|    2|       m_axi|         gmem1|       pointer|
|m_axi_gmem1_ARCACHE    |  out|    4|       m_axi|         gmem1|       pointer|
|m_axi_gmem1_ARPROT     |  out|    3|       m_axi|         gmem1|       pointer|
|m_axi_gmem1_ARQOS      |  out|    4|       m_axi|         gmem1|       pointer|
|m_axi_gmem1_ARREGION   |  out|    4|       m_axi|         gmem1|       pointer|
|m_axi_gmem1_ARUSER     |  out|    1|       m_axi|         gmem1|       pointer|
|m_axi_gmem1_RVALID     |   in|    1|       m_axi|         gmem1|       pointer|
|m_axi_gmem1_RREADY     |  out|    1|       m_axi|         gmem1|       pointer|
|m_axi_gmem1_RDATA      |   in|   32|       m_axi|         gmem1|       pointer|
|m_axi_gmem1_RLAST      |   in|    1|       m_axi|         gmem1|       pointer|
|m_axi_gmem1_RID        |   in|    1|       m_axi|         gmem1|       pointer|
|m_axi_gmem1_RUSER      |   in|    1|       m_axi|         gmem1|       pointer|
|m_axi_gmem1_RRESP      |   in|    2|       m_axi|         gmem1|       pointer|
|m_axi_gmem1_BVALID     |   in|    1|       m_axi|         gmem1|       pointer|
|m_axi_gmem1_BREADY     |  out|    1|       m_axi|         gmem1|       pointer|
|m_axi_gmem1_BRESP      |   in|    2|       m_axi|         gmem1|       pointer|
|m_axi_gmem1_BID        |   in|    1|       m_axi|         gmem1|       pointer|
|m_axi_gmem1_BUSER      |   in|    1|       m_axi|         gmem1|       pointer|
|m_axi_gmem2_AWVALID    |  out|    1|       m_axi|         gmem2|       pointer|
|m_axi_gmem2_AWREADY    |   in|    1|       m_axi|         gmem2|       pointer|
|m_axi_gmem2_AWADDR     |  out|   64|       m_axi|         gmem2|       pointer|
|m_axi_gmem2_AWID       |  out|    1|       m_axi|         gmem2|       pointer|
|m_axi_gmem2_AWLEN      |  out|    8|       m_axi|         gmem2|       pointer|
|m_axi_gmem2_AWSIZE     |  out|    3|       m_axi|         gmem2|       pointer|
|m_axi_gmem2_AWBURST    |  out|    2|       m_axi|         gmem2|       pointer|
|m_axi_gmem2_AWLOCK     |  out|    2|       m_axi|         gmem2|       pointer|
|m_axi_gmem2_AWCACHE    |  out|    4|       m_axi|         gmem2|       pointer|
|m_axi_gmem2_AWPROT     |  out|    3|       m_axi|         gmem2|       pointer|
|m_axi_gmem2_AWQOS      |  out|    4|       m_axi|         gmem2|       pointer|
|m_axi_gmem2_AWREGION   |  out|    4|       m_axi|         gmem2|       pointer|
|m_axi_gmem2_AWUSER     |  out|    1|       m_axi|         gmem2|       pointer|
|m_axi_gmem2_WVALID     |  out|    1|       m_axi|         gmem2|       pointer|
|m_axi_gmem2_WREADY     |   in|    1|       m_axi|         gmem2|       pointer|
|m_axi_gmem2_WDATA      |  out|   32|       m_axi|         gmem2|       pointer|
|m_axi_gmem2_WSTRB      |  out|    4|       m_axi|         gmem2|       pointer|
|m_axi_gmem2_WLAST      |  out|    1|       m_axi|         gmem2|       pointer|
|m_axi_gmem2_WID        |  out|    1|       m_axi|         gmem2|       pointer|
|m_axi_gmem2_WUSER      |  out|    1|       m_axi|         gmem2|       pointer|
|m_axi_gmem2_ARVALID    |  out|    1|       m_axi|         gmem2|       pointer|
|m_axi_gmem2_ARREADY    |   in|    1|       m_axi|         gmem2|       pointer|
|m_axi_gmem2_ARADDR     |  out|   64|       m_axi|         gmem2|       pointer|
|m_axi_gmem2_ARID       |  out|    1|       m_axi|         gmem2|       pointer|
|m_axi_gmem2_ARLEN      |  out|    8|       m_axi|         gmem2|       pointer|
|m_axi_gmem2_ARSIZE     |  out|    3|       m_axi|         gmem2|       pointer|
|m_axi_gmem2_ARBURST    |  out|    2|       m_axi|         gmem2|       pointer|
|m_axi_gmem2_ARLOCK     |  out|    2|       m_axi|         gmem2|       pointer|
|m_axi_gmem2_ARCACHE    |  out|    4|       m_axi|         gmem2|       pointer|
|m_axi_gmem2_ARPROT     |  out|    3|       m_axi|         gmem2|       pointer|
|m_axi_gmem2_ARQOS      |  out|    4|       m_axi|         gmem2|       pointer|
|m_axi_gmem2_ARREGION   |  out|    4|       m_axi|         gmem2|       pointer|
|m_axi_gmem2_ARUSER     |  out|    1|       m_axi|         gmem2|       pointer|
|m_axi_gmem2_RVALID     |   in|    1|       m_axi|         gmem2|       pointer|
|m_axi_gmem2_RREADY     |  out|    1|       m_axi|         gmem2|       pointer|
|m_axi_gmem2_RDATA      |   in|   32|       m_axi|         gmem2|       pointer|
|m_axi_gmem2_RLAST      |   in|    1|       m_axi|         gmem2|       pointer|
|m_axi_gmem2_RID        |   in|    1|       m_axi|         gmem2|       pointer|
|m_axi_gmem2_RUSER      |   in|    1|       m_axi|         gmem2|       pointer|
|m_axi_gmem2_RRESP      |   in|    2|       m_axi|         gmem2|       pointer|
|m_axi_gmem2_BVALID     |   in|    1|       m_axi|         gmem2|       pointer|
|m_axi_gmem2_BREADY     |  out|    1|       m_axi|         gmem2|       pointer|
|m_axi_gmem2_BRESP      |   in|    2|       m_axi|         gmem2|       pointer|
|m_axi_gmem2_BID        |   in|    1|       m_axi|         gmem2|       pointer|
|m_axi_gmem2_BUSER      |   in|    1|       m_axi|         gmem2|       pointer|
|m_axi_gmem3_AWVALID    |  out|    1|       m_axi|         gmem3|       pointer|
|m_axi_gmem3_AWREADY    |   in|    1|       m_axi|         gmem3|       pointer|
|m_axi_gmem3_AWADDR     |  out|   64|       m_axi|         gmem3|       pointer|
|m_axi_gmem3_AWID       |  out|    1|       m_axi|         gmem3|       pointer|
|m_axi_gmem3_AWLEN      |  out|    8|       m_axi|         gmem3|       pointer|
|m_axi_gmem3_AWSIZE     |  out|    3|       m_axi|         gmem3|       pointer|
|m_axi_gmem3_AWBURST    |  out|    2|       m_axi|         gmem3|       pointer|
|m_axi_gmem3_AWLOCK     |  out|    2|       m_axi|         gmem3|       pointer|
|m_axi_gmem3_AWCACHE    |  out|    4|       m_axi|         gmem3|       pointer|
|m_axi_gmem3_AWPROT     |  out|    3|       m_axi|         gmem3|       pointer|
|m_axi_gmem3_AWQOS      |  out|    4|       m_axi|         gmem3|       pointer|
|m_axi_gmem3_AWREGION   |  out|    4|       m_axi|         gmem3|       pointer|
|m_axi_gmem3_AWUSER     |  out|    1|       m_axi|         gmem3|       pointer|
|m_axi_gmem3_WVALID     |  out|    1|       m_axi|         gmem3|       pointer|
|m_axi_gmem3_WREADY     |   in|    1|       m_axi|         gmem3|       pointer|
|m_axi_gmem3_WDATA      |  out|   32|       m_axi|         gmem3|       pointer|
|m_axi_gmem3_WSTRB      |  out|    4|       m_axi|         gmem3|       pointer|
|m_axi_gmem3_WLAST      |  out|    1|       m_axi|         gmem3|       pointer|
|m_axi_gmem3_WID        |  out|    1|       m_axi|         gmem3|       pointer|
|m_axi_gmem3_WUSER      |  out|    1|       m_axi|         gmem3|       pointer|
|m_axi_gmem3_ARVALID    |  out|    1|       m_axi|         gmem3|       pointer|
|m_axi_gmem3_ARREADY    |   in|    1|       m_axi|         gmem3|       pointer|
|m_axi_gmem3_ARADDR     |  out|   64|       m_axi|         gmem3|       pointer|
|m_axi_gmem3_ARID       |  out|    1|       m_axi|         gmem3|       pointer|
|m_axi_gmem3_ARLEN      |  out|    8|       m_axi|         gmem3|       pointer|
|m_axi_gmem3_ARSIZE     |  out|    3|       m_axi|         gmem3|       pointer|
|m_axi_gmem3_ARBURST    |  out|    2|       m_axi|         gmem3|       pointer|
|m_axi_gmem3_ARLOCK     |  out|    2|       m_axi|         gmem3|       pointer|
|m_axi_gmem3_ARCACHE    |  out|    4|       m_axi|         gmem3|       pointer|
|m_axi_gmem3_ARPROT     |  out|    3|       m_axi|         gmem3|       pointer|
|m_axi_gmem3_ARQOS      |  out|    4|       m_axi|         gmem3|       pointer|
|m_axi_gmem3_ARREGION   |  out|    4|       m_axi|         gmem3|       pointer|
|m_axi_gmem3_ARUSER     |  out|    1|       m_axi|         gmem3|       pointer|
|m_axi_gmem3_RVALID     |   in|    1|       m_axi|         gmem3|       pointer|
|m_axi_gmem3_RREADY     |  out|    1|       m_axi|         gmem3|       pointer|
|m_axi_gmem3_RDATA      |   in|   32|       m_axi|         gmem3|       pointer|
|m_axi_gmem3_RLAST      |   in|    1|       m_axi|         gmem3|       pointer|
|m_axi_gmem3_RID        |   in|    1|       m_axi|         gmem3|       pointer|
|m_axi_gmem3_RUSER      |   in|    1|       m_axi|         gmem3|       pointer|
|m_axi_gmem3_RRESP      |   in|    2|       m_axi|         gmem3|       pointer|
|m_axi_gmem3_BVALID     |   in|    1|       m_axi|         gmem3|       pointer|
|m_axi_gmem3_BREADY     |  out|    1|       m_axi|         gmem3|       pointer|
|m_axi_gmem3_BRESP      |   in|    2|       m_axi|         gmem3|       pointer|
|m_axi_gmem3_BID        |   in|    1|       m_axi|         gmem3|       pointer|
|m_axi_gmem3_BUSER      |   in|    1|       m_axi|         gmem3|       pointer|
+-----------------------+-----+-----+------------+--------------+--------------+

