

================================================================
== Vitis HLS Report for 'fft_kernel_Pipeline_VITIS_LOOP_49_2'
================================================================
* Date:           Mon Jun  1 09:29:34 2026

* Version:        2024.1 (Build 5069499 on May 21 2024)
* Project:        hls_component
* Solution:       hls (Vivado IP Flow Target)
* Product family: virtexuplusHBM
* Target device:  xcvu47p-fsvh2892-2-e


================================================================
== Performance Estimates
================================================================
+ Timing: 
    * Summary: 
    +--------+---------+----------+------------+
    |  Clock |  Target | Estimated| Uncertainty|
    +--------+---------+----------+------------+
    |ap_clk  |  3.00 ns|  2.190 ns|     0.81 ns|
    +--------+---------+----------+------------+

+ Latency: 
    * Summary: 
    +---------+---------+----------+----------+------+------+-----------------------------------------------+
    |  Latency (cycles) |  Latency (absolute) |   Interval  |                    Pipeline                   |
    |   min   |   max   |    min   |    max   |  min |  max |                      Type                     |
    +---------+---------+----------+----------+------+------+-----------------------------------------------+
    |     1027|     1027|  3.081 us|  3.081 us|  1025|  1025|  loop auto-rewind stp(delay=0 clock cycles(s))|
    +---------+---------+----------+----------+------+------+-----------------------------------------------+

    + Detail: 
        * Instance: 
        N/A

        * Loop: 
        +-------------------+---------+---------+----------+-----------+-----------+------+----------+
        |                   |  Latency (cycles) | Iteration|  Initiation Interval  | Trip |          |
        |     Loop Name     |   min   |   max   |  Latency |  achieved |   target  | Count| Pipelined|
        +-------------------+---------+---------+----------+-----------+-----------+------+----------+
        |- VITIS_LOOP_49_2  |     1025|     1025|         3|          1|          1|  1024|       yes|
        +-------------------+---------+---------+----------+-----------+-----------+------+----------+



================================================================
== Utilization Estimates
================================================================
* Summary: 
+---------------------+---------+------+---------+---------+-----+
|         Name        | BRAM_18K|  DSP |    FF   |   LUT   | URAM|
+---------------------+---------+------+---------+---------+-----+
|DSP                  |        -|     -|        -|        -|    -|
|Expression           |        -|     -|        0|       43|    -|
|FIFO                 |        -|     -|        -|        -|    -|
|Instance             |        -|     -|        -|        -|    -|
|Memory               |        -|     -|        -|        -|    -|
|Multiplexer          |        -|     -|        0|       54|    -|
|Register             |        -|     -|      102|        -|    -|
+---------------------+---------+------+---------+---------+-----+
|Total                |        0|     0|      102|       97|    0|
+---------------------+---------+------+---------+---------+-----+
|Available SLR        |     1344|  3008|   869120|   434560|  320|
+---------------------+---------+------+---------+---------+-----+
|Utilization SLR (%)  |        0|     0|       ~0|       ~0|    0|
+---------------------+---------+------+---------+---------+-----+
|Available            |     4032|  9024|  2607360|  1303680|  960|
+---------------------+---------+------+---------+---------+-----+
|Utilization (%)      |        0|     0|       ~0|       ~0|    0|
+---------------------+---------+------+---------+---------+-----+

+ Detail: 
    * Instance: 
    N/A

    * DSP: 
    N/A

    * Memory: 
    N/A

    * FIFO: 
    N/A

    * Expression: 
    +----------------------------------+----------+----+---+----+------------+------------+
    |           Variable Name          | Operation| DSP| FF| LUT| Bitwidth P0| Bitwidth P1|
    +----------------------------------+----------+----+---+----+------------+------------+
    |add_ln49_fu_146_p2                |         +|   0|  0|  18|          11|           1|
    |ap_block_pp0_stage0_11001         |       and|   0|  0|   2|           1|           1|
    |icmp_ln49_fu_140_p2               |      icmp|   0|  0|  19|          11|          12|
    |ap_block_state2_pp0_stage0_iter1  |        or|   0|  0|   2|           1|           1|
    |ap_enable_pp0                     |       xor|   0|  0|   2|           1|           2|
    +----------------------------------+----------+----+---+----+------------+------------+
    |Total                             |          |   0|  0|  43|          25|          17|
    +----------------------------------+----------+----+---+----+------------+------------+

    * Multiplexer: 
    +-------------------------+----+-----------+-----+-----------+
    |           Name          | LUT| Input Size| Bits| Total Bits|
    +-------------------------+----+-----------+-----+-----------+
    |ap_done_int              |   9|          2|    1|          2|
    |ap_enable_reg_pp0_iter1  |   9|          2|    1|          2|
    |ap_sig_allocacmp_i_3     |   9|          2|   11|         22|
    |gmem0_blk_n_R            |   9|          2|    1|          2|
    |gmem1_blk_n_R            |   9|          2|    1|          2|
    |i_fu_64                  |   9|          2|   11|         22|
    +-------------------------+----+-----------+-----+-----------+
    |Total                    |  54|         12|   26|         52|
    +-------------------------+----+-----------+-----+-----------+

    * Register: 
    +----------------------------------+----+----+-----+-----------+
    |               Name               | FF | LUT| Bits| Const Bits|
    +----------------------------------+----+----+-----+-----------+
    |ap_CS_fsm                         |   1|   0|    1|          0|
    |ap_done_reg                       |   1|   0|    1|          0|
    |ap_enable_reg_pp0_iter1           |   1|   0|    1|          0|
    |ap_enable_reg_pp0_iter2           |   1|   0|    1|          0|
    |ap_loop_exit_ready_pp0_iter1_reg  |   1|   0|    1|          0|
    |gmem0_addr_read_reg_200           |  32|   0|   32|          0|
    |gmem1_addr_read_reg_205           |  32|   0|   32|          0|
    |i_3_reg_191                       |  11|   0|   11|          0|
    |i_3_reg_191_pp0_iter1_reg         |  11|   0|   11|          0|
    |i_fu_64                           |  11|   0|   11|          0|
    +----------------------------------+----+----+-----+-----------+
    |Total                             | 102|   0|  102|          0|
    +----------------------------------+----+----+-----+-----------+



================================================================
== Interface
================================================================
* Summary: 
+----------------------+-----+-----+------------+-------------------------------------+--------------+
|       RTL Ports      | Dir | Bits|  Protocol  |            Source Object            |    C Type    |
+----------------------+-----+-----+------------+-------------------------------------+--------------+
|ap_clk                |   in|    1|  ap_ctrl_hs|  fft_kernel_Pipeline_VITIS_LOOP_49_2|  return value|
|ap_rst                |   in|    1|  ap_ctrl_hs|  fft_kernel_Pipeline_VITIS_LOOP_49_2|  return value|
|ap_start              |   in|    1|  ap_ctrl_hs|  fft_kernel_Pipeline_VITIS_LOOP_49_2|  return value|
|ap_done               |  out|    1|  ap_ctrl_hs|  fft_kernel_Pipeline_VITIS_LOOP_49_2|  return value|
|ap_idle               |  out|    1|  ap_ctrl_hs|  fft_kernel_Pipeline_VITIS_LOOP_49_2|  return value|
|ap_ready              |  out|    1|  ap_ctrl_hs|  fft_kernel_Pipeline_VITIS_LOOP_49_2|  return value|
|m_axi_gmem0_AWVALID   |  out|    1|       m_axi|                                gmem0|       pointer|
|m_axi_gmem0_AWREADY   |   in|    1|       m_axi|                                gmem0|       pointer|
|m_axi_gmem0_AWADDR    |  out|   64|       m_axi|                                gmem0|       pointer|
|m_axi_gmem0_AWID      |  out|    1|       m_axi|                                gmem0|       pointer|
|m_axi_gmem0_AWLEN     |  out|   32|       m_axi|                                gmem0|       pointer|
|m_axi_gmem0_AWSIZE    |  out|    3|       m_axi|                                gmem0|       pointer|
|m_axi_gmem0_AWBURST   |  out|    2|       m_axi|                                gmem0|       pointer|
|m_axi_gmem0_AWLOCK    |  out|    2|       m_axi|                                gmem0|       pointer|
|m_axi_gmem0_AWCACHE   |  out|    4|       m_axi|                                gmem0|       pointer|
|m_axi_gmem0_AWPROT    |  out|    3|       m_axi|                                gmem0|       pointer|
|m_axi_gmem0_AWQOS     |  out|    4|       m_axi|                                gmem0|       pointer|
|m_axi_gmem0_AWREGION  |  out|    4|       m_axi|                                gmem0|       pointer|
|m_axi_gmem0_AWUSER    |  out|    1|       m_axi|                                gmem0|       pointer|
|m_axi_gmem0_WVALID    |  out|    1|       m_axi|                                gmem0|       pointer|
|m_axi_gmem0_WREADY    |   in|    1|       m_axi|                                gmem0|       pointer|
|m_axi_gmem0_WDATA     |  out|   32|       m_axi|                                gmem0|       pointer|
|m_axi_gmem0_WSTRB     |  out|    4|       m_axi|                                gmem0|       pointer|
|m_axi_gmem0_WLAST     |  out|    1|       m_axi|                                gmem0|       pointer|
|m_axi_gmem0_WID       |  out|    1|       m_axi|                                gmem0|       pointer|
|m_axi_gmem0_WUSER     |  out|    1|       m_axi|                                gmem0|       pointer|
|m_axi_gmem0_ARVALID   |  out|    1|       m_axi|                                gmem0|       pointer|
|m_axi_gmem0_ARREADY   |   in|    1|       m_axi|                                gmem0|       pointer|
|m_axi_gmem0_ARADDR    |  out|   64|       m_axi|                                gmem0|       pointer|
|m_axi_gmem0_ARID      |  out|    1|       m_axi|                                gmem0|       pointer|
|m_axi_gmem0_ARLEN     |  out|   32|       m_axi|                                gmem0|       pointer|
|m_axi_gmem0_ARSIZE    |  out|    3|       m_axi|                                gmem0|       pointer|
|m_axi_gmem0_ARBURST   |  out|    2|       m_axi|                                gmem0|       pointer|
|m_axi_gmem0_ARLOCK    |  out|    2|       m_axi|                                gmem0|       pointer|
|m_axi_gmem0_ARCACHE   |  out|    4|       m_axi|                                gmem0|       pointer|
|m_axi_gmem0_ARPROT    |  out|    3|       m_axi|                                gmem0|       pointer|
|m_axi_gmem0_ARQOS     |  out|    4|       m_axi|                                gmem0|       pointer|
|m_axi_gmem0_ARREGION  |  out|    4|       m_axi|                                gmem0|       pointer|
|m_axi_gmem0_ARUSER    |  out|    1|       m_axi|                                gmem0|       pointer|
|m_axi_gmem0_RVALID    |   in|    1|       m_axi|                                gmem0|       pointer|
|m_axi_gmem0_RREADY    |  out|    1|       m_axi|                                gmem0|       pointer|
|m_axi_gmem0_RDATA     |   in|   32|       m_axi|                                gmem0|       pointer|
|m_axi_gmem0_RLAST     |   in|    1|       m_axi|                                gmem0|       pointer|
|m_axi_gmem0_RID       |   in|    1|       m_axi|                                gmem0|       pointer|
|m_axi_gmem0_RFIFONUM  |   in|    9|       m_axi|                                gmem0|       pointer|
|m_axi_gmem0_RUSER     |   in|    1|       m_axi|                                gmem0|       pointer|
|m_axi_gmem0_RRESP     |   in|    2|       m_axi|                                gmem0|       pointer|
|m_axi_gmem0_BVALID    |   in|    1|       m_axi|                                gmem0|       pointer|
|m_axi_gmem0_BREADY    |  out|    1|       m_axi|                                gmem0|       pointer|
|m_axi_gmem0_BRESP     |   in|    2|       m_axi|                                gmem0|       pointer|
|m_axi_gmem0_BID       |   in|    1|       m_axi|                                gmem0|       pointer|
|m_axi_gmem0_BUSER     |   in|    1|       m_axi|                                gmem0|       pointer|
|m_axi_gmem1_AWVALID   |  out|    1|       m_axi|                                gmem1|       pointer|
|m_axi_gmem1_AWREADY   |   in|    1|       m_axi|                                gmem1|       pointer|
|m_axi_gmem1_AWADDR    |  out|   64|       m_axi|                                gmem1|       pointer|
|m_axi_gmem1_AWID      |  out|    1|       m_axi|                                gmem1|       pointer|
|m_axi_gmem1_AWLEN     |  out|   32|       m_axi|                                gmem1|       pointer|
|m_axi_gmem1_AWSIZE    |  out|    3|       m_axi|                                gmem1|       pointer|
|m_axi_gmem1_AWBURST   |  out|    2|       m_axi|                                gmem1|       pointer|
|m_axi_gmem1_AWLOCK    |  out|    2|       m_axi|                                gmem1|       pointer|
|m_axi_gmem1_AWCACHE   |  out|    4|       m_axi|                                gmem1|       pointer|
|m_axi_gmem1_AWPROT    |  out|    3|       m_axi|                                gmem1|       pointer|
|m_axi_gmem1_AWQOS     |  out|    4|       m_axi|                                gmem1|       pointer|
|m_axi_gmem1_AWREGION  |  out|    4|       m_axi|                                gmem1|       pointer|
|m_axi_gmem1_AWUSER    |  out|    1|       m_axi|                                gmem1|       pointer|
|m_axi_gmem1_WVALID    |  out|    1|       m_axi|                                gmem1|       pointer|
|m_axi_gmem1_WREADY    |   in|    1|       m_axi|                                gmem1|       pointer|
|m_axi_gmem1_WDATA     |  out|   32|       m_axi|                                gmem1|       pointer|
|m_axi_gmem1_WSTRB     |  out|    4|       m_axi|                                gmem1|       pointer|
|m_axi_gmem1_WLAST     |  out|    1|       m_axi|                                gmem1|       pointer|
|m_axi_gmem1_WID       |  out|    1|       m_axi|                                gmem1|       pointer|
|m_axi_gmem1_WUSER     |  out|    1|       m_axi|                                gmem1|       pointer|
|m_axi_gmem1_ARVALID   |  out|    1|       m_axi|                                gmem1|       pointer|
|m_axi_gmem1_ARREADY   |   in|    1|       m_axi|                                gmem1|       pointer|
|m_axi_gmem1_ARADDR    |  out|   64|       m_axi|                                gmem1|       pointer|
|m_axi_gmem1_ARID      |  out|    1|       m_axi|                                gmem1|       pointer|
|m_axi_gmem1_ARLEN     |  out|   32|       m_axi|                                gmem1|       pointer|
|m_axi_gmem1_ARSIZE    |  out|    3|       m_axi|                                gmem1|       pointer|
|m_axi_gmem1_ARBURST   |  out|    2|       m_axi|                                gmem1|       pointer|
|m_axi_gmem1_ARLOCK    |  out|    2|       m_axi|                                gmem1|       pointer|
|m_axi_gmem1_ARCACHE   |  out|    4|       m_axi|                                gmem1|       pointer|
|m_axi_gmem1_ARPROT    |  out|    3|       m_axi|                                gmem1|       pointer|
|m_axi_gmem1_ARQOS     |  out|    4|       m_axi|                                gmem1|       pointer|
|m_axi_gmem1_ARREGION  |  out|    4|       m_axi|                                gmem1|       pointer|
|m_axi_gmem1_ARUSER    |  out|    1|       m_axi|                                gmem1|       pointer|
|m_axi_gmem1_RVALID    |   in|    1|       m_axi|                                gmem1|       pointer|
|m_axi_gmem1_RREADY    |  out|    1|       m_axi|                                gmem1|       pointer|
|m_axi_gmem1_RDATA     |   in|   32|       m_axi|                                gmem1|       pointer|
|m_axi_gmem1_RLAST     |   in|    1|       m_axi|                                gmem1|       pointer|
|m_axi_gmem1_RID       |   in|    1|       m_axi|                                gmem1|       pointer|
|m_axi_gmem1_RFIFONUM  |   in|    9|       m_axi|                                gmem1|       pointer|
|m_axi_gmem1_RUSER     |   in|    1|       m_axi|                                gmem1|       pointer|
|m_axi_gmem1_RRESP     |   in|    2|       m_axi|                                gmem1|       pointer|
|m_axi_gmem1_BVALID    |   in|    1|       m_axi|                                gmem1|       pointer|
|m_axi_gmem1_BREADY    |  out|    1|       m_axi|                                gmem1|       pointer|
|m_axi_gmem1_BRESP     |   in|    2|       m_axi|                                gmem1|       pointer|
|m_axi_gmem1_BID       |   in|    1|       m_axi|                                gmem1|       pointer|
|m_axi_gmem1_BUSER     |   in|    1|       m_axi|                                gmem1|       pointer|
|sext_ln47             |   in|   62|     ap_none|                            sext_ln47|        scalar|
|sext_ln47_1           |   in|   62|     ap_none|                          sext_ln47_1|        scalar|
|real_r_address1       |  out|   10|   ap_memory|                               real_r|         array|
|real_r_ce1            |  out|    1|   ap_memory|                               real_r|         array|
|real_r_we1            |  out|    1|   ap_memory|                               real_r|         array|
|real_r_d1             |  out|   32|   ap_memory|                               real_r|         array|
|imag_address1         |  out|   10|   ap_memory|                                 imag|         array|
|imag_ce1              |  out|    1|   ap_memory|                                 imag|         array|
|imag_we1              |  out|    1|   ap_memory|                                 imag|         array|
|imag_d1               |  out|   32|   ap_memory|                                 imag|         array|
+----------------------+-----+-----+------------+-------------------------------------+--------------+

