

================================================================
== Vitis HLS Report for 'fft_kernel_Pipeline_VITIS_LOOP_62_4'
================================================================
* Date:           Mon Jun  1 09:29:34 2026

* Version:        2024.1 (Build 5069499 on May 21 2024)
* Project:        hls_component
* Solution:       hls (Vivado IP Flow Target)
* Product family: virtexuplusHBM
* Target device:  xcvu47p-fsvh2892-2-e


================================================================
== Performance Estimates
================================================================
+ Timing: 
    * Summary: 
    +--------+---------+----------+------------+
    |  Clock |  Target | Estimated| Uncertainty|
    +--------+---------+----------+------------+
    |ap_clk  |  3.00 ns|  1.587 ns|     0.81 ns|
    +--------+---------+----------+------------+

+ Latency: 
    * Summary: 
    +---------+---------+----------+----------+------+------+-----------------------------------------------+
    |  Latency (cycles) |  Latency (absolute) |   Interval  |                    Pipeline                   |
    |   min   |   max   |    min   |    max   |  min |  max |                      Type                     |
    +---------+---------+----------+----------+------+------+-----------------------------------------------+
    |     1027|     1027|  3.081 us|  3.081 us|  1025|  1025|  loop auto-rewind stp(delay=0 clock cycles(s))|
    +---------+---------+----------+----------+------+------+-----------------------------------------------+

    + Detail: 
        * Instance: 
        N/A

        * Loop: 
        +-------------------+---------+---------+----------+-----------+-----------+------+----------+
        |                   |  Latency (cycles) | Iteration|  Initiation Interval  | Trip |          |
        |     Loop Name     |   min   |   max   |  Latency |  achieved |   target  | Count| Pipelined|
        +-------------------+---------+---------+----------+-----------+-----------+------+----------+
        |- VITIS_LOOP_62_4  |     1025|     1025|         3|          1|          1|  1024|       yes|
        +-------------------+---------+---------+----------+-----------+-----------+------+----------+



================================================================
== Utilization Estimates
================================================================
* Summary: 
+---------------------+---------+------+---------+---------+-----+
|         Name        | BRAM_18K|  DSP |    FF   |   LUT   | URAM|
+---------------------+---------+------+---------+---------+-----+
|DSP                  |        -|     -|        -|        -|    -|
|Expression           |        -|     -|        0|       39|    -|
|FIFO                 |        -|     -|        -|        -|    -|
|Instance             |        -|     -|        -|        -|    -|
|Memory               |        -|     -|        -|        -|    -|
|Multiplexer          |        -|     -|        0|       36|    -|
|Register             |        -|     -|      100|        -|    -|
+---------------------+---------+------+---------+---------+-----+
|Total                |        0|     0|      100|       75|    0|
+---------------------+---------+------+---------+---------+-----+
|Available SLR        |     1344|  3008|   869120|   434560|  320|
+---------------------+---------+------+---------+---------+-----+
|Utilization SLR (%)  |        0|     0|       ~0|       ~0|    0|
+---------------------+---------+------+---------+---------+-----+
|Available            |     4032|  9024|  2607360|  1303680|  960|
+---------------------+---------+------+---------+---------+-----+
|Utilization (%)      |        0|     0|       ~0|       ~0|    0|
+---------------------+---------+------+---------+---------+-----+

+ Detail: 
    * Instance: 
    N/A

    * DSP: 
    N/A

    * Memory: 
    N/A

    * FIFO: 
    N/A

    * Expression: 
    +---------------------+----------+----+---+----+------------+------------+
    |    Variable Name    | Operation| DSP| FF| LUT| Bitwidth P0| Bitwidth P1|
    +---------------------+----------+----+---+----+------------+------------+
    |add_ln62_fu_122_p2   |         +|   0|  0|  18|          11|           1|
    |icmp_ln62_fu_116_p2  |      icmp|   0|  0|  19|          11|          12|
    |ap_enable_pp0        |       xor|   0|  0|   2|           1|           2|
    +---------------------+----------+----+---+----+------------+------------+
    |Total                |          |   0|  0|  39|          23|          15|
    +---------------------+----------+----+---+----+------------+------------+

    * Multiplexer: 
    +-------------------------+----+-----------+-----+-----------+
    |           Name          | LUT| Input Size| Bits| Total Bits|
    +-------------------------+----+-----------+-----+-----------+
    |ap_done_int              |   9|          2|    1|          2|
    |ap_enable_reg_pp0_iter1  |   9|          2|    1|          2|
    |ap_sig_allocacmp_i_2     |   9|          2|   11|         22|
    |i_fu_44                  |   9|          2|   11|         22|
    +-------------------------+----+-----------+-----+-----------+
    |Total                    |  36|          8|   24|         48|
    +-------------------------+----+-----------+-----+-----------+

    * Register: 
    +----------------------------------+----+----+-----+-----------+
    |               Name               | FF | LUT| Bits| Const Bits|
    +----------------------------------+----+----+-----+-----------+
    |ap_CS_fsm                         |   1|   0|    1|          0|
    |ap_done_reg                       |   1|   0|    1|          0|
    |ap_enable_reg_pp0_iter1           |   1|   0|    1|          0|
    |ap_enable_reg_pp0_iter2           |   1|   0|    1|          0|
    |ap_loop_exit_ready_pp0_iter1_reg  |   1|   0|    1|          0|
    |i_fu_44                           |  11|   0|   11|          0|
    |imag_load_reg_185                 |  32|   0|   32|          0|
    |real_load_reg_180                 |  32|   0|   32|          0|
    |y_reg_165                         |  10|   0|   10|          0|
    |y_reg_165_pp0_iter1_reg           |  10|   0|   10|          0|
    +----------------------------------+----+----+-----+-----------+
    |Total                             | 100|   0|  100|          0|
    +----------------------------------+----+----+-----+-----------+



================================================================
== Interface
================================================================
* Summary: 
+-------------------+-----+-----+------------+-------------------------------------+--------------+
|     RTL Ports     | Dir | Bits|  Protocol  |            Source Object            |    C Type    |
+-------------------+-----+-----+------------+-------------------------------------+--------------+
|ap_clk             |   in|    1|  ap_ctrl_hs|  fft_kernel_Pipeline_VITIS_LOOP_62_4|  return value|
|ap_rst             |   in|    1|  ap_ctrl_hs|  fft_kernel_Pipeline_VITIS_LOOP_62_4|  return value|
|ap_start           |   in|    1|  ap_ctrl_hs|  fft_kernel_Pipeline_VITIS_LOOP_62_4|  return value|
|ap_done            |  out|    1|  ap_ctrl_hs|  fft_kernel_Pipeline_VITIS_LOOP_62_4|  return value|
|ap_idle            |  out|    1|  ap_ctrl_hs|  fft_kernel_Pipeline_VITIS_LOOP_62_4|  return value|
|ap_ready           |  out|    1|  ap_ctrl_hs|  fft_kernel_Pipeline_VITIS_LOOP_62_4|  return value|
|real_r_address0    |  out|   10|   ap_memory|                               real_r|         array|
|real_r_ce0         |  out|    1|   ap_memory|                               real_r|         array|
|real_r_q0          |   in|   32|   ap_memory|                               real_r|         array|
|tmp_real_address1  |  out|   10|   ap_memory|                             tmp_real|         array|
|tmp_real_ce1       |  out|    1|   ap_memory|                             tmp_real|         array|
|tmp_real_we1       |  out|    1|   ap_memory|                             tmp_real|         array|
|tmp_real_d1        |  out|   32|   ap_memory|                             tmp_real|         array|
|imag_address0      |  out|   10|   ap_memory|                                 imag|         array|
|imag_ce0           |  out|    1|   ap_memory|                                 imag|         array|
|imag_q0            |   in|   32|   ap_memory|                                 imag|         array|
|tmp_imag_address1  |  out|   10|   ap_memory|                             tmp_imag|         array|
|tmp_imag_ce1       |  out|    1|   ap_memory|                             tmp_imag|         array|
|tmp_imag_we1       |  out|    1|   ap_memory|                             tmp_imag|         array|
|tmp_imag_d1        |  out|   32|   ap_memory|                             tmp_imag|         array|
+-------------------+-----+-----+------------+-------------------------------------+--------------+

