

================================================================
== Vitis HLS Report for 'fft_kernel'
================================================================
* Date:           Mon Jun  1 09:29:34 2026

* Version:        2024.1 (Build 5069499 on May 21 2024)
* Project:        hls_component
* Solution:       hls (Vivado IP Flow Target)
* Product family: virtexuplusHBM
* Target device:  xcvu47p-fsvh2892-2-e


================================================================
== Performance Estimates
================================================================
+ Timing: 
    * Summary: 
    +--------+---------+----------+------------+
    |  Clock |  Target | Estimated| Uncertainty|
    +--------+---------+----------+------------+
    |ap_clk  |  3.00 ns|  2.190 ns|     0.81 ns|
    +--------+---------+----------+------------+

+ Latency: 
    * Summary: 
    +---------+---------+----------+----------+---------+---------+---------+
    |  Latency (cycles) |  Latency (absolute) |      Interval     | Pipeline|
    |   min   |   max   |    min   |    max   |   min   |   max   |   Type  |
    +---------+---------+----------+----------+---------+---------+---------+
    |  1290414|  1290414|  3.871 ms|  3.871 ms|  1290415|  1290415|       no|
    +---------+---------+----------+----------+---------+---------+---------+

    + Detail: 
        * Instance: 
        N/A

        * Loop: 
        +--------------------+---------+---------+----------+-----------+-----------+------+----------+
        |                    |  Latency (cycles) | Iteration|  Initiation Interval  | Trip |          |
        |      Loop Name     |   min   |   max   |  Latency |  achieved |   target  | Count| Pipelined|
        +--------------------+---------+---------+----------+-----------+-----------+------+----------+
        |- VITIS_LOOP_47_1   |  1290400|  1290400|     25808|          -|          -|    50|        no|
        | + VITIS_LOOP_75_6  |    20660|    20660|      2066|          -|          -|    10|        no|
        +--------------------+---------+---------+----------+-----------+-----------+------+----------+

============================================================
+ Verbose Summary: Synthesis Manager
============================================================
InlineROM: 1
ExposeGlobal: 0
============================================================
+ Verbose Summary: CDFG Model
============================================================
IsTopModel: 1
ResetActiveHigh: 1
IsCombinational: 0
IsDatapathOnly: 0
HasWiredReturn: 1
HasMFsm: 0
HasVarLatency: 1
IsPipeline: 0
IsRtlPipelined: 0
IsInstanceOverlapped: 0
IsDontTouch: 0
HasImplIP: 0
IsGatedGlobalClock: 0


============================================================
+ Verbose Summary: Schedule
============================================================
* Number of FSM states : 28
* Pipeline : 0
* Dataflow Pipeline: 0

* FSM state transitions: 
1 --> 2 
2 --> 3 
3 --> 4 
4 --> 5 
5 --> 6 
6 --> 7 
7 --> 8 
8 --> 9 
9 --> 10 
10 --> 11 24 
11 --> 12 
12 --> 13 
13 --> 14 
14 --> 15 
15 --> 16 
16 --> 17 
17 --> 18 
18 --> 19 23 
19 --> 20 
20 --> 21 
21 --> 22 
22 --> 18 
23 --> 10 
24 --> 25 
25 --> 26 
26 --> 27 
27 --> 28 
28 --> 

* FSM state operations: 

State 1 <SV = 0> <Delay = 1.00>
ST_1 : Operation 29 [1/1] (0.00ns)   --->   "%f = alloca i32 1" [../../../../src/fft_kernel.cpp:47]   --->   Operation 29 'alloca' 'f' <Predicate = true> <Delay = 0.00>
ST_1 : Operation 30 [1/1] (1.00ns)   --->   "%output_imag_read = read i64 @_ssdm_op_Read.s_axilite.i64, i64 %output_imag"   --->   Operation 30 'read' 'output_imag_read' <Predicate = true> <Delay = 1.00> <CoreInst = "s_axilite">   --->   Core 120 's_axilite' <Latency = 0> <II = 1> <Delay = 1.00> <Adapter> <Opcode : 'read' 'write'>
ST_1 : Operation 31 [1/1] (1.00ns)   --->   "%output_real_read = read i64 @_ssdm_op_Read.s_axilite.i64, i64 %output_real"   --->   Operation 31 'read' 'output_real_read' <Predicate = true> <Delay = 1.00> <CoreInst = "s_axilite">   --->   Core 120 's_axilite' <Latency = 0> <II = 1> <Delay = 1.00> <Adapter> <Opcode : 'read' 'write'>
ST_1 : Operation 32 [1/1] (1.00ns)   --->   "%input_imag_read = read i64 @_ssdm_op_Read.s_axilite.i64, i64 %input_imag"   --->   Operation 32 'read' 'input_imag_read' <Predicate = true> <Delay = 1.00> <CoreInst = "s_axilite">   --->   Core 120 's_axilite' <Latency = 0> <II = 1> <Delay = 1.00> <Adapter> <Opcode : 'read' 'write'>
ST_1 : Operation 33 [1/1] (1.00ns)   --->   "%input_real_read = read i64 @_ssdm_op_Read.s_axilite.i64, i64 %input_real"   --->   Operation 33 'read' 'input_real_read' <Predicate = true> <Delay = 1.00> <CoreInst = "s_axilite">   --->   Core 120 's_axilite' <Latency = 0> <II = 1> <Delay = 1.00> <Adapter> <Opcode : 'read' 'write'>
ST_1 : Operation 34 [1/1] (0.00ns)   --->   "%real = alloca i64 1" [../../../../src/fft_kernel.cpp:33]   --->   Operation 34 'alloca' 'real' <Predicate = true> <Delay = 0.00> <CoreInst = "RAM_2P_BRAM">   --->   Core 93 'RAM_2P_BRAM' <Latency = 1> <II = 1> <Delay = 1.20> <Storage> <Opcode : 'load' 'store'> <Ports = 2> <Width = 32> <Depth = 1024> <RAM>
ST_1 : Operation 35 [1/1] (0.00ns)   --->   "%imag = alloca i64 1" [../../../../src/fft_kernel.cpp:34]   --->   Operation 35 'alloca' 'imag' <Predicate = true> <Delay = 0.00> <CoreInst = "RAM_2P_BRAM">   --->   Core 93 'RAM_2P_BRAM' <Latency = 1> <II = 1> <Delay = 1.20> <Storage> <Opcode : 'load' 'store'> <Ports = 2> <Width = 32> <Depth = 1024> <RAM>
ST_1 : Operation 36 [1/1] (0.00ns)   --->   "%tmp_real = alloca i64 1" [../../../../src/fft_kernel.cpp:35]   --->   Operation 36 'alloca' 'tmp_real' <Predicate = true> <Delay = 0.00> <CoreInst = "RAM_2P_BRAM">   --->   Core 93 'RAM_2P_BRAM' <Latency = 1> <II = 1> <Delay = 1.20> <Storage> <Opcode : 'load' 'store'> <Ports = 2> <Width = 32> <Depth = 1024> <RAM>
ST_1 : Operation 37 [1/1] (0.00ns)   --->   "%tmp_imag = alloca i64 1" [../../../../src/fft_kernel.cpp:36]   --->   Operation 37 'alloca' 'tmp_imag' <Predicate = true> <Delay = 0.00> <CoreInst = "RAM_2P_BRAM">   --->   Core 93 'RAM_2P_BRAM' <Latency = 1> <II = 1> <Delay = 1.20> <Storage> <Opcode : 'load' 'store'> <Ports = 2> <Width = 32> <Depth = 1024> <RAM>
ST_1 : Operation 38 [1/1] (0.00ns)   --->   "%out_real = alloca i64 1" [../../../../src/fft_kernel.cpp:37]   --->   Operation 38 'alloca' 'out_real' <Predicate = true> <Delay = 0.00> <CoreInst = "RAM_2P_BRAM">   --->   Core 93 'RAM_2P_BRAM' <Latency = 1> <II = 1> <Delay = 1.20> <Storage> <Opcode : 'load' 'store'> <Ports = 2> <Width = 32> <Depth = 1024> <RAM>
ST_1 : Operation 39 [1/1] (0.00ns)   --->   "%out_imag = alloca i64 1" [../../../../src/fft_kernel.cpp:38]   --->   Operation 39 'alloca' 'out_imag' <Predicate = true> <Delay = 0.00> <CoreInst = "RAM_2P_BRAM">   --->   Core 93 'RAM_2P_BRAM' <Latency = 1> <II = 1> <Delay = 1.20> <Storage> <Opcode : 'load' 'store'> <Ports = 2> <Width = 32> <Depth = 1024> <RAM>
ST_1 : Operation 40 [1/1] (0.00ns)   --->   "%trunc_ln = partselect i62 @_ssdm_op_PartSelect.i62.i64.i32.i32, i64 %input_real_read, i32 2, i32 63" [../../../../src/fft_kernel.cpp:47]   --->   Operation 40 'partselect' 'trunc_ln' <Predicate = true> <Delay = 0.00>
ST_1 : Operation 41 [1/1] (0.00ns)   --->   "%trunc_ln47_1 = partselect i62 @_ssdm_op_PartSelect.i62.i64.i32.i32, i64 %input_imag_read, i32 2, i32 63" [../../../../src/fft_kernel.cpp:47]   --->   Operation 41 'partselect' 'trunc_ln47_1' <Predicate = true> <Delay = 0.00>
ST_1 : Operation 42 [1/1] (0.00ns)   --->   "%trunc_ln47_2 = partselect i62 @_ssdm_op_PartSelect.i62.i64.i32.i32, i64 %output_real_read, i32 2, i32 63" [../../../../src/fft_kernel.cpp:47]   --->   Operation 42 'partselect' 'trunc_ln47_2' <Predicate = true> <Delay = 0.00>
ST_1 : Operation 43 [1/1] (0.00ns)   --->   "%trunc_ln47_3 = partselect i62 @_ssdm_op_PartSelect.i62.i64.i32.i32, i64 %output_imag_read, i32 2, i32 63" [../../../../src/fft_kernel.cpp:47]   --->   Operation 43 'partselect' 'trunc_ln47_3' <Predicate = true> <Delay = 0.00>
ST_1 : Operation 44 [1/1] (0.38ns)   --->   "%store_ln47 = store i6 0, i6 %f" [../../../../src/fft_kernel.cpp:47]   --->   Operation 44 'store' 'store_ln47' <Predicate = true> <Delay = 0.38>

State 2 <SV = 1> <Delay = 2.19>
ST_2 : Operation 45 [1/1] (0.00ns)   --->   "%sext_ln47 = sext i62 %trunc_ln" [../../../../src/fft_kernel.cpp:47]   --->   Operation 45 'sext' 'sext_ln47' <Predicate = true> <Delay = 0.00>
ST_2 : Operation 46 [1/1] (0.00ns)   --->   "%gmem0_addr = getelementptr i32 %gmem0, i64 %sext_ln47" [../../../../src/fft_kernel.cpp:47]   --->   Operation 46 'getelementptr' 'gmem0_addr' <Predicate = true> <Delay = 0.00>
ST_2 : Operation 47 [8/8] (2.19ns)   --->   "%empty = readreq i1 @_ssdm_op_ReadReq.m_axi.p1i32, i32 %gmem0_addr, i64 51200" [../../../../src/fft_kernel.cpp:47]   --->   Operation 47 'readreq' 'empty' <Predicate = true> <Delay = 2.19> <CoreInst = "m_axi">   --->   Core 119 'm_axi' <Latency = 0> <II = 1> <Delay = 1.00> <Adapter> <Opcode : 'read' 'write' 'readreq' 'writereq' 'writeresp'>
ST_2 : Operation 48 [1/1] (0.00ns)   --->   "%sext_ln47_1 = sext i62 %trunc_ln47_1" [../../../../src/fft_kernel.cpp:47]   --->   Operation 48 'sext' 'sext_ln47_1' <Predicate = true> <Delay = 0.00>
ST_2 : Operation 49 [1/1] (0.00ns)   --->   "%gmem1_addr = getelementptr i32 %gmem1, i64 %sext_ln47_1" [../../../../src/fft_kernel.cpp:47]   --->   Operation 49 'getelementptr' 'gmem1_addr' <Predicate = true> <Delay = 0.00>
ST_2 : Operation 50 [8/8] (2.19ns)   --->   "%empty_34 = readreq i1 @_ssdm_op_ReadReq.m_axi.p1i32, i32 %gmem1_addr, i64 51200" [../../../../src/fft_kernel.cpp:47]   --->   Operation 50 'readreq' 'empty_34' <Predicate = true> <Delay = 2.19> <CoreInst = "m_axi">   --->   Core 119 'm_axi' <Latency = 0> <II = 1> <Delay = 1.00> <Adapter> <Opcode : 'read' 'write' 'readreq' 'writereq' 'writeresp'>

State 3 <SV = 2> <Delay = 2.19>
ST_3 : Operation 51 [7/8] (2.19ns)   --->   "%empty = readreq i1 @_ssdm_op_ReadReq.m_axi.p1i32, i32 %gmem0_addr, i64 51200" [../../../../src/fft_kernel.cpp:47]   --->   Operation 51 'readreq' 'empty' <Predicate = true> <Delay = 2.19> <CoreInst = "m_axi">   --->   Core 119 'm_axi' <Latency = 0> <II = 1> <Delay = 1.00> <Adapter> <Opcode : 'read' 'write' 'readreq' 'writereq' 'writeresp'>
ST_3 : Operation 52 [7/8] (2.19ns)   --->   "%empty_34 = readreq i1 @_ssdm_op_ReadReq.m_axi.p1i32, i32 %gmem1_addr, i64 51200" [../../../../src/fft_kernel.cpp:47]   --->   Operation 52 'readreq' 'empty_34' <Predicate = true> <Delay = 2.19> <CoreInst = "m_axi">   --->   Core 119 'm_axi' <Latency = 0> <II = 1> <Delay = 1.00> <Adapter> <Opcode : 'read' 'write' 'readreq' 'writereq' 'writeresp'>

State 4 <SV = 3> <Delay = 2.19>
ST_4 : Operation 53 [6/8] (2.19ns)   --->   "%empty = readreq i1 @_ssdm_op_ReadReq.m_axi.p1i32, i32 %gmem0_addr, i64 51200" [../../../../src/fft_kernel.cpp:47]   --->   Operation 53 'readreq' 'empty' <Predicate = true> <Delay = 2.19> <CoreInst = "m_axi">   --->   Core 119 'm_axi' <Latency = 0> <II = 1> <Delay = 1.00> <Adapter> <Opcode : 'read' 'write' 'readreq' 'writereq' 'writeresp'>
ST_4 : Operation 54 [6/8] (2.19ns)   --->   "%empty_34 = readreq i1 @_ssdm_op_ReadReq.m_axi.p1i32, i32 %gmem1_addr, i64 51200" [../../../../src/fft_kernel.cpp:47]   --->   Operation 54 'readreq' 'empty_34' <Predicate = true> <Delay = 2.19> <CoreInst = "m_axi">   --->   Core 119 'm_axi' <Latency = 0> <II = 1> <Delay = 1.00> <Adapter> <Opcode : 'read' 'write' 'readreq' 'writereq' 'writeresp'>

State 5 <SV = 4> <Delay = 2.19>
ST_5 : Operation 55 [5/8] (2.19ns)   --->   "%empty = readreq i1 @_ssdm_op_ReadReq.m_axi.p1i32, i32 %gmem0_addr, i64 51200" [../../../../src/fft_kernel.cpp:47]   --->   Operation 55 'readreq' 'empty' <Predicate = true> <Delay = 2.19> <CoreInst = "m_axi">   --->   Core 119 'm_axi' <Latency = 0> <II = 1> <Delay = 1.00> <Adapter> <Opcode : 'read' 'write' 'readreq' 'writereq' 'writeresp'>
ST_5 : Operation 56 [5/8] (2.19ns)   --->   "%empty_34 = readreq i1 @_ssdm_op_ReadReq.m_axi.p1i32, i32 %gmem1_addr, i64 51200" [../../../../src/fft_kernel.cpp:47]   --->   Operation 56 'readreq' 'empty_34' <Predicate = true> <Delay = 2.19> <CoreInst = "m_axi">   --->   Core 119 'm_axi' <Latency = 0> <II = 1> <Delay = 1.00> <Adapter> <Opcode : 'read' 'write' 'readreq' 'writereq' 'writeresp'>

State 6 <SV = 5> <Delay = 2.19>
ST_6 : Operation 57 [4/8] (2.19ns)   --->   "%empty = readreq i1 @_ssdm_op_ReadReq.m_axi.p1i32, i32 %gmem0_addr, i64 51200" [../../../../src/fft_kernel.cpp:47]   --->   Operation 57 'readreq' 'empty' <Predicate = true> <Delay = 2.19> <CoreInst = "m_axi">   --->   Core 119 'm_axi' <Latency = 0> <II = 1> <Delay = 1.00> <Adapter> <Opcode : 'read' 'write' 'readreq' 'writereq' 'writeresp'>
ST_6 : Operation 58 [4/8] (2.19ns)   --->   "%empty_34 = readreq i1 @_ssdm_op_ReadReq.m_axi.p1i32, i32 %gmem1_addr, i64 51200" [../../../../src/fft_kernel.cpp:47]   --->   Operation 58 'readreq' 'empty_34' <Predicate = true> <Delay = 2.19> <CoreInst = "m_axi">   --->   Core 119 'm_axi' <Latency = 0> <II = 1> <Delay = 1.00> <Adapter> <Opcode : 'read' 'write' 'readreq' 'writereq' 'writeresp'>

State 7 <SV = 6> <Delay = 2.19>
ST_7 : Operation 59 [3/8] (2.19ns)   --->   "%empty = readreq i1 @_ssdm_op_ReadReq.m_axi.p1i32, i32 %gmem0_addr, i64 51200" [../../../../src/fft_kernel.cpp:47]   --->   Operation 59 'readreq' 'empty' <Predicate = true> <Delay = 2.19> <CoreInst = "m_axi">   --->   Core 119 'm_axi' <Latency = 0> <II = 1> <Delay = 1.00> <Adapter> <Opcode : 'read' 'write' 'readreq' 'writereq' 'writeresp'>
ST_7 : Operation 60 [3/8] (2.19ns)   --->   "%empty_34 = readreq i1 @_ssdm_op_ReadReq.m_axi.p1i32, i32 %gmem1_addr, i64 51200" [../../../../src/fft_kernel.cpp:47]   --->   Operation 60 'readreq' 'empty_34' <Predicate = true> <Delay = 2.19> <CoreInst = "m_axi">   --->   Core 119 'm_axi' <Latency = 0> <II = 1> <Delay = 1.00> <Adapter> <Opcode : 'read' 'write' 'readreq' 'writereq' 'writeresp'>

State 8 <SV = 7> <Delay = 2.19>
ST_8 : Operation 61 [2/8] (2.19ns)   --->   "%empty = readreq i1 @_ssdm_op_ReadReq.m_axi.p1i32, i32 %gmem0_addr, i64 51200" [../../../../src/fft_kernel.cpp:47]   --->   Operation 61 'readreq' 'empty' <Predicate = true> <Delay = 2.19> <CoreInst = "m_axi">   --->   Core 119 'm_axi' <Latency = 0> <II = 1> <Delay = 1.00> <Adapter> <Opcode : 'read' 'write' 'readreq' 'writereq' 'writeresp'>
ST_8 : Operation 62 [2/8] (2.19ns)   --->   "%empty_34 = readreq i1 @_ssdm_op_ReadReq.m_axi.p1i32, i32 %gmem1_addr, i64 51200" [../../../../src/fft_kernel.cpp:47]   --->   Operation 62 'readreq' 'empty_34' <Predicate = true> <Delay = 2.19> <CoreInst = "m_axi">   --->   Core 119 'm_axi' <Latency = 0> <II = 1> <Delay = 1.00> <Adapter> <Opcode : 'read' 'write' 'readreq' 'writereq' 'writeresp'>

State 9 <SV = 8> <Delay = 2.19>
ST_9 : Operation 63 [1/1] (0.00ns)   --->   "%spectopmodule_ln16 = spectopmodule void @_ssdm_op_SpecTopModule, void @empty" [../../../../src/fft_kernel.cpp:16]   --->   Operation 63 'spectopmodule' 'spectopmodule_ln16' <Predicate = true> <Delay = 0.00>
ST_9 : Operation 64 [1/1] (0.00ns)   --->   "%specinterface_ln0 = specinterface void @_ssdm_op_SpecInterface, i32 %gmem0, void @empty_0, i32 0, i32 0, void @empty_1, i32 0, i32 0, void @empty_2, void @empty_3, void @empty_1, i32 16, i32 16, i32 16, i32 16, void @empty_1, void @empty_1, i32 4294967295, i32 0, i32 0"   --->   Operation 64 'specinterface' 'specinterface_ln0' <Predicate = true> <Delay = 0.00>
ST_9 : Operation 65 [1/1] (0.00ns)   --->   "%specbitsmap_ln0 = specbitsmap void @_ssdm_op_SpecBitsMap, i32 %gmem0"   --->   Operation 65 'specbitsmap' 'specbitsmap_ln0' <Predicate = true> <Delay = 0.00>
ST_9 : Operation 66 [1/1] (0.00ns)   --->   "%specinterface_ln0 = specinterface void @_ssdm_op_SpecInterface, i32 %gmem1, void @empty_0, i32 0, i32 0, void @empty_1, i32 0, i32 0, void @empty_4, void @empty_3, void @empty_1, i32 16, i32 16, i32 16, i32 16, void @empty_1, void @empty_1, i32 4294967295, i32 0, i32 0"   --->   Operation 66 'specinterface' 'specinterface_ln0' <Predicate = true> <Delay = 0.00>
ST_9 : Operation 67 [1/1] (0.00ns)   --->   "%specbitsmap_ln0 = specbitsmap void @_ssdm_op_SpecBitsMap, i32 %gmem1"   --->   Operation 67 'specbitsmap' 'specbitsmap_ln0' <Predicate = true> <Delay = 0.00>
ST_9 : Operation 68 [1/1] (0.00ns)   --->   "%specinterface_ln0 = specinterface void @_ssdm_op_SpecInterface, i32 %gmem2, void @empty_0, i32 0, i32 0, void @empty_1, i32 0, i32 0, void @empty_5, void @empty_3, void @empty_1, i32 16, i32 16, i32 16, i32 16, void @empty_1, void @empty_1, i32 4294967295, i32 0, i32 0"   --->   Operation 68 'specinterface' 'specinterface_ln0' <Predicate = true> <Delay = 0.00>
ST_9 : Operation 69 [1/1] (0.00ns)   --->   "%specbitsmap_ln0 = specbitsmap void @_ssdm_op_SpecBitsMap, i32 %gmem2"   --->   Operation 69 'specbitsmap' 'specbitsmap_ln0' <Predicate = true> <Delay = 0.00>
ST_9 : Operation 70 [1/1] (0.00ns)   --->   "%specinterface_ln0 = specinterface void @_ssdm_op_SpecInterface, i32 %gmem3, void @empty_0, i32 0, i32 0, void @empty_1, i32 0, i32 0, void @empty_6, void @empty_3, void @empty_1, i32 16, i32 16, i32 16, i32 16, void @empty_1, void @empty_1, i32 4294967295, i32 0, i32 0"   --->   Operation 70 'specinterface' 'specinterface_ln0' <Predicate = true> <Delay = 0.00>
ST_9 : Operation 71 [1/1] (0.00ns)   --->   "%specbitsmap_ln0 = specbitsmap void @_ssdm_op_SpecBitsMap, i32 %gmem3"   --->   Operation 71 'specbitsmap' 'specbitsmap_ln0' <Predicate = true> <Delay = 0.00>
ST_9 : Operation 72 [1/1] (0.00ns)   --->   "%specinterface_ln0 = specinterface void @_ssdm_op_SpecInterface, i64 %input_real, void @empty_7, i32 4294967295, i32 4294967295, void @empty_8, i32 0, i32 0, void @empty_18, void @empty_9, void @empty_1, i32 0, i32 0, i32 0, i32 0, void @empty_1, void @empty_12, i32 4294967295, i32 0, i32 0"   --->   Operation 72 'specinterface' 'specinterface_ln0' <Predicate = true> <Delay = 0.00>
ST_9 : Operation 73 [1/1] (0.00ns)   --->   "%specinterface_ln0 = specinterface void @_ssdm_op_SpecInterface, i64 %input_real, void @empty_13, i32 4294967295, i32 4294967295, void @empty_1, i32 0, i32 0, void @empty_1, void @empty_1, void @empty_1, i32 0, i32 0, i32 0, i32 0, void @empty_1, void @empty_12, i32 4294967295, i32 0, i32 0"   --->   Operation 73 'specinterface' 'specinterface_ln0' <Predicate = true> <Delay = 0.00>
ST_9 : Operation 74 [1/1] (0.00ns)   --->   "%specinterface_ln0 = specinterface void @_ssdm_op_SpecInterface, i64 %input_imag, void @empty_7, i32 4294967295, i32 4294967295, void @empty_8, i32 0, i32 0, void @empty_18, void @empty_14, void @empty_1, i32 0, i32 0, i32 0, i32 0, void @empty_1, void @empty_12, i32 4294967295, i32 0, i32 0"   --->   Operation 74 'specinterface' 'specinterface_ln0' <Predicate = true> <Delay = 0.00>
ST_9 : Operation 75 [1/1] (0.00ns)   --->   "%specinterface_ln0 = specinterface void @_ssdm_op_SpecInterface, i64 %input_imag, void @empty_13, i32 4294967295, i32 4294967295, void @empty_1, i32 0, i32 0, void @empty_1, void @empty_1, void @empty_1, i32 0, i32 0, i32 0, i32 0, void @empty_1, void @empty_12, i32 4294967295, i32 0, i32 0"   --->   Operation 75 'specinterface' 'specinterface_ln0' <Predicate = true> <Delay = 0.00>
ST_9 : Operation 76 [1/1] (0.00ns)   --->   "%specinterface_ln0 = specinterface void @_ssdm_op_SpecInterface, i64 %output_real, void @empty_7, i32 4294967295, i32 4294967295, void @empty_8, i32 0, i32 0, void @empty_18, void @empty_15, void @empty_1, i32 0, i32 0, i32 0, i32 0, void @empty_1, void @empty_12, i32 4294967295, i32 0, i32 0"   --->   Operation 76 'specinterface' 'specinterface_ln0' <Predicate = true> <Delay = 0.00>
ST_9 : Operation 77 [1/1] (0.00ns)   --->   "%specinterface_ln0 = specinterface void @_ssdm_op_SpecInterface, i64 %output_real, void @empty_13, i32 4294967295, i32 4294967295, void @empty_1, i32 0, i32 0, void @empty_1, void @empty_1, void @empty_1, i32 0, i32 0, i32 0, i32 0, void @empty_1, void @empty_12, i32 4294967295, i32 0, i32 0"   --->   Operation 77 'specinterface' 'specinterface_ln0' <Predicate = true> <Delay = 0.00>
ST_9 : Operation 78 [1/1] (0.00ns)   --->   "%specinterface_ln0 = specinterface void @_ssdm_op_SpecInterface, i64 %output_imag, void @empty_7, i32 4294967295, i32 4294967295, void @empty_8, i32 0, i32 0, void @empty_18, void @empty_16, void @empty_1, i32 0, i32 0, i32 0, i32 0, void @empty_1, void @empty_12, i32 4294967295, i32 0, i32 0"   --->   Operation 78 'specinterface' 'specinterface_ln0' <Predicate = true> <Delay = 0.00>
ST_9 : Operation 79 [1/1] (0.00ns)   --->   "%specinterface_ln0 = specinterface void @_ssdm_op_SpecInterface, i64 %output_imag, void @empty_13, i32 4294967295, i32 4294967295, void @empty_1, i32 0, i32 0, void @empty_1, void @empty_1, void @empty_1, i32 0, i32 0, i32 0, i32 0, void @empty_1, void @empty_12, i32 4294967295, i32 0, i32 0"   --->   Operation 79 'specinterface' 'specinterface_ln0' <Predicate = true> <Delay = 0.00>
ST_9 : Operation 80 [1/1] (0.00ns)   --->   "%specinterface_ln0 = specinterface void @_ssdm_op_SpecInterface, i32 0, void @empty_7, i32 0, i32 0, void @empty_1, i32 0, i32 0, void @empty_18, void @empty_1, void @empty_1, i32 0, i32 0, i32 0, i32 0, void @empty_1, void @empty_1, i32 4294967295, i32 0, i32 0"   --->   Operation 80 'specinterface' 'specinterface_ln0' <Predicate = true> <Delay = 0.00>
ST_9 : Operation 81 [1/1] (0.00ns)   --->   "%specmemcore_ln40 = specmemcore void @_ssdm_op_SpecMemCore, i32 %real, i64 666, i64 22, i64 18446744073709551615" [../../../../src/fft_kernel.cpp:40]   --->   Operation 81 'specmemcore' 'specmemcore_ln40' <Predicate = true> <Delay = 0.00>
ST_9 : Operation 82 [1/1] (0.00ns)   --->   "%specmemcore_ln41 = specmemcore void @_ssdm_op_SpecMemCore, i32 %imag, i64 666, i64 22, i64 18446744073709551615" [../../../../src/fft_kernel.cpp:41]   --->   Operation 82 'specmemcore' 'specmemcore_ln41' <Predicate = true> <Delay = 0.00>
ST_9 : Operation 83 [1/1] (0.00ns)   --->   "%specmemcore_ln42 = specmemcore void @_ssdm_op_SpecMemCore, i32 %tmp_real, i64 666, i64 22, i64 18446744073709551615" [../../../../src/fft_kernel.cpp:42]   --->   Operation 83 'specmemcore' 'specmemcore_ln42' <Predicate = true> <Delay = 0.00>
ST_9 : Operation 84 [1/1] (0.00ns)   --->   "%specmemcore_ln43 = specmemcore void @_ssdm_op_SpecMemCore, i32 %tmp_imag, i64 666, i64 22, i64 18446744073709551615" [../../../../src/fft_kernel.cpp:43]   --->   Operation 84 'specmemcore' 'specmemcore_ln43' <Predicate = true> <Delay = 0.00>
ST_9 : Operation 85 [1/1] (0.00ns)   --->   "%specmemcore_ln44 = specmemcore void @_ssdm_op_SpecMemCore, i32 %out_real, i64 666, i64 22, i64 18446744073709551615" [../../../../src/fft_kernel.cpp:44]   --->   Operation 85 'specmemcore' 'specmemcore_ln44' <Predicate = true> <Delay = 0.00>
ST_9 : Operation 86 [1/1] (0.00ns)   --->   "%specmemcore_ln45 = specmemcore void @_ssdm_op_SpecMemCore, i32 %out_imag, i64 666, i64 22, i64 18446744073709551615" [../../../../src/fft_kernel.cpp:45]   --->   Operation 86 'specmemcore' 'specmemcore_ln45' <Predicate = true> <Delay = 0.00>
ST_9 : Operation 87 [1/8] (2.19ns)   --->   "%empty = readreq i1 @_ssdm_op_ReadReq.m_axi.p1i32, i32 %gmem0_addr, i64 51200" [../../../../src/fft_kernel.cpp:47]   --->   Operation 87 'readreq' 'empty' <Predicate = true> <Delay = 2.19> <CoreInst = "m_axi">   --->   Core 119 'm_axi' <Latency = 0> <II = 1> <Delay = 1.00> <Adapter> <Opcode : 'read' 'write' 'readreq' 'writereq' 'writeresp'>
ST_9 : Operation 88 [1/8] (2.19ns)   --->   "%empty_34 = readreq i1 @_ssdm_op_ReadReq.m_axi.p1i32, i32 %gmem1_addr, i64 51200" [../../../../src/fft_kernel.cpp:47]   --->   Operation 88 'readreq' 'empty_34' <Predicate = true> <Delay = 2.19> <CoreInst = "m_axi">   --->   Core 119 'm_axi' <Latency = 0> <II = 1> <Delay = 1.00> <Adapter> <Opcode : 'read' 'write' 'readreq' 'writereq' 'writeresp'>
ST_9 : Operation 89 [1/1] (0.00ns)   --->   "%sext_ln47_2 = sext i62 %trunc_ln47_2" [../../../../src/fft_kernel.cpp:47]   --->   Operation 89 'sext' 'sext_ln47_2' <Predicate = true> <Delay = 0.00>
ST_9 : Operation 90 [1/1] (0.00ns)   --->   "%gmem2_addr = getelementptr i32 %gmem2, i64 %sext_ln47_2" [../../../../src/fft_kernel.cpp:47]   --->   Operation 90 'getelementptr' 'gmem2_addr' <Predicate = true> <Delay = 0.00>
ST_9 : Operation 91 [1/1] (2.19ns)   --->   "%empty_35 = writereq i1 @_ssdm_op_WriteReq.m_axi.p1i32, i32 %gmem2_addr, i64 51200" [../../../../src/fft_kernel.cpp:47]   --->   Operation 91 'writereq' 'empty_35' <Predicate = true> <Delay = 2.19> <CoreInst = "m_axi">   --->   Core 119 'm_axi' <Latency = 0> <II = 1> <Delay = 1.00> <Adapter> <Opcode : 'read' 'write' 'readreq' 'writereq' 'writeresp'>
ST_9 : Operation 92 [1/1] (0.00ns)   --->   "%sext_ln47_3 = sext i62 %trunc_ln47_3" [../../../../src/fft_kernel.cpp:47]   --->   Operation 92 'sext' 'sext_ln47_3' <Predicate = true> <Delay = 0.00>
ST_9 : Operation 93 [1/1] (0.00ns)   --->   "%gmem3_addr = getelementptr i32 %gmem3, i64 %sext_ln47_3" [../../../../src/fft_kernel.cpp:47]   --->   Operation 93 'getelementptr' 'gmem3_addr' <Predicate = true> <Delay = 0.00>
ST_9 : Operation 94 [1/1] (2.19ns)   --->   "%empty_36 = writereq i1 @_ssdm_op_WriteReq.m_axi.p1i32, i32 %gmem3_addr, i64 51200" [../../../../src/fft_kernel.cpp:47]   --->   Operation 94 'writereq' 'empty_36' <Predicate = true> <Delay = 2.19> <CoreInst = "m_axi">   --->   Core 119 'm_axi' <Latency = 0> <II = 1> <Delay = 1.00> <Adapter> <Opcode : 'read' 'write' 'readreq' 'writereq' 'writeresp'>
ST_9 : Operation 95 [1/1] (0.00ns)   --->   "%br_ln47 = br void %VITIS_LOOP_49_2" [../../../../src/fft_kernel.cpp:47]   --->   Operation 95 'br' 'br_ln47' <Predicate = true> <Delay = 0.00>

State 10 <SV = 9> <Delay = 0.70>
ST_10 : Operation 96 [1/1] (0.00ns)   --->   "%f_1 = load i6 %f" [../../../../src/fft_kernel.cpp:47]   --->   Operation 96 'load' 'f_1' <Predicate = true> <Delay = 0.00>
ST_10 : Operation 97 [1/1] (0.70ns)   --->   "%icmp_ln47 = icmp_eq  i6 %f_1, i6 50" [../../../../src/fft_kernel.cpp:47]   --->   Operation 97 'icmp' 'icmp_ln47' <Predicate = true> <Delay = 0.70> <CoreInst = "Cmp">   --->   Core 9 'Cmp' <Latency = 0> <II = 1> <Delay = 0.70> <FuncUnit> <Opcode : 'seteq' 'setne' 'setle' 'setge' 'setlt' 'setgt'> <InPorts = 2> <OutPorts = 1>
ST_10 : Operation 98 [1/1] (0.70ns)   --->   "%add_ln47 = add i6 %f_1, i6 1" [../../../../src/fft_kernel.cpp:47]   --->   Operation 98 'add' 'add_ln47' <Predicate = true> <Delay = 0.70> <CoreInst = "Adder">   --->   Core 1 'Adder' <Latency = 0> <II = 1> <Delay = 0.70> <FuncUnit> <Opcode : 'add' 'sub'> <InPorts = 2> <OutPorts = 1>
ST_10 : Operation 99 [1/1] (0.00ns)   --->   "%br_ln47 = br i1 %icmp_ln47, void %VITIS_LOOP_49_2.split, void %for.end159" [../../../../src/fft_kernel.cpp:47]   --->   Operation 99 'br' 'br_ln47' <Predicate = true> <Delay = 0.00>
ST_10 : Operation 100 [2/2] (0.00ns)   --->   "%call_ln47 = call void @fft_kernel_Pipeline_VITIS_LOOP_49_2, i32 %gmem1, i32 %gmem0, i62 %trunc_ln, i62 %trunc_ln47_1, i32 %real, i32 %imag" [../../../../src/fft_kernel.cpp:47]   --->   Operation 100 'call' 'call_ln47' <Predicate = (!icmp_ln47)> <Delay = 0.00> <CoreType = "Generic">   --->   Core 0 '' <Latency = 0> <II = 1> <Delay = 1.00> <Generic> <Opcode : >

State 11 <SV = 10> <Delay = 0.00>
ST_11 : Operation 101 [1/2] (0.00ns)   --->   "%call_ln47 = call void @fft_kernel_Pipeline_VITIS_LOOP_49_2, i32 %gmem1, i32 %gmem0, i62 %trunc_ln, i62 %trunc_ln47_1, i32 %real, i32 %imag" [../../../../src/fft_kernel.cpp:47]   --->   Operation 101 'call' 'call_ln47' <Predicate = true> <Delay = 0.00> <CoreType = "Generic">   --->   Core 0 '' <Latency = 0> <II = 1> <Delay = 1.00> <Generic> <Opcode : >

State 12 <SV = 11> <Delay = 0.00>
ST_12 : Operation 102 [2/2] (0.00ns)   --->   "%call_ln0 = call void @fft_kernel_Pipeline_VITIS_LOOP_55_3, i32 %real, i32 %imag, i15 %hamming"   --->   Operation 102 'call' 'call_ln0' <Predicate = true> <Delay = 0.00> <CoreType = "Generic">   --->   Core 0 '' <Latency = 0> <II = 1> <Delay = 1.00> <Generic> <Opcode : >

State 13 <SV = 12> <Delay = 0.00>
ST_13 : Operation 103 [1/2] (0.00ns)   --->   "%call_ln0 = call void @fft_kernel_Pipeline_VITIS_LOOP_55_3, i32 %real, i32 %imag, i15 %hamming"   --->   Operation 103 'call' 'call_ln0' <Predicate = true> <Delay = 0.00> <CoreType = "Generic">   --->   Core 0 '' <Latency = 0> <II = 1> <Delay = 1.00> <Generic> <Opcode : >

State 14 <SV = 13> <Delay = 0.00>
ST_14 : Operation 104 [2/2] (0.00ns)   --->   "%call_ln0 = call void @fft_kernel_Pipeline_VITIS_LOOP_62_4, i32 %real, i32 %tmp_real, i32 %imag, i32 %tmp_imag"   --->   Operation 104 'call' 'call_ln0' <Predicate = true> <Delay = 0.00> <CoreType = "Generic">   --->   Core 0 '' <Latency = 0> <II = 1> <Delay = 1.00> <Generic> <Opcode : >

State 15 <SV = 14> <Delay = 0.00>
ST_15 : Operation 105 [1/2] (0.00ns)   --->   "%call_ln0 = call void @fft_kernel_Pipeline_VITIS_LOOP_62_4, i32 %real, i32 %tmp_real, i32 %imag, i32 %tmp_imag"   --->   Operation 105 'call' 'call_ln0' <Predicate = true> <Delay = 0.00> <CoreType = "Generic">   --->   Core 0 '' <Latency = 0> <II = 1> <Delay = 1.00> <Generic> <Opcode : >

State 16 <SV = 15> <Delay = 0.00>
ST_16 : Operation 106 [2/2] (0.00ns)   --->   "%call_ln0 = call void @fft_kernel_Pipeline_VITIS_LOOP_69_5, i32 %tmp_real, i32 %real, i32 %tmp_imag, i32 %imag"   --->   Operation 106 'call' 'call_ln0' <Predicate = true> <Delay = 0.00> <CoreType = "Generic">   --->   Core 0 '' <Latency = 0> <II = 1> <Delay = 1.00> <Generic> <Opcode : >

State 17 <SV = 16> <Delay = 0.38>
ST_17 : Operation 107 [1/1] (0.00ns)   --->   "%speclooptripcount_ln47 = speclooptripcount void @_ssdm_op_SpecLoopTripCount, i64 50, i64 50, i64 50" [../../../../src/fft_kernel.cpp:47]   --->   Operation 107 'speclooptripcount' 'speclooptripcount_ln47' <Predicate = true> <Delay = 0.00>
ST_17 : Operation 108 [1/1] (0.00ns)   --->   "%specloopname_ln47 = specloopname void @_ssdm_op_SpecLoopName, void @empty_11" [../../../../src/fft_kernel.cpp:47]   --->   Operation 108 'specloopname' 'specloopname_ln47' <Predicate = true> <Delay = 0.00>
ST_17 : Operation 109 [1/2] (0.00ns)   --->   "%call_ln0 = call void @fft_kernel_Pipeline_VITIS_LOOP_69_5, i32 %tmp_real, i32 %real, i32 %tmp_imag, i32 %imag"   --->   Operation 109 'call' 'call_ln0' <Predicate = true> <Delay = 0.00> <CoreType = "Generic">   --->   Core 0 '' <Latency = 0> <II = 1> <Delay = 1.00> <Generic> <Opcode : >
ST_17 : Operation 110 [1/1] (0.38ns)   --->   "%br_ln75 = br void %VITIS_LOOP_80_7" [../../../../src/fft_kernel.cpp:75]   --->   Operation 110 'br' 'br_ln75' <Predicate = true> <Delay = 0.38>

State 18 <SV = 17> <Delay = 1.27>
ST_18 : Operation 111 [1/1] (0.00ns)   --->   "%s = phi i4 %s_1, void %VITIS_LOOP_80_7.split, i4 0, void %VITIS_LOOP_49_2.split"   --->   Operation 111 'phi' 's' <Predicate = true> <Delay = 0.00>
ST_18 : Operation 112 [1/1] (0.70ns)   --->   "%icmp_ln75 = icmp_eq  i4 %s, i4 10" [../../../../src/fft_kernel.cpp:75]   --->   Operation 112 'icmp' 'icmp_ln75' <Predicate = true> <Delay = 0.70> <CoreInst = "Cmp">   --->   Core 9 'Cmp' <Latency = 0> <II = 1> <Delay = 0.70> <FuncUnit> <Opcode : 'seteq' 'setne' 'setle' 'setge' 'setlt' 'setgt'> <InPorts = 2> <OutPorts = 1>
ST_18 : Operation 113 [1/1] (0.70ns)   --->   "%s_1 = add i4 %s, i4 1" [../../../../src/fft_kernel.cpp:77]   --->   Operation 113 'add' 's_1' <Predicate = true> <Delay = 0.70> <CoreInst = "Adder">   --->   Core 1 'Adder' <Latency = 0> <II = 1> <Delay = 0.70> <FuncUnit> <Opcode : 'add' 'sub'> <InPorts = 2> <OutPorts = 1>
ST_18 : Operation 114 [1/1] (0.00ns)   --->   "%br_ln75 = br i1 %icmp_ln75, void %VITIS_LOOP_80_7.split, void %for.inc154.preheader" [../../../../src/fft_kernel.cpp:75]   --->   Operation 114 'br' 'br_ln75' <Predicate = true> <Delay = 0.00>
ST_18 : Operation 115 [1/1] (0.00ns)   --->   "%zext_ln75 = zext i4 %s" [../../../../src/fft_kernel.cpp:75]   --->   Operation 115 'zext' 'zext_ln75' <Predicate = (!icmp_ln75)> <Delay = 0.00>
ST_18 : Operation 116 [1/1] (0.55ns)   --->   "%half_stride = shl i10 1, i10 %zext_ln75" [../../../../src/fft_kernel.cpp:76]   --->   Operation 116 'shl' 'half_stride' <Predicate = (!icmp_ln75)> <Delay = 0.55> <CoreInst = "Shifter">   --->   Core 75 'Shifter' <Latency = 0> <II = 1> <Delay = 0.55> <FuncUnit> <Opcode : 'shl' 'lshr' 'ashr'> <InPorts = 2> <OutPorts = 1>
ST_18 : Operation 117 [1/1] (0.00ns)   --->   "%trunc_ln76 = trunc i10 %half_stride" [../../../../src/fft_kernel.cpp:76]   --->   Operation 117 'trunc' 'trunc_ln76' <Predicate = (!icmp_ln75)> <Delay = 0.00>
ST_18 : Operation 118 [1/1] (0.71ns)   --->   "%sub78 = add i9 %trunc_ln76, i9 511" [../../../../src/fft_kernel.cpp:76]   --->   Operation 118 'add' 'sub78' <Predicate = (!icmp_ln75)> <Delay = 0.71> <CoreInst = "Adder">   --->   Core 1 'Adder' <Latency = 0> <II = 1> <Delay = 0.71> <FuncUnit> <Opcode : 'add' 'sub'> <InPorts = 2> <OutPorts = 1>
ST_18 : Operation 119 [2/2] (0.00ns)   --->   "%call_ln47 = call void @fft_kernel_Pipeline_VITIS_LOOP_116_9, i32 %gmem3, i32 %gmem2, i62 %trunc_ln47_2, i62 %trunc_ln47_3, i32 %real, i32 %imag" [../../../../src/fft_kernel.cpp:47]   --->   Operation 119 'call' 'call_ln47' <Predicate = (icmp_ln75)> <Delay = 0.00> <CoreType = "Generic">   --->   Core 0 '' <Latency = 0> <II = 1> <Delay = 1.00> <Generic> <Opcode : >
ST_18 : Operation 120 [1/1] (0.38ns)   --->   "%store_ln47 = store i6 %add_ln47, i6 %f" [../../../../src/fft_kernel.cpp:47]   --->   Operation 120 'store' 'store_ln47' <Predicate = (icmp_ln75)> <Delay = 0.38>

State 19 <SV = 18> <Delay = 2.18>
ST_19 : Operation 121 [1/1] (0.70ns)   --->   "%sub_ln78 = sub i4 9, i4 %s" [../../../../src/fft_kernel.cpp:78]   --->   Operation 121 'sub' 'sub_ln78' <Predicate = true> <Delay = 0.70> <CoreInst = "Adder">   --->   Core 1 'Adder' <Latency = 0> <II = 1> <Delay = 0.70> <FuncUnit> <Opcode : 'add' 'sub'> <InPorts = 2> <OutPorts = 1>
ST_19 : Operation 122 [2/2] (1.48ns)   --->   "%call_ln77 = call void @fft_kernel_Pipeline_VITIS_LOOP_80_7, i4 %s, i9 %sub78, i4 %s_1, i10 %half_stride, i4 %sub_ln78, i32 %real, i32 %imag, i32 %out_real, i32 %out_imag, i16 %twR, i15 %twI" [../../../../src/fft_kernel.cpp:77]   --->   Operation 122 'call' 'call_ln77' <Predicate = true> <Delay = 1.48> <CoreType = "Generic">   --->   Core 0 '' <Latency = 0> <II = 1> <Delay = 1.00> <Generic> <Opcode : >

State 20 <SV = 19> <Delay = 0.00>
ST_20 : Operation 123 [1/2] (0.00ns)   --->   "%call_ln77 = call void @fft_kernel_Pipeline_VITIS_LOOP_80_7, i4 %s, i9 %sub78, i4 %s_1, i10 %half_stride, i4 %sub_ln78, i32 %real, i32 %imag, i32 %out_real, i32 %out_imag, i16 %twR, i15 %twI" [../../../../src/fft_kernel.cpp:77]   --->   Operation 123 'call' 'call_ln77' <Predicate = true> <Delay = 0.00> <CoreType = "Generic">   --->   Core 0 '' <Latency = 0> <II = 1> <Delay = 1.00> <Generic> <Opcode : >

State 21 <SV = 20> <Delay = 0.00>
ST_21 : Operation 124 [2/2] (0.00ns)   --->   "%call_ln0 = call void @fft_kernel_Pipeline_VITIS_LOOP_109_8, i32 %out_real, i32 %real, i32 %out_imag, i32 %imag"   --->   Operation 124 'call' 'call_ln0' <Predicate = true> <Delay = 0.00> <CoreType = "Generic">   --->   Core 0 '' <Latency = 0> <II = 1> <Delay = 1.00> <Generic> <Opcode : >

State 22 <SV = 21> <Delay = 0.00>
ST_22 : Operation 125 [1/1] (0.00ns)   --->   "%speclooptripcount_ln75 = speclooptripcount void @_ssdm_op_SpecLoopTripCount, i64 10, i64 10, i64 10" [../../../../src/fft_kernel.cpp:75]   --->   Operation 125 'speclooptripcount' 'speclooptripcount_ln75' <Predicate = true> <Delay = 0.00>
ST_22 : Operation 126 [1/1] (0.00ns)   --->   "%specloopname_ln75 = specloopname void @_ssdm_op_SpecLoopName, void @empty_24" [../../../../src/fft_kernel.cpp:75]   --->   Operation 126 'specloopname' 'specloopname_ln75' <Predicate = true> <Delay = 0.00>
ST_22 : Operation 127 [1/2] (0.00ns)   --->   "%call_ln0 = call void @fft_kernel_Pipeline_VITIS_LOOP_109_8, i32 %out_real, i32 %real, i32 %out_imag, i32 %imag"   --->   Operation 127 'call' 'call_ln0' <Predicate = true> <Delay = 0.00> <CoreType = "Generic">   --->   Core 0 '' <Latency = 0> <II = 1> <Delay = 1.00> <Generic> <Opcode : >
ST_22 : Operation 128 [1/1] (0.00ns)   --->   "%br_ln75 = br void %VITIS_LOOP_80_7" [../../../../src/fft_kernel.cpp:75]   --->   Operation 128 'br' 'br_ln75' <Predicate = true> <Delay = 0.00>

State 23 <SV = 18> <Delay = 0.00>
ST_23 : Operation 129 [1/2] (0.00ns)   --->   "%call_ln47 = call void @fft_kernel_Pipeline_VITIS_LOOP_116_9, i32 %gmem3, i32 %gmem2, i62 %trunc_ln47_2, i62 %trunc_ln47_3, i32 %real, i32 %imag" [../../../../src/fft_kernel.cpp:47]   --->   Operation 129 'call' 'call_ln47' <Predicate = true> <Delay = 0.00> <CoreType = "Generic">   --->   Core 0 '' <Latency = 0> <II = 1> <Delay = 1.00> <Generic> <Opcode : >
ST_23 : Operation 130 [1/1] (0.00ns)   --->   "%br_ln47 = br void %VITIS_LOOP_49_2" [../../../../src/fft_kernel.cpp:47]   --->   Operation 130 'br' 'br_ln47' <Predicate = true> <Delay = 0.00>

State 24 <SV = 10> <Delay = 2.19>
ST_24 : Operation 131 [5/5] (2.19ns)   --->   "%empty_37 = writeresp i1 @_ssdm_op_WriteResp.m_axi.p1i32, i32 %gmem2_addr" [../../../../src/fft_kernel.cpp:122]   --->   Operation 131 'writeresp' 'empty_37' <Predicate = true> <Delay = 2.19> <CoreInst = "m_axi">   --->   Core 119 'm_axi' <Latency = 0> <II = 1> <Delay = 1.00> <Adapter> <Opcode : 'read' 'write' 'readreq' 'writereq' 'writeresp'>
ST_24 : Operation 132 [5/5] (2.19ns)   --->   "%empty_38 = writeresp i1 @_ssdm_op_WriteResp.m_axi.p1i32, i32 %gmem3_addr" [../../../../src/fft_kernel.cpp:122]   --->   Operation 132 'writeresp' 'empty_38' <Predicate = true> <Delay = 2.19> <CoreInst = "m_axi">   --->   Core 119 'm_axi' <Latency = 0> <II = 1> <Delay = 1.00> <Adapter> <Opcode : 'read' 'write' 'readreq' 'writereq' 'writeresp'>

State 25 <SV = 11> <Delay = 2.19>
ST_25 : Operation 133 [4/5] (2.19ns)   --->   "%empty_37 = writeresp i1 @_ssdm_op_WriteResp.m_axi.p1i32, i32 %gmem2_addr" [../../../../src/fft_kernel.cpp:122]   --->   Operation 133 'writeresp' 'empty_37' <Predicate = true> <Delay = 2.19> <CoreInst = "m_axi">   --->   Core 119 'm_axi' <Latency = 0> <II = 1> <Delay = 1.00> <Adapter> <Opcode : 'read' 'write' 'readreq' 'writereq' 'writeresp'>
ST_25 : Operation 134 [4/5] (2.19ns)   --->   "%empty_38 = writeresp i1 @_ssdm_op_WriteResp.m_axi.p1i32, i32 %gmem3_addr" [../../../../src/fft_kernel.cpp:122]   --->   Operation 134 'writeresp' 'empty_38' <Predicate = true> <Delay = 2.19> <CoreInst = "m_axi">   --->   Core 119 'm_axi' <Latency = 0> <II = 1> <Delay = 1.00> <Adapter> <Opcode : 'read' 'write' 'readreq' 'writereq' 'writeresp'>

State 26 <SV = 12> <Delay = 2.19>
ST_26 : Operation 135 [3/5] (2.19ns)   --->   "%empty_37 = writeresp i1 @_ssdm_op_WriteResp.m_axi.p1i32, i32 %gmem2_addr" [../../../../src/fft_kernel.cpp:122]   --->   Operation 135 'writeresp' 'empty_37' <Predicate = true> <Delay = 2.19> <CoreInst = "m_axi">   --->   Core 119 'm_axi' <Latency = 0> <II = 1> <Delay = 1.00> <Adapter> <Opcode : 'read' 'write' 'readreq' 'writereq' 'writeresp'>
ST_26 : Operation 136 [3/5] (2.19ns)   --->   "%empty_38 = writeresp i1 @_ssdm_op_WriteResp.m_axi.p1i32, i32 %gmem3_addr" [../../../../src/fft_kernel.cpp:122]   --->   Operation 136 'writeresp' 'empty_38' <Predicate = true> <Delay = 2.19> <CoreInst = "m_axi">   --->   Core 119 'm_axi' <Latency = 0> <II = 1> <Delay = 1.00> <Adapter> <Opcode : 'read' 'write' 'readreq' 'writereq' 'writeresp'>

State 27 <SV = 13> <Delay = 2.19>
ST_27 : Operation 137 [2/5] (2.19ns)   --->   "%empty_37 = writeresp i1 @_ssdm_op_WriteResp.m_axi.p1i32, i32 %gmem2_addr" [../../../../src/fft_kernel.cpp:122]   --->   Operation 137 'writeresp' 'empty_37' <Predicate = true> <Delay = 2.19> <CoreInst = "m_axi">   --->   Core 119 'm_axi' <Latency = 0> <II = 1> <Delay = 1.00> <Adapter> <Opcode : 'read' 'write' 'readreq' 'writereq' 'writeresp'>
ST_27 : Operation 138 [2/5] (2.19ns)   --->   "%empty_38 = writeresp i1 @_ssdm_op_WriteResp.m_axi.p1i32, i32 %gmem3_addr" [../../../../src/fft_kernel.cpp:122]   --->   Operation 138 'writeresp' 'empty_38' <Predicate = true> <Delay = 2.19> <CoreInst = "m_axi">   --->   Core 119 'm_axi' <Latency = 0> <II = 1> <Delay = 1.00> <Adapter> <Opcode : 'read' 'write' 'readreq' 'writereq' 'writeresp'>

State 28 <SV = 14> <Delay = 2.19>
ST_28 : Operation 139 [1/5] (2.19ns)   --->   "%empty_37 = writeresp i1 @_ssdm_op_WriteResp.m_axi.p1i32, i32 %gmem2_addr" [../../../../src/fft_kernel.cpp:122]   --->   Operation 139 'writeresp' 'empty_37' <Predicate = true> <Delay = 2.19> <CoreInst = "m_axi">   --->   Core 119 'm_axi' <Latency = 0> <II = 1> <Delay = 1.00> <Adapter> <Opcode : 'read' 'write' 'readreq' 'writereq' 'writeresp'>
ST_28 : Operation 140 [1/5] (2.19ns)   --->   "%empty_38 = writeresp i1 @_ssdm_op_WriteResp.m_axi.p1i32, i32 %gmem3_addr" [../../../../src/fft_kernel.cpp:122]   --->   Operation 140 'writeresp' 'empty_38' <Predicate = true> <Delay = 2.19> <CoreInst = "m_axi">   --->   Core 119 'm_axi' <Latency = 0> <II = 1> <Delay = 1.00> <Adapter> <Opcode : 'read' 'write' 'readreq' 'writereq' 'writeresp'>
ST_28 : Operation 141 [1/1] (0.00ns)   --->   "%ret_ln122 = ret" [../../../../src/fft_kernel.cpp:122]   --->   Operation 141 'ret' 'ret_ln122' <Predicate = true> <Delay = 0.00>


============================================================
+ Verbose Summary: Timing violations
============================================================
Target clock period: 3.000ns, clock uncertainty: 0.810ns.

 <State 1>: 1.000ns
The critical path consists of the following:
	s_axi read operation ('output_imag') on port 'output_imag' [31]  (1.000 ns)

 <State 2>: 2.190ns
The critical path consists of the following:
	'getelementptr' operation 32 bit ('gmem0_addr', ../../../../src/fft_kernel.cpp:47) [49]  (0.000 ns)
	bus request operation ('empty', ../../../../src/fft_kernel.cpp:47) on port 'gmem0' (../../../../src/fft_kernel.cpp:47) [50]  (2.190 ns)

 <State 3>: 2.190ns
The critical path consists of the following:
	bus request operation ('empty', ../../../../src/fft_kernel.cpp:47) on port 'gmem0' (../../../../src/fft_kernel.cpp:47) [50]  (2.190 ns)

 <State 4>: 2.190ns
The critical path consists of the following:
	bus request operation ('empty', ../../../../src/fft_kernel.cpp:47) on port 'gmem0' (../../../../src/fft_kernel.cpp:47) [50]  (2.190 ns)

 <State 5>: 2.190ns
The critical path consists of the following:
	bus request operation ('empty', ../../../../src/fft_kernel.cpp:47) on port 'gmem0' (../../../../src/fft_kernel.cpp:47) [50]  (2.190 ns)

 <State 6>: 2.190ns
The critical path consists of the following:
	bus request operation ('empty', ../../../../src/fft_kernel.cpp:47) on port 'gmem0' (../../../../src/fft_kernel.cpp:47) [50]  (2.190 ns)

 <State 7>: 2.190ns
The critical path consists of the following:
	bus request operation ('empty', ../../../../src/fft_kernel.cpp:47) on port 'gmem0' (../../../../src/fft_kernel.cpp:47) [50]  (2.190 ns)

 <State 8>: 2.190ns
The critical path consists of the following:
	bus request operation ('empty', ../../../../src/fft_kernel.cpp:47) on port 'gmem0' (../../../../src/fft_kernel.cpp:47) [50]  (2.190 ns)

 <State 9>: 2.190ns
The critical path consists of the following:
	bus request operation ('empty', ../../../../src/fft_kernel.cpp:47) on port 'gmem0' (../../../../src/fft_kernel.cpp:47) [50]  (2.190 ns)

 <State 10>: 0.706ns
The critical path consists of the following:
	'load' operation 6 bit ('f', ../../../../src/fft_kernel.cpp:47) on local variable 'f', ../../../../src/fft_kernel.cpp:47 [66]  (0.000 ns)
	'icmp' operation 1 bit ('icmp_ln47', ../../../../src/fft_kernel.cpp:47) [67]  (0.706 ns)

 <State 11>: 0.000ns
The critical path consists of the following:

 <State 12>: 0.000ns
The critical path consists of the following:

 <State 13>: 0.000ns
The critical path consists of the following:

 <State 14>: 0.000ns
The critical path consists of the following:

 <State 15>: 0.000ns
The critical path consists of the following:

 <State 16>: 0.000ns
The critical path consists of the following:

 <State 17>: 0.387ns
The critical path consists of the following:
	multiplexor before 'phi' operation 4 bit ('s') with incoming values : ('s', ../../../../src/fft_kernel.cpp:77) [79]  (0.387 ns)

 <State 18>: 1.272ns
The critical path consists of the following:
	'phi' operation 4 bit ('s') with incoming values : ('s', ../../../../src/fft_kernel.cpp:77) [79]  (0.000 ns)
	'shl' operation 10 bit ('half_stride', ../../../../src/fft_kernel.cpp:76) [87]  (0.557 ns)
	'add' operation 9 bit ('sub78', ../../../../src/fft_kernel.cpp:76) [90]  (0.715 ns)

 <State 19>: 2.189ns
The critical path consists of the following:
	'sub' operation 4 bit ('sub_ln78', ../../../../src/fft_kernel.cpp:78) [89]  (0.708 ns)
	'call' operation 0 bit ('call_ln77', ../../../../src/fft_kernel.cpp:77) to 'fft_kernel_Pipeline_VITIS_LOOP_80_7' [91]  (1.481 ns)

 <State 20>: 0.000ns
The critical path consists of the following:

 <State 21>: 0.000ns
The critical path consists of the following:

 <State 22>: 0.000ns
The critical path consists of the following:

 <State 23>: 0.000ns
The critical path consists of the following:

 <State 24>: 2.190ns
The critical path consists of the following:
	bus response operation ('empty_37', ../../../../src/fft_kernel.cpp:122) on port 'gmem2' (../../../../src/fft_kernel.cpp:122) [99]  (2.190 ns)

 <State 25>: 2.190ns
The critical path consists of the following:
	bus response operation ('empty_37', ../../../../src/fft_kernel.cpp:122) on port 'gmem2' (../../../../src/fft_kernel.cpp:122) [99]  (2.190 ns)

 <State 26>: 2.190ns
The critical path consists of the following:
	bus response operation ('empty_37', ../../../../src/fft_kernel.cpp:122) on port 'gmem2' (../../../../src/fft_kernel.cpp:122) [99]  (2.190 ns)

 <State 27>: 2.190ns
The critical path consists of the following:
	bus response operation ('empty_37', ../../../../src/fft_kernel.cpp:122) on port 'gmem2' (../../../../src/fft_kernel.cpp:122) [99]  (2.190 ns)

 <State 28>: 2.190ns
The critical path consists of the following:
	bus response operation ('empty_37', ../../../../src/fft_kernel.cpp:122) on port 'gmem2' (../../../../src/fft_kernel.cpp:122) [99]  (2.190 ns)


============================================================
+ Verbose Summary: Binding
============================================================
N/A
* FSMD analyzer results:
  - Output states:
 - Input state : 
  - Chain level:
	State 1
	State 2
	State 3
	State 4
	State 5
	State 6
	State 7
	State 8
	State 9
	State 10
	State 11
	State 12
	State 13
	State 14
	State 15
	State 16
	State 17
	State 18
	State 19
	State 20
	State 21
	State 22
	State 23
	State 24
	State 25
	State 26
	State 27
	State 28


============================================================
+ Verbose Summary: Datapath Resource usage 
============================================================
N/A
