

================================================================
== Vitis HLS Report for 'fft_kernel_Pipeline_VITIS_LOOP_109_8'
================================================================
* Date:           Mon Jun  1 09:29:34 2026

* Version:        2024.1 (Build 5069499 on May 21 2024)
* Project:        hls_component
* Solution:       hls (Vivado IP Flow Target)
* Product family: virtexuplusHBM
* Target device:  xcvu47p-fsvh2892-2-e


================================================================
== Performance Estimates
================================================================
+ Timing: 
    * Summary: 
    +--------+---------+----------+------------+
    |  Clock |  Target | Estimated| Uncertainty|
    +--------+---------+----------+------------+
    |ap_clk  |  3.00 ns|  1.587 ns|     0.81 ns|
    +--------+---------+----------+------------+

+ Latency: 
    * Summary: 
    +---------+---------+----------+----------+------+------+-----------------------------------------------+
    |  Latency (cycles) |  Latency (absolute) |   Interval  |                    Pipeline                   |
    |   min   |   max   |    min   |    max   |  min |  max |                      Type                     |
    +---------+---------+----------+----------+------+------+-----------------------------------------------+
    |     1027|     1027|  3.081 us|  3.081 us|  1025|  1025|  loop auto-rewind stp(delay=0 clock cycles(s))|
    +---------+---------+----------+----------+------+------+-----------------------------------------------+

    + Detail: 
        * Instance: 
        N/A

        * Loop: 
        +--------------------+---------+---------+----------+-----------+-----------+------+----------+
        |                    |  Latency (cycles) | Iteration|  Initiation Interval  | Trip |          |
        |      Loop Name     |   min   |   max   |  Latency |  achieved |   target  | Count| Pipelined|
        +--------------------+---------+---------+----------+-----------+-----------+------+----------+
        |- VITIS_LOOP_109_8  |     1025|     1025|         3|          1|          1|  1024|       yes|
        +--------------------+---------+---------+----------+-----------+-----------+------+----------+



================================================================
== Utilization Estimates
================================================================
* Summary: 
+---------------------+---------+------+---------+---------+-----+
|         Name        | BRAM_18K|  DSP |    FF   |   LUT   | URAM|
+---------------------+---------+------+---------+---------+-----+
|DSP                  |        -|     -|        -|        -|    -|
|Expression           |        -|     -|        0|       39|    -|
|FIFO                 |        -|     -|        -|        -|    -|
|Instance             |        -|     -|        -|        -|    -|
|Memory               |        -|     -|        -|        -|    -|
|Multiplexer          |        -|     -|        0|       36|    -|
|Register             |        -|     -|      102|        -|    -|
+---------------------+---------+------+---------+---------+-----+
|Total                |        0|     0|      102|       75|    0|
+---------------------+---------+------+---------+---------+-----+
|Available SLR        |     1344|  3008|   869120|   434560|  320|
+---------------------+---------+------+---------+---------+-----+
|Utilization SLR (%)  |        0|     0|       ~0|       ~0|    0|
+---------------------+---------+------+---------+---------+-----+
|Available            |     4032|  9024|  2607360|  1303680|  960|
+---------------------+---------+------+---------+---------+-----+
|Utilization (%)      |        0|     0|       ~0|       ~0|    0|
+---------------------+---------+------+---------+---------+-----+

+ Detail: 
    * Instance: 
    N/A

    * DSP: 
    N/A

    * Memory: 
    N/A

    * FIFO: 
    N/A

    * Expression: 
    +----------------------+----------+----+---+----+------------+------------+
    |     Variable Name    | Operation| DSP| FF| LUT| Bitwidth P0| Bitwidth P1|
    +----------------------+----------+----+---+----+------------+------------+
    |add_ln109_fu_118_p2   |         +|   0|  0|  18|          11|           1|
    |icmp_ln109_fu_112_p2  |      icmp|   0|  0|  19|          11|          12|
    |ap_enable_pp0         |       xor|   0|  0|   2|           1|           2|
    +----------------------+----------+----+---+----+------------+------------+
    |Total                 |          |   0|  0|  39|          23|          15|
    +----------------------+----------+----+---+----+------------+------------+

    * Multiplexer: 
    +-------------------------+----+-----------+-----+-----------+
    |           Name          | LUT| Input Size| Bits| Total Bits|
    +-------------------------+----+-----------+-----+-----------+
    |ap_done_int              |   9|          2|    1|          2|
    |ap_enable_reg_pp0_iter1  |   9|          2|    1|          2|
    |ap_sig_allocacmp_i_5     |   9|          2|   11|         22|
    |i_fu_40                  |   9|          2|   11|         22|
    +-------------------------+----+-----------+-----+-----------+
    |Total                    |  36|          8|   24|         48|
    +-------------------------+----+-----------+-----+-----------+

    * Register: 
    +----------------------------------+----+----+-----+-----------+
    |               Name               | FF | LUT| Bits| Const Bits|
    +----------------------------------+----+----+-----+-----------+
    |ap_CS_fsm                         |   1|   0|    1|          0|
    |ap_done_reg                       |   1|   0|    1|          0|
    |ap_enable_reg_pp0_iter1           |   1|   0|    1|          0|
    |ap_enable_reg_pp0_iter2           |   1|   0|    1|          0|
    |ap_loop_exit_ready_pp0_iter1_reg  |   1|   0|    1|          0|
    |i_fu_40                           |  11|   0|   11|          0|
    |out_imag_load_reg_167             |  32|   0|   32|          0|
    |out_real_load_reg_162             |  32|   0|   32|          0|
    |zext_ln109_reg_146                |  11|   0|   64|         53|
    |zext_ln109_reg_146_pp0_iter1_reg  |  11|   0|   64|         53|
    +----------------------------------+----+----+-----+-----------+
    |Total                             | 102|   0|  208|        106|
    +----------------------------------+----+----+-----+-----------+



================================================================
== Interface
================================================================
* Summary: 
+-------------------+-----+-----+------------+--------------------------------------+--------------+
|     RTL Ports     | Dir | Bits|  Protocol  |             Source Object            |    C Type    |
+-------------------+-----+-----+------------+--------------------------------------+--------------+
|ap_clk             |   in|    1|  ap_ctrl_hs|  fft_kernel_Pipeline_VITIS_LOOP_109_8|  return value|
|ap_rst             |   in|    1|  ap_ctrl_hs|  fft_kernel_Pipeline_VITIS_LOOP_109_8|  return value|
|ap_start           |   in|    1|  ap_ctrl_hs|  fft_kernel_Pipeline_VITIS_LOOP_109_8|  return value|
|ap_done            |  out|    1|  ap_ctrl_hs|  fft_kernel_Pipeline_VITIS_LOOP_109_8|  return value|
|ap_idle            |  out|    1|  ap_ctrl_hs|  fft_kernel_Pipeline_VITIS_LOOP_109_8|  return value|
|ap_ready           |  out|    1|  ap_ctrl_hs|  fft_kernel_Pipeline_VITIS_LOOP_109_8|  return value|
|out_real_address0  |  out|   10|   ap_memory|                              out_real|         array|
|out_real_ce0       |  out|    1|   ap_memory|                              out_real|         array|
|out_real_q0        |   in|   32|   ap_memory|                              out_real|         array|
|real_r_address1    |  out|   10|   ap_memory|                                real_r|         array|
|real_r_ce1         |  out|    1|   ap_memory|                                real_r|         array|
|real_r_we1         |  out|    1|   ap_memory|                                real_r|         array|
|real_r_d1          |  out|   32|   ap_memory|                                real_r|         array|
|out_imag_address0  |  out|   10|   ap_memory|                              out_imag|         array|
|out_imag_ce0       |  out|    1|   ap_memory|                              out_imag|         array|
|out_imag_q0        |   in|   32|   ap_memory|                              out_imag|         array|
|imag_address1      |  out|   10|   ap_memory|                                  imag|         array|
|imag_ce1           |  out|    1|   ap_memory|                                  imag|         array|
|imag_we1           |  out|    1|   ap_memory|                                  imag|         array|
|imag_d1            |  out|   32|   ap_memory|                                  imag|         array|
+-------------------+-----+-----+------------+--------------------------------------+--------------+

============================================================
+ Verbose Summary: Synthesis Manager
============================================================
InlineROM: 1
ExposeGlobal: 0
============================================================
+ Verbose Summary: CDFG Model
============================================================
IsTopModel: 0
ResetActiveHigh: 1
IsCombinational: 2
IsDatapathOnly: 2
HasWiredReturn: 1
HasMFsm: 2
HasVarLatency: 1
IsPipeline: 0
IsRtlPipelined: 0
IsInstanceOverlapped: 0
IsDontTouch: 0
HasImplIP: 0
IsGatedGlobalClock: 0

+ Individual pipeline summary: 
  * Pipeline-0: initiation interval (II) = 1, depth = 3


============================================================
+ Verbose Summary: Schedule
============================================================
* Number of FSM states : 3
* Pipeline : 1
  Pipeline-0 : II = 1, D = 3, States = { 1 2 3 }
* Dataflow Pipeline: 0

* FSM state transitions: 
1 --> 2 
2 --> 3 
3 --> 

* FSM state operations: 

State 1 <SV = 0> <Delay = 1.58>
ST_1 : Operation 6 [1/1] (0.00ns)   --->   "%i = alloca i32 1" [../../../../src/fft_kernel.cpp:109]   --->   Operation 6 'alloca' 'i' <Predicate = true> <Delay = 0.00>
ST_1 : Operation 7 [1/1] (0.00ns)   --->   "%specmemcore_ln0 = specmemcore void @_ssdm_op_SpecMemCore, i32 %out_imag, i64 666, i64 22, i64 18446744073709551615"   --->   Operation 7 'specmemcore' 'specmemcore_ln0' <Predicate = true> <Delay = 0.00>
ST_1 : Operation 8 [1/1] (0.00ns)   --->   "%specmemcore_ln0 = specmemcore void @_ssdm_op_SpecMemCore, i32 %out_real, i64 666, i64 22, i64 18446744073709551615"   --->   Operation 8 'specmemcore' 'specmemcore_ln0' <Predicate = true> <Delay = 0.00>
ST_1 : Operation 9 [1/1] (0.00ns)   --->   "%specmemcore_ln0 = specmemcore void @_ssdm_op_SpecMemCore, i32 %imag, i64 666, i64 22, i64 18446744073709551615"   --->   Operation 9 'specmemcore' 'specmemcore_ln0' <Predicate = true> <Delay = 0.00>
ST_1 : Operation 10 [1/1] (0.00ns)   --->   "%specmemcore_ln0 = specmemcore void @_ssdm_op_SpecMemCore, i32 %real_r, i64 666, i64 22, i64 18446744073709551615"   --->   Operation 10 'specmemcore' 'specmemcore_ln0' <Predicate = true> <Delay = 0.00>
ST_1 : Operation 11 [1/1] (0.38ns)   --->   "%store_ln109 = store i11 0, i11 %i" [../../../../src/fft_kernel.cpp:109]   --->   Operation 11 'store' 'store_ln109' <Predicate = true> <Delay = 0.38>
ST_1 : Operation 12 [1/1] (0.00ns)   --->   "%br_ln0 = br void %for.inc131"   --->   Operation 12 'br' 'br_ln0' <Predicate = true> <Delay = 0.00>
ST_1 : Operation 13 [1/1] (0.00ns)   --->   "%i_5 = load i11 %i" [../../../../src/fft_kernel.cpp:109]   --->   Operation 13 'load' 'i_5' <Predicate = true> <Delay = 0.00>
ST_1 : Operation 14 [1/1] (0.73ns)   --->   "%icmp_ln109 = icmp_eq  i11 %i_5, i11 1024" [../../../../src/fft_kernel.cpp:109]   --->   Operation 14 'icmp' 'icmp_ln109' <Predicate = true> <Delay = 0.73> <CoreInst = "Cmp">   --->   Core 9 'Cmp' <Latency = 0> <II = 1> <Delay = 0.74> <FuncUnit> <Opcode : 'seteq' 'setne' 'setle' 'setge' 'setlt' 'setgt'> <InPorts = 2> <OutPorts = 1>
ST_1 : Operation 15 [1/1] (0.73ns)   --->   "%add_ln109 = add i11 %i_5, i11 1" [../../../../src/fft_kernel.cpp:109]   --->   Operation 15 'add' 'add_ln109' <Predicate = true> <Delay = 0.73> <CoreInst = "Adder">   --->   Core 1 'Adder' <Latency = 0> <II = 1> <Delay = 0.73> <FuncUnit> <Opcode : 'add' 'sub'> <InPorts = 2> <OutPorts = 1>
ST_1 : Operation 16 [1/1] (0.00ns)   --->   "%br_ln109 = br i1 %icmp_ln109, void %for.inc131.split, void %for.inc134.exitStub" [../../../../src/fft_kernel.cpp:109]   --->   Operation 16 'br' 'br_ln109' <Predicate = true> <Delay = 0.00>
ST_1 : Operation 17 [1/1] (0.00ns)   --->   "%zext_ln109 = zext i11 %i_5" [../../../../src/fft_kernel.cpp:109]   --->   Operation 17 'zext' 'zext_ln109' <Predicate = (!icmp_ln109)> <Delay = 0.00>
ST_1 : Operation 18 [1/1] (0.00ns)   --->   "%out_real_addr = getelementptr i32 %out_real, i64 0, i64 %zext_ln109" [../../../../src/fft_kernel.cpp:111]   --->   Operation 18 'getelementptr' 'out_real_addr' <Predicate = (!icmp_ln109)> <Delay = 0.00>
ST_1 : Operation 19 [2/2] (1.20ns)   --->   "%out_real_load = load i10 %out_real_addr" [../../../../src/fft_kernel.cpp:111]   --->   Operation 19 'load' 'out_real_load' <Predicate = (!icmp_ln109)> <Delay = 1.20> <CoreInst = "RAM_2P_BRAM">   --->   Core 93 'RAM_2P_BRAM' <Latency = 1> <II = 1> <Delay = 1.20> <Storage> <Opcode : 'load' 'store'> <Ports = 2> <Width = 32> <Depth = 1024> <RAM>
ST_1 : Operation 20 [1/1] (0.00ns)   --->   "%out_imag_addr = getelementptr i32 %out_imag, i64 0, i64 %zext_ln109" [../../../../src/fft_kernel.cpp:112]   --->   Operation 20 'getelementptr' 'out_imag_addr' <Predicate = (!icmp_ln109)> <Delay = 0.00>
ST_1 : Operation 21 [2/2] (1.20ns)   --->   "%out_imag_load = load i10 %out_imag_addr" [../../../../src/fft_kernel.cpp:112]   --->   Operation 21 'load' 'out_imag_load' <Predicate = (!icmp_ln109)> <Delay = 1.20> <CoreInst = "RAM_2P_BRAM">   --->   Core 93 'RAM_2P_BRAM' <Latency = 1> <II = 1> <Delay = 1.20> <Storage> <Opcode : 'load' 'store'> <Ports = 2> <Width = 32> <Depth = 1024> <RAM>
ST_1 : Operation 22 [1/1] (0.38ns)   --->   "%store_ln109 = store i11 %add_ln109, i11 %i" [../../../../src/fft_kernel.cpp:109]   --->   Operation 22 'store' 'store_ln109' <Predicate = (!icmp_ln109)> <Delay = 0.38>

State 2 <SV = 1> <Delay = 1.20>
ST_2 : Operation 23 [1/2] (1.20ns)   --->   "%out_real_load = load i10 %out_real_addr" [../../../../src/fft_kernel.cpp:111]   --->   Operation 23 'load' 'out_real_load' <Predicate = true> <Delay = 1.20> <CoreInst = "RAM_2P_BRAM">   --->   Core 93 'RAM_2P_BRAM' <Latency = 1> <II = 1> <Delay = 1.20> <Storage> <Opcode : 'load' 'store'> <Ports = 2> <Width = 32> <Depth = 1024> <RAM>
ST_2 : Operation 24 [1/2] (1.20ns)   --->   "%out_imag_load = load i10 %out_imag_addr" [../../../../src/fft_kernel.cpp:112]   --->   Operation 24 'load' 'out_imag_load' <Predicate = true> <Delay = 1.20> <CoreInst = "RAM_2P_BRAM">   --->   Core 93 'RAM_2P_BRAM' <Latency = 1> <II = 1> <Delay = 1.20> <Storage> <Opcode : 'load' 'store'> <Ports = 2> <Width = 32> <Depth = 1024> <RAM>
ST_2 : Operation 33 [1/1] (0.38ns)   --->   "%ret_ln0 = ret"   --->   Operation 33 'ret' 'ret_ln0' <Predicate = (icmp_ln109)> <Delay = 0.38>

State 3 <SV = 2> <Delay = 1.20>
ST_3 : Operation 25 [1/1] (0.00ns)   --->   "%specpipeline_ln110 = specpipeline void @_ssdm_op_SpecPipeline, i32 1, i32 0, i32 0, i32 0, void @empty_1" [../../../../src/fft_kernel.cpp:110]   --->   Operation 25 'specpipeline' 'specpipeline_ln110' <Predicate = true> <Delay = 0.00>
ST_3 : Operation 26 [1/1] (0.00ns)   --->   "%speclooptripcount_ln109 = speclooptripcount void @_ssdm_op_SpecLoopTripCount, i64 1024, i64 1024, i64 1024" [../../../../src/fft_kernel.cpp:109]   --->   Operation 26 'speclooptripcount' 'speclooptripcount_ln109' <Predicate = true> <Delay = 0.00>
ST_3 : Operation 27 [1/1] (0.00ns)   --->   "%specloopname_ln109 = specloopname void @_ssdm_op_SpecLoopName, void @empty_23" [../../../../src/fft_kernel.cpp:109]   --->   Operation 27 'specloopname' 'specloopname_ln109' <Predicate = true> <Delay = 0.00>
ST_3 : Operation 28 [1/1] (0.00ns)   --->   "%real_addr = getelementptr i32 %real_r, i64 0, i64 %zext_ln109" [../../../../src/fft_kernel.cpp:111]   --->   Operation 28 'getelementptr' 'real_addr' <Predicate = true> <Delay = 0.00>
ST_3 : Operation 29 [1/1] (1.20ns)   --->   "%store_ln111 = store i32 %out_real_load, i10 %real_addr" [../../../../src/fft_kernel.cpp:111]   --->   Operation 29 'store' 'store_ln111' <Predicate = true> <Delay = 1.20> <CoreInst = "RAM_2P_BRAM">   --->   Core 93 'RAM_2P_BRAM' <Latency = 1> <II = 1> <Delay = 1.20> <Storage> <Opcode : 'load' 'store'> <Ports = 2> <Width = 32> <Depth = 1024> <RAM>
ST_3 : Operation 30 [1/1] (0.00ns)   --->   "%imag_addr = getelementptr i32 %imag, i64 0, i64 %zext_ln109" [../../../../src/fft_kernel.cpp:112]   --->   Operation 30 'getelementptr' 'imag_addr' <Predicate = true> <Delay = 0.00>
ST_3 : Operation 31 [1/1] (1.20ns)   --->   "%store_ln112 = store i32 %out_imag_load, i10 %imag_addr" [../../../../src/fft_kernel.cpp:112]   --->   Operation 31 'store' 'store_ln112' <Predicate = true> <Delay = 1.20> <CoreInst = "RAM_2P_BRAM">   --->   Core 93 'RAM_2P_BRAM' <Latency = 1> <II = 1> <Delay = 1.20> <Storage> <Opcode : 'load' 'store'> <Ports = 2> <Width = 32> <Depth = 1024> <RAM>
ST_3 : Operation 32 [1/1] (0.00ns)   --->   "%br_ln109 = br void %for.inc131" [../../../../src/fft_kernel.cpp:109]   --->   Operation 32 'br' 'br_ln109' <Predicate = true> <Delay = 0.00>


============================================================
+ Verbose Summary: Binding
============================================================
STG Binding: 
---------------- STG Properties BEGIN ----------------
- Is combinational: 0
- Is one-state seq: 0
- Is datapath-only: 0
- Is pipelined: 0
- Is top level: 0
Port [ Return ] is wired: 1; IO mode=ap_ctrl_hs:ce=0
Port [ out_real]:  wired=1; compound=1; hidden=0; nouse=0; global=0; static=0; extern=0; dir=0; type=1; pingpong=0; private_global=0; MemPort=[13]; IO mode=ap_memory:ce=0
Port [ real_r]:  wired=1; compound=1; hidden=0; nouse=0; global=0; static=0; extern=0; dir=1; type=1; pingpong=0; private_global=0; MemPort=[30]; IO mode=ap_memory:ce=0
Port [ out_imag]:  wired=1; compound=1; hidden=0; nouse=0; global=0; static=0; extern=0; dir=0; type=1; pingpong=0; private_global=0; MemPort=[13]; IO mode=ap_memory:ce=0
Port [ imag]:  wired=1; compound=1; hidden=0; nouse=0; global=0; static=0; extern=0; dir=1; type=1; pingpong=0; private_global=0; MemPort=[30]; IO mode=ap_memory:ce=0
---------------- STG Properties END ------------------

---------------- Datapath Model BEGIN ----------------

<LifeTime>
<method=bitvector/>
i                       (alloca           ) [ 0100]
specmemcore_ln0         (specmemcore      ) [ 0000]
specmemcore_ln0         (specmemcore      ) [ 0000]
specmemcore_ln0         (specmemcore      ) [ 0000]
specmemcore_ln0         (specmemcore      ) [ 0000]
store_ln109             (store            ) [ 0000]
br_ln0                  (br               ) [ 0000]
i_5                     (load             ) [ 0000]
icmp_ln109              (icmp             ) [ 0110]
add_ln109               (add              ) [ 0000]
br_ln109                (br               ) [ 0000]
zext_ln109              (zext             ) [ 0111]
out_real_addr           (getelementptr    ) [ 0110]
out_imag_addr           (getelementptr    ) [ 0110]
store_ln109             (store            ) [ 0000]
out_real_load           (load             ) [ 0101]
out_imag_load           (load             ) [ 0101]
specpipeline_ln110      (specpipeline     ) [ 0000]
speclooptripcount_ln109 (speclooptripcount) [ 0000]
specloopname_ln109      (specloopname     ) [ 0000]
real_addr               (getelementptr    ) [ 0000]
store_ln111             (store            ) [ 0000]
imag_addr               (getelementptr    ) [ 0000]
store_ln112             (store            ) [ 0000]
br_ln109                (br               ) [ 0000]
ret_ln0                 (ret              ) [ 0000]
</LifeTime>

<model>

<comp_list>
<comp id="0" class="1000" name="out_real">
<pin_list>
<pin id="1" dir="1" index="0" bw="1" slack="0"/>
</pin_list>
<bind>
<StgValue><ssdm name="out_real"/><MemPortTyVec>1 3 </MemPortTyVec>
</StgValue>
</bind>
</comp>

<comp id="2" class="1000" name="real_r">
<pin_list>
<pin id="3" dir="1" index="0" bw="1" slack="0"/>
</pin_list>
<bind>
<StgValue><ssdm name="real_r"/><MemPortTyVec>3 0 </MemPortTyVec>
</StgValue>
</bind>
</comp>

<comp id="4" class="1000" name="out_imag">
<pin_list>
<pin id="5" dir="1" index="0" bw="1" slack="0"/>
</pin_list>
<bind>
<StgValue><ssdm name="out_imag"/><MemPortTyVec>1 3 </MemPortTyVec>
</StgValue>
</bind>
</comp>

<comp id="6" class="1000" name="imag">
<pin_list>
<pin id="7" dir="1" index="0" bw="1" slack="0"/>
</pin_list>
<bind>
<StgValue><ssdm name="imag"/><MemPortTyVec>3 0 </MemPortTyVec>
</StgValue>
</bind>
</comp>

<comp id="8" class="1001" name="const_8">
<pin_list>
<pin id="9" dir="1" index="0" bw="1" slack="0"/>
</pin_list>
<bind>
<StgValue><ssdm name=""/></StgValue>
</bind>
</comp>

<comp id="10" class="1001" name="const_10">
<pin_list>
<pin id="11" dir="1" index="0" bw="1" slack="2147483647"/>
</pin_list>
<bind>
<StgValue><ssdm name="_ssdm_op_SpecMemCore"/></StgValue>
</bind>
</comp>

<comp id="12" class="1001" name="const_12">
<pin_list>
<pin id="13" dir="1" index="0" bw="1" slack="2147483647"/>
</pin_list>
<bind>
<StgValue><ssdm name=""/></StgValue>
</bind>
</comp>

<comp id="14" class="1001" name="const_14">
<pin_list>
<pin id="15" dir="1" index="0" bw="1" slack="2147483647"/>
</pin_list>
<bind>
<StgValue><ssdm name=""/></StgValue>
</bind>
</comp>

<comp id="16" class="1001" name="const_16">
<pin_list>
<pin id="17" dir="1" index="0" bw="1" slack="2147483647"/>
</pin_list>
<bind>
<StgValue><ssdm name=""/></StgValue>
</bind>
</comp>

<comp id="18" class="1001" name="const_18">
<pin_list>
<pin id="19" dir="1" index="0" bw="1" slack="0"/>
</pin_list>
<bind>
<StgValue><ssdm name=""/></StgValue>
</bind>
</comp>

<comp id="20" class="1001" name="const_20">
<pin_list>
<pin id="21" dir="1" index="0" bw="1" slack="0"/>
</pin_list>
<bind>
<StgValue><ssdm name=""/></StgValue>
</bind>
</comp>

<comp id="22" class="1001" name="const_22">
<pin_list>
<pin id="23" dir="1" index="0" bw="1" slack="0"/>
</pin_list>
<bind>
<StgValue><ssdm name=""/></StgValue>
</bind>
</comp>

<comp id="24" class="1001" name="const_24">
<pin_list>
<pin id="25" dir="1" index="0" bw="1" slack="0"/>
</pin_list>
<bind>
<StgValue><ssdm name=""/></StgValue>
</bind>
</comp>

<comp id="26" class="1001" name="const_26">
<pin_list>
<pin id="27" dir="1" index="0" bw="1" slack="2147483647"/>
</pin_list>
<bind>
<StgValue><ssdm name="_ssdm_op_SpecPipeline"/></StgValue>
</bind>
</comp>

<comp id="28" class="1001" name="const_28">
<pin_list>
<pin id="29" dir="1" index="0" bw="1" slack="2147483647"/>
</pin_list>
<bind>
<StgValue><ssdm name=""/></StgValue>
</bind>
</comp>

<comp id="30" class="1001" name="const_30">
<pin_list>
<pin id="31" dir="1" index="0" bw="1" slack="2147483647"/>
</pin_list>
<bind>
<StgValue><ssdm name="empty_1"/></StgValue>
</bind>
</comp>

<comp id="32" class="1001" name="const_32">
<pin_list>
<pin id="33" dir="1" index="0" bw="1" slack="2147483647"/>
</pin_list>
<bind>
<StgValue><ssdm name="_ssdm_op_SpecLoopTripCount"/></StgValue>
</bind>
</comp>

<comp id="34" class="1001" name="const_34">
<pin_list>
<pin id="35" dir="1" index="0" bw="1" slack="2147483647"/>
</pin_list>
<bind>
<StgValue><ssdm name=""/></StgValue>
</bind>
</comp>

<comp id="36" class="1001" name="const_36">
<pin_list>
<pin id="37" dir="1" index="0" bw="1" slack="2147483647"/>
</pin_list>
<bind>
<StgValue><ssdm name="_ssdm_op_SpecLoopName"/></StgValue>
</bind>
</comp>

<comp id="38" class="1001" name="const_38">
<pin_list>
<pin id="39" dir="1" index="0" bw="1" slack="2147483647"/>
</pin_list>
<bind>
<StgValue><ssdm name="empty_23"/></StgValue>
</bind>
</comp>

<comp id="40" class="1004" name="i_fu_40">
<pin_list>
<pin id="41" dir="0" index="0" bw="1" slack="0"/>
<pin id="42" dir="1" index="1" bw="11" slack="0"/>
</pin_list>
<bind>
<opcode="alloca(26) " fcode="alloca"/>
<opset="i/1 "/>
</bind>
</comp>

<comp id="44" class="1004" name="out_real_addr_gep_fu_44">
<pin_list>
<pin id="45" dir="0" index="0" bw="32" slack="0"/>
<pin id="46" dir="0" index="1" bw="1" slack="0"/>
<pin id="47" dir="0" index="2" bw="11" slack="0"/>
<pin id="48" dir="1" index="3" bw="10" slack="0"/>
</pin_list>
<bind>
<opcode="getelementptr(29) " fcode="getelementptr"/>
<opset="out_real_addr/1 "/>
</bind>
</comp>

<comp id="51" class="1004" name="grp_access_fu_51">
<pin_list>
<pin id="52" dir="0" index="0" bw="10" slack="0"/>
<pin id="53" dir="0" index="1" bw="32" slack="2147483647"/>
<pin id="54" dir="0" index="2" bw="0" slack="2147483647"/>
<pin id="55" dir="1" index="3" bw="32" slack="1"/>
</pin_list>
<bind>
<opcode="load(27) " fcode="load"/>
<opset="out_real_load/1 "/>
</bind>
</comp>

<comp id="57" class="1004" name="out_imag_addr_gep_fu_57">
<pin_list>
<pin id="58" dir="0" index="0" bw="32" slack="0"/>
<pin id="59" dir="0" index="1" bw="1" slack="0"/>
<pin id="60" dir="0" index="2" bw="11" slack="0"/>
<pin id="61" dir="1" index="3" bw="10" slack="0"/>
</pin_list>
<bind>
<opcode="getelementptr(29) " fcode="getelementptr"/>
<opset="out_imag_addr/1 "/>
</bind>
</comp>

<comp id="64" class="1004" name="grp_access_fu_64">
<pin_list>
<pin id="65" dir="0" index="0" bw="10" slack="0"/>
<pin id="66" dir="0" index="1" bw="32" slack="2147483647"/>
<pin id="67" dir="0" index="2" bw="0" slack="2147483647"/>
<pin id="68" dir="1" index="3" bw="32" slack="1"/>
</pin_list>
<bind>
<opcode="load(27) " fcode="load"/>
<opset="out_imag_load/1 "/>
</bind>
</comp>

<comp id="70" class="1004" name="real_addr_gep_fu_70">
<pin_list>
<pin id="71" dir="0" index="0" bw="32" slack="0"/>
<pin id="72" dir="0" index="1" bw="1" slack="0"/>
<pin id="73" dir="0" index="2" bw="11" slack="2"/>
<pin id="74" dir="1" index="3" bw="10" slack="0"/>
</pin_list>
<bind>
<opcode="getelementptr(29) " fcode="getelementptr"/>
<opset="real_addr/3 "/>
</bind>
</comp>

<comp id="77" class="1004" name="store_ln111_access_fu_77">
<pin_list>
<pin id="78" dir="0" index="0" bw="10" slack="2147483647"/>
<pin id="79" dir="0" index="1" bw="32" slack="2147483647"/>
<pin id="80" dir="0" index="2" bw="0" slack="0"/>
<pin id="82" dir="0" index="4" bw="10" slack="1"/>
<pin id="83" dir="0" index="5" bw="32" slack="2147483647"/>
<pin id="84" dir="0" index="6" bw="0" slack="2147483647"/>
<pin id="81" dir="1" index="3" bw="32" slack="2147483647"/>
<pin id="85" dir="1" index="7" bw="32" slack="2147483647"/>
</pin_list>
<bind>
<opcode="store(28) " fcode="store"/>
<opset="store_ln111/3 "/>
</bind>
</comp>

<comp id="87" class="1004" name="imag_addr_gep_fu_87">
<pin_list>
<pin id="88" dir="0" index="0" bw="32" slack="0"/>
<pin id="89" dir="0" index="1" bw="1" slack="0"/>
<pin id="90" dir="0" index="2" bw="11" slack="2"/>
<pin id="91" dir="1" index="3" bw="10" slack="0"/>
</pin_list>
<bind>
<opcode="getelementptr(29) " fcode="getelementptr"/>
<opset="imag_addr/3 "/>
</bind>
</comp>

<comp id="94" class="1004" name="store_ln112_access_fu_94">
<pin_list>
<pin id="95" dir="0" index="0" bw="10" slack="2147483647"/>
<pin id="96" dir="0" index="1" bw="32" slack="2147483647"/>
<pin id="97" dir="0" index="2" bw="0" slack="0"/>
<pin id="99" dir="0" index="4" bw="10" slack="1"/>
<pin id="100" dir="0" index="5" bw="32" slack="2147483647"/>
<pin id="101" dir="0" index="6" bw="0" slack="2147483647"/>
<pin id="98" dir="1" index="3" bw="32" slack="2147483647"/>
<pin id="102" dir="1" index="7" bw="32" slack="2147483647"/>
</pin_list>
<bind>
<opcode="store(28) " fcode="store"/>
<opset="store_ln112/3 "/>
</bind>
</comp>

<comp id="104" class="1004" name="store_ln109_store_fu_104">
<pin_list>
<pin id="105" dir="0" index="0" bw="1" slack="0"/>
<pin id="106" dir="0" index="1" bw="11" slack="0"/>
<pin id="107" dir="1" index="2" bw="0" slack="2147483647"/>
</pin_list>
<bind>
<opcode="store(28) " fcode="store"/>
<opset="store_ln109/1 "/>
</bind>
</comp>

<comp id="109" class="1004" name="i_5_load_fu_109">
<pin_list>
<pin id="110" dir="0" index="0" bw="11" slack="0"/>
<pin id="111" dir="1" index="1" bw="11" slack="0"/>
</pin_list>
<bind>
<opcode="load(27) " fcode="load"/>
<opset="i_5/1 "/>
</bind>
</comp>

<comp id="112" class="1004" name="icmp_ln109_fu_112">
<pin_list>
<pin id="113" dir="0" index="0" bw="11" slack="0"/>
<pin id="114" dir="0" index="1" bw="11" slack="0"/>
<pin id="115" dir="1" index="2" bw="1" slack="1"/>
</pin_list>
<bind>
<opcode="icmp(45) " fcode="icmp"/>
<opset="icmp_ln109/1 "/>
</bind>
</comp>

<comp id="118" class="1004" name="add_ln109_fu_118">
<pin_list>
<pin id="119" dir="0" index="0" bw="11" slack="0"/>
<pin id="120" dir="0" index="1" bw="1" slack="0"/>
<pin id="121" dir="1" index="2" bw="11" slack="0"/>
</pin_list>
<bind>
<opcode="add(8) " fcode="add"/>
<opset="add_ln109/1 "/>
</bind>
</comp>

<comp id="124" class="1004" name="zext_ln109_fu_124">
<pin_list>
<pin id="125" dir="0" index="0" bw="11" slack="0"/>
<pin id="126" dir="1" index="1" bw="64" slack="0"/>
</pin_list>
<bind>
<opcode="zext(34) " fcode="zext"/>
<opset="zext_ln109/1 "/>
</bind>
</comp>

<comp id="130" class="1004" name="store_ln109_store_fu_130">
<pin_list>
<pin id="131" dir="0" index="0" bw="11" slack="0"/>
<pin id="132" dir="0" index="1" bw="11" slack="0"/>
<pin id="133" dir="1" index="2" bw="0" slack="2147483647"/>
</pin_list>
<bind>
<opcode="store(28) " fcode="store"/>
<opset="store_ln109/1 "/>
</bind>
</comp>

<comp id="135" class="1005" name="i_reg_135">
<pin_list>
<pin id="136" dir="0" index="0" bw="11" slack="0"/>
<pin id="137" dir="1" index="1" bw="11" slack="0"/>
</pin_list>
<bind>
<opset="i "/>
</bind>
</comp>

<comp id="142" class="1005" name="icmp_ln109_reg_142">
<pin_list>
<pin id="143" dir="0" index="0" bw="1" slack="1"/>
<pin id="144" dir="1" index="1" bw="1" slack="2147483647"/>
</pin_list>
<bind>
<opset="icmp_ln109 "/>
</bind>
</comp>

<comp id="146" class="1005" name="zext_ln109_reg_146">
<pin_list>
<pin id="147" dir="0" index="0" bw="64" slack="2"/>
<pin id="148" dir="1" index="1" bw="64" slack="2"/>
</pin_list>
<bind>
<opset="zext_ln109 "/>
</bind>
</comp>

<comp id="152" class="1005" name="out_real_addr_reg_152">
<pin_list>
<pin id="153" dir="0" index="0" bw="10" slack="1"/>
<pin id="154" dir="1" index="1" bw="10" slack="1"/>
</pin_list>
<bind>
<opset="out_real_addr "/>
</bind>
</comp>

<comp id="157" class="1005" name="out_imag_addr_reg_157">
<pin_list>
<pin id="158" dir="0" index="0" bw="10" slack="1"/>
<pin id="159" dir="1" index="1" bw="10" slack="1"/>
</pin_list>
<bind>
<opset="out_imag_addr "/>
</bind>
</comp>

<comp id="162" class="1005" name="out_real_load_reg_162">
<pin_list>
<pin id="163" dir="0" index="0" bw="32" slack="1"/>
<pin id="164" dir="1" index="1" bw="32" slack="1"/>
</pin_list>
<bind>
<opset="out_real_load "/>
</bind>
</comp>

<comp id="167" class="1005" name="out_imag_load_reg_167">
<pin_list>
<pin id="168" dir="0" index="0" bw="32" slack="1"/>
<pin id="169" dir="1" index="1" bw="32" slack="1"/>
</pin_list>
<bind>
<opset="out_imag_load "/>
</bind>
</comp>

</comp_list>

<net_list>
<net id="43"><net_src comp="8" pin="0"/><net_sink comp="40" pin=0"/></net>

<net id="49"><net_src comp="0" pin="0"/><net_sink comp="44" pin=0"/></net>

<net id="50"><net_src comp="24" pin="0"/><net_sink comp="44" pin=1"/></net>

<net id="56"><net_src comp="44" pin="3"/><net_sink comp="51" pin=0"/></net>

<net id="62"><net_src comp="4" pin="0"/><net_sink comp="57" pin=0"/></net>

<net id="63"><net_src comp="24" pin="0"/><net_sink comp="57" pin=1"/></net>

<net id="69"><net_src comp="57" pin="3"/><net_sink comp="64" pin=0"/></net>

<net id="75"><net_src comp="2" pin="0"/><net_sink comp="70" pin=0"/></net>

<net id="76"><net_src comp="24" pin="0"/><net_sink comp="70" pin=1"/></net>

<net id="86"><net_src comp="70" pin="3"/><net_sink comp="77" pin=2"/></net>

<net id="92"><net_src comp="6" pin="0"/><net_sink comp="87" pin=0"/></net>

<net id="93"><net_src comp="24" pin="0"/><net_sink comp="87" pin=1"/></net>

<net id="103"><net_src comp="87" pin="3"/><net_sink comp="94" pin=2"/></net>

<net id="108"><net_src comp="18" pin="0"/><net_sink comp="104" pin=0"/></net>

<net id="116"><net_src comp="109" pin="1"/><net_sink comp="112" pin=0"/></net>

<net id="117"><net_src comp="20" pin="0"/><net_sink comp="112" pin=1"/></net>

<net id="122"><net_src comp="109" pin="1"/><net_sink comp="118" pin=0"/></net>

<net id="123"><net_src comp="22" pin="0"/><net_sink comp="118" pin=1"/></net>

<net id="127"><net_src comp="109" pin="1"/><net_sink comp="124" pin=0"/></net>

<net id="128"><net_src comp="124" pin="1"/><net_sink comp="44" pin=2"/></net>

<net id="129"><net_src comp="124" pin="1"/><net_sink comp="57" pin=2"/></net>

<net id="134"><net_src comp="118" pin="2"/><net_sink comp="130" pin=0"/></net>

<net id="138"><net_src comp="40" pin="1"/><net_sink comp="135" pin=0"/></net>

<net id="139"><net_src comp="135" pin="1"/><net_sink comp="104" pin=1"/></net>

<net id="140"><net_src comp="135" pin="1"/><net_sink comp="109" pin=0"/></net>

<net id="141"><net_src comp="135" pin="1"/><net_sink comp="130" pin=1"/></net>

<net id="145"><net_src comp="112" pin="2"/><net_sink comp="142" pin=0"/></net>

<net id="149"><net_src comp="124" pin="1"/><net_sink comp="146" pin=0"/></net>

<net id="150"><net_src comp="146" pin="1"/><net_sink comp="70" pin=2"/></net>

<net id="151"><net_src comp="146" pin="1"/><net_sink comp="87" pin=2"/></net>

<net id="155"><net_src comp="44" pin="3"/><net_sink comp="152" pin=0"/></net>

<net id="156"><net_src comp="152" pin="1"/><net_sink comp="51" pin=0"/></net>

<net id="160"><net_src comp="57" pin="3"/><net_sink comp="157" pin=0"/></net>

<net id="161"><net_src comp="157" pin="1"/><net_sink comp="64" pin=0"/></net>

<net id="165"><net_src comp="51" pin="3"/><net_sink comp="162" pin=0"/></net>

<net id="166"><net_src comp="162" pin="1"/><net_sink comp="77" pin=4"/></net>

<net id="170"><net_src comp="64" pin="3"/><net_sink comp="167" pin=0"/></net>

<net id="171"><net_src comp="167" pin="1"/><net_sink comp="94" pin=4"/></net>

</net_list>

</model> 
---------------- Datapath Model END ------------------

* FSMD analyzer results:
  - Output states:
	Port: real_r | {3 }
	Port: imag | {3 }
 - Input state : 
	Port: fft_kernel_Pipeline_VITIS_LOOP_109_8 : out_real | {1 2 }
	Port: fft_kernel_Pipeline_VITIS_LOOP_109_8 : out_imag | {1 2 }
  - Chain level:
	State 1
		store_ln109 : 1
		i_5 : 1
		icmp_ln109 : 2
		add_ln109 : 2
		br_ln109 : 3
		zext_ln109 : 2
		out_real_addr : 3
		out_real_load : 4
		out_imag_addr : 3
		out_imag_load : 4
		store_ln109 : 3
	State 2
	State 3
		store_ln111 : 1
		store_ln112 : 1


============================================================
+ Verbose Summary: Datapath Resource usage 
============================================================

* Functional unit list:
|----------|-------------------|---------|---------|
| Operation|  Functional Unit  |    FF   |   LUT   |
|----------|-------------------|---------|---------|
|   icmp   | icmp_ln109_fu_112 |    0    |    18   |
|----------|-------------------|---------|---------|
|    add   |  add_ln109_fu_118 |    0    |    18   |
|----------|-------------------|---------|---------|
|   zext   | zext_ln109_fu_124 |    0    |    0    |
|----------|-------------------|---------|---------|
|   Total  |                   |    0    |    36   |
|----------|-------------------|---------|---------|

Memories:
N/A

* Register list:
+---------------------+--------+
|                     |   FF   |
+---------------------+--------+
|      i_reg_135      |   11   |
|  icmp_ln109_reg_142 |    1   |
|out_imag_addr_reg_157|   10   |
|out_imag_load_reg_167|   32   |
|out_real_addr_reg_152|   10   |
|out_real_load_reg_162|   32   |
|  zext_ln109_reg_146 |   64   |
+---------------------+--------+
|        Total        |   160  |
+---------------------+--------+

* Multiplexer (MUX) list: 
|------------------|------|------|------|--------||---------||---------||---------|
|       Comp       |  Pin | Size |  BW  | S x BW ||  Delay  ||    FF   ||   LUT   |
|------------------|------|------|------|--------||---------||---------||---------|
| grp_access_fu_51 |  p0  |   2  |  10  |   20   ||    0    ||    9    |
| grp_access_fu_64 |  p0  |   2  |  10  |   20   ||    0    ||    9    |
|------------------|------|------|------|--------||---------||---------||---------|
|       Total      |      |      |      |   40   ||  0.774  ||    0    ||    18   |
|------------------|------|------|------|--------||---------||---------||---------|



* Summary:
+-----------+--------+--------+--------+
|           |  Delay |   FF   |   LUT  |
+-----------+--------+--------+--------+
|  Function |    -   |    0   |   36   |
|   Memory  |    -   |    -   |    -   |
|Multiplexer|    0   |    0   |   18   |
|  Register |    -   |   160  |    -   |
+-----------+--------+--------+--------+
|   Total   |    0   |   160  |   54   |
+-----------+--------+--------+--------+
