

================================================================
== Vitis HLS Report for 'fft_kernel_Pipeline_VITIS_LOOP_55_3'
================================================================
* Date:           Mon Jun  1 09:29:34 2026

* Version:        2024.1 (Build 5069499 on May 21 2024)
* Project:        hls_component
* Solution:       hls (Vivado IP Flow Target)
* Product family: virtexuplusHBM
* Target device:  xcvu47p-fsvh2892-2-e


================================================================
== Performance Estimates
================================================================
+ Timing: 
    * Summary: 
    +--------+---------+----------+------------+
    |  Clock |  Target | Estimated| Uncertainty|
    +--------+---------+----------+------------+
    |ap_clk  |  3.00 ns|  2.100 ns|     0.81 ns|
    +--------+---------+----------+------------+

+ Latency: 
    * Summary: 
    +---------+---------+----------+----------+------+------+-----------------------------------------------+
    |  Latency (cycles) |  Latency (absolute) |   Interval  |                    Pipeline                   |
    |   min   |   max   |    min   |    max   |  min |  max |                      Type                     |
    +---------+---------+----------+----------+------+------+-----------------------------------------------+
    |     1030|     1030|  3.090 us|  3.090 us|  1025|  1025|  loop auto-rewind stp(delay=0 clock cycles(s))|
    +---------+---------+----------+----------+------+------+-----------------------------------------------+

    + Detail: 
        * Instance: 
        N/A

        * Loop: 
        +-------------------+---------+---------+----------+-----------+-----------+------+----------+
        |                   |  Latency (cycles) | Iteration|  Initiation Interval  | Trip |          |
        |     Loop Name     |   min   |   max   |  Latency |  achieved |   target  | Count| Pipelined|
        +-------------------+---------+---------+----------+-----------+-----------+------+----------+
        |- VITIS_LOOP_55_3  |     1028|     1028|         6|          1|          1|  1024|       yes|
        +-------------------+---------+---------+----------+-----------+-----------+------+----------+

============================================================
+ Verbose Summary: Synthesis Manager
============================================================
InlineROM: 1
ExposeGlobal: 0
============================================================
+ Verbose Summary: CDFG Model
============================================================
IsTopModel: 0
ResetActiveHigh: 1
IsCombinational: 0
IsDatapathOnly: 0
HasWiredReturn: 1
HasMFsm: 2
HasVarLatency: 1
IsPipeline: 0
IsRtlPipelined: 0
IsInstanceOverlapped: 0
IsDontTouch: 0
HasImplIP: 0
IsGatedGlobalClock: 0

+ Individual pipeline summary: 
  * Pipeline-0: initiation interval (II) = 1, depth = 6


============================================================
+ Verbose Summary: Schedule
============================================================
* Number of FSM states : 6
* Pipeline : 1
  Pipeline-0 : II = 1, D = 6, States = { 1 2 3 4 5 6 }
* Dataflow Pipeline: 0

* FSM state transitions: 
1 --> 2 
2 --> 3 
3 --> 4 
4 --> 5 
5 --> 6 
6 --> 

* FSM state operations: 

State 1 <SV = 0> <Delay = 1.58>
ST_1 : Operation 9 [1/1] (0.00ns)   --->   "%i_1 = alloca i32 1" [../../../../src/fft_kernel.cpp:55]   --->   Operation 9 'alloca' 'i_1' <Predicate = true> <Delay = 0.00>
ST_1 : Operation 10 [1/1] (0.00ns)   --->   "%specmemcore_ln0 = specmemcore void @_ssdm_op_SpecMemCore, i32 %imag, i64 666, i64 22, i64 18446744073709551615"   --->   Operation 10 'specmemcore' 'specmemcore_ln0' <Predicate = true> <Delay = 0.00>
ST_1 : Operation 11 [1/1] (0.00ns)   --->   "%specmemcore_ln0 = specmemcore void @_ssdm_op_SpecMemCore, i32 %real_r, i64 666, i64 22, i64 18446744073709551615"   --->   Operation 11 'specmemcore' 'specmemcore_ln0' <Predicate = true> <Delay = 0.00>
ST_1 : Operation 12 [1/1] (0.38ns)   --->   "%store_ln55 = store i11 0, i11 %i_1" [../../../../src/fft_kernel.cpp:55]   --->   Operation 12 'store' 'store_ln55' <Predicate = true> <Delay = 0.38>
ST_1 : Operation 13 [1/1] (0.00ns)   --->   "%br_ln0 = br void %for.inc31"   --->   Operation 13 'br' 'br_ln0' <Predicate = true> <Delay = 0.00>
ST_1 : Operation 14 [1/1] (0.00ns)   --->   "%i = load i11 %i_1" [../../../../src/fft_kernel.cpp:55]   --->   Operation 14 'load' 'i' <Predicate = true> <Delay = 0.00>
ST_1 : Operation 15 [1/1] (0.73ns)   --->   "%icmp_ln55 = icmp_eq  i11 %i, i11 1024" [../../../../src/fft_kernel.cpp:55]   --->   Operation 15 'icmp' 'icmp_ln55' <Predicate = true> <Delay = 0.73> <CoreInst = "Cmp">   --->   Core 9 'Cmp' <Latency = 0> <II = 1> <Delay = 0.73> <FuncUnit> <Opcode : 'seteq' 'setne' 'setle' 'setge' 'setlt' 'setgt'> <InPorts = 2> <OutPorts = 1>
ST_1 : Operation 16 [1/1] (0.73ns)   --->   "%add_ln55 = add i11 %i, i11 1" [../../../../src/fft_kernel.cpp:55]   --->   Operation 16 'add' 'add_ln55' <Predicate = true> <Delay = 0.73> <CoreInst = "Adder">   --->   Core 1 'Adder' <Latency = 0> <II = 1> <Delay = 0.73> <FuncUnit> <Opcode : 'add' 'sub'> <InPorts = 2> <OutPorts = 1>
ST_1 : Operation 17 [1/1] (0.00ns)   --->   "%br_ln55 = br i1 %icmp_ln55, void %for.inc31.split, void %for.inc47.preheader.exitStub" [../../../../src/fft_kernel.cpp:55]   --->   Operation 17 'br' 'br_ln55' <Predicate = true> <Delay = 0.00>
ST_1 : Operation 18 [1/1] (0.00ns)   --->   "%zext_ln55 = zext i11 %i" [../../../../src/fft_kernel.cpp:55]   --->   Operation 18 'zext' 'zext_ln55' <Predicate = (!icmp_ln55)> <Delay = 0.00>
ST_1 : Operation 19 [1/1] (0.00ns)   --->   "%hamming_addr = getelementptr i15 %hamming, i64 0, i64 %zext_ln55" [../../../../src/fft_kernel.cpp:57]   --->   Operation 19 'getelementptr' 'hamming_addr' <Predicate = (!icmp_ln55)> <Delay = 0.00>
ST_1 : Operation 20 [2/2] (1.17ns)   --->   "%w = load i10 %hamming_addr" [../../../../src/fft_kernel.cpp:57]   --->   Operation 20 'load' 'w' <Predicate = (!icmp_ln55)> <Delay = 1.17> <CoreInst = "ROM">   --->   Core 100 'ROM' <Latency = 1> <II = 1> <Delay = 1.17> <Storage> <Opcode : 'load'> <Ports = 0> <Width = 15> <Depth = 1024> <ROM>
ST_1 : Operation 21 [1/1] (0.00ns)   --->   "%real_addr_1 = getelementptr i32 %real_r, i64 0, i64 %zext_ln55" [../../../../src/fft_kernel.cpp:58]   --->   Operation 21 'getelementptr' 'real_addr_1' <Predicate = (!icmp_ln55)> <Delay = 0.00>
ST_1 : Operation 22 [2/2] (1.20ns)   --->   "%real_load = load i10 %real_addr_1" [../../../../src/fft_kernel.cpp:58]   --->   Operation 22 'load' 'real_load' <Predicate = (!icmp_ln55)> <Delay = 1.20> <CoreInst = "RAM_2P_BRAM">   --->   Core 93 'RAM_2P_BRAM' <Latency = 1> <II = 1> <Delay = 1.20> <Storage> <Opcode : 'load' 'store'> <Ports = 2> <Width = 32> <Depth = 1024> <RAM>
ST_1 : Operation 23 [1/1] (0.00ns)   --->   "%imag_addr_1 = getelementptr i32 %imag, i64 0, i64 %zext_ln55" [../../../../src/fft_kernel.cpp:59]   --->   Operation 23 'getelementptr' 'imag_addr_1' <Predicate = (!icmp_ln55)> <Delay = 0.00>
ST_1 : Operation 24 [2/2] (1.20ns)   --->   "%imag_load = load i10 %imag_addr_1" [../../../../src/fft_kernel.cpp:59]   --->   Operation 24 'load' 'imag_load' <Predicate = (!icmp_ln55)> <Delay = 1.20> <CoreInst = "RAM_2P_BRAM">   --->   Core 93 'RAM_2P_BRAM' <Latency = 1> <II = 1> <Delay = 1.20> <Storage> <Opcode : 'load' 'store'> <Ports = 2> <Width = 32> <Depth = 1024> <RAM>
ST_1 : Operation 25 [1/1] (0.38ns)   --->   "%store_ln55 = store i11 %add_ln55, i11 %i_1" [../../../../src/fft_kernel.cpp:55]   --->   Operation 25 'store' 'store_ln55' <Predicate = (!icmp_ln55)> <Delay = 0.38>

State 2 <SV = 1> <Delay = 1.20>
ST_2 : Operation 26 [1/2] (1.17ns)   --->   "%w = load i10 %hamming_addr" [../../../../src/fft_kernel.cpp:57]   --->   Operation 26 'load' 'w' <Predicate = true> <Delay = 1.17> <CoreInst = "ROM">   --->   Core 100 'ROM' <Latency = 1> <II = 1> <Delay = 1.17> <Storage> <Opcode : 'load'> <Ports = 0> <Width = 15> <Depth = 1024> <ROM>
ST_2 : Operation 27 [1/2] (1.20ns)   --->   "%real_load = load i10 %real_addr_1" [../../../../src/fft_kernel.cpp:58]   --->   Operation 27 'load' 'real_load' <Predicate = true> <Delay = 1.20> <CoreInst = "RAM_2P_BRAM">   --->   Core 93 'RAM_2P_BRAM' <Latency = 1> <II = 1> <Delay = 1.20> <Storage> <Opcode : 'load' 'store'> <Ports = 2> <Width = 32> <Depth = 1024> <RAM>
ST_2 : Operation 28 [1/2] (1.20ns)   --->   "%imag_load = load i10 %imag_addr_1" [../../../../src/fft_kernel.cpp:59]   --->   Operation 28 'load' 'imag_load' <Predicate = true> <Delay = 1.20> <CoreInst = "RAM_2P_BRAM">   --->   Core 93 'RAM_2P_BRAM' <Latency = 1> <II = 1> <Delay = 1.20> <Storage> <Opcode : 'load' 'store'> <Ports = 2> <Width = 32> <Depth = 1024> <RAM>

State 3 <SV = 2> <Delay = 2.10>
ST_3 : Operation 29 [1/1] (0.00ns)   --->   "%zext_ln57 = zext i15 %w" [../../../../src/fft_kernel.cpp:57]   --->   Operation 29 'zext' 'zext_ln57' <Predicate = true> <Delay = 0.00>
ST_3 : Operation 30 [3/3] (2.10ns)   --->   "%mul_ln58 = mul i32 %real_load, i32 %zext_ln57" [../../../../src/fft_kernel.cpp:58]   --->   Operation 30 'mul' 'mul_ln58' <Predicate = true> <Delay = 2.10> <CoreInst = "Multiplier">   --->   Core 3 'Multiplier' <Latency = 2> <II = 1> <Delay = 2.10> <FuncUnit> <Opcode : 'mul'> <InPorts = 2> <OutPorts = 1>
ST_3 : Operation 31 [3/3] (2.10ns)   --->   "%mul_ln59 = mul i32 %imag_load, i32 %zext_ln57" [../../../../src/fft_kernel.cpp:59]   --->   Operation 31 'mul' 'mul_ln59' <Predicate = true> <Delay = 2.10> <CoreInst = "Multiplier">   --->   Core 3 'Multiplier' <Latency = 2> <II = 1> <Delay = 2.10> <FuncUnit> <Opcode : 'mul'> <InPorts = 2> <OutPorts = 1>

State 4 <SV = 3> <Delay = 2.10>
ST_4 : Operation 32 [2/3] (2.10ns)   --->   "%mul_ln58 = mul i32 %real_load, i32 %zext_ln57" [../../../../src/fft_kernel.cpp:58]   --->   Operation 32 'mul' 'mul_ln58' <Predicate = true> <Delay = 2.10> <CoreInst = "Multiplier">   --->   Core 3 'Multiplier' <Latency = 2> <II = 1> <Delay = 2.10> <FuncUnit> <Opcode : 'mul'> <InPorts = 2> <OutPorts = 1>
ST_4 : Operation 33 [2/3] (2.10ns)   --->   "%mul_ln59 = mul i32 %imag_load, i32 %zext_ln57" [../../../../src/fft_kernel.cpp:59]   --->   Operation 33 'mul' 'mul_ln59' <Predicate = true> <Delay = 2.10> <CoreInst = "Multiplier">   --->   Core 3 'Multiplier' <Latency = 2> <II = 1> <Delay = 2.10> <FuncUnit> <Opcode : 'mul'> <InPorts = 2> <OutPorts = 1>

State 5 <SV = 4> <Delay = 2.10>
ST_5 : Operation 34 [1/3] (2.10ns)   --->   "%mul_ln58 = mul i32 %real_load, i32 %zext_ln57" [../../../../src/fft_kernel.cpp:58]   --->   Operation 34 'mul' 'mul_ln58' <Predicate = true> <Delay = 2.10> <CoreInst = "Multiplier">   --->   Core 3 'Multiplier' <Latency = 2> <II = 1> <Delay = 2.10> <FuncUnit> <Opcode : 'mul'> <InPorts = 2> <OutPorts = 1>
ST_5 : Operation 35 [1/1] (0.00ns)   --->   "%trunc_ln1 = partselect i18 @_ssdm_op_PartSelect.i18.i32.i32.i32, i32 %mul_ln58, i32 14, i32 31" [../../../../src/fft_kernel.cpp:58]   --->   Operation 35 'partselect' 'trunc_ln1' <Predicate = true> <Delay = 0.00>
ST_5 : Operation 36 [1/3] (2.10ns)   --->   "%mul_ln59 = mul i32 %imag_load, i32 %zext_ln57" [../../../../src/fft_kernel.cpp:59]   --->   Operation 36 'mul' 'mul_ln59' <Predicate = true> <Delay = 2.10> <CoreInst = "Multiplier">   --->   Core 3 'Multiplier' <Latency = 2> <II = 1> <Delay = 2.10> <FuncUnit> <Opcode : 'mul'> <InPorts = 2> <OutPorts = 1>
ST_5 : Operation 37 [1/1] (0.00ns)   --->   "%trunc_ln2 = partselect i18 @_ssdm_op_PartSelect.i18.i32.i32.i32, i32 %mul_ln59, i32 14, i32 31" [../../../../src/fft_kernel.cpp:59]   --->   Operation 37 'partselect' 'trunc_ln2' <Predicate = true> <Delay = 0.00>
ST_5 : Operation 46 [1/1] (0.38ns)   --->   "%ret_ln0 = ret"   --->   Operation 46 'ret' 'ret_ln0' <Predicate = (icmp_ln55)> <Delay = 0.38>

State 6 <SV = 5> <Delay = 1.20>
ST_6 : Operation 38 [1/1] (0.00ns)   --->   "%specpipeline_ln56 = specpipeline void @_ssdm_op_SpecPipeline, i32 1, i32 0, i32 0, i32 0, void @empty_1" [../../../../src/fft_kernel.cpp:56]   --->   Operation 38 'specpipeline' 'specpipeline_ln56' <Predicate = true> <Delay = 0.00>
ST_6 : Operation 39 [1/1] (0.00ns)   --->   "%speclooptripcount_ln55 = speclooptripcount void @_ssdm_op_SpecLoopTripCount, i64 1024, i64 1024, i64 1024" [../../../../src/fft_kernel.cpp:55]   --->   Operation 39 'speclooptripcount' 'speclooptripcount_ln55' <Predicate = true> <Delay = 0.00>
ST_6 : Operation 40 [1/1] (0.00ns)   --->   "%specloopname_ln55 = specloopname void @_ssdm_op_SpecLoopName, void @empty_19" [../../../../src/fft_kernel.cpp:55]   --->   Operation 40 'specloopname' 'specloopname_ln55' <Predicate = true> <Delay = 0.00>
ST_6 : Operation 41 [1/1] (0.00ns)   --->   "%sext_ln58 = sext i18 %trunc_ln1" [../../../../src/fft_kernel.cpp:58]   --->   Operation 41 'sext' 'sext_ln58' <Predicate = true> <Delay = 0.00>
ST_6 : Operation 42 [1/1] (1.20ns)   --->   "%store_ln58 = store i32 %sext_ln58, i10 %real_addr_1" [../../../../src/fft_kernel.cpp:58]   --->   Operation 42 'store' 'store_ln58' <Predicate = true> <Delay = 1.20> <CoreInst = "RAM_2P_BRAM">   --->   Core 93 'RAM_2P_BRAM' <Latency = 1> <II = 1> <Delay = 1.20> <Storage> <Opcode : 'load' 'store'> <Ports = 2> <Width = 32> <Depth = 1024> <RAM>
ST_6 : Operation 43 [1/1] (0.00ns)   --->   "%sext_ln59 = sext i18 %trunc_ln2" [../../../../src/fft_kernel.cpp:59]   --->   Operation 43 'sext' 'sext_ln59' <Predicate = true> <Delay = 0.00>
ST_6 : Operation 44 [1/1] (1.20ns)   --->   "%store_ln59 = store i32 %sext_ln59, i10 %imag_addr_1" [../../../../src/fft_kernel.cpp:59]   --->   Operation 44 'store' 'store_ln59' <Predicate = true> <Delay = 1.20> <CoreInst = "RAM_2P_BRAM">   --->   Core 93 'RAM_2P_BRAM' <Latency = 1> <II = 1> <Delay = 1.20> <Storage> <Opcode : 'load' 'store'> <Ports = 2> <Width = 32> <Depth = 1024> <RAM>
ST_6 : Operation 45 [1/1] (0.00ns)   --->   "%br_ln55 = br void %for.inc31" [../../../../src/fft_kernel.cpp:55]   --->   Operation 45 'br' 'br_ln55' <Predicate = true> <Delay = 0.00>


============================================================
+ Verbose Summary: Timing violations
============================================================
Target clock period: 3.000ns, clock uncertainty: 0.810ns.

 <State 1>: 1.587ns
The critical path consists of the following:
	'store' operation 0 bit ('store_ln55', ../../../../src/fft_kernel.cpp:55) of constant 0 on local variable 'i', ../../../../src/fft_kernel.cpp:55 [7]  (0.387 ns)
	'load' operation 11 bit ('i', ../../../../src/fft_kernel.cpp:55) on local variable 'i', ../../../../src/fft_kernel.cpp:55 [10]  (0.000 ns)
	'getelementptr' operation 10 bit ('real_addr_1', ../../../../src/fft_kernel.cpp:58) [22]  (0.000 ns)
	'load' operation 32 bit ('real_load', ../../../../src/fft_kernel.cpp:58) on array 'real_r' [23]  (1.200 ns)

 <State 2>: 1.200ns
The critical path consists of the following:
	'load' operation 32 bit ('real_load', ../../../../src/fft_kernel.cpp:58) on array 'real_r' [23]  (1.200 ns)

 <State 3>: 2.100ns
The critical path consists of the following:
	'mul' operation 32 bit ('mul_ln58', ../../../../src/fft_kernel.cpp:58) [24]  (2.100 ns)

 <State 4>: 2.100ns
The critical path consists of the following:
	'mul' operation 32 bit ('mul_ln58', ../../../../src/fft_kernel.cpp:58) [24]  (2.100 ns)

 <State 5>: 2.100ns
The critical path consists of the following:
	'mul' operation 32 bit ('mul_ln58', ../../../../src/fft_kernel.cpp:58) [24]  (2.100 ns)

 <State 6>: 1.200ns
The critical path consists of the following:
	'store' operation 0 bit ('store_ln58', ../../../../src/fft_kernel.cpp:58) of variable 'sext_ln58', ../../../../src/fft_kernel.cpp:58 on array 'real_r' [27]  (1.200 ns)


============================================================
+ Verbose Summary: Binding
============================================================
N/A
* FSMD analyzer results:
  - Output states:
 - Input state : 
  - Chain level:
	State 1
	State 2
	State 3
	State 4
	State 5
	State 6


============================================================
+ Verbose Summary: Datapath Resource usage 
============================================================
N/A
