

================================================================
== Vitis HLS Report for 'fft_kernel_Pipeline_VITIS_LOOP_116_9'
================================================================
* Date:           Mon Jun  1 09:29:34 2026

* Version:        2024.1 (Build 5069499 on May 21 2024)
* Project:        hls_component
* Solution:       hls (Vivado IP Flow Target)
* Product family: virtexuplusHBM
* Target device:  xcvu47p-fsvh2892-2-e


================================================================
== Performance Estimates
================================================================
+ Timing: 
    * Summary: 
    +--------+---------+----------+------------+
    |  Clock |  Target | Estimated| Uncertainty|
    +--------+---------+----------+------------+
    |ap_clk  |  3.00 ns|  2.190 ns|     0.81 ns|
    +--------+---------+----------+------------+

+ Latency: 
    * Summary: 
    +---------+---------+----------+----------+------+------+-----------------------------------------------+
    |  Latency (cycles) |  Latency (absolute) |   Interval  |                    Pipeline                   |
    |   min   |   max   |    min   |    max   |  min |  max |                      Type                     |
    +---------+---------+----------+----------+------+------+-----------------------------------------------+
    |     1027|     1027|  3.081 us|  3.081 us|  1025|  1025|  loop auto-rewind stp(delay=0 clock cycles(s))|
    +---------+---------+----------+----------+------+------+-----------------------------------------------+

    + Detail: 
        * Instance: 
        N/A

        * Loop: 
        +--------------------+---------+---------+----------+-----------+-----------+------+----------+
        |                    |  Latency (cycles) | Iteration|  Initiation Interval  | Trip |          |
        |      Loop Name     |   min   |   max   |  Latency |  achieved |   target  | Count| Pipelined|
        +--------------------+---------+---------+----------+-----------+-----------+------+----------+
        |- VITIS_LOOP_116_9  |     1025|     1025|         3|          1|          1|  1024|       yes|
        +--------------------+---------+---------+----------+-----------+-----------+------+----------+

============================================================
+ Verbose Summary: Synthesis Manager
============================================================
InlineROM: 1
ExposeGlobal: 0
============================================================
+ Verbose Summary: CDFG Model
============================================================
IsTopModel: 0
ResetActiveHigh: 1
IsCombinational: 0
IsDatapathOnly: 0
HasWiredReturn: 1
HasMFsm: 2
HasVarLatency: 1
IsPipeline: 0
IsRtlPipelined: 0
IsInstanceOverlapped: 0
IsDontTouch: 0
HasImplIP: 0
IsGatedGlobalClock: 0

+ Individual pipeline summary: 
  * Pipeline-0: initiation interval (II) = 1, depth = 3


============================================================
+ Verbose Summary: Schedule
============================================================
* Number of FSM states : 3
* Pipeline : 1
  Pipeline-0 : II = 1, D = 3, States = { 1 2 3 }
* Dataflow Pipeline: 0

* FSM state transitions: 
1 --> 2 
2 --> 3 
3 --> 

* FSM state operations: 

State 1 <SV = 0> <Delay = 1.58>
ST_1 : Operation 6 [1/1] (0.00ns)   --->   "%i = alloca i32 1" [../../../../src/fft_kernel.cpp:116]   --->   Operation 6 'alloca' 'i' <Predicate = true> <Delay = 0.00>
ST_1 : Operation 7 [1/1] (0.00ns)   --->   "%sext_ln47_3_read = read i62 @_ssdm_op_Read.ap_auto.i62, i62 %sext_ln47_3"   --->   Operation 7 'read' 'sext_ln47_3_read' <Predicate = true> <Delay = 0.00>
ST_1 : Operation 8 [1/1] (0.00ns)   --->   "%sext_ln47_2_read = read i62 @_ssdm_op_Read.ap_auto.i62, i62 %sext_ln47_2"   --->   Operation 8 'read' 'sext_ln47_2_read' <Predicate = true> <Delay = 0.00>
ST_1 : Operation 9 [1/1] (0.00ns)   --->   "%sext_ln47_3_cast = sext i62 %sext_ln47_3_read"   --->   Operation 9 'sext' 'sext_ln47_3_cast' <Predicate = true> <Delay = 0.00>
ST_1 : Operation 10 [1/1] (0.00ns)   --->   "%sext_ln47_2_cast = sext i62 %sext_ln47_2_read"   --->   Operation 10 'sext' 'sext_ln47_2_cast' <Predicate = true> <Delay = 0.00>
ST_1 : Operation 11 [1/1] (0.00ns)   --->   "%specmemcore_ln0 = specmemcore void @_ssdm_op_SpecMemCore, i32 %imag, i64 666, i64 22, i64 18446744073709551615"   --->   Operation 11 'specmemcore' 'specmemcore_ln0' <Predicate = true> <Delay = 0.00>
ST_1 : Operation 12 [1/1] (0.00ns)   --->   "%specmemcore_ln0 = specmemcore void @_ssdm_op_SpecMemCore, i32 %real_r, i64 666, i64 22, i64 18446744073709551615"   --->   Operation 12 'specmemcore' 'specmemcore_ln0' <Predicate = true> <Delay = 0.00>
ST_1 : Operation 13 [1/1] (0.00ns)   --->   "%specinterface_ln0 = specinterface void @_ssdm_op_SpecInterface, i32 %gmem3, void @empty_0, i32 0, i32 0, void @empty_1, i32 0, i32 0, void @empty_6, void @empty_3, void @empty_1, i32 16, i32 16, i32 16, i32 16, void @empty_1, void @empty_1, i32 4294967295, i32 0, i32 0"   --->   Operation 13 'specinterface' 'specinterface_ln0' <Predicate = true> <Delay = 0.00>
ST_1 : Operation 14 [1/1] (0.00ns)   --->   "%specinterface_ln0 = specinterface void @_ssdm_op_SpecInterface, i32 %gmem2, void @empty_0, i32 0, i32 0, void @empty_1, i32 0, i32 0, void @empty_5, void @empty_3, void @empty_1, i32 16, i32 16, i32 16, i32 16, void @empty_1, void @empty_1, i32 4294967295, i32 0, i32 0"   --->   Operation 14 'specinterface' 'specinterface_ln0' <Predicate = true> <Delay = 0.00>
ST_1 : Operation 15 [1/1] (0.38ns)   --->   "%store_ln116 = store i11 0, i11 %i" [../../../../src/fft_kernel.cpp:116]   --->   Operation 15 'store' 'store_ln116' <Predicate = true> <Delay = 0.38>
ST_1 : Operation 16 [1/1] (0.00ns)   --->   "%br_ln0 = br void %for.inc154"   --->   Operation 16 'br' 'br_ln0' <Predicate = true> <Delay = 0.00>
ST_1 : Operation 17 [1/1] (0.00ns)   --->   "%i_4 = load i11 %i" [../../../../src/fft_kernel.cpp:116]   --->   Operation 17 'load' 'i_4' <Predicate = true> <Delay = 0.00>
ST_1 : Operation 18 [1/1] (0.00ns)   --->   "%specbitsmap_ln0 = specbitsmap void @_ssdm_op_SpecBitsMap, i32 %gmem3"   --->   Operation 18 'specbitsmap' 'specbitsmap_ln0' <Predicate = true> <Delay = 0.00>
ST_1 : Operation 19 [1/1] (0.00ns)   --->   "%specbitsmap_ln0 = specbitsmap void @_ssdm_op_SpecBitsMap, i32 %gmem2"   --->   Operation 19 'specbitsmap' 'specbitsmap_ln0' <Predicate = true> <Delay = 0.00>
ST_1 : Operation 20 [1/1] (0.73ns)   --->   "%icmp_ln116 = icmp_eq  i11 %i_4, i11 1024" [../../../../src/fft_kernel.cpp:116]   --->   Operation 20 'icmp' 'icmp_ln116' <Predicate = true> <Delay = 0.73> <CoreInst = "Cmp">   --->   Core 9 'Cmp' <Latency = 0> <II = 1> <Delay = 0.73> <FuncUnit> <Opcode : 'seteq' 'setne' 'setle' 'setge' 'setlt' 'setgt'> <InPorts = 2> <OutPorts = 1>
ST_1 : Operation 21 [1/1] (0.73ns)   --->   "%add_ln116 = add i11 %i_4, i11 1" [../../../../src/fft_kernel.cpp:116]   --->   Operation 21 'add' 'add_ln116' <Predicate = true> <Delay = 0.73> <CoreInst = "Adder">   --->   Core 1 'Adder' <Latency = 0> <II = 1> <Delay = 0.73> <FuncUnit> <Opcode : 'add' 'sub'> <InPorts = 2> <OutPorts = 1>
ST_1 : Operation 22 [1/1] (0.00ns)   --->   "%br_ln116 = br i1 %icmp_ln116, void %for.inc154.split, void %for.inc157.exitStub" [../../../../src/fft_kernel.cpp:116]   --->   Operation 22 'br' 'br_ln116' <Predicate = true> <Delay = 0.00>
ST_1 : Operation 23 [1/1] (0.00ns)   --->   "%zext_ln116 = zext i11 %i_4" [../../../../src/fft_kernel.cpp:116]   --->   Operation 23 'zext' 'zext_ln116' <Predicate = (!icmp_ln116)> <Delay = 0.00>
ST_1 : Operation 24 [1/1] (0.00ns)   --->   "%real_addr = getelementptr i32 %real_r, i64 0, i64 %zext_ln116" [../../../../src/fft_kernel.cpp:118]   --->   Operation 24 'getelementptr' 'real_addr' <Predicate = (!icmp_ln116)> <Delay = 0.00>
ST_1 : Operation 25 [2/2] (1.20ns)   --->   "%real_load = load i10 %real_addr" [../../../../src/fft_kernel.cpp:118]   --->   Operation 25 'load' 'real_load' <Predicate = (!icmp_ln116)> <Delay = 1.20> <CoreInst = "RAM_2P_BRAM">   --->   Core 93 'RAM_2P_BRAM' <Latency = 1> <II = 1> <Delay = 1.20> <Storage> <Opcode : 'load' 'store'> <Ports = 2> <Width = 32> <Depth = 1024> <RAM>
ST_1 : Operation 26 [1/1] (0.00ns)   --->   "%imag_addr = getelementptr i32 %imag, i64 0, i64 %zext_ln116" [../../../../src/fft_kernel.cpp:119]   --->   Operation 26 'getelementptr' 'imag_addr' <Predicate = (!icmp_ln116)> <Delay = 0.00>
ST_1 : Operation 27 [2/2] (1.20ns)   --->   "%imag_load = load i10 %imag_addr" [../../../../src/fft_kernel.cpp:119]   --->   Operation 27 'load' 'imag_load' <Predicate = (!icmp_ln116)> <Delay = 1.20> <CoreInst = "RAM_2P_BRAM">   --->   Core 93 'RAM_2P_BRAM' <Latency = 1> <II = 1> <Delay = 1.20> <Storage> <Opcode : 'load' 'store'> <Ports = 2> <Width = 32> <Depth = 1024> <RAM>
ST_1 : Operation 28 [1/1] (0.38ns)   --->   "%store_ln116 = store i11 %add_ln116, i11 %i" [../../../../src/fft_kernel.cpp:116]   --->   Operation 28 'store' 'store_ln116' <Predicate = (!icmp_ln116)> <Delay = 0.38>

State 2 <SV = 1> <Delay = 1.20>
ST_2 : Operation 29 [1/2] (1.20ns)   --->   "%real_load = load i10 %real_addr" [../../../../src/fft_kernel.cpp:118]   --->   Operation 29 'load' 'real_load' <Predicate = true> <Delay = 1.20> <CoreInst = "RAM_2P_BRAM">   --->   Core 93 'RAM_2P_BRAM' <Latency = 1> <II = 1> <Delay = 1.20> <Storage> <Opcode : 'load' 'store'> <Ports = 2> <Width = 32> <Depth = 1024> <RAM>
ST_2 : Operation 30 [1/2] (1.20ns)   --->   "%imag_load = load i10 %imag_addr" [../../../../src/fft_kernel.cpp:119]   --->   Operation 30 'load' 'imag_load' <Predicate = true> <Delay = 1.20> <CoreInst = "RAM_2P_BRAM">   --->   Core 93 'RAM_2P_BRAM' <Latency = 1> <II = 1> <Delay = 1.20> <Storage> <Opcode : 'load' 'store'> <Ports = 2> <Width = 32> <Depth = 1024> <RAM>
ST_2 : Operation 39 [1/1] (0.38ns)   --->   "%ret_ln0 = ret"   --->   Operation 39 'ret' 'ret_ln0' <Predicate = (icmp_ln116)> <Delay = 0.38>

State 3 <SV = 2> <Delay = 2.19>
ST_3 : Operation 31 [1/1] (0.00ns)   --->   "%gmem2_addr = getelementptr i32 %gmem2, i64 %sext_ln47_2_cast" [../../../../src/fft_kernel.cpp:47]   --->   Operation 31 'getelementptr' 'gmem2_addr' <Predicate = true> <Delay = 0.00>
ST_3 : Operation 32 [1/1] (0.00ns)   --->   "%gmem3_addr = getelementptr i32 %gmem3, i64 %sext_ln47_3_cast" [../../../../src/fft_kernel.cpp:47]   --->   Operation 32 'getelementptr' 'gmem3_addr' <Predicate = true> <Delay = 0.00>
ST_3 : Operation 33 [1/1] (0.00ns)   --->   "%specpipeline_ln117 = specpipeline void @_ssdm_op_SpecPipeline, i32 1, i32 0, i32 0, i32 0, void @empty_1" [../../../../src/fft_kernel.cpp:117]   --->   Operation 33 'specpipeline' 'specpipeline_ln117' <Predicate = true> <Delay = 0.00>
ST_3 : Operation 34 [1/1] (0.00ns)   --->   "%speclooptripcount_ln116 = speclooptripcount void @_ssdm_op_SpecLoopTripCount, i64 1024, i64 1024, i64 1024" [../../../../src/fft_kernel.cpp:116]   --->   Operation 34 'speclooptripcount' 'speclooptripcount_ln116' <Predicate = true> <Delay = 0.00>
ST_3 : Operation 35 [1/1] (0.00ns)   --->   "%specloopname_ln116 = specloopname void @_ssdm_op_SpecLoopName, void @empty_10" [../../../../src/fft_kernel.cpp:116]   --->   Operation 35 'specloopname' 'specloopname_ln116' <Predicate = true> <Delay = 0.00>
ST_3 : Operation 36 [1/1] (2.19ns)   --->   "%write_ln118 = write void @_ssdm_op_Write.m_axi.p1i32, i32 %gmem2_addr, i32 %real_load, i4 15" [../../../../src/fft_kernel.cpp:118]   --->   Operation 36 'write' 'write_ln118' <Predicate = true> <Delay = 2.19> <CoreInst = "m_axi">   --->   Core 119 'm_axi' <Latency = 0> <II = 1> <Delay = 1.00> <Adapter> <Opcode : 'read' 'write' 'readreq' 'writereq' 'writeresp'>
ST_3 : Operation 37 [1/1] (2.19ns)   --->   "%write_ln119 = write void @_ssdm_op_Write.m_axi.p1i32, i32 %gmem3_addr, i32 %imag_load, i4 15" [../../../../src/fft_kernel.cpp:119]   --->   Operation 37 'write' 'write_ln119' <Predicate = true> <Delay = 2.19> <CoreInst = "m_axi">   --->   Core 119 'm_axi' <Latency = 0> <II = 1> <Delay = 1.00> <Adapter> <Opcode : 'read' 'write' 'readreq' 'writereq' 'writeresp'>
ST_3 : Operation 38 [1/1] (0.00ns)   --->   "%br_ln116 = br void %for.inc154" [../../../../src/fft_kernel.cpp:116]   --->   Operation 38 'br' 'br_ln116' <Predicate = true> <Delay = 0.00>


============================================================
+ Verbose Summary: Timing violations
============================================================
Target clock period: 3.000ns, clock uncertainty: 0.810ns.

 <State 1>: 1.587ns
The critical path consists of the following:
	'store' operation 0 bit ('store_ln116', ../../../../src/fft_kernel.cpp:116) of constant 0 on local variable 'i', ../../../../src/fft_kernel.cpp:116 [16]  (0.387 ns)
	'load' operation 11 bit ('i', ../../../../src/fft_kernel.cpp:116) on local variable 'i', ../../../../src/fft_kernel.cpp:116 [19]  (0.000 ns)
	'getelementptr' operation 10 bit ('real_addr', ../../../../src/fft_kernel.cpp:118) [32]  (0.000 ns)
	'load' operation 32 bit ('real_load', ../../../../src/fft_kernel.cpp:118) on array 'real_r' [33]  (1.200 ns)

 <State 2>: 1.200ns
The critical path consists of the following:
	'load' operation 32 bit ('real_load', ../../../../src/fft_kernel.cpp:118) on array 'real_r' [33]  (1.200 ns)

 <State 3>: 2.190ns
The critical path consists of the following:
	'getelementptr' operation 32 bit ('gmem2_addr', ../../../../src/fft_kernel.cpp:47) [26]  (0.000 ns)
	bus write operation ('write_ln118', ../../../../src/fft_kernel.cpp:118) on port 'gmem2' (../../../../src/fft_kernel.cpp:118) [34]  (2.190 ns)


============================================================
+ Verbose Summary: Binding
============================================================
N/A
* FSMD analyzer results:
  - Output states:
 - Input state : 
  - Chain level:
	State 1
	State 2
	State 3


============================================================
+ Verbose Summary: Datapath Resource usage 
============================================================
N/A
