

================================================================
== Vitis HLS Report for 'fft_kernel_Pipeline_VITIS_LOOP_49_2'
================================================================
* Date:           Mon Jun  1 09:29:34 2026

* Version:        2024.1 (Build 5069499 on May 21 2024)
* Project:        hls_component
* Solution:       hls (Vivado IP Flow Target)
* Product family: virtexuplusHBM
* Target device:  xcvu47p-fsvh2892-2-e


================================================================
== Performance Estimates
================================================================
+ Timing: 
    * Summary: 
    +--------+---------+----------+------------+
    |  Clock |  Target | Estimated| Uncertainty|
    +--------+---------+----------+------------+
    |ap_clk  |  3.00 ns|  2.190 ns|     0.81 ns|
    +--------+---------+----------+------------+

+ Latency: 
    * Summary: 
    +---------+---------+----------+----------+------+------+-----------------------------------------------+
    |  Latency (cycles) |  Latency (absolute) |   Interval  |                    Pipeline                   |
    |   min   |   max   |    min   |    max   |  min |  max |                      Type                     |
    +---------+---------+----------+----------+------+------+-----------------------------------------------+
    |     1027|     1027|  3.081 us|  3.081 us|  1025|  1025|  loop auto-rewind stp(delay=0 clock cycles(s))|
    +---------+---------+----------+----------+------+------+-----------------------------------------------+

    + Detail: 
        * Instance: 
        N/A

        * Loop: 
        +-------------------+---------+---------+----------+-----------+-----------+------+----------+
        |                   |  Latency (cycles) | Iteration|  Initiation Interval  | Trip |          |
        |     Loop Name     |   min   |   max   |  Latency |  achieved |   target  | Count| Pipelined|
        +-------------------+---------+---------+----------+-----------+-----------+------+----------+
        |- VITIS_LOOP_49_2  |     1025|     1025|         3|          1|          1|  1024|       yes|
        +-------------------+---------+---------+----------+-----------+-----------+------+----------+



================================================================
== Utilization Estimates
================================================================
* Summary: 
+---------------------+---------+------+---------+---------+-----+
|         Name        | BRAM_18K|  DSP |    FF   |   LUT   | URAM|
+---------------------+---------+------+---------+---------+-----+
|DSP                  |        -|     -|        -|        -|    -|
|Expression           |        -|     -|        0|       43|    -|
|FIFO                 |        -|     -|        -|        -|    -|
|Instance             |        -|     -|        -|        -|    -|
|Memory               |        -|     -|        -|        -|    -|
|Multiplexer          |        -|     -|        0|       54|    -|
|Register             |        -|     -|      102|        -|    -|
+---------------------+---------+------+---------+---------+-----+
|Total                |        0|     0|      102|       97|    0|
+---------------------+---------+------+---------+---------+-----+
|Available SLR        |     1344|  3008|   869120|   434560|  320|
+---------------------+---------+------+---------+---------+-----+
|Utilization SLR (%)  |        0|     0|       ~0|       ~0|    0|
+---------------------+---------+------+---------+---------+-----+
|Available            |     4032|  9024|  2607360|  1303680|  960|
+---------------------+---------+------+---------+---------+-----+
|Utilization (%)      |        0|     0|       ~0|       ~0|    0|
+---------------------+---------+------+---------+---------+-----+

+ Detail: 
    * Instance: 
    N/A

    * DSP: 
    N/A

    * Memory: 
    N/A

    * FIFO: 
    N/A

    * Expression: 
    +----------------------------------+----------+----+---+----+------------+------------+
    |           Variable Name          | Operation| DSP| FF| LUT| Bitwidth P0| Bitwidth P1|
    +----------------------------------+----------+----+---+----+------------+------------+
    |add_ln49_fu_146_p2                |         +|   0|  0|  18|          11|           1|
    |ap_block_pp0_stage0_11001         |       and|   0|  0|   2|           1|           1|
    |icmp_ln49_fu_140_p2               |      icmp|   0|  0|  19|          11|          12|
    |ap_block_state2_pp0_stage0_iter1  |        or|   0|  0|   2|           1|           1|
    |ap_enable_pp0                     |       xor|   0|  0|   2|           1|           2|
    +----------------------------------+----------+----+---+----+------------+------------+
    |Total                             |          |   0|  0|  43|          25|          17|
    +----------------------------------+----------+----+---+----+------------+------------+

    * Multiplexer: 
    +-------------------------+----+-----------+-----+-----------+
    |           Name          | LUT| Input Size| Bits| Total Bits|
    +-------------------------+----+-----------+-----+-----------+
    |ap_done_int              |   9|          2|    1|          2|
    |ap_enable_reg_pp0_iter1  |   9|          2|    1|          2|
    |ap_sig_allocacmp_i_3     |   9|          2|   11|         22|
    |gmem0_blk_n_R            |   9|          2|    1|          2|
    |gmem1_blk_n_R            |   9|          2|    1|          2|
    |i_fu_64                  |   9|          2|   11|         22|
    +-------------------------+----+-----------+-----+-----------+
    |Total                    |  54|         12|   26|         52|
    +-------------------------+----+-----------+-----+-----------+

    * Register: 
    +----------------------------------+----+----+-----+-----------+
    |               Name               | FF | LUT| Bits| Const Bits|
    +----------------------------------+----+----+-----+-----------+
    |ap_CS_fsm                         |   1|   0|    1|          0|
    |ap_done_reg                       |   1|   0|    1|          0|
    |ap_enable_reg_pp0_iter1           |   1|   0|    1|          0|
    |ap_enable_reg_pp0_iter2           |   1|   0|    1|          0|
    |ap_loop_exit_ready_pp0_iter1_reg  |   1|   0|    1|          0|
    |gmem0_addr_read_reg_200           |  32|   0|   32|          0|
    |gmem1_addr_read_reg_205           |  32|   0|   32|          0|
    |i_3_reg_191                       |  11|   0|   11|          0|
    |i_3_reg_191_pp0_iter1_reg         |  11|   0|   11|          0|
    |i_fu_64                           |  11|   0|   11|          0|
    +----------------------------------+----+----+-----+-----------+
    |Total                             | 102|   0|  102|          0|
    +----------------------------------+----+----+-----+-----------+



================================================================
== Interface
================================================================
* Summary: 
+----------------------+-----+-----+------------+-------------------------------------+--------------+
|       RTL Ports      | Dir | Bits|  Protocol  |            Source Object            |    C Type    |
+----------------------+-----+-----+------------+-------------------------------------+--------------+
|ap_clk                |   in|    1|  ap_ctrl_hs|  fft_kernel_Pipeline_VITIS_LOOP_49_2|  return value|
|ap_rst                |   in|    1|  ap_ctrl_hs|  fft_kernel_Pipeline_VITIS_LOOP_49_2|  return value|
|ap_start              |   in|    1|  ap_ctrl_hs|  fft_kernel_Pipeline_VITIS_LOOP_49_2|  return value|
|ap_done               |  out|    1|  ap_ctrl_hs|  fft_kernel_Pipeline_VITIS_LOOP_49_2|  return value|
|ap_idle               |  out|    1|  ap_ctrl_hs|  fft_kernel_Pipeline_VITIS_LOOP_49_2|  return value|
|ap_ready              |  out|    1|  ap_ctrl_hs|  fft_kernel_Pipeline_VITIS_LOOP_49_2|  return value|
|m_axi_gmem0_AWVALID   |  out|    1|       m_axi|                                gmem0|       pointer|
|m_axi_gmem0_AWREADY   |   in|    1|       m_axi|                                gmem0|       pointer|
|m_axi_gmem0_AWADDR    |  out|   64|       m_axi|                                gmem0|       pointer|
|m_axi_gmem0_AWID      |  out|    1|       m_axi|                                gmem0|       pointer|
|m_axi_gmem0_AWLEN     |  out|   32|       m_axi|                                gmem0|       pointer|
|m_axi_gmem0_AWSIZE    |  out|    3|       m_axi|                                gmem0|       pointer|
|m_axi_gmem0_AWBURST   |  out|    2|       m_axi|                                gmem0|       pointer|
|m_axi_gmem0_AWLOCK    |  out|    2|       m_axi|                                gmem0|       pointer|
|m_axi_gmem0_AWCACHE   |  out|    4|       m_axi|                                gmem0|       pointer|
|m_axi_gmem0_AWPROT    |  out|    3|       m_axi|                                gmem0|       pointer|
|m_axi_gmem0_AWQOS     |  out|    4|       m_axi|                                gmem0|       pointer|
|m_axi_gmem0_AWREGION  |  out|    4|       m_axi|                                gmem0|       pointer|
|m_axi_gmem0_AWUSER    |  out|    1|       m_axi|                                gmem0|       pointer|
|m_axi_gmem0_WVALID    |  out|    1|       m_axi|                                gmem0|       pointer|
|m_axi_gmem0_WREADY    |   in|    1|       m_axi|                                gmem0|       pointer|
|m_axi_gmem0_WDATA     |  out|   32|       m_axi|                                gmem0|       pointer|
|m_axi_gmem0_WSTRB     |  out|    4|       m_axi|                                gmem0|       pointer|
|m_axi_gmem0_WLAST     |  out|    1|       m_axi|                                gmem0|       pointer|
|m_axi_gmem0_WID       |  out|    1|       m_axi|                                gmem0|       pointer|
|m_axi_gmem0_WUSER     |  out|    1|       m_axi|                                gmem0|       pointer|
|m_axi_gmem0_ARVALID   |  out|    1|       m_axi|                                gmem0|       pointer|
|m_axi_gmem0_ARREADY   |   in|    1|       m_axi|                                gmem0|       pointer|
|m_axi_gmem0_ARADDR    |  out|   64|       m_axi|                                gmem0|       pointer|
|m_axi_gmem0_ARID      |  out|    1|       m_axi|                                gmem0|       pointer|
|m_axi_gmem0_ARLEN     |  out|   32|       m_axi|                                gmem0|       pointer|
|m_axi_gmem0_ARSIZE    |  out|    3|       m_axi|                                gmem0|       pointer|
|m_axi_gmem0_ARBURST   |  out|    2|       m_axi|                                gmem0|       pointer|
|m_axi_gmem0_ARLOCK    |  out|    2|       m_axi|                                gmem0|       pointer|
|m_axi_gmem0_ARCACHE   |  out|    4|       m_axi|                                gmem0|       pointer|
|m_axi_gmem0_ARPROT    |  out|    3|       m_axi|                                gmem0|       pointer|
|m_axi_gmem0_ARQOS     |  out|    4|       m_axi|                                gmem0|       pointer|
|m_axi_gmem0_ARREGION  |  out|    4|       m_axi|                                gmem0|       pointer|
|m_axi_gmem0_ARUSER    |  out|    1|       m_axi|                                gmem0|       pointer|
|m_axi_gmem0_RVALID    |   in|    1|       m_axi|                                gmem0|       pointer|
|m_axi_gmem0_RREADY    |  out|    1|       m_axi|                                gmem0|       pointer|
|m_axi_gmem0_RDATA     |   in|   32|       m_axi|                                gmem0|       pointer|
|m_axi_gmem0_RLAST     |   in|    1|       m_axi|                                gmem0|       pointer|
|m_axi_gmem0_RID       |   in|    1|       m_axi|                                gmem0|       pointer|
|m_axi_gmem0_RFIFONUM  |   in|    9|       m_axi|                                gmem0|       pointer|
|m_axi_gmem0_RUSER     |   in|    1|       m_axi|                                gmem0|       pointer|
|m_axi_gmem0_RRESP     |   in|    2|       m_axi|                                gmem0|       pointer|
|m_axi_gmem0_BVALID    |   in|    1|       m_axi|                                gmem0|       pointer|
|m_axi_gmem0_BREADY    |  out|    1|       m_axi|                                gmem0|       pointer|
|m_axi_gmem0_BRESP     |   in|    2|       m_axi|                                gmem0|       pointer|
|m_axi_gmem0_BID       |   in|    1|       m_axi|                                gmem0|       pointer|
|m_axi_gmem0_BUSER     |   in|    1|       m_axi|                                gmem0|       pointer|
|m_axi_gmem1_AWVALID   |  out|    1|       m_axi|                                gmem1|       pointer|
|m_axi_gmem1_AWREADY   |   in|    1|       m_axi|                                gmem1|       pointer|
|m_axi_gmem1_AWADDR    |  out|   64|       m_axi|                                gmem1|       pointer|
|m_axi_gmem1_AWID      |  out|    1|       m_axi|                                gmem1|       pointer|
|m_axi_gmem1_AWLEN     |  out|   32|       m_axi|                                gmem1|       pointer|
|m_axi_gmem1_AWSIZE    |  out|    3|       m_axi|                                gmem1|       pointer|
|m_axi_gmem1_AWBURST   |  out|    2|       m_axi|                                gmem1|       pointer|
|m_axi_gmem1_AWLOCK    |  out|    2|       m_axi|                                gmem1|       pointer|
|m_axi_gmem1_AWCACHE   |  out|    4|       m_axi|                                gmem1|       pointer|
|m_axi_gmem1_AWPROT    |  out|    3|       m_axi|                                gmem1|       pointer|
|m_axi_gmem1_AWQOS     |  out|    4|       m_axi|                                gmem1|       pointer|
|m_axi_gmem1_AWREGION  |  out|    4|       m_axi|                                gmem1|       pointer|
|m_axi_gmem1_AWUSER    |  out|    1|       m_axi|                                gmem1|       pointer|
|m_axi_gmem1_WVALID    |  out|    1|       m_axi|                                gmem1|       pointer|
|m_axi_gmem1_WREADY    |   in|    1|       m_axi|                                gmem1|       pointer|
|m_axi_gmem1_WDATA     |  out|   32|       m_axi|                                gmem1|       pointer|
|m_axi_gmem1_WSTRB     |  out|    4|       m_axi|                                gmem1|       pointer|
|m_axi_gmem1_WLAST     |  out|    1|       m_axi|                                gmem1|       pointer|
|m_axi_gmem1_WID       |  out|    1|       m_axi|                                gmem1|       pointer|
|m_axi_gmem1_WUSER     |  out|    1|       m_axi|                                gmem1|       pointer|
|m_axi_gmem1_ARVALID   |  out|    1|       m_axi|                                gmem1|       pointer|
|m_axi_gmem1_ARREADY   |   in|    1|       m_axi|                                gmem1|       pointer|
|m_axi_gmem1_ARADDR    |  out|   64|       m_axi|                                gmem1|       pointer|
|m_axi_gmem1_ARID      |  out|    1|       m_axi|                                gmem1|       pointer|
|m_axi_gmem1_ARLEN     |  out|   32|       m_axi|                                gmem1|       pointer|
|m_axi_gmem1_ARSIZE    |  out|    3|       m_axi|                                gmem1|       pointer|
|m_axi_gmem1_ARBURST   |  out|    2|       m_axi|                                gmem1|       pointer|
|m_axi_gmem1_ARLOCK    |  out|    2|       m_axi|                                gmem1|       pointer|
|m_axi_gmem1_ARCACHE   |  out|    4|       m_axi|                                gmem1|       pointer|
|m_axi_gmem1_ARPROT    |  out|    3|       m_axi|                                gmem1|       pointer|
|m_axi_gmem1_ARQOS     |  out|    4|       m_axi|                                gmem1|       pointer|
|m_axi_gmem1_ARREGION  |  out|    4|       m_axi|                                gmem1|       pointer|
|m_axi_gmem1_ARUSER    |  out|    1|       m_axi|                                gmem1|       pointer|
|m_axi_gmem1_RVALID    |   in|    1|       m_axi|                                gmem1|       pointer|
|m_axi_gmem1_RREADY    |  out|    1|       m_axi|                                gmem1|       pointer|
|m_axi_gmem1_RDATA     |   in|   32|       m_axi|                                gmem1|       pointer|
|m_axi_gmem1_RLAST     |   in|    1|       m_axi|                                gmem1|       pointer|
|m_axi_gmem1_RID       |   in|    1|       m_axi|                                gmem1|       pointer|
|m_axi_gmem1_RFIFONUM  |   in|    9|       m_axi|                                gmem1|       pointer|
|m_axi_gmem1_RUSER     |   in|    1|       m_axi|                                gmem1|       pointer|
|m_axi_gmem1_RRESP     |   in|    2|       m_axi|                                gmem1|       pointer|
|m_axi_gmem1_BVALID    |   in|    1|       m_axi|                                gmem1|       pointer|
|m_axi_gmem1_BREADY    |  out|    1|       m_axi|                                gmem1|       pointer|
|m_axi_gmem1_BRESP     |   in|    2|       m_axi|                                gmem1|       pointer|
|m_axi_gmem1_BID       |   in|    1|       m_axi|                                gmem1|       pointer|
|m_axi_gmem1_BUSER     |   in|    1|       m_axi|                                gmem1|       pointer|
|sext_ln47             |   in|   62|     ap_none|                            sext_ln47|        scalar|
|sext_ln47_1           |   in|   62|     ap_none|                          sext_ln47_1|        scalar|
|real_r_address1       |  out|   10|   ap_memory|                               real_r|         array|
|real_r_ce1            |  out|    1|   ap_memory|                               real_r|         array|
|real_r_we1            |  out|    1|   ap_memory|                               real_r|         array|
|real_r_d1             |  out|   32|   ap_memory|                               real_r|         array|
|imag_address1         |  out|   10|   ap_memory|                                 imag|         array|
|imag_ce1              |  out|    1|   ap_memory|                                 imag|         array|
|imag_we1              |  out|    1|   ap_memory|                                 imag|         array|
|imag_d1               |  out|   32|   ap_memory|                                 imag|         array|
+----------------------+-----+-----+------------+-------------------------------------+--------------+

============================================================
+ Verbose Summary: Synthesis Manager
============================================================
InlineROM: 1
ExposeGlobal: 0
============================================================
+ Verbose Summary: CDFG Model
============================================================
IsTopModel: 0
ResetActiveHigh: 1
IsCombinational: 2
IsDatapathOnly: 2
HasWiredReturn: 1
HasMFsm: 2
HasVarLatency: 1
IsPipeline: 0
IsRtlPipelined: 0
IsInstanceOverlapped: 0
IsDontTouch: 0
HasImplIP: 0
IsGatedGlobalClock: 0

+ Individual pipeline summary: 
  * Pipeline-0: initiation interval (II) = 1, depth = 3


============================================================
+ Verbose Summary: Schedule
============================================================
* Number of FSM states : 3
* Pipeline : 1
  Pipeline-0 : II = 1, D = 3, States = { 1 2 3 }
* Dataflow Pipeline: 0

* FSM state transitions: 
1 --> 2 
2 --> 3 
3 --> 

* FSM state operations: 

State 1 <SV = 0> <Delay = 1.50>
ST_1 : Operation 6 [1/1] (0.00ns)   --->   "%i = alloca i32 1" [../../../../src/fft_kernel.cpp:49]   --->   Operation 6 'alloca' 'i' <Predicate = true> <Delay = 0.00>
ST_1 : Operation 7 [1/1] (0.00ns)   --->   "%sext_ln47_1_read = read i62 @_ssdm_op_Read.ap_auto.i62, i62 %sext_ln47_1"   --->   Operation 7 'read' 'sext_ln47_1_read' <Predicate = true> <Delay = 0.00>
ST_1 : Operation 8 [1/1] (0.00ns)   --->   "%sext_ln47_read = read i62 @_ssdm_op_Read.ap_auto.i62, i62 %sext_ln47"   --->   Operation 8 'read' 'sext_ln47_read' <Predicate = true> <Delay = 0.00>
ST_1 : Operation 9 [1/1] (0.00ns)   --->   "%sext_ln47_1_cast = sext i62 %sext_ln47_1_read"   --->   Operation 9 'sext' 'sext_ln47_1_cast' <Predicate = true> <Delay = 0.00>
ST_1 : Operation 10 [1/1] (0.00ns)   --->   "%sext_ln47_cast = sext i62 %sext_ln47_read"   --->   Operation 10 'sext' 'sext_ln47_cast' <Predicate = true> <Delay = 0.00>
ST_1 : Operation 11 [1/1] (0.00ns)   --->   "%specmemcore_ln0 = specmemcore void @_ssdm_op_SpecMemCore, i32 %imag, i64 666, i64 22, i64 18446744073709551615"   --->   Operation 11 'specmemcore' 'specmemcore_ln0' <Predicate = true> <Delay = 0.00>
ST_1 : Operation 12 [1/1] (0.00ns)   --->   "%specmemcore_ln0 = specmemcore void @_ssdm_op_SpecMemCore, i32 %real_r, i64 666, i64 22, i64 18446744073709551615"   --->   Operation 12 'specmemcore' 'specmemcore_ln0' <Predicate = true> <Delay = 0.00>
ST_1 : Operation 13 [1/1] (0.00ns)   --->   "%specinterface_ln0 = specinterface void @_ssdm_op_SpecInterface, i32 %gmem1, void @empty_0, i32 0, i32 0, void @empty_1, i32 0, i32 0, void @empty_4, void @empty_3, void @empty_1, i32 16, i32 16, i32 16, i32 16, void @empty_1, void @empty_1, i32 4294967295, i32 0, i32 0"   --->   Operation 13 'specinterface' 'specinterface_ln0' <Predicate = true> <Delay = 0.00>
ST_1 : Operation 14 [1/1] (0.00ns)   --->   "%specinterface_ln0 = specinterface void @_ssdm_op_SpecInterface, i32 %gmem0, void @empty_0, i32 0, i32 0, void @empty_1, i32 0, i32 0, void @empty_2, void @empty_3, void @empty_1, i32 16, i32 16, i32 16, i32 16, void @empty_1, void @empty_1, i32 4294967295, i32 0, i32 0"   --->   Operation 14 'specinterface' 'specinterface_ln0' <Predicate = true> <Delay = 0.00>
ST_1 : Operation 15 [1/1] (0.38ns)   --->   "%store_ln49 = store i11 0, i11 %i" [../../../../src/fft_kernel.cpp:49]   --->   Operation 15 'store' 'store_ln49' <Predicate = true> <Delay = 0.38>
ST_1 : Operation 16 [1/1] (0.00ns)   --->   "%br_ln0 = br void %for.inc"   --->   Operation 16 'br' 'br_ln0' <Predicate = true> <Delay = 0.00>
ST_1 : Operation 17 [1/1] (0.00ns)   --->   "%i_3 = load i11 %i" [../../../../src/fft_kernel.cpp:49]   --->   Operation 17 'load' 'i_3' <Predicate = true> <Delay = 0.00>
ST_1 : Operation 18 [1/1] (0.00ns)   --->   "%specbitsmap_ln0 = specbitsmap void @_ssdm_op_SpecBitsMap, i32 %gmem1"   --->   Operation 18 'specbitsmap' 'specbitsmap_ln0' <Predicate = true> <Delay = 0.00>
ST_1 : Operation 19 [1/1] (0.00ns)   --->   "%specbitsmap_ln0 = specbitsmap void @_ssdm_op_SpecBitsMap, i32 %gmem0"   --->   Operation 19 'specbitsmap' 'specbitsmap_ln0' <Predicate = true> <Delay = 0.00>
ST_1 : Operation 20 [1/1] (0.73ns)   --->   "%icmp_ln49 = icmp_eq  i11 %i_3, i11 1024" [../../../../src/fft_kernel.cpp:49]   --->   Operation 20 'icmp' 'icmp_ln49' <Predicate = true> <Delay = 0.73> <CoreInst = "Cmp">   --->   Core 9 'Cmp' <Latency = 0> <II = 1> <Delay = 0.74> <FuncUnit> <Opcode : 'seteq' 'setne' 'setle' 'setge' 'setlt' 'setgt'> <InPorts = 2> <OutPorts = 1>
ST_1 : Operation 21 [1/1] (0.73ns)   --->   "%add_ln49 = add i11 %i_3, i11 1" [../../../../src/fft_kernel.cpp:49]   --->   Operation 21 'add' 'add_ln49' <Predicate = true> <Delay = 0.73> <CoreInst = "Adder">   --->   Core 1 'Adder' <Latency = 0> <II = 1> <Delay = 0.73> <FuncUnit> <Opcode : 'add' 'sub'> <InPorts = 2> <OutPorts = 1>
ST_1 : Operation 22 [1/1] (0.00ns)   --->   "%br_ln49 = br i1 %icmp_ln49, void %for.inc.split, void %for.inc31.preheader.exitStub" [../../../../src/fft_kernel.cpp:49]   --->   Operation 22 'br' 'br_ln49' <Predicate = true> <Delay = 0.00>
ST_1 : Operation 23 [1/1] (0.38ns)   --->   "%store_ln49 = store i11 %add_ln49, i11 %i" [../../../../src/fft_kernel.cpp:49]   --->   Operation 23 'store' 'store_ln49' <Predicate = (!icmp_ln49)> <Delay = 0.38>

State 2 <SV = 1> <Delay = 2.19>
ST_2 : Operation 24 [1/1] (0.00ns)   --->   "%gmem0_addr = getelementptr i32 %gmem0, i64 %sext_ln47_cast" [../../../../src/fft_kernel.cpp:47]   --->   Operation 24 'getelementptr' 'gmem0_addr' <Predicate = true> <Delay = 0.00>
ST_2 : Operation 25 [1/1] (0.00ns)   --->   "%gmem1_addr = getelementptr i32 %gmem1, i64 %sext_ln47_1_cast" [../../../../src/fft_kernel.cpp:47]   --->   Operation 25 'getelementptr' 'gmem1_addr' <Predicate = true> <Delay = 0.00>
ST_2 : Operation 26 [1/1] (2.19ns)   --->   "%gmem0_addr_read = read i32 @_ssdm_op_Read.m_axi.p1i32, i64 %gmem0_addr" [../../../../src/fft_kernel.cpp:51]   --->   Operation 26 'read' 'gmem0_addr_read' <Predicate = true> <Delay = 2.19> <CoreInst = "m_axi">   --->   Core 119 'm_axi' <Latency = 0> <II = 1> <Delay = 1.00> <Adapter> <Opcode : 'read' 'write' 'readreq' 'writereq' 'writeresp'>
ST_2 : Operation 27 [1/1] (2.19ns)   --->   "%gmem1_addr_read = read i32 @_ssdm_op_Read.m_axi.p1i32, i64 %gmem1_addr" [../../../../src/fft_kernel.cpp:52]   --->   Operation 27 'read' 'gmem1_addr_read' <Predicate = true> <Delay = 2.19> <CoreInst = "m_axi">   --->   Core 119 'm_axi' <Latency = 0> <II = 1> <Delay = 1.00> <Adapter> <Opcode : 'read' 'write' 'readreq' 'writereq' 'writeresp'>
ST_2 : Operation 37 [1/1] (0.38ns)   --->   "%ret_ln0 = ret"   --->   Operation 37 'ret' 'ret_ln0' <Predicate = (icmp_ln49)> <Delay = 0.38>

State 3 <SV = 2> <Delay = 1.20>
ST_3 : Operation 28 [1/1] (0.00ns)   --->   "%zext_ln49 = zext i11 %i_3" [../../../../src/fft_kernel.cpp:49]   --->   Operation 28 'zext' 'zext_ln49' <Predicate = true> <Delay = 0.00>
ST_3 : Operation 29 [1/1] (0.00ns)   --->   "%specpipeline_ln50 = specpipeline void @_ssdm_op_SpecPipeline, i32 1, i32 0, i32 0, i32 0, void @empty_1" [../../../../src/fft_kernel.cpp:50]   --->   Operation 29 'specpipeline' 'specpipeline_ln50' <Predicate = true> <Delay = 0.00>
ST_3 : Operation 30 [1/1] (0.00ns)   --->   "%speclooptripcount_ln49 = speclooptripcount void @_ssdm_op_SpecLoopTripCount, i64 1024, i64 1024, i64 1024" [../../../../src/fft_kernel.cpp:49]   --->   Operation 30 'speclooptripcount' 'speclooptripcount_ln49' <Predicate = true> <Delay = 0.00>
ST_3 : Operation 31 [1/1] (0.00ns)   --->   "%specloopname_ln49 = specloopname void @_ssdm_op_SpecLoopName, void @empty_17" [../../../../src/fft_kernel.cpp:49]   --->   Operation 31 'specloopname' 'specloopname_ln49' <Predicate = true> <Delay = 0.00>
ST_3 : Operation 32 [1/1] (0.00ns)   --->   "%real_addr = getelementptr i32 %real_r, i64 0, i64 %zext_ln49" [../../../../src/fft_kernel.cpp:51]   --->   Operation 32 'getelementptr' 'real_addr' <Predicate = true> <Delay = 0.00>
ST_3 : Operation 33 [1/1] (1.20ns)   --->   "%store_ln51 = store i32 %gmem0_addr_read, i10 %real_addr" [../../../../src/fft_kernel.cpp:51]   --->   Operation 33 'store' 'store_ln51' <Predicate = true> <Delay = 1.20> <CoreInst = "RAM_2P_BRAM">   --->   Core 93 'RAM_2P_BRAM' <Latency = 1> <II = 1> <Delay = 1.20> <Storage> <Opcode : 'load' 'store'> <Ports = 2> <Width = 32> <Depth = 1024> <RAM>
ST_3 : Operation 34 [1/1] (0.00ns)   --->   "%imag_addr = getelementptr i32 %imag, i64 0, i64 %zext_ln49" [../../../../src/fft_kernel.cpp:52]   --->   Operation 34 'getelementptr' 'imag_addr' <Predicate = true> <Delay = 0.00>
ST_3 : Operation 35 [1/1] (1.20ns)   --->   "%store_ln52 = store i32 %gmem1_addr_read, i10 %imag_addr" [../../../../src/fft_kernel.cpp:52]   --->   Operation 35 'store' 'store_ln52' <Predicate = true> <Delay = 1.20> <CoreInst = "RAM_2P_BRAM">   --->   Core 93 'RAM_2P_BRAM' <Latency = 1> <II = 1> <Delay = 1.20> <Storage> <Opcode : 'load' 'store'> <Ports = 2> <Width = 32> <Depth = 1024> <RAM>
ST_3 : Operation 36 [1/1] (0.00ns)   --->   "%br_ln49 = br void %for.inc" [../../../../src/fft_kernel.cpp:49]   --->   Operation 36 'br' 'br_ln49' <Predicate = true> <Delay = 0.00>


============================================================
+ Verbose Summary: Binding
============================================================
STG Binding: 
---------------- STG Properties BEGIN ----------------
- Is combinational: 0
- Is one-state seq: 0
- Is datapath-only: 0
- Is pipelined: 0
- Is top level: 0
Port [ Return ] is wired: 1; IO mode=ap_ctrl_hs:ce=0
Port [ gmem1]:  wired=1; compound=1; hidden=0; nouse=0; global=0; static=0; extern=0; dir=0; type=4; pingpong=0; private_global=0; IO mode=m_axi:ce=0
Port [ gmem0]:  wired=1; compound=1; hidden=0; nouse=0; global=0; static=0; extern=0; dir=0; type=4; pingpong=0; private_global=0; IO mode=m_axi:ce=0
Port [ sext_ln47]:  wired=1; compound=0; hidden=0; nouse=0; global=0; static=0; extern=0; dir=0; type=0; pingpong=0; private_global=0; IO mode=ap_none:ce=0
Port [ sext_ln47_1]:  wired=1; compound=0; hidden=0; nouse=0; global=0; static=0; extern=0; dir=0; type=0; pingpong=0; private_global=0; IO mode=ap_none:ce=0
Port [ real_r]:  wired=1; compound=1; hidden=0; nouse=0; global=0; static=0; extern=0; dir=1; type=1; pingpong=0; private_global=0; MemPort=[30]; IO mode=ap_memory:ce=0
Port [ imag]:  wired=1; compound=1; hidden=0; nouse=0; global=0; static=0; extern=0; dir=1; type=1; pingpong=0; private_global=0; MemPort=[30]; IO mode=ap_memory:ce=0
---------------- STG Properties END ------------------

---------------- Datapath Model BEGIN ----------------

<LifeTime>
<method=bitvector/>
i                      (alloca           ) [ 0100]
sext_ln47_1_read       (read             ) [ 0000]
sext_ln47_read         (read             ) [ 0000]
sext_ln47_1_cast       (sext             ) [ 0110]
sext_ln47_cast         (sext             ) [ 0110]
specmemcore_ln0        (specmemcore      ) [ 0000]
specmemcore_ln0        (specmemcore      ) [ 0000]
specinterface_ln0      (specinterface    ) [ 0000]
specinterface_ln0      (specinterface    ) [ 0000]
store_ln49             (store            ) [ 0000]
br_ln0                 (br               ) [ 0000]
i_3                    (load             ) [ 0111]
specbitsmap_ln0        (specbitsmap      ) [ 0000]
specbitsmap_ln0        (specbitsmap      ) [ 0000]
icmp_ln49              (icmp             ) [ 0110]
add_ln49               (add              ) [ 0000]
br_ln49                (br               ) [ 0000]
store_ln49             (store            ) [ 0000]
gmem0_addr             (getelementptr    ) [ 0000]
gmem1_addr             (getelementptr    ) [ 0000]
gmem0_addr_read        (read             ) [ 0101]
gmem1_addr_read        (read             ) [ 0101]
zext_ln49              (zext             ) [ 0000]
specpipeline_ln50      (specpipeline     ) [ 0000]
speclooptripcount_ln49 (speclooptripcount) [ 0000]
specloopname_ln49      (specloopname     ) [ 0000]
real_addr              (getelementptr    ) [ 0000]
store_ln51             (store            ) [ 0000]
imag_addr              (getelementptr    ) [ 0000]
store_ln52             (store            ) [ 0000]
br_ln49                (br               ) [ 0000]
ret_ln0                (ret              ) [ 0000]
</LifeTime>

<model>

<comp_list>
<comp id="0" class="1000" name="gmem1">
<pin_list>
<pin id="1" dir="1" index="0" bw="1" slack="0"/>
</pin_list>
<bind>
<StgValue><ssdm name="gmem1"/></StgValue>
</bind>
</comp>

<comp id="2" class="1000" name="gmem0">
<pin_list>
<pin id="3" dir="1" index="0" bw="1" slack="0"/>
</pin_list>
<bind>
<StgValue><ssdm name="gmem0"/></StgValue>
</bind>
</comp>

<comp id="4" class="1000" name="sext_ln47">
<pin_list>
<pin id="5" dir="1" index="0" bw="1" slack="0"/>
</pin_list>
<bind>
<StgValue><ssdm name="sext_ln47"/></StgValue>
</bind>
</comp>

<comp id="6" class="1000" name="sext_ln47_1">
<pin_list>
<pin id="7" dir="1" index="0" bw="1" slack="0"/>
</pin_list>
<bind>
<StgValue><ssdm name="sext_ln47_1"/></StgValue>
</bind>
</comp>

<comp id="8" class="1000" name="real_r">
<pin_list>
<pin id="9" dir="1" index="0" bw="1" slack="0"/>
</pin_list>
<bind>
<StgValue><ssdm name="real_r"/><MemPortTyVec>3 0 </MemPortTyVec>
</StgValue>
</bind>
</comp>

<comp id="10" class="1000" name="imag">
<pin_list>
<pin id="11" dir="1" index="0" bw="1" slack="0"/>
</pin_list>
<bind>
<StgValue><ssdm name="imag"/><MemPortTyVec>3 0 </MemPortTyVec>
</StgValue>
</bind>
</comp>

<comp id="12" class="1001" name="const_12">
<pin_list>
<pin id="13" dir="1" index="0" bw="1" slack="0"/>
</pin_list>
<bind>
<StgValue><ssdm name=""/></StgValue>
</bind>
</comp>

<comp id="14" class="1001" name="const_14">
<pin_list>
<pin id="15" dir="1" index="0" bw="1" slack="0"/>
</pin_list>
<bind>
<StgValue><ssdm name="_ssdm_op_Read.ap_auto.i62"/></StgValue>
</bind>
</comp>

<comp id="16" class="1001" name="const_16">
<pin_list>
<pin id="17" dir="1" index="0" bw="1" slack="2147483647"/>
</pin_list>
<bind>
<StgValue><ssdm name="_ssdm_op_SpecMemCore"/></StgValue>
</bind>
</comp>

<comp id="18" class="1001" name="const_18">
<pin_list>
<pin id="19" dir="1" index="0" bw="1" slack="2147483647"/>
</pin_list>
<bind>
<StgValue><ssdm name=""/></StgValue>
</bind>
</comp>

<comp id="20" class="1001" name="const_20">
<pin_list>
<pin id="21" dir="1" index="0" bw="1" slack="2147483647"/>
</pin_list>
<bind>
<StgValue><ssdm name=""/></StgValue>
</bind>
</comp>

<comp id="22" class="1001" name="const_22">
<pin_list>
<pin id="23" dir="1" index="0" bw="1" slack="2147483647"/>
</pin_list>
<bind>
<StgValue><ssdm name=""/></StgValue>
</bind>
</comp>

<comp id="24" class="1001" name="const_24">
<pin_list>
<pin id="25" dir="1" index="0" bw="1" slack="2147483647"/>
</pin_list>
<bind>
<StgValue><ssdm name="_ssdm_op_SpecInterface"/></StgValue>
</bind>
</comp>

<comp id="26" class="1001" name="const_26">
<pin_list>
<pin id="27" dir="1" index="0" bw="1" slack="2147483647"/>
</pin_list>
<bind>
<StgValue><ssdm name="empty_0"/></StgValue>
</bind>
</comp>

<comp id="28" class="1001" name="const_28">
<pin_list>
<pin id="29" dir="1" index="0" bw="1" slack="2147483647"/>
</pin_list>
<bind>
<StgValue><ssdm name=""/></StgValue>
</bind>
</comp>

<comp id="30" class="1001" name="const_30">
<pin_list>
<pin id="31" dir="1" index="0" bw="1" slack="2147483647"/>
</pin_list>
<bind>
<StgValue><ssdm name="empty_1"/></StgValue>
</bind>
</comp>

<comp id="32" class="1001" name="const_32">
<pin_list>
<pin id="33" dir="1" index="0" bw="1" slack="2147483647"/>
</pin_list>
<bind>
<StgValue><ssdm name="empty_4"/></StgValue>
</bind>
</comp>

<comp id="34" class="1001" name="const_34">
<pin_list>
<pin id="35" dir="1" index="0" bw="1" slack="2147483647"/>
</pin_list>
<bind>
<StgValue><ssdm name="empty_3"/></StgValue>
</bind>
</comp>

<comp id="36" class="1001" name="const_36">
<pin_list>
<pin id="37" dir="1" index="0" bw="1" slack="2147483647"/>
</pin_list>
<bind>
<StgValue><ssdm name=""/></StgValue>
</bind>
</comp>

<comp id="38" class="1001" name="const_38">
<pin_list>
<pin id="39" dir="1" index="0" bw="1" slack="2147483647"/>
</pin_list>
<bind>
<StgValue><ssdm name=""/></StgValue>
</bind>
</comp>

<comp id="40" class="1001" name="const_40">
<pin_list>
<pin id="41" dir="1" index="0" bw="1" slack="2147483647"/>
</pin_list>
<bind>
<StgValue><ssdm name="empty_2"/></StgValue>
</bind>
</comp>

<comp id="42" class="1001" name="const_42">
<pin_list>
<pin id="43" dir="1" index="0" bw="1" slack="0"/>
</pin_list>
<bind>
<StgValue><ssdm name=""/></StgValue>
</bind>
</comp>

<comp id="44" class="1001" name="const_44">
<pin_list>
<pin id="45" dir="1" index="0" bw="1" slack="2147483647"/>
</pin_list>
<bind>
<StgValue><ssdm name="_ssdm_op_SpecBitsMap"/></StgValue>
</bind>
</comp>

<comp id="46" class="1001" name="const_46">
<pin_list>
<pin id="47" dir="1" index="0" bw="1" slack="0"/>
</pin_list>
<bind>
<StgValue><ssdm name=""/></StgValue>
</bind>
</comp>

<comp id="48" class="1001" name="const_48">
<pin_list>
<pin id="49" dir="1" index="0" bw="1" slack="0"/>
</pin_list>
<bind>
<StgValue><ssdm name=""/></StgValue>
</bind>
</comp>

<comp id="50" class="1001" name="const_50">
<pin_list>
<pin id="51" dir="1" index="0" bw="1" slack="0"/>
</pin_list>
<bind>
<StgValue><ssdm name="_ssdm_op_Read.m_axi.p1i32"/></StgValue>
</bind>
</comp>

<comp id="52" class="1001" name="const_52">
<pin_list>
<pin id="53" dir="1" index="0" bw="1" slack="2147483647"/>
</pin_list>
<bind>
<StgValue><ssdm name="_ssdm_op_SpecPipeline"/></StgValue>
</bind>
</comp>

<comp id="54" class="1001" name="const_54">
<pin_list>
<pin id="55" dir="1" index="0" bw="1" slack="2147483647"/>
</pin_list>
<bind>
<StgValue><ssdm name="_ssdm_op_SpecLoopTripCount"/></StgValue>
</bind>
</comp>

<comp id="56" class="1001" name="const_56">
<pin_list>
<pin id="57" dir="1" index="0" bw="1" slack="2147483647"/>
</pin_list>
<bind>
<StgValue><ssdm name=""/></StgValue>
</bind>
</comp>

<comp id="58" class="1001" name="const_58">
<pin_list>
<pin id="59" dir="1" index="0" bw="1" slack="2147483647"/>
</pin_list>
<bind>
<StgValue><ssdm name="_ssdm_op_SpecLoopName"/></StgValue>
</bind>
</comp>

<comp id="60" class="1001" name="const_60">
<pin_list>
<pin id="61" dir="1" index="0" bw="1" slack="2147483647"/>
</pin_list>
<bind>
<StgValue><ssdm name="empty_17"/></StgValue>
</bind>
</comp>

<comp id="62" class="1001" name="const_62">
<pin_list>
<pin id="63" dir="1" index="0" bw="1" slack="0"/>
</pin_list>
<bind>
<StgValue><ssdm name=""/></StgValue>
</bind>
</comp>

<comp id="64" class="1004" name="i_fu_64">
<pin_list>
<pin id="65" dir="0" index="0" bw="1" slack="0"/>
<pin id="66" dir="1" index="1" bw="11" slack="0"/>
</pin_list>
<bind>
<opcode="alloca(26) " fcode="alloca"/>
<opset="i/1 "/>
</bind>
</comp>

<comp id="68" class="1004" name="sext_ln47_1_read_read_fu_68">
<pin_list>
<pin id="69" dir="0" index="0" bw="62" slack="0"/>
<pin id="70" dir="0" index="1" bw="62" slack="0"/>
<pin id="71" dir="1" index="2" bw="62" slack="0"/>
</pin_list>
<bind>
<opcode="read(1150) " fcode="read"/>
<opset="sext_ln47_1_read/1 "/>
</bind>
</comp>

<comp id="74" class="1004" name="sext_ln47_read_read_fu_74">
<pin_list>
<pin id="75" dir="0" index="0" bw="62" slack="0"/>
<pin id="76" dir="0" index="1" bw="62" slack="0"/>
<pin id="77" dir="1" index="2" bw="62" slack="0"/>
</pin_list>
<bind>
<opcode="read(1150) " fcode="read"/>
<opset="sext_ln47_read/1 "/>
</bind>
</comp>

<comp id="80" class="1004" name="gmem0_addr_read_read_fu_80">
<pin_list>
<pin id="81" dir="0" index="0" bw="32" slack="0"/>
<pin id="82" dir="0" index="1" bw="32" slack="0"/>
<pin id="83" dir="1" index="2" bw="32" slack="1"/>
</pin_list>
<bind>
<opcode="read(1150) " fcode="read"/>
<opset="gmem0_addr_read/2 "/>
</bind>
</comp>

<comp id="85" class="1004" name="gmem1_addr_read_read_fu_85">
<pin_list>
<pin id="86" dir="0" index="0" bw="32" slack="0"/>
<pin id="87" dir="0" index="1" bw="32" slack="0"/>
<pin id="88" dir="1" index="2" bw="32" slack="1"/>
</pin_list>
<bind>
<opcode="read(1150) " fcode="read"/>
<opset="gmem1_addr_read/2 "/>
</bind>
</comp>

<comp id="90" class="1004" name="real_addr_gep_fu_90">
<pin_list>
<pin id="91" dir="0" index="0" bw="32" slack="0"/>
<pin id="92" dir="0" index="1" bw="1" slack="0"/>
<pin id="93" dir="0" index="2" bw="11" slack="0"/>
<pin id="94" dir="1" index="3" bw="10" slack="0"/>
</pin_list>
<bind>
<opcode="getelementptr(29) " fcode="getelementptr"/>
<opset="real_addr/3 "/>
</bind>
</comp>

<comp id="97" class="1004" name="store_ln51_access_fu_97">
<pin_list>
<pin id="98" dir="0" index="0" bw="10" slack="2147483647"/>
<pin id="99" dir="0" index="1" bw="32" slack="2147483647"/>
<pin id="100" dir="0" index="2" bw="0" slack="0"/>
<pin id="102" dir="0" index="4" bw="10" slack="1"/>
<pin id="103" dir="0" index="5" bw="32" slack="2147483647"/>
<pin id="104" dir="0" index="6" bw="0" slack="2147483647"/>
<pin id="101" dir="1" index="3" bw="32" slack="2147483647"/>
<pin id="105" dir="1" index="7" bw="32" slack="2147483647"/>
</pin_list>
<bind>
<opcode="store(28) " fcode="store"/>
<opset="store_ln51/3 "/>
</bind>
</comp>

<comp id="107" class="1004" name="imag_addr_gep_fu_107">
<pin_list>
<pin id="108" dir="0" index="0" bw="32" slack="0"/>
<pin id="109" dir="0" index="1" bw="1" slack="0"/>
<pin id="110" dir="0" index="2" bw="11" slack="0"/>
<pin id="111" dir="1" index="3" bw="10" slack="0"/>
</pin_list>
<bind>
<opcode="getelementptr(29) " fcode="getelementptr"/>
<opset="imag_addr/3 "/>
</bind>
</comp>

<comp id="114" class="1004" name="store_ln52_access_fu_114">
<pin_list>
<pin id="115" dir="0" index="0" bw="10" slack="2147483647"/>
<pin id="116" dir="0" index="1" bw="32" slack="2147483647"/>
<pin id="117" dir="0" index="2" bw="0" slack="0"/>
<pin id="119" dir="0" index="4" bw="10" slack="1"/>
<pin id="120" dir="0" index="5" bw="32" slack="2147483647"/>
<pin id="121" dir="0" index="6" bw="0" slack="2147483647"/>
<pin id="118" dir="1" index="3" bw="32" slack="2147483647"/>
<pin id="122" dir="1" index="7" bw="32" slack="2147483647"/>
</pin_list>
<bind>
<opcode="store(28) " fcode="store"/>
<opset="store_ln52/3 "/>
</bind>
</comp>

<comp id="124" class="1004" name="sext_ln47_1_cast_fu_124">
<pin_list>
<pin id="125" dir="0" index="0" bw="62" slack="0"/>
<pin id="126" dir="1" index="1" bw="64" slack="1"/>
</pin_list>
<bind>
<opcode="sext(35) " fcode="sext"/>
<opset="sext_ln47_1_cast/1 "/>
</bind>
</comp>

<comp id="128" class="1004" name="sext_ln47_cast_fu_128">
<pin_list>
<pin id="129" dir="0" index="0" bw="62" slack="0"/>
<pin id="130" dir="1" index="1" bw="64" slack="1"/>
</pin_list>
<bind>
<opcode="sext(35) " fcode="sext"/>
<opset="sext_ln47_cast/1 "/>
</bind>
</comp>

<comp id="132" class="1004" name="store_ln49_store_fu_132">
<pin_list>
<pin id="133" dir="0" index="0" bw="1" slack="0"/>
<pin id="134" dir="0" index="1" bw="11" slack="0"/>
<pin id="135" dir="1" index="2" bw="0" slack="2147483647"/>
</pin_list>
<bind>
<opcode="store(28) " fcode="store"/>
<opset="store_ln49/1 "/>
</bind>
</comp>

<comp id="137" class="1004" name="i_3_load_fu_137">
<pin_list>
<pin id="138" dir="0" index="0" bw="11" slack="0"/>
<pin id="139" dir="1" index="1" bw="11" slack="0"/>
</pin_list>
<bind>
<opcode="load(27) " fcode="load"/>
<opset="i_3/1 "/>
</bind>
</comp>

<comp id="140" class="1004" name="icmp_ln49_fu_140">
<pin_list>
<pin id="141" dir="0" index="0" bw="11" slack="0"/>
<pin id="142" dir="0" index="1" bw="11" slack="0"/>
<pin id="143" dir="1" index="2" bw="1" slack="1"/>
</pin_list>
<bind>
<opcode="icmp(45) " fcode="icmp"/>
<opset="icmp_ln49/1 "/>
</bind>
</comp>

<comp id="146" class="1004" name="add_ln49_fu_146">
<pin_list>
<pin id="147" dir="0" index="0" bw="11" slack="0"/>
<pin id="148" dir="0" index="1" bw="1" slack="0"/>
<pin id="149" dir="1" index="2" bw="11" slack="0"/>
</pin_list>
<bind>
<opcode="add(8) " fcode="add"/>
<opset="add_ln49/1 "/>
</bind>
</comp>

<comp id="152" class="1004" name="store_ln49_store_fu_152">
<pin_list>
<pin id="153" dir="0" index="0" bw="11" slack="0"/>
<pin id="154" dir="0" index="1" bw="11" slack="0"/>
<pin id="155" dir="1" index="2" bw="0" slack="2147483647"/>
</pin_list>
<bind>
<opcode="store(28) " fcode="store"/>
<opset="store_ln49/1 "/>
</bind>
</comp>

<comp id="157" class="1004" name="gmem0_addr_fu_157">
<pin_list>
<pin id="158" dir="0" index="0" bw="64" slack="0"/>
<pin id="159" dir="0" index="1" bw="64" slack="1"/>
<pin id="160" dir="1" index="2" bw="64" slack="0"/>
</pin_list>
<bind>
<opcode="getelementptr(29) " fcode="getelementptr"/>
<opset="gmem0_addr/2 "/>
</bind>
</comp>

<comp id="163" class="1004" name="gmem1_addr_fu_163">
<pin_list>
<pin id="164" dir="0" index="0" bw="64" slack="0"/>
<pin id="165" dir="0" index="1" bw="64" slack="1"/>
<pin id="166" dir="1" index="2" bw="64" slack="0"/>
</pin_list>
<bind>
<opcode="getelementptr(29) " fcode="getelementptr"/>
<opset="gmem1_addr/2 "/>
</bind>
</comp>

<comp id="169" class="1004" name="zext_ln49_fu_169">
<pin_list>
<pin id="170" dir="0" index="0" bw="11" slack="2"/>
<pin id="171" dir="1" index="1" bw="64" slack="0"/>
</pin_list>
<bind>
<opcode="zext(34) " fcode="zext"/>
<opset="zext_ln49/3 "/>
</bind>
</comp>

<comp id="174" class="1005" name="i_reg_174">
<pin_list>
<pin id="175" dir="0" index="0" bw="11" slack="0"/>
<pin id="176" dir="1" index="1" bw="11" slack="0"/>
</pin_list>
<bind>
<opset="i "/>
</bind>
</comp>

<comp id="181" class="1005" name="sext_ln47_1_cast_reg_181">
<pin_list>
<pin id="182" dir="0" index="0" bw="64" slack="1"/>
<pin id="183" dir="1" index="1" bw="64" slack="1"/>
</pin_list>
<bind>
<opset="sext_ln47_1_cast "/>
</bind>
</comp>

<comp id="186" class="1005" name="sext_ln47_cast_reg_186">
<pin_list>
<pin id="187" dir="0" index="0" bw="64" slack="1"/>
<pin id="188" dir="1" index="1" bw="64" slack="1"/>
</pin_list>
<bind>
<opset="sext_ln47_cast "/>
</bind>
</comp>

<comp id="191" class="1005" name="i_3_reg_191">
<pin_list>
<pin id="192" dir="0" index="0" bw="11" slack="2"/>
<pin id="193" dir="1" index="1" bw="11" slack="2"/>
</pin_list>
<bind>
<opset="i_3 "/>
</bind>
</comp>

<comp id="196" class="1005" name="icmp_ln49_reg_196">
<pin_list>
<pin id="197" dir="0" index="0" bw="1" slack="1"/>
<pin id="198" dir="1" index="1" bw="1" slack="2147483647"/>
</pin_list>
<bind>
<opset="icmp_ln49 "/>
</bind>
</comp>

<comp id="200" class="1005" name="gmem0_addr_read_reg_200">
<pin_list>
<pin id="201" dir="0" index="0" bw="32" slack="1"/>
<pin id="202" dir="1" index="1" bw="32" slack="1"/>
</pin_list>
<bind>
<opset="gmem0_addr_read "/>
</bind>
</comp>

<comp id="205" class="1005" name="gmem1_addr_read_reg_205">
<pin_list>
<pin id="206" dir="0" index="0" bw="32" slack="1"/>
<pin id="207" dir="1" index="1" bw="32" slack="1"/>
</pin_list>
<bind>
<opset="gmem1_addr_read "/>
</bind>
</comp>

</comp_list>

<net_list>
<net id="67"><net_src comp="12" pin="0"/><net_sink comp="64" pin=0"/></net>

<net id="72"><net_src comp="14" pin="0"/><net_sink comp="68" pin=0"/></net>

<net id="73"><net_src comp="6" pin="0"/><net_sink comp="68" pin=1"/></net>

<net id="78"><net_src comp="14" pin="0"/><net_sink comp="74" pin=0"/></net>

<net id="79"><net_src comp="4" pin="0"/><net_sink comp="74" pin=1"/></net>

<net id="84"><net_src comp="50" pin="0"/><net_sink comp="80" pin=0"/></net>

<net id="89"><net_src comp="50" pin="0"/><net_sink comp="85" pin=0"/></net>

<net id="95"><net_src comp="8" pin="0"/><net_sink comp="90" pin=0"/></net>

<net id="96"><net_src comp="62" pin="0"/><net_sink comp="90" pin=1"/></net>

<net id="106"><net_src comp="90" pin="3"/><net_sink comp="97" pin=2"/></net>

<net id="112"><net_src comp="10" pin="0"/><net_sink comp="107" pin=0"/></net>

<net id="113"><net_src comp="62" pin="0"/><net_sink comp="107" pin=1"/></net>

<net id="123"><net_src comp="107" pin="3"/><net_sink comp="114" pin=2"/></net>

<net id="127"><net_src comp="68" pin="2"/><net_sink comp="124" pin=0"/></net>

<net id="131"><net_src comp="74" pin="2"/><net_sink comp="128" pin=0"/></net>

<net id="136"><net_src comp="42" pin="0"/><net_sink comp="132" pin=0"/></net>

<net id="144"><net_src comp="137" pin="1"/><net_sink comp="140" pin=0"/></net>

<net id="145"><net_src comp="46" pin="0"/><net_sink comp="140" pin=1"/></net>

<net id="150"><net_src comp="137" pin="1"/><net_sink comp="146" pin=0"/></net>

<net id="151"><net_src comp="48" pin="0"/><net_sink comp="146" pin=1"/></net>

<net id="156"><net_src comp="146" pin="2"/><net_sink comp="152" pin=0"/></net>

<net id="161"><net_src comp="2" pin="0"/><net_sink comp="157" pin=0"/></net>

<net id="162"><net_src comp="157" pin="2"/><net_sink comp="80" pin=1"/></net>

<net id="167"><net_src comp="0" pin="0"/><net_sink comp="163" pin=0"/></net>

<net id="168"><net_src comp="163" pin="2"/><net_sink comp="85" pin=1"/></net>

<net id="172"><net_src comp="169" pin="1"/><net_sink comp="90" pin=2"/></net>

<net id="173"><net_src comp="169" pin="1"/><net_sink comp="107" pin=2"/></net>

<net id="177"><net_src comp="64" pin="1"/><net_sink comp="174" pin=0"/></net>

<net id="178"><net_src comp="174" pin="1"/><net_sink comp="132" pin=1"/></net>

<net id="179"><net_src comp="174" pin="1"/><net_sink comp="137" pin=0"/></net>

<net id="180"><net_src comp="174" pin="1"/><net_sink comp="152" pin=1"/></net>

<net id="184"><net_src comp="124" pin="1"/><net_sink comp="181" pin=0"/></net>

<net id="185"><net_src comp="181" pin="1"/><net_sink comp="163" pin=1"/></net>

<net id="189"><net_src comp="128" pin="1"/><net_sink comp="186" pin=0"/></net>

<net id="190"><net_src comp="186" pin="1"/><net_sink comp="157" pin=1"/></net>

<net id="194"><net_src comp="137" pin="1"/><net_sink comp="191" pin=0"/></net>

<net id="195"><net_src comp="191" pin="1"/><net_sink comp="169" pin=0"/></net>

<net id="199"><net_src comp="140" pin="2"/><net_sink comp="196" pin=0"/></net>

<net id="203"><net_src comp="80" pin="2"/><net_sink comp="200" pin=0"/></net>

<net id="204"><net_src comp="200" pin="1"/><net_sink comp="97" pin=4"/></net>

<net id="208"><net_src comp="85" pin="2"/><net_sink comp="205" pin=0"/></net>

<net id="209"><net_src comp="205" pin="1"/><net_sink comp="114" pin=4"/></net>

</net_list>

</model> 
---------------- Datapath Model END ------------------

* FSMD analyzer results:
  - Output states:
	Port: gmem1 | {}
	Port: gmem0 | {}
	Port: real_r | {3 }
	Port: imag | {3 }
 - Input state : 
	Port: fft_kernel_Pipeline_VITIS_LOOP_49_2 : gmem1 | {2 }
	Port: fft_kernel_Pipeline_VITIS_LOOP_49_2 : gmem0 | {2 }
	Port: fft_kernel_Pipeline_VITIS_LOOP_49_2 : sext_ln47 | {1 }
	Port: fft_kernel_Pipeline_VITIS_LOOP_49_2 : sext_ln47_1 | {1 }
  - Chain level:
	State 1
		store_ln49 : 1
		i_3 : 1
		icmp_ln49 : 2
		add_ln49 : 2
		br_ln49 : 3
		store_ln49 : 3
	State 2
		gmem0_addr_read : 1
		gmem1_addr_read : 1
	State 3
		real_addr : 1
		store_ln51 : 2
		imag_addr : 1
		store_ln52 : 2


============================================================
+ Verbose Summary: Datapath Resource usage 
============================================================

* Functional unit list:
|----------|-----------------------------|---------|---------|
| Operation|       Functional Unit       |    FF   |   LUT   |
|----------|-----------------------------|---------|---------|
|   icmp   |       icmp_ln49_fu_140      |    0    |    18   |
|----------|-----------------------------|---------|---------|
|    add   |       add_ln49_fu_146       |    0    |    18   |
|----------|-----------------------------|---------|---------|
|          | sext_ln47_1_read_read_fu_68 |    0    |    0    |
|   read   |  sext_ln47_read_read_fu_74  |    0    |    0    |
|          |  gmem0_addr_read_read_fu_80 |    0    |    0    |
|          |  gmem1_addr_read_read_fu_85 |    0    |    0    |
|----------|-----------------------------|---------|---------|
|   sext   |   sext_ln47_1_cast_fu_124   |    0    |    0    |
|          |    sext_ln47_cast_fu_128    |    0    |    0    |
|----------|-----------------------------|---------|---------|
|   zext   |       zext_ln49_fu_169      |    0    |    0    |
|----------|-----------------------------|---------|---------|
|   Total  |                             |    0    |    36   |
|----------|-----------------------------|---------|---------|

Memories:
N/A

* Register list:
+------------------------+--------+
|                        |   FF   |
+------------------------+--------+
| gmem0_addr_read_reg_200|   32   |
| gmem1_addr_read_reg_205|   32   |
|       i_3_reg_191      |   11   |
|        i_reg_174       |   11   |
|    icmp_ln49_reg_196   |    1   |
|sext_ln47_1_cast_reg_181|   64   |
| sext_ln47_cast_reg_186 |   64   |
+------------------------+--------+
|          Total         |   215  |
+------------------------+--------+

* Multiplexer (MUX) list: 
|--------|------|------|------|--------|
|  Comp  |  Pin | Size |  BW  | S x BW |
|--------|------|------|------|--------|
|  Total |      |      |      |    0   |
|--------|------|------|------|--------|



* Summary:
+-----------+--------+--------+
|           |   FF   |   LUT  |
+-----------+--------+--------+
|  Function |    0   |   36   |
|   Memory  |    -   |    -   |
|Multiplexer|    -   |    -   |
|  Register |   215  |    -   |
+-----------+--------+--------+
|   Total   |   215  |   36   |
+-----------+--------+--------+
