

================================================================
== Vitis HLS Report for 'fft_kernel_Pipeline_VITIS_LOOP_109_8'
================================================================
* Date:           Mon Jun  1 09:29:34 2026

* Version:        2024.1 (Build 5069499 on May 21 2024)
* Project:        hls_component
* Solution:       hls (Vivado IP Flow Target)
* Product family: virtexuplusHBM
* Target device:  xcvu47p-fsvh2892-2-e


================================================================
== Performance Estimates
================================================================
+ Timing: 
    * Summary: 
    +--------+---------+----------+------------+
    |  Clock |  Target | Estimated| Uncertainty|
    +--------+---------+----------+------------+
    |ap_clk  |  3.00 ns|  1.587 ns|     0.81 ns|
    +--------+---------+----------+------------+

+ Latency: 
    * Summary: 
    +---------+---------+----------+----------+------+------+-----------------------------------------------+
    |  Latency (cycles) |  Latency (absolute) |   Interval  |                    Pipeline                   |
    |   min   |   max   |    min   |    max   |  min |  max |                      Type                     |
    +---------+---------+----------+----------+------+------+-----------------------------------------------+
    |     1027|     1027|  3.081 us|  3.081 us|  1025|  1025|  loop auto-rewind stp(delay=0 clock cycles(s))|
    +---------+---------+----------+----------+------+------+-----------------------------------------------+

    + Detail: 
        * Instance: 
        N/A

        * Loop: 
        +--------------------+---------+---------+----------+-----------+-----------+------+----------+
        |                    |  Latency (cycles) | Iteration|  Initiation Interval  | Trip |          |
        |      Loop Name     |   min   |   max   |  Latency |  achieved |   target  | Count| Pipelined|
        +--------------------+---------+---------+----------+-----------+-----------+------+----------+
        |- VITIS_LOOP_109_8  |     1025|     1025|         3|          1|          1|  1024|       yes|
        +--------------------+---------+---------+----------+-----------+-----------+------+----------+

============================================================
+ Verbose Summary: Synthesis Manager
============================================================
InlineROM: 1
ExposeGlobal: 0
============================================================
+ Verbose Summary: CDFG Model
============================================================
IsTopModel: 0
ResetActiveHigh: 1
IsCombinational: 0
IsDatapathOnly: 0
HasWiredReturn: 1
HasMFsm: 2
HasVarLatency: 1
IsPipeline: 0
IsRtlPipelined: 0
IsInstanceOverlapped: 0
IsDontTouch: 0
HasImplIP: 0
IsGatedGlobalClock: 0

+ Individual pipeline summary: 
  * Pipeline-0: initiation interval (II) = 1, depth = 3


============================================================
+ Verbose Summary: Schedule
============================================================
* Number of FSM states : 3
* Pipeline : 1
  Pipeline-0 : II = 1, D = 3, States = { 1 2 3 }
* Dataflow Pipeline: 0

* FSM state transitions: 
1 --> 2 
2 --> 3 
3 --> 

* FSM state operations: 

State 1 <SV = 0> <Delay = 1.58>
ST_1 : Operation 6 [1/1] (0.00ns)   --->   "%i = alloca i32 1" [../../../../src/fft_kernel.cpp:109]   --->   Operation 6 'alloca' 'i' <Predicate = true> <Delay = 0.00>
ST_1 : Operation 7 [1/1] (0.00ns)   --->   "%specmemcore_ln0 = specmemcore void @_ssdm_op_SpecMemCore, i32 %out_imag, i64 666, i64 22, i64 18446744073709551615"   --->   Operation 7 'specmemcore' 'specmemcore_ln0' <Predicate = true> <Delay = 0.00>
ST_1 : Operation 8 [1/1] (0.00ns)   --->   "%specmemcore_ln0 = specmemcore void @_ssdm_op_SpecMemCore, i32 %out_real, i64 666, i64 22, i64 18446744073709551615"   --->   Operation 8 'specmemcore' 'specmemcore_ln0' <Predicate = true> <Delay = 0.00>
ST_1 : Operation 9 [1/1] (0.00ns)   --->   "%specmemcore_ln0 = specmemcore void @_ssdm_op_SpecMemCore, i32 %imag, i64 666, i64 22, i64 18446744073709551615"   --->   Operation 9 'specmemcore' 'specmemcore_ln0' <Predicate = true> <Delay = 0.00>
ST_1 : Operation 10 [1/1] (0.00ns)   --->   "%specmemcore_ln0 = specmemcore void @_ssdm_op_SpecMemCore, i32 %real_r, i64 666, i64 22, i64 18446744073709551615"   --->   Operation 10 'specmemcore' 'specmemcore_ln0' <Predicate = true> <Delay = 0.00>
ST_1 : Operation 11 [1/1] (0.38ns)   --->   "%store_ln109 = store i11 0, i11 %i" [../../../../src/fft_kernel.cpp:109]   --->   Operation 11 'store' 'store_ln109' <Predicate = true> <Delay = 0.38>
ST_1 : Operation 12 [1/1] (0.00ns)   --->   "%br_ln0 = br void %for.inc131"   --->   Operation 12 'br' 'br_ln0' <Predicate = true> <Delay = 0.00>
ST_1 : Operation 13 [1/1] (0.00ns)   --->   "%i_5 = load i11 %i" [../../../../src/fft_kernel.cpp:109]   --->   Operation 13 'load' 'i_5' <Predicate = true> <Delay = 0.00>
ST_1 : Operation 14 [1/1] (0.73ns)   --->   "%icmp_ln109 = icmp_eq  i11 %i_5, i11 1024" [../../../../src/fft_kernel.cpp:109]   --->   Operation 14 'icmp' 'icmp_ln109' <Predicate = true> <Delay = 0.73> <CoreInst = "Cmp">   --->   Core 9 'Cmp' <Latency = 0> <II = 1> <Delay = 0.73> <FuncUnit> <Opcode : 'seteq' 'setne' 'setle' 'setge' 'setlt' 'setgt'> <InPorts = 2> <OutPorts = 1>
ST_1 : Operation 15 [1/1] (0.73ns)   --->   "%add_ln109 = add i11 %i_5, i11 1" [../../../../src/fft_kernel.cpp:109]   --->   Operation 15 'add' 'add_ln109' <Predicate = true> <Delay = 0.73> <CoreInst = "Adder">   --->   Core 1 'Adder' <Latency = 0> <II = 1> <Delay = 0.73> <FuncUnit> <Opcode : 'add' 'sub'> <InPorts = 2> <OutPorts = 1>
ST_1 : Operation 16 [1/1] (0.00ns)   --->   "%br_ln109 = br i1 %icmp_ln109, void %for.inc131.split, void %for.inc134.exitStub" [../../../../src/fft_kernel.cpp:109]   --->   Operation 16 'br' 'br_ln109' <Predicate = true> <Delay = 0.00>
ST_1 : Operation 17 [1/1] (0.00ns)   --->   "%zext_ln109 = zext i11 %i_5" [../../../../src/fft_kernel.cpp:109]   --->   Operation 17 'zext' 'zext_ln109' <Predicate = (!icmp_ln109)> <Delay = 0.00>
ST_1 : Operation 18 [1/1] (0.00ns)   --->   "%out_real_addr = getelementptr i32 %out_real, i64 0, i64 %zext_ln109" [../../../../src/fft_kernel.cpp:111]   --->   Operation 18 'getelementptr' 'out_real_addr' <Predicate = (!icmp_ln109)> <Delay = 0.00>
ST_1 : Operation 19 [2/2] (1.20ns)   --->   "%out_real_load = load i10 %out_real_addr" [../../../../src/fft_kernel.cpp:111]   --->   Operation 19 'load' 'out_real_load' <Predicate = (!icmp_ln109)> <Delay = 1.20> <CoreInst = "RAM_2P_BRAM">   --->   Core 93 'RAM_2P_BRAM' <Latency = 1> <II = 1> <Delay = 1.20> <Storage> <Opcode : 'load' 'store'> <Ports = 2> <Width = 32> <Depth = 1024> <RAM>
ST_1 : Operation 20 [1/1] (0.00ns)   --->   "%out_imag_addr = getelementptr i32 %out_imag, i64 0, i64 %zext_ln109" [../../../../src/fft_kernel.cpp:112]   --->   Operation 20 'getelementptr' 'out_imag_addr' <Predicate = (!icmp_ln109)> <Delay = 0.00>
ST_1 : Operation 21 [2/2] (1.20ns)   --->   "%out_imag_load = load i10 %out_imag_addr" [../../../../src/fft_kernel.cpp:112]   --->   Operation 21 'load' 'out_imag_load' <Predicate = (!icmp_ln109)> <Delay = 1.20> <CoreInst = "RAM_2P_BRAM">   --->   Core 93 'RAM_2P_BRAM' <Latency = 1> <II = 1> <Delay = 1.20> <Storage> <Opcode : 'load' 'store'> <Ports = 2> <Width = 32> <Depth = 1024> <RAM>
ST_1 : Operation 22 [1/1] (0.38ns)   --->   "%store_ln109 = store i11 %add_ln109, i11 %i" [../../../../src/fft_kernel.cpp:109]   --->   Operation 22 'store' 'store_ln109' <Predicate = (!icmp_ln109)> <Delay = 0.38>

State 2 <SV = 1> <Delay = 1.20>
ST_2 : Operation 23 [1/2] (1.20ns)   --->   "%out_real_load = load i10 %out_real_addr" [../../../../src/fft_kernel.cpp:111]   --->   Operation 23 'load' 'out_real_load' <Predicate = true> <Delay = 1.20> <CoreInst = "RAM_2P_BRAM">   --->   Core 93 'RAM_2P_BRAM' <Latency = 1> <II = 1> <Delay = 1.20> <Storage> <Opcode : 'load' 'store'> <Ports = 2> <Width = 32> <Depth = 1024> <RAM>
ST_2 : Operation 24 [1/2] (1.20ns)   --->   "%out_imag_load = load i10 %out_imag_addr" [../../../../src/fft_kernel.cpp:112]   --->   Operation 24 'load' 'out_imag_load' <Predicate = true> <Delay = 1.20> <CoreInst = "RAM_2P_BRAM">   --->   Core 93 'RAM_2P_BRAM' <Latency = 1> <II = 1> <Delay = 1.20> <Storage> <Opcode : 'load' 'store'> <Ports = 2> <Width = 32> <Depth = 1024> <RAM>
ST_2 : Operation 33 [1/1] (0.38ns)   --->   "%ret_ln0 = ret"   --->   Operation 33 'ret' 'ret_ln0' <Predicate = (icmp_ln109)> <Delay = 0.38>

State 3 <SV = 2> <Delay = 1.20>
ST_3 : Operation 25 [1/1] (0.00ns)   --->   "%specpipeline_ln110 = specpipeline void @_ssdm_op_SpecPipeline, i32 1, i32 0, i32 0, i32 0, void @empty_1" [../../../../src/fft_kernel.cpp:110]   --->   Operation 25 'specpipeline' 'specpipeline_ln110' <Predicate = true> <Delay = 0.00>
ST_3 : Operation 26 [1/1] (0.00ns)   --->   "%speclooptripcount_ln109 = speclooptripcount void @_ssdm_op_SpecLoopTripCount, i64 1024, i64 1024, i64 1024" [../../../../src/fft_kernel.cpp:109]   --->   Operation 26 'speclooptripcount' 'speclooptripcount_ln109' <Predicate = true> <Delay = 0.00>
ST_3 : Operation 27 [1/1] (0.00ns)   --->   "%specloopname_ln109 = specloopname void @_ssdm_op_SpecLoopName, void @empty_23" [../../../../src/fft_kernel.cpp:109]   --->   Operation 27 'specloopname' 'specloopname_ln109' <Predicate = true> <Delay = 0.00>
ST_3 : Operation 28 [1/1] (0.00ns)   --->   "%real_addr = getelementptr i32 %real_r, i64 0, i64 %zext_ln109" [../../../../src/fft_kernel.cpp:111]   --->   Operation 28 'getelementptr' 'real_addr' <Predicate = true> <Delay = 0.00>
ST_3 : Operation 29 [1/1] (1.20ns)   --->   "%store_ln111 = store i32 %out_real_load, i10 %real_addr" [../../../../src/fft_kernel.cpp:111]   --->   Operation 29 'store' 'store_ln111' <Predicate = true> <Delay = 1.20> <CoreInst = "RAM_2P_BRAM">   --->   Core 93 'RAM_2P_BRAM' <Latency = 1> <II = 1> <Delay = 1.20> <Storage> <Opcode : 'load' 'store'> <Ports = 2> <Width = 32> <Depth = 1024> <RAM>
ST_3 : Operation 30 [1/1] (0.00ns)   --->   "%imag_addr = getelementptr i32 %imag, i64 0, i64 %zext_ln109" [../../../../src/fft_kernel.cpp:112]   --->   Operation 30 'getelementptr' 'imag_addr' <Predicate = true> <Delay = 0.00>
ST_3 : Operation 31 [1/1] (1.20ns)   --->   "%store_ln112 = store i32 %out_imag_load, i10 %imag_addr" [../../../../src/fft_kernel.cpp:112]   --->   Operation 31 'store' 'store_ln112' <Predicate = true> <Delay = 1.20> <CoreInst = "RAM_2P_BRAM">   --->   Core 93 'RAM_2P_BRAM' <Latency = 1> <II = 1> <Delay = 1.20> <Storage> <Opcode : 'load' 'store'> <Ports = 2> <Width = 32> <Depth = 1024> <RAM>
ST_3 : Operation 32 [1/1] (0.00ns)   --->   "%br_ln109 = br void %for.inc131" [../../../../src/fft_kernel.cpp:109]   --->   Operation 32 'br' 'br_ln109' <Predicate = true> <Delay = 0.00>


============================================================
+ Verbose Summary: Timing violations
============================================================
Target clock period: 3.000ns, clock uncertainty: 0.810ns.

 <State 1>: 1.587ns
The critical path consists of the following:
	'store' operation 0 bit ('store_ln109', ../../../../src/fft_kernel.cpp:109) of constant 0 on local variable 'i', ../../../../src/fft_kernel.cpp:109 [10]  (0.387 ns)
	'load' operation 11 bit ('i', ../../../../src/fft_kernel.cpp:109) on local variable 'i', ../../../../src/fft_kernel.cpp:109 [13]  (0.000 ns)
	'getelementptr' operation 10 bit ('out_real_addr', ../../../../src/fft_kernel.cpp:111) [22]  (0.000 ns)
	'load' operation 32 bit ('out_real_load', ../../../../src/fft_kernel.cpp:111) on array 'out_real' [23]  (1.200 ns)

 <State 2>: 1.200ns
The critical path consists of the following:
	'load' operation 32 bit ('out_real_load', ../../../../src/fft_kernel.cpp:111) on array 'out_real' [23]  (1.200 ns)

 <State 3>: 1.200ns
The critical path consists of the following:
	'getelementptr' operation 10 bit ('real_addr', ../../../../src/fft_kernel.cpp:111) [24]  (0.000 ns)
	'store' operation 0 bit ('store_ln111', ../../../../src/fft_kernel.cpp:111) of variable 'out_real_load', ../../../../src/fft_kernel.cpp:111 on array 'real_r' [25]  (1.200 ns)


============================================================
+ Verbose Summary: Binding
============================================================
N/A
* FSMD analyzer results:
  - Output states:
 - Input state : 
  - Chain level:
	State 1
	State 2
	State 3


============================================================
+ Verbose Summary: Datapath Resource usage 
============================================================
N/A
