

================================================================
== Vitis HLS Report for 'fft_kernel_Pipeline_VITIS_LOOP_55_3'
================================================================
* Date:           Mon Jun  1 09:29:34 2026

* Version:        2024.1 (Build 5069499 on May 21 2024)
* Project:        hls_component
* Solution:       hls (Vivado IP Flow Target)
* Product family: virtexuplusHBM
* Target device:  xcvu47p-fsvh2892-2-e


================================================================
== Performance Estimates
================================================================
+ Timing: 
    * Summary: 
    +--------+---------+----------+------------+
    |  Clock |  Target | Estimated| Uncertainty|
    +--------+---------+----------+------------+
    |ap_clk  |  3.00 ns|  2.100 ns|     0.81 ns|
    +--------+---------+----------+------------+

+ Latency: 
    * Summary: 
    +---------+---------+----------+----------+------+------+-----------------------------------------------+
    |  Latency (cycles) |  Latency (absolute) |   Interval  |                    Pipeline                   |
    |   min   |   max   |    min   |    max   |  min |  max |                      Type                     |
    +---------+---------+----------+----------+------+------+-----------------------------------------------+
    |     1030|     1030|  3.090 us|  3.090 us|  1025|  1025|  loop auto-rewind stp(delay=0 clock cycles(s))|
    +---------+---------+----------+----------+------+------+-----------------------------------------------+

    + Detail: 
        * Instance: 
        N/A

        * Loop: 
        +-------------------+---------+---------+----------+-----------+-----------+------+----------+
        |                   |  Latency (cycles) | Iteration|  Initiation Interval  | Trip |          |
        |     Loop Name     |   min   |   max   |  Latency |  achieved |   target  | Count| Pipelined|
        +-------------------+---------+---------+----------+-----------+-----------+------+----------+
        |- VITIS_LOOP_55_3  |     1028|     1028|         6|          1|          1|  1024|       yes|
        +-------------------+---------+---------+----------+-----------+-----------+------+----------+

============================================================
+ Verbose Summary: Synthesis Manager
============================================================
InlineROM: 1
ExposeGlobal: 0
============================================================
+ Verbose Summary: CDFG Model
============================================================
IsTopModel: 0
ResetActiveHigh: 1
IsCombinational: 0
IsDatapathOnly: 0
HasWiredReturn: 1
HasMFsm: 2
HasVarLatency: 1
IsPipeline: 0
IsRtlPipelined: 0
IsInstanceOverlapped: 0
IsDontTouch: 0
HasImplIP: 0
IsGatedGlobalClock: 0

+ Individual pipeline summary: 
  * Pipeline-0: initiation interval (II) = 1, depth = 6


============================================================
+ Verbose Summary: Schedule
============================================================
* Number of FSM states : 6
* Pipeline : 1
  Pipeline-0 : II = 1, D = 6, States = { 1 2 3 4 5 6 }
* Dataflow Pipeline: 0

* FSM state transitions: 
1 --> 2 
2 --> 3 
3 --> 4 
4 --> 5 
5 --> 6 
6 --> 

* FSM state operations: 

State 1 <SV = 0> <Delay = 1.58>
ST_1 : Operation 9 [1/1] (0.00ns)   --->   "%i_1 = alloca i32 1" [../../../../src/fft_kernel.cpp:55]   --->   Operation 9 'alloca' 'i_1' <Predicate = true> <Delay = 0.00>
ST_1 : Operation 10 [1/1] (0.00ns)   --->   "%specmemcore_ln0 = specmemcore void @_ssdm_op_SpecMemCore, i32 %imag, i64 666, i64 22, i64 18446744073709551615"   --->   Operation 10 'specmemcore' 'specmemcore_ln0' <Predicate = true> <Delay = 0.00>
ST_1 : Operation 11 [1/1] (0.00ns)   --->   "%specmemcore_ln0 = specmemcore void @_ssdm_op_SpecMemCore, i32 %real_r, i64 666, i64 22, i64 18446744073709551615"   --->   Operation 11 'specmemcore' 'specmemcore_ln0' <Predicate = true> <Delay = 0.00>
ST_1 : Operation 12 [1/1] (0.38ns)   --->   "%store_ln55 = store i11 0, i11 %i_1" [../../../../src/fft_kernel.cpp:55]   --->   Operation 12 'store' 'store_ln55' <Predicate = true> <Delay = 0.38>
ST_1 : Operation 13 [1/1] (0.00ns)   --->   "%br_ln0 = br void %for.inc31"   --->   Operation 13 'br' 'br_ln0' <Predicate = true> <Delay = 0.00>
ST_1 : Operation 14 [1/1] (0.00ns)   --->   "%i = load i11 %i_1" [../../../../src/fft_kernel.cpp:55]   --->   Operation 14 'load' 'i' <Predicate = true> <Delay = 0.00>
ST_1 : Operation 15 [1/1] (0.73ns)   --->   "%icmp_ln55 = icmp_eq  i11 %i, i11 1024" [../../../../src/fft_kernel.cpp:55]   --->   Operation 15 'icmp' 'icmp_ln55' <Predicate = true> <Delay = 0.73> <CoreInst = "Cmp">   --->   Core 9 'Cmp' <Latency = 0> <II = 1> <Delay = 0.73> <FuncUnit> <Opcode : 'seteq' 'setne' 'setle' 'setge' 'setlt' 'setgt'> <InPorts = 2> <OutPorts = 1>
ST_1 : Operation 16 [1/1] (0.73ns)   --->   "%add_ln55 = add i11 %i, i11 1" [../../../../src/fft_kernel.cpp:55]   --->   Operation 16 'add' 'add_ln55' <Predicate = true> <Delay = 0.73> <CoreInst = "Adder">   --->   Core 1 'Adder' <Latency = 0> <II = 1> <Delay = 0.73> <FuncUnit> <Opcode : 'add' 'sub'> <InPorts = 2> <OutPorts = 1>
ST_1 : Operation 17 [1/1] (0.00ns)   --->   "%br_ln55 = br i1 %icmp_ln55, void %for.inc31.split, void %for.inc47.preheader.exitStub" [../../../../src/fft_kernel.cpp:55]   --->   Operation 17 'br' 'br_ln55' <Predicate = true> <Delay = 0.00>
ST_1 : Operation 18 [1/1] (0.00ns)   --->   "%zext_ln55 = zext i11 %i" [../../../../src/fft_kernel.cpp:55]   --->   Operation 18 'zext' 'zext_ln55' <Predicate = (!icmp_ln55)> <Delay = 0.00>
ST_1 : Operation 19 [1/1] (0.00ns)   --->   "%hamming_addr = getelementptr i15 %hamming, i64 0, i64 %zext_ln55" [../../../../src/fft_kernel.cpp:57]   --->   Operation 19 'getelementptr' 'hamming_addr' <Predicate = (!icmp_ln55)> <Delay = 0.00>
ST_1 : Operation 20 [2/2] (1.17ns)   --->   "%w = load i10 %hamming_addr" [../../../../src/fft_kernel.cpp:57]   --->   Operation 20 'load' 'w' <Predicate = (!icmp_ln55)> <Delay = 1.17> <CoreInst = "ROM">   --->   Core 100 'ROM' <Latency = 1> <II = 1> <Delay = 1.17> <Storage> <Opcode : 'load'> <Ports = 0> <Width = 15> <Depth = 1024> <ROM>
ST_1 : Operation 21 [1/1] (0.00ns)   --->   "%real_addr_1 = getelementptr i32 %real_r, i64 0, i64 %zext_ln55" [../../../../src/fft_kernel.cpp:58]   --->   Operation 21 'getelementptr' 'real_addr_1' <Predicate = (!icmp_ln55)> <Delay = 0.00>
ST_1 : Operation 22 [2/2] (1.20ns)   --->   "%real_load = load i10 %real_addr_1" [../../../../src/fft_kernel.cpp:58]   --->   Operation 22 'load' 'real_load' <Predicate = (!icmp_ln55)> <Delay = 1.20> <CoreInst = "RAM_2P_BRAM">   --->   Core 93 'RAM_2P_BRAM' <Latency = 1> <II = 1> <Delay = 1.20> <Storage> <Opcode : 'load' 'store'> <Ports = 2> <Width = 32> <Depth = 1024> <RAM>
ST_1 : Operation 23 [1/1] (0.00ns)   --->   "%imag_addr_1 = getelementptr i32 %imag, i64 0, i64 %zext_ln55" [../../../../src/fft_kernel.cpp:59]   --->   Operation 23 'getelementptr' 'imag_addr_1' <Predicate = (!icmp_ln55)> <Delay = 0.00>
ST_1 : Operation 24 [2/2] (1.20ns)   --->   "%imag_load = load i10 %imag_addr_1" [../../../../src/fft_kernel.cpp:59]   --->   Operation 24 'load' 'imag_load' <Predicate = (!icmp_ln55)> <Delay = 1.20> <CoreInst = "RAM_2P_BRAM">   --->   Core 93 'RAM_2P_BRAM' <Latency = 1> <II = 1> <Delay = 1.20> <Storage> <Opcode : 'load' 'store'> <Ports = 2> <Width = 32> <Depth = 1024> <RAM>
ST_1 : Operation 25 [1/1] (0.38ns)   --->   "%store_ln55 = store i11 %add_ln55, i11 %i_1" [../../../../src/fft_kernel.cpp:55]   --->   Operation 25 'store' 'store_ln55' <Predicate = (!icmp_ln55)> <Delay = 0.38>

State 2 <SV = 1> <Delay = 1.20>
ST_2 : Operation 26 [1/2] (1.17ns)   --->   "%w = load i10 %hamming_addr" [../../../../src/fft_kernel.cpp:57]   --->   Operation 26 'load' 'w' <Predicate = true> <Delay = 1.17> <CoreInst = "ROM">   --->   Core 100 'ROM' <Latency = 1> <II = 1> <Delay = 1.17> <Storage> <Opcode : 'load'> <Ports = 0> <Width = 15> <Depth = 1024> <ROM>
ST_2 : Operation 27 [1/2] (1.20ns)   --->   "%real_load = load i10 %real_addr_1" [../../../../src/fft_kernel.cpp:58]   --->   Operation 27 'load' 'real_load' <Predicate = true> <Delay = 1.20> <CoreInst = "RAM_2P_BRAM">   --->   Core 93 'RAM_2P_BRAM' <Latency = 1> <II = 1> <Delay = 1.20> <Storage> <Opcode : 'load' 'store'> <Ports = 2> <Width = 32> <Depth = 1024> <RAM>
ST_2 : Operation 28 [1/2] (1.20ns)   --->   "%imag_load = load i10 %imag_addr_1" [../../../../src/fft_kernel.cpp:59]   --->   Operation 28 'load' 'imag_load' <Predicate = true> <Delay = 1.20> <CoreInst = "RAM_2P_BRAM">   --->   Core 93 'RAM_2P_BRAM' <Latency = 1> <II = 1> <Delay = 1.20> <Storage> <Opcode : 'load' 'store'> <Ports = 2> <Width = 32> <Depth = 1024> <RAM>

State 3 <SV = 2> <Delay = 2.10>
ST_3 : Operation 29 [1/1] (0.00ns)   --->   "%zext_ln57 = zext i15 %w" [../../../../src/fft_kernel.cpp:57]   --->   Operation 29 'zext' 'zext_ln57' <Predicate = true> <Delay = 0.00>
ST_3 : Operation 30 [3/3] (2.10ns)   --->   "%mul_ln58 = mul i32 %real_load, i32 %zext_ln57" [../../../../src/fft_kernel.cpp:58]   --->   Operation 30 'mul' 'mul_ln58' <Predicate = true> <Delay = 2.10> <CoreInst = "Multiplier">   --->   Core 3 'Multiplier' <Latency = 2> <II = 1> <Delay = 2.10> <FuncUnit> <Opcode : 'mul'> <InPorts = 2> <OutPorts = 1>
ST_3 : Operation 31 [3/3] (2.10ns)   --->   "%mul_ln59 = mul i32 %imag_load, i32 %zext_ln57" [../../../../src/fft_kernel.cpp:59]   --->   Operation 31 'mul' 'mul_ln59' <Predicate = true> <Delay = 2.10> <CoreInst = "Multiplier">   --->   Core 3 'Multiplier' <Latency = 2> <II = 1> <Delay = 2.10> <FuncUnit> <Opcode : 'mul'> <InPorts = 2> <OutPorts = 1>

State 4 <SV = 3> <Delay = 2.10>
ST_4 : Operation 32 [2/3] (2.10ns)   --->   "%mul_ln58 = mul i32 %real_load, i32 %zext_ln57" [../../../../src/fft_kernel.cpp:58]   --->   Operation 32 'mul' 'mul_ln58' <Predicate = true> <Delay = 2.10> <CoreInst = "Multiplier">   --->   Core 3 'Multiplier' <Latency = 2> <II = 1> <Delay = 2.10> <FuncUnit> <Opcode : 'mul'> <InPorts = 2> <OutPorts = 1>
ST_4 : Operation 33 [2/3] (2.10ns)   --->   "%mul_ln59 = mul i32 %imag_load, i32 %zext_ln57" [../../../../src/fft_kernel.cpp:59]   --->   Operation 33 'mul' 'mul_ln59' <Predicate = true> <Delay = 2.10> <CoreInst = "Multiplier">   --->   Core 3 'Multiplier' <Latency = 2> <II = 1> <Delay = 2.10> <FuncUnit> <Opcode : 'mul'> <InPorts = 2> <OutPorts = 1>

State 5 <SV = 4> <Delay = 2.10>
ST_5 : Operation 34 [1/3] (2.10ns)   --->   "%mul_ln58 = mul i32 %real_load, i32 %zext_ln57" [../../../../src/fft_kernel.cpp:58]   --->   Operation 34 'mul' 'mul_ln58' <Predicate = true> <Delay = 2.10> <CoreInst = "Multiplier">   --->   Core 3 'Multiplier' <Latency = 2> <II = 1> <Delay = 2.10> <FuncUnit> <Opcode : 'mul'> <InPorts = 2> <OutPorts = 1>
ST_5 : Operation 35 [1/1] (0.00ns)   --->   "%trunc_ln1 = partselect i18 @_ssdm_op_PartSelect.i18.i32.i32.i32, i32 %mul_ln58, i32 14, i32 31" [../../../../src/fft_kernel.cpp:58]   --->   Operation 35 'partselect' 'trunc_ln1' <Predicate = true> <Delay = 0.00>
ST_5 : Operation 36 [1/3] (2.10ns)   --->   "%mul_ln59 = mul i32 %imag_load, i32 %zext_ln57" [../../../../src/fft_kernel.cpp:59]   --->   Operation 36 'mul' 'mul_ln59' <Predicate = true> <Delay = 2.10> <CoreInst = "Multiplier">   --->   Core 3 'Multiplier' <Latency = 2> <II = 1> <Delay = 2.10> <FuncUnit> <Opcode : 'mul'> <InPorts = 2> <OutPorts = 1>
ST_5 : Operation 37 [1/1] (0.00ns)   --->   "%trunc_ln2 = partselect i18 @_ssdm_op_PartSelect.i18.i32.i32.i32, i32 %mul_ln59, i32 14, i32 31" [../../../../src/fft_kernel.cpp:59]   --->   Operation 37 'partselect' 'trunc_ln2' <Predicate = true> <Delay = 0.00>
ST_5 : Operation 46 [1/1] (0.38ns)   --->   "%ret_ln0 = ret"   --->   Operation 46 'ret' 'ret_ln0' <Predicate = (icmp_ln55)> <Delay = 0.38>

State 6 <SV = 5> <Delay = 1.20>
ST_6 : Operation 38 [1/1] (0.00ns)   --->   "%specpipeline_ln56 = specpipeline void @_ssdm_op_SpecPipeline, i32 1, i32 0, i32 0, i32 0, void @empty_1" [../../../../src/fft_kernel.cpp:56]   --->   Operation 38 'specpipeline' 'specpipeline_ln56' <Predicate = true> <Delay = 0.00>
ST_6 : Operation 39 [1/1] (0.00ns)   --->   "%speclooptripcount_ln55 = speclooptripcount void @_ssdm_op_SpecLoopTripCount, i64 1024, i64 1024, i64 1024" [../../../../src/fft_kernel.cpp:55]   --->   Operation 39 'speclooptripcount' 'speclooptripcount_ln55' <Predicate = true> <Delay = 0.00>
ST_6 : Operation 40 [1/1] (0.00ns)   --->   "%specloopname_ln55 = specloopname void @_ssdm_op_SpecLoopName, void @empty_19" [../../../../src/fft_kernel.cpp:55]   --->   Operation 40 'specloopname' 'specloopname_ln55' <Predicate = true> <Delay = 0.00>
ST_6 : Operation 41 [1/1] (0.00ns)   --->   "%sext_ln58 = sext i18 %trunc_ln1" [../../../../src/fft_kernel.cpp:58]   --->   Operation 41 'sext' 'sext_ln58' <Predicate = true> <Delay = 0.00>
ST_6 : Operation 42 [1/1] (1.20ns)   --->   "%store_ln58 = store i32 %sext_ln58, i10 %real_addr_1" [../../../../src/fft_kernel.cpp:58]   --->   Operation 42 'store' 'store_ln58' <Predicate = true> <Delay = 1.20> <CoreInst = "RAM_2P_BRAM">   --->   Core 93 'RAM_2P_BRAM' <Latency = 1> <II = 1> <Delay = 1.20> <Storage> <Opcode : 'load' 'store'> <Ports = 2> <Width = 32> <Depth = 1024> <RAM>
ST_6 : Operation 43 [1/1] (0.00ns)   --->   "%sext_ln59 = sext i18 %trunc_ln2" [../../../../src/fft_kernel.cpp:59]   --->   Operation 43 'sext' 'sext_ln59' <Predicate = true> <Delay = 0.00>
ST_6 : Operation 44 [1/1] (1.20ns)   --->   "%store_ln59 = store i32 %sext_ln59, i10 %imag_addr_1" [../../../../src/fft_kernel.cpp:59]   --->   Operation 44 'store' 'store_ln59' <Predicate = true> <Delay = 1.20> <CoreInst = "RAM_2P_BRAM">   --->   Core 93 'RAM_2P_BRAM' <Latency = 1> <II = 1> <Delay = 1.20> <Storage> <Opcode : 'load' 'store'> <Ports = 2> <Width = 32> <Depth = 1024> <RAM>
ST_6 : Operation 45 [1/1] (0.00ns)   --->   "%br_ln55 = br void %for.inc31" [../../../../src/fft_kernel.cpp:55]   --->   Operation 45 'br' 'br_ln55' <Predicate = true> <Delay = 0.00>


============================================================
+ Verbose Summary: Binding
============================================================
STG Binding: 
---------------- STG Properties BEGIN ----------------
- Is combinational: 0
- Is one-state seq: 0
- Is datapath-only: 0
- Is pipelined: 0
- Is top level: 0
Port [ Return ] is wired: 1; IO mode=ap_ctrl_hs:ce=0
Port [ real_r]:  wired=1; compound=1; hidden=0; nouse=0; global=0; static=0; extern=0; dir=2; type=1; pingpong=0; private_global=0; MemPort=[10]; IO mode=ap_memory:ce=0
Port [ imag]:  wired=1; compound=1; hidden=0; nouse=0; global=0; static=0; extern=0; dir=2; type=1; pingpong=0; private_global=0; MemPort=[10]; IO mode=ap_memory:ce=0
Port [ hamming]:  wired=0; compound=1; hidden=1; nouse=0; global=1; static=1; extern=0; dir=0; type=1; pingpong=0; private_global=1; MemPort=[1]; IO mode=ap_memory:ce=0
---------------- STG Properties END ------------------

---------------- Datapath Model BEGIN ----------------

<LifeTime>
<method=bitvector/>
i_1                    (alloca           ) [ 0100000]
specmemcore_ln0        (specmemcore      ) [ 0000000]
specmemcore_ln0        (specmemcore      ) [ 0000000]
store_ln55             (store            ) [ 0000000]
br_ln0                 (br               ) [ 0000000]
i                      (load             ) [ 0000000]
icmp_ln55              (icmp             ) [ 0111110]
add_ln55               (add              ) [ 0000000]
br_ln55                (br               ) [ 0000000]
zext_ln55              (zext             ) [ 0000000]
hamming_addr           (getelementptr    ) [ 0110000]
real_addr_1            (getelementptr    ) [ 0111111]
imag_addr_1            (getelementptr    ) [ 0111111]
store_ln55             (store            ) [ 0000000]
w                      (load             ) [ 0101000]
real_load              (load             ) [ 0101110]
imag_load              (load             ) [ 0101110]
zext_ln57              (zext             ) [ 0100110]
mul_ln58               (mul              ) [ 0000000]
trunc_ln1              (partselect       ) [ 0100001]
mul_ln59               (mul              ) [ 0000000]
trunc_ln2              (partselect       ) [ 0100001]
specpipeline_ln56      (specpipeline     ) [ 0000000]
speclooptripcount_ln55 (speclooptripcount) [ 0000000]
specloopname_ln55      (specloopname     ) [ 0000000]
sext_ln58              (sext             ) [ 0000000]
store_ln58             (store            ) [ 0000000]
sext_ln59              (sext             ) [ 0000000]
store_ln59             (store            ) [ 0000000]
br_ln55                (br               ) [ 0000000]
ret_ln0                (ret              ) [ 0000000]
</LifeTime>

<model>

<comp_list>
<comp id="0" class="1000" name="real_r">
<pin_list>
<pin id="1" dir="1" index="0" bw="1" slack="0"/>
</pin_list>
<bind>
<StgValue><ssdm name="real_r"/><MemPortTyVec>1 0 </MemPortTyVec>
</StgValue>
</bind>
</comp>

<comp id="2" class="1000" name="imag">
<pin_list>
<pin id="3" dir="1" index="0" bw="1" slack="0"/>
</pin_list>
<bind>
<StgValue><ssdm name="imag"/><MemPortTyVec>1 0 </MemPortTyVec>
</StgValue>
</bind>
</comp>

<comp id="4" class="1000" name="hamming">
<pin_list>
<pin id="5" dir="1" index="0" bw="1" slack="0"/>
</pin_list>
<bind>
<StgValue><ssdm name="hamming"/><MemPortTyVec>1 </MemPortTyVec>
</StgValue>
</bind>
</comp>

<comp id="6" class="1001" name="const_6">
<pin_list>
<pin id="7" dir="1" index="0" bw="1" slack="0"/>
</pin_list>
<bind>
<StgValue><ssdm name=""/></StgValue>
</bind>
</comp>

<comp id="8" class="1001" name="const_8">
<pin_list>
<pin id="9" dir="1" index="0" bw="1" slack="2147483647"/>
</pin_list>
<bind>
<StgValue><ssdm name="_ssdm_op_SpecMemCore"/></StgValue>
</bind>
</comp>

<comp id="10" class="1001" name="const_10">
<pin_list>
<pin id="11" dir="1" index="0" bw="1" slack="2147483647"/>
</pin_list>
<bind>
<StgValue><ssdm name=""/></StgValue>
</bind>
</comp>

<comp id="12" class="1001" name="const_12">
<pin_list>
<pin id="13" dir="1" index="0" bw="1" slack="2147483647"/>
</pin_list>
<bind>
<StgValue><ssdm name=""/></StgValue>
</bind>
</comp>

<comp id="14" class="1001" name="const_14">
<pin_list>
<pin id="15" dir="1" index="0" bw="1" slack="2147483647"/>
</pin_list>
<bind>
<StgValue><ssdm name=""/></StgValue>
</bind>
</comp>

<comp id="16" class="1001" name="const_16">
<pin_list>
<pin id="17" dir="1" index="0" bw="1" slack="0"/>
</pin_list>
<bind>
<StgValue><ssdm name=""/></StgValue>
</bind>
</comp>

<comp id="18" class="1001" name="const_18">
<pin_list>
<pin id="19" dir="1" index="0" bw="1" slack="0"/>
</pin_list>
<bind>
<StgValue><ssdm name=""/></StgValue>
</bind>
</comp>

<comp id="20" class="1001" name="const_20">
<pin_list>
<pin id="21" dir="1" index="0" bw="1" slack="0"/>
</pin_list>
<bind>
<StgValue><ssdm name=""/></StgValue>
</bind>
</comp>

<comp id="22" class="1001" name="const_22">
<pin_list>
<pin id="23" dir="1" index="0" bw="1" slack="0"/>
</pin_list>
<bind>
<StgValue><ssdm name=""/></StgValue>
</bind>
</comp>

<comp id="24" class="1001" name="const_24">
<pin_list>
<pin id="25" dir="1" index="0" bw="1" slack="0"/>
</pin_list>
<bind>
<StgValue><ssdm name="_ssdm_op_PartSelect.i18.i32.i32.i32"/></StgValue>
</bind>
</comp>

<comp id="26" class="1001" name="const_26">
<pin_list>
<pin id="27" dir="1" index="0" bw="1" slack="0"/>
</pin_list>
<bind>
<StgValue><ssdm name=""/></StgValue>
</bind>
</comp>

<comp id="28" class="1001" name="const_28">
<pin_list>
<pin id="29" dir="1" index="0" bw="1" slack="0"/>
</pin_list>
<bind>
<StgValue><ssdm name=""/></StgValue>
</bind>
</comp>

<comp id="30" class="1001" name="const_30">
<pin_list>
<pin id="31" dir="1" index="0" bw="1" slack="2147483647"/>
</pin_list>
<bind>
<StgValue><ssdm name="_ssdm_op_SpecPipeline"/></StgValue>
</bind>
</comp>

<comp id="32" class="1001" name="const_32">
<pin_list>
<pin id="33" dir="1" index="0" bw="1" slack="2147483647"/>
</pin_list>
<bind>
<StgValue><ssdm name=""/></StgValue>
</bind>
</comp>

<comp id="34" class="1001" name="const_34">
<pin_list>
<pin id="35" dir="1" index="0" bw="1" slack="2147483647"/>
</pin_list>
<bind>
<StgValue><ssdm name="empty_1"/></StgValue>
</bind>
</comp>

<comp id="36" class="1001" name="const_36">
<pin_list>
<pin id="37" dir="1" index="0" bw="1" slack="2147483647"/>
</pin_list>
<bind>
<StgValue><ssdm name="_ssdm_op_SpecLoopTripCount"/></StgValue>
</bind>
</comp>

<comp id="38" class="1001" name="const_38">
<pin_list>
<pin id="39" dir="1" index="0" bw="1" slack="2147483647"/>
</pin_list>
<bind>
<StgValue><ssdm name=""/></StgValue>
</bind>
</comp>

<comp id="40" class="1001" name="const_40">
<pin_list>
<pin id="41" dir="1" index="0" bw="1" slack="2147483647"/>
</pin_list>
<bind>
<StgValue><ssdm name="_ssdm_op_SpecLoopName"/></StgValue>
</bind>
</comp>

<comp id="42" class="1001" name="const_42">
<pin_list>
<pin id="43" dir="1" index="0" bw="1" slack="2147483647"/>
</pin_list>
<bind>
<StgValue><ssdm name="empty_19"/></StgValue>
</bind>
</comp>

<comp id="44" class="1004" name="i_1_fu_44">
<pin_list>
<pin id="45" dir="0" index="0" bw="1" slack="0"/>
<pin id="46" dir="1" index="1" bw="11" slack="0"/>
</pin_list>
<bind>
<opcode="alloca(26) " fcode="alloca"/>
<opset="i_1/1 "/>
</bind>
</comp>

<comp id="48" class="1004" name="hamming_addr_gep_fu_48">
<pin_list>
<pin id="49" dir="0" index="0" bw="15" slack="0"/>
<pin id="50" dir="0" index="1" bw="1" slack="0"/>
<pin id="51" dir="0" index="2" bw="11" slack="0"/>
<pin id="52" dir="1" index="3" bw="10" slack="0"/>
</pin_list>
<bind>
<opcode="getelementptr(29) " fcode="getelementptr"/>
<opset="hamming_addr/1 "/>
</bind>
</comp>

<comp id="55" class="1004" name="grp_access_fu_55">
<pin_list>
<pin id="56" dir="0" index="0" bw="10" slack="0"/>
<pin id="57" dir="0" index="1" bw="15" slack="2147483647"/>
<pin id="58" dir="0" index="2" bw="0" slack="2147483647"/>
<pin id="59" dir="1" index="3" bw="15" slack="1"/>
</pin_list>
<bind>
<opcode="load(27) " fcode="load"/>
<opset="w/1 "/>
</bind>
</comp>

<comp id="61" class="1004" name="real_addr_1_gep_fu_61">
<pin_list>
<pin id="62" dir="0" index="0" bw="32" slack="0"/>
<pin id="63" dir="0" index="1" bw="1" slack="0"/>
<pin id="64" dir="0" index="2" bw="11" slack="0"/>
<pin id="65" dir="1" index="3" bw="10" slack="0"/>
</pin_list>
<bind>
<opcode="getelementptr(29) " fcode="getelementptr"/>
<opset="real_addr_1/1 "/>
</bind>
</comp>

<comp id="68" class="1004" name="grp_access_fu_68">
<pin_list>
<pin id="69" dir="0" index="0" bw="10" slack="0"/>
<pin id="70" dir="0" index="1" bw="32" slack="2147483647"/>
<pin id="71" dir="0" index="2" bw="0" slack="5"/>
<pin id="87" dir="0" index="4" bw="10" slack="0"/>
<pin id="88" dir="0" index="5" bw="32" slack="2147483647"/>
<pin id="89" dir="0" index="6" bw="0" slack="2147483647"/>
<pin id="72" dir="1" index="3" bw="32" slack="1"/>
<pin id="90" dir="1" index="7" bw="32" slack="2147483647"/>
</pin_list>
<bind>
<opcode="load(27) store(28) " fcode="store"/>
<opset="real_load/1 store_ln58/6 "/>
</bind>
</comp>

<comp id="74" class="1004" name="imag_addr_1_gep_fu_74">
<pin_list>
<pin id="75" dir="0" index="0" bw="32" slack="0"/>
<pin id="76" dir="0" index="1" bw="1" slack="0"/>
<pin id="77" dir="0" index="2" bw="11" slack="0"/>
<pin id="78" dir="1" index="3" bw="10" slack="0"/>
</pin_list>
<bind>
<opcode="getelementptr(29) " fcode="getelementptr"/>
<opset="imag_addr_1/1 "/>
</bind>
</comp>

<comp id="81" class="1004" name="grp_access_fu_81">
<pin_list>
<pin id="82" dir="0" index="0" bw="10" slack="0"/>
<pin id="83" dir="0" index="1" bw="32" slack="2147483647"/>
<pin id="84" dir="0" index="2" bw="0" slack="5"/>
<pin id="91" dir="0" index="4" bw="10" slack="0"/>
<pin id="92" dir="0" index="5" bw="32" slack="2147483647"/>
<pin id="93" dir="0" index="6" bw="0" slack="2147483647"/>
<pin id="85" dir="1" index="3" bw="32" slack="1"/>
<pin id="94" dir="1" index="7" bw="32" slack="2147483647"/>
</pin_list>
<bind>
<opcode="load(27) store(28) " fcode="store"/>
<opset="imag_load/1 store_ln59/6 "/>
</bind>
</comp>

<comp id="95" class="1004" name="grp_fu_95">
<pin_list>
<pin id="96" dir="0" index="0" bw="32" slack="1"/>
<pin id="97" dir="0" index="1" bw="15" slack="0"/>
<pin id="98" dir="1" index="2" bw="32" slack="0"/>
</pin_list>
<bind>
<opcode="mul(12) " fcode="mul"/>
<opset="mul_ln58/3 "/>
</bind>
</comp>

<comp id="99" class="1004" name="grp_fu_99">
<pin_list>
<pin id="100" dir="0" index="0" bw="32" slack="1"/>
<pin id="101" dir="0" index="1" bw="15" slack="0"/>
<pin id="102" dir="1" index="2" bw="32" slack="0"/>
</pin_list>
<bind>
<opcode="mul(12) " fcode="mul"/>
<opset="mul_ln59/3 "/>
</bind>
</comp>

<comp id="103" class="1004" name="store_ln55_store_fu_103">
<pin_list>
<pin id="104" dir="0" index="0" bw="1" slack="0"/>
<pin id="105" dir="0" index="1" bw="11" slack="0"/>
<pin id="106" dir="1" index="2" bw="0" slack="2147483647"/>
</pin_list>
<bind>
<opcode="store(28) " fcode="store"/>
<opset="store_ln55/1 "/>
</bind>
</comp>

<comp id="108" class="1004" name="i_load_fu_108">
<pin_list>
<pin id="109" dir="0" index="0" bw="11" slack="0"/>
<pin id="110" dir="1" index="1" bw="11" slack="0"/>
</pin_list>
<bind>
<opcode="load(27) " fcode="load"/>
<opset="i/1 "/>
</bind>
</comp>

<comp id="111" class="1004" name="icmp_ln55_fu_111">
<pin_list>
<pin id="112" dir="0" index="0" bw="11" slack="0"/>
<pin id="113" dir="0" index="1" bw="11" slack="0"/>
<pin id="114" dir="1" index="2" bw="1" slack="4"/>
</pin_list>
<bind>
<opcode="icmp(45) " fcode="icmp"/>
<opset="icmp_ln55/1 "/>
</bind>
</comp>

<comp id="117" class="1004" name="add_ln55_fu_117">
<pin_list>
<pin id="118" dir="0" index="0" bw="11" slack="0"/>
<pin id="119" dir="0" index="1" bw="1" slack="0"/>
<pin id="120" dir="1" index="2" bw="11" slack="0"/>
</pin_list>
<bind>
<opcode="add(8) " fcode="add"/>
<opset="add_ln55/1 "/>
</bind>
</comp>

<comp id="123" class="1004" name="zext_ln55_fu_123">
<pin_list>
<pin id="124" dir="0" index="0" bw="11" slack="0"/>
<pin id="125" dir="1" index="1" bw="64" slack="0"/>
</pin_list>
<bind>
<opcode="zext(34) " fcode="zext"/>
<opset="zext_ln55/1 "/>
</bind>
</comp>

<comp id="130" class="1004" name="store_ln55_store_fu_130">
<pin_list>
<pin id="131" dir="0" index="0" bw="11" slack="0"/>
<pin id="132" dir="0" index="1" bw="11" slack="0"/>
<pin id="133" dir="1" index="2" bw="0" slack="2147483647"/>
</pin_list>
<bind>
<opcode="store(28) " fcode="store"/>
<opset="store_ln55/1 "/>
</bind>
</comp>

<comp id="135" class="1004" name="zext_ln57_fu_135">
<pin_list>
<pin id="136" dir="0" index="0" bw="15" slack="1"/>
<pin id="137" dir="1" index="1" bw="32" slack="0"/>
</pin_list>
<bind>
<opcode="zext(34) " fcode="zext"/>
<opset="zext_ln57/3 "/>
</bind>
</comp>

<comp id="140" class="1004" name="trunc_ln1_fu_140">
<pin_list>
<pin id="141" dir="0" index="0" bw="18" slack="0"/>
<pin id="142" dir="0" index="1" bw="32" slack="0"/>
<pin id="143" dir="0" index="2" bw="5" slack="0"/>
<pin id="144" dir="0" index="3" bw="6" slack="0"/>
<pin id="145" dir="1" index="4" bw="18" slack="1"/>
</pin_list>
<bind>
<opcode="partselect(1002) " fcode="partselect"/>
<opset="trunc_ln1/5 "/>
</bind>
</comp>

<comp id="150" class="1004" name="trunc_ln2_fu_150">
<pin_list>
<pin id="151" dir="0" index="0" bw="18" slack="0"/>
<pin id="152" dir="0" index="1" bw="32" slack="0"/>
<pin id="153" dir="0" index="2" bw="5" slack="0"/>
<pin id="154" dir="0" index="3" bw="6" slack="0"/>
<pin id="155" dir="1" index="4" bw="18" slack="1"/>
</pin_list>
<bind>
<opcode="partselect(1002) " fcode="partselect"/>
<opset="trunc_ln2/5 "/>
</bind>
</comp>

<comp id="160" class="1004" name="sext_ln58_fu_160">
<pin_list>
<pin id="161" dir="0" index="0" bw="18" slack="1"/>
<pin id="162" dir="1" index="1" bw="32" slack="0"/>
</pin_list>
<bind>
<opcode="sext(35) " fcode="sext"/>
<opset="sext_ln58/6 "/>
</bind>
</comp>

<comp id="164" class="1004" name="sext_ln59_fu_164">
<pin_list>
<pin id="165" dir="0" index="0" bw="18" slack="1"/>
<pin id="166" dir="1" index="1" bw="32" slack="0"/>
</pin_list>
<bind>
<opcode="sext(35) " fcode="sext"/>
<opset="sext_ln59/6 "/>
</bind>
</comp>

<comp id="168" class="1005" name="i_1_reg_168">
<pin_list>
<pin id="169" dir="0" index="0" bw="11" slack="0"/>
<pin id="170" dir="1" index="1" bw="11" slack="0"/>
</pin_list>
<bind>
<opset="i_1 "/>
</bind>
</comp>

<comp id="175" class="1005" name="icmp_ln55_reg_175">
<pin_list>
<pin id="176" dir="0" index="0" bw="1" slack="4"/>
<pin id="177" dir="1" index="1" bw="1" slack="2147483647"/>
</pin_list>
<bind>
<opset="icmp_ln55 "/>
</bind>
</comp>

<comp id="179" class="1005" name="hamming_addr_reg_179">
<pin_list>
<pin id="180" dir="0" index="0" bw="10" slack="1"/>
<pin id="181" dir="1" index="1" bw="10" slack="1"/>
</pin_list>
<bind>
<opset="hamming_addr "/>
</bind>
</comp>

<comp id="184" class="1005" name="real_addr_1_reg_184">
<pin_list>
<pin id="185" dir="0" index="0" bw="10" slack="1"/>
<pin id="186" dir="1" index="1" bw="10" slack="1"/>
</pin_list>
<bind>
<opset="real_addr_1 "/>
</bind>
</comp>

<comp id="190" class="1005" name="imag_addr_1_reg_190">
<pin_list>
<pin id="191" dir="0" index="0" bw="10" slack="1"/>
<pin id="192" dir="1" index="1" bw="10" slack="1"/>
</pin_list>
<bind>
<opset="imag_addr_1 "/>
</bind>
</comp>

<comp id="196" class="1005" name="w_reg_196">
<pin_list>
<pin id="197" dir="0" index="0" bw="15" slack="1"/>
<pin id="198" dir="1" index="1" bw="15" slack="1"/>
</pin_list>
<bind>
<opset="w "/>
</bind>
</comp>

<comp id="201" class="1005" name="real_load_reg_201">
<pin_list>
<pin id="202" dir="0" index="0" bw="32" slack="1"/>
<pin id="203" dir="1" index="1" bw="32" slack="1"/>
</pin_list>
<bind>
<opset="real_load "/>
</bind>
</comp>

<comp id="206" class="1005" name="imag_load_reg_206">
<pin_list>
<pin id="207" dir="0" index="0" bw="32" slack="1"/>
<pin id="208" dir="1" index="1" bw="32" slack="1"/>
</pin_list>
<bind>
<opset="imag_load "/>
</bind>
</comp>

<comp id="211" class="1005" name="zext_ln57_reg_211">
<pin_list>
<pin id="212" dir="0" index="0" bw="32" slack="1"/>
<pin id="213" dir="1" index="1" bw="32" slack="1"/>
</pin_list>
<bind>
<opset="zext_ln57 "/>
</bind>
</comp>

<comp id="217" class="1005" name="trunc_ln1_reg_217">
<pin_list>
<pin id="218" dir="0" index="0" bw="18" slack="1"/>
<pin id="219" dir="1" index="1" bw="18" slack="1"/>
</pin_list>
<bind>
<opset="trunc_ln1 "/>
</bind>
</comp>

<comp id="222" class="1005" name="trunc_ln2_reg_222">
<pin_list>
<pin id="223" dir="0" index="0" bw="18" slack="1"/>
<pin id="224" dir="1" index="1" bw="18" slack="1"/>
</pin_list>
<bind>
<opset="trunc_ln2 "/>
</bind>
</comp>

</comp_list>

<net_list>
<net id="47"><net_src comp="6" pin="0"/><net_sink comp="44" pin=0"/></net>

<net id="53"><net_src comp="4" pin="0"/><net_sink comp="48" pin=0"/></net>

<net id="54"><net_src comp="22" pin="0"/><net_sink comp="48" pin=1"/></net>

<net id="60"><net_src comp="48" pin="3"/><net_sink comp="55" pin=0"/></net>

<net id="66"><net_src comp="0" pin="0"/><net_sink comp="61" pin=0"/></net>

<net id="67"><net_src comp="22" pin="0"/><net_sink comp="61" pin=1"/></net>

<net id="73"><net_src comp="61" pin="3"/><net_sink comp="68" pin=0"/></net>

<net id="79"><net_src comp="2" pin="0"/><net_sink comp="74" pin=0"/></net>

<net id="80"><net_src comp="22" pin="0"/><net_sink comp="74" pin=1"/></net>

<net id="86"><net_src comp="74" pin="3"/><net_sink comp="81" pin=0"/></net>

<net id="107"><net_src comp="16" pin="0"/><net_sink comp="103" pin=0"/></net>

<net id="115"><net_src comp="108" pin="1"/><net_sink comp="111" pin=0"/></net>

<net id="116"><net_src comp="18" pin="0"/><net_sink comp="111" pin=1"/></net>

<net id="121"><net_src comp="108" pin="1"/><net_sink comp="117" pin=0"/></net>

<net id="122"><net_src comp="20" pin="0"/><net_sink comp="117" pin=1"/></net>

<net id="126"><net_src comp="108" pin="1"/><net_sink comp="123" pin=0"/></net>

<net id="127"><net_src comp="123" pin="1"/><net_sink comp="48" pin=2"/></net>

<net id="128"><net_src comp="123" pin="1"/><net_sink comp="61" pin=2"/></net>

<net id="129"><net_src comp="123" pin="1"/><net_sink comp="74" pin=2"/></net>

<net id="134"><net_src comp="117" pin="2"/><net_sink comp="130" pin=0"/></net>

<net id="138"><net_src comp="135" pin="1"/><net_sink comp="95" pin=1"/></net>

<net id="139"><net_src comp="135" pin="1"/><net_sink comp="99" pin=1"/></net>

<net id="146"><net_src comp="24" pin="0"/><net_sink comp="140" pin=0"/></net>

<net id="147"><net_src comp="95" pin="2"/><net_sink comp="140" pin=1"/></net>

<net id="148"><net_src comp="26" pin="0"/><net_sink comp="140" pin=2"/></net>

<net id="149"><net_src comp="28" pin="0"/><net_sink comp="140" pin=3"/></net>

<net id="156"><net_src comp="24" pin="0"/><net_sink comp="150" pin=0"/></net>

<net id="157"><net_src comp="99" pin="2"/><net_sink comp="150" pin=1"/></net>

<net id="158"><net_src comp="26" pin="0"/><net_sink comp="150" pin=2"/></net>

<net id="159"><net_src comp="28" pin="0"/><net_sink comp="150" pin=3"/></net>

<net id="163"><net_src comp="160" pin="1"/><net_sink comp="68" pin=4"/></net>

<net id="167"><net_src comp="164" pin="1"/><net_sink comp="81" pin=4"/></net>

<net id="171"><net_src comp="44" pin="1"/><net_sink comp="168" pin=0"/></net>

<net id="172"><net_src comp="168" pin="1"/><net_sink comp="103" pin=1"/></net>

<net id="173"><net_src comp="168" pin="1"/><net_sink comp="108" pin=0"/></net>

<net id="174"><net_src comp="168" pin="1"/><net_sink comp="130" pin=1"/></net>

<net id="178"><net_src comp="111" pin="2"/><net_sink comp="175" pin=0"/></net>

<net id="182"><net_src comp="48" pin="3"/><net_sink comp="179" pin=0"/></net>

<net id="183"><net_src comp="179" pin="1"/><net_sink comp="55" pin=0"/></net>

<net id="187"><net_src comp="61" pin="3"/><net_sink comp="184" pin=0"/></net>

<net id="188"><net_src comp="184" pin="1"/><net_sink comp="68" pin=0"/></net>

<net id="189"><net_src comp="184" pin="1"/><net_sink comp="68" pin=2"/></net>

<net id="193"><net_src comp="74" pin="3"/><net_sink comp="190" pin=0"/></net>

<net id="194"><net_src comp="190" pin="1"/><net_sink comp="81" pin=0"/></net>

<net id="195"><net_src comp="190" pin="1"/><net_sink comp="81" pin=2"/></net>

<net id="199"><net_src comp="55" pin="3"/><net_sink comp="196" pin=0"/></net>

<net id="200"><net_src comp="196" pin="1"/><net_sink comp="135" pin=0"/></net>

<net id="204"><net_src comp="68" pin="3"/><net_sink comp="201" pin=0"/></net>

<net id="205"><net_src comp="201" pin="1"/><net_sink comp="95" pin=0"/></net>

<net id="209"><net_src comp="81" pin="3"/><net_sink comp="206" pin=0"/></net>

<net id="210"><net_src comp="206" pin="1"/><net_sink comp="99" pin=0"/></net>

<net id="214"><net_src comp="135" pin="1"/><net_sink comp="211" pin=0"/></net>

<net id="215"><net_src comp="211" pin="1"/><net_sink comp="95" pin=1"/></net>

<net id="216"><net_src comp="211" pin="1"/><net_sink comp="99" pin=1"/></net>

<net id="220"><net_src comp="140" pin="4"/><net_sink comp="217" pin=0"/></net>

<net id="221"><net_src comp="217" pin="1"/><net_sink comp="160" pin=0"/></net>

<net id="225"><net_src comp="150" pin="4"/><net_sink comp="222" pin=0"/></net>

<net id="226"><net_src comp="222" pin="1"/><net_sink comp="164" pin=0"/></net>

</net_list>

</model> 
---------------- Datapath Model END ------------------

* FSMD analyzer results:
  - Output states:
	Port: real_r | {6 }
	Port: imag | {6 }
 - Input state : 
	Port: fft_kernel_Pipeline_VITIS_LOOP_55_3 : real_r | {1 2 }
	Port: fft_kernel_Pipeline_VITIS_LOOP_55_3 : imag | {1 2 }
	Port: fft_kernel_Pipeline_VITIS_LOOP_55_3 : hamming | {1 2 }
  - Chain level:
	State 1
		store_ln55 : 1
		i : 1
		icmp_ln55 : 2
		add_ln55 : 2
		br_ln55 : 3
		zext_ln55 : 2
		hamming_addr : 3
		w : 4
		real_addr_1 : 3
		real_load : 4
		imag_addr_1 : 3
		imag_load : 4
		store_ln55 : 3
	State 2
	State 3
		mul_ln58 : 1
		mul_ln59 : 1
	State 4
	State 5
		trunc_ln1 : 1
		trunc_ln2 : 1
	State 6
		store_ln58 : 1
		store_ln59 : 1


============================================================
+ Verbose Summary: Datapath Resource usage 
============================================================

* Functional unit list:
|----------|------------------|---------|---------|---------|
| Operation|  Functional Unit |   DSP   |    FF   |   LUT   |
|----------|------------------|---------|---------|---------|
|    mul   |     grp_fu_95    |    2    |   166   |    49   |
|          |     grp_fu_99    |    2    |   166   |    49   |
|----------|------------------|---------|---------|---------|
|   icmp   | icmp_ln55_fu_111 |    0    |    0    |    18   |
|----------|------------------|---------|---------|---------|
|    add   |  add_ln55_fu_117 |    0    |    0    |    18   |
|----------|------------------|---------|---------|---------|
|   zext   | zext_ln55_fu_123 |    0    |    0    |    0    |
|          | zext_ln57_fu_135 |    0    |    0    |    0    |
|----------|------------------|---------|---------|---------|
|partselect| trunc_ln1_fu_140 |    0    |    0    |    0    |
|          | trunc_ln2_fu_150 |    0    |    0    |    0    |
|----------|------------------|---------|---------|---------|
|   sext   | sext_ln58_fu_160 |    0    |    0    |    0    |
|          | sext_ln59_fu_164 |    0    |    0    |    0    |
|----------|------------------|---------|---------|---------|
|   Total  |                  |    4    |   332   |   134   |
|----------|------------------|---------|---------|---------|

Memories:
N/A

* Register list:
+--------------------+--------+
|                    |   FF   |
+--------------------+--------+
|hamming_addr_reg_179|   10   |
|     i_1_reg_168    |   11   |
|  icmp_ln55_reg_175 |    1   |
| imag_addr_1_reg_190|   10   |
|  imag_load_reg_206 |   32   |
| real_addr_1_reg_184|   10   |
|  real_load_reg_201 |   32   |
|  trunc_ln1_reg_217 |   18   |
|  trunc_ln2_reg_222 |   18   |
|      w_reg_196     |   15   |
|  zext_ln57_reg_211 |   32   |
+--------------------+--------+
|        Total       |   189  |
+--------------------+--------+

* Multiplexer (MUX) list: 
|------------------|------|------|------|--------||---------||---------||---------|
|       Comp       |  Pin | Size |  BW  | S x BW ||  Delay  ||    FF   ||   LUT   |
|------------------|------|------|------|--------||---------||---------||---------|
| grp_access_fu_55 |  p0  |   2  |  10  |   20   ||    0    ||    9    |
| grp_access_fu_68 |  p0  |   2  |  10  |   20   ||    0    ||    9    |
| grp_access_fu_81 |  p0  |   2  |  10  |   20   ||    0    ||    9    |
|     grp_fu_95    |  p1  |   2  |  15  |   30   ||    0    ||    9    |
|     grp_fu_99    |  p1  |   2  |  15  |   30   ||    0    ||    9    |
|------------------|------|------|------|--------||---------||---------||---------|
|       Total      |      |      |      |   120  ||  1.935  ||    0    ||    45   |
|------------------|------|------|------|--------||---------||---------||---------|



* Summary:
+-----------+--------+--------+--------+--------+
|           |   DSP  |  Delay |   FF   |   LUT  |
+-----------+--------+--------+--------+--------+
|  Function |    4   |    -   |   332  |   134  |
|   Memory  |    -   |    -   |    -   |    -   |
|Multiplexer|    -   |    1   |    0   |   45   |
|  Register |    -   |    -   |   189  |    -   |
+-----------+--------+--------+--------+--------+
|   Total   |    4   |    1   |   521  |   179  |
+-----------+--------+--------+--------+--------+
