

================================================================
== Vitis HLS Report for 'fft_kernel_Pipeline_VITIS_LOOP_80_7'
================================================================
* Date:           Mon Jun  1 09:29:34 2026

* Version:        2024.1 (Build 5069499 on May 21 2024)
* Project:        hls_component
* Solution:       hls (Vivado IP Flow Target)
* Product family: virtexuplusHBM
* Target device:  xcvu47p-fsvh2892-2-e


================================================================
== Performance Estimates
================================================================
+ Timing: 
    * Summary: 
    +--------+---------+----------+------------+
    |  Clock |  Target | Estimated| Uncertainty|
    +--------+---------+----------+------------+
    |ap_clk  |  3.00 ns|  2.100 ns|     0.81 ns|
    +--------+---------+----------+------------+

+ Latency: 
    * Summary: 
    +---------+---------+----------+----------+------+------+-----------------------------------------------+
    |  Latency (cycles) |  Latency (absolute) |   Interval  |                    Pipeline                   |
    |   min   |   max   |    min   |    max   |  min |  max |                      Type                     |
    +---------+---------+----------+----------+------+------+-----------------------------------------------+
    |     1034|     1034|  3.102 us|  3.102 us|  1026|  1026|  loop auto-rewind stp(delay=0 clock cycles(s))|
    +---------+---------+----------+----------+------+------+-----------------------------------------------+

    + Detail: 
        * Instance: 
        N/A

        * Loop: 
        +-------------------+---------+---------+----------+-----------+-----------+------+----------+
        |                   |  Latency (cycles) | Iteration|  Initiation Interval  | Trip |          |
        |     Loop Name     |   min   |   max   |  Latency |  achieved |   target  | Count| Pipelined|
        +-------------------+---------+---------+----------+-----------+-----------+------+----------+
        |- VITIS_LOOP_80_7  |     1032|     1032|        11|          2|          1|   512|       yes|
        +-------------------+---------+---------+----------+-----------+-----------+------+----------+

============================================================
+ Verbose Summary: Synthesis Manager
============================================================
InlineROM: 1
ExposeGlobal: 0
============================================================
+ Verbose Summary: CDFG Model
============================================================
IsTopModel: 0
ResetActiveHigh: 1
IsCombinational: 0
IsDatapathOnly: 0
HasWiredReturn: 1
HasMFsm: 2
HasVarLatency: 1
IsPipeline: 0
IsRtlPipelined: 0
IsInstanceOverlapped: 0
IsDontTouch: 0
HasImplIP: 0
IsGatedGlobalClock: 0

+ Individual pipeline summary: 
  * Pipeline-0: initiation interval (II) = 2, depth = 11


============================================================
+ Verbose Summary: Schedule
============================================================
* Number of FSM states : 11
* Pipeline : 1
  Pipeline-0 : II = 2, D = 11, States = { 1 2 3 4 5 6 7 8 9 10 11 }
* Dataflow Pipeline: 0

* FSM state transitions: 
1 --> 2 
2 --> 3 
3 --> 4 
4 --> 5 
5 --> 6 
6 --> 7 
7 --> 8 
8 --> 9 
9 --> 10 
10 --> 11 
11 --> 

* FSM state operations: 

State 1 <SV = 0> <Delay = 1.86>
ST_1 : Operation 14 [1/1] (0.00ns)   --->   "%k = alloca i32 1" [../../../../src/fft_kernel.cpp:80]   --->   Operation 14 'alloca' 'k' <Predicate = true> <Delay = 0.00>
ST_1 : Operation 15 [1/1] (0.00ns)   --->   "%sub_ln78_cast_read = read i4 @_ssdm_op_Read.ap_auto.i4, i4 %sub_ln78_cast"   --->   Operation 15 'read' 'sub_ln78_cast_read' <Predicate = true> <Delay = 0.00>
ST_1 : Operation 16 [1/1] (0.00ns)   --->   "%half_stride_read = read i10 @_ssdm_op_Read.ap_auto.i10, i10 %half_stride"   --->   Operation 16 'read' 'half_stride_read' <Predicate = true> <Delay = 0.00>
ST_1 : Operation 17 [1/1] (0.00ns)   --->   "%zext_ln78_read = read i4 @_ssdm_op_Read.ap_auto.i4, i4 %zext_ln78"   --->   Operation 17 'read' 'zext_ln78_read' <Predicate = true> <Delay = 0.00>
ST_1 : Operation 18 [1/1] (0.00ns)   --->   "%sub78_read = read i9 @_ssdm_op_Read.ap_auto.i9, i9 %sub78"   --->   Operation 18 'read' 'sub78_read' <Predicate = true> <Delay = 0.00>
ST_1 : Operation 19 [1/1] (0.00ns)   --->   "%zext_ln75_read = read i4 @_ssdm_op_Read.ap_auto.i4, i4 %zext_ln75"   --->   Operation 19 'read' 'zext_ln75_read' <Predicate = true> <Delay = 0.00>
ST_1 : Operation 20 [1/1] (0.00ns)   --->   "%sub_ln78_cast_cast = zext i4 %sub_ln78_cast_read"   --->   Operation 20 'zext' 'sub_ln78_cast_cast' <Predicate = true> <Delay = 0.00>
ST_1 : Operation 21 [1/1] (0.00ns)   --->   "%zext_ln75_cast = zext i4 %zext_ln75_read"   --->   Operation 21 'zext' 'zext_ln75_cast' <Predicate = true> <Delay = 0.00>
ST_1 : Operation 22 [1/1] (0.00ns)   --->   "%specmemcore_ln0 = specmemcore void @_ssdm_op_SpecMemCore, i32 %out_imag, i64 666, i64 22, i64 18446744073709551615"   --->   Operation 22 'specmemcore' 'specmemcore_ln0' <Predicate = true> <Delay = 0.00>
ST_1 : Operation 23 [1/1] (0.00ns)   --->   "%specmemcore_ln0 = specmemcore void @_ssdm_op_SpecMemCore, i32 %out_real, i64 666, i64 22, i64 18446744073709551615"   --->   Operation 23 'specmemcore' 'specmemcore_ln0' <Predicate = true> <Delay = 0.00>
ST_1 : Operation 24 [1/1] (0.00ns)   --->   "%specmemcore_ln0 = specmemcore void @_ssdm_op_SpecMemCore, i32 %imag, i64 666, i64 22, i64 18446744073709551615"   --->   Operation 24 'specmemcore' 'specmemcore_ln0' <Predicate = true> <Delay = 0.00>
ST_1 : Operation 25 [1/1] (0.00ns)   --->   "%specmemcore_ln0 = specmemcore void @_ssdm_op_SpecMemCore, i32 %real_r, i64 666, i64 22, i64 18446744073709551615"   --->   Operation 25 'specmemcore' 'specmemcore_ln0' <Predicate = true> <Delay = 0.00>
ST_1 : Operation 26 [1/1] (0.38ns)   --->   "%store_ln80 = store i10 0, i10 %k" [../../../../src/fft_kernel.cpp:80]   --->   Operation 26 'store' 'store_ln80' <Predicate = true> <Delay = 0.38>
ST_1 : Operation 27 [1/1] (0.00ns)   --->   "%br_ln0 = br void %for.inc115"   --->   Operation 27 'br' 'br_ln0' <Predicate = true> <Delay = 0.00>
ST_1 : Operation 28 [1/1] (0.00ns)   --->   "%k_1 = load i10 %k" [../../../../src/fft_kernel.cpp:80]   --->   Operation 28 'load' 'k_1' <Predicate = true> <Delay = 0.00>
ST_1 : Operation 29 [1/1] (0.72ns)   --->   "%icmp_ln80 = icmp_eq  i10 %k_1, i10 512" [../../../../src/fft_kernel.cpp:80]   --->   Operation 29 'icmp' 'icmp_ln80' <Predicate = true> <Delay = 0.72> <CoreInst = "Cmp">   --->   Core 9 'Cmp' <Latency = 0> <II = 1> <Delay = 0.72> <FuncUnit> <Opcode : 'seteq' 'setne' 'setle' 'setge' 'setlt' 'setgt'> <InPorts = 2> <OutPorts = 1>
ST_1 : Operation 30 [1/1] (0.72ns)   --->   "%k_2 = add i10 %k_1, i10 1" [../../../../src/fft_kernel.cpp:80]   --->   Operation 30 'add' 'k_2' <Predicate = true> <Delay = 0.72> <CoreInst = "Adder">   --->   Core 1 'Adder' <Latency = 0> <II = 1> <Delay = 0.72> <FuncUnit> <Opcode : 'add' 'sub'> <InPorts = 2> <OutPorts = 1>
ST_1 : Operation 31 [1/1] (0.00ns)   --->   "%br_ln80 = br i1 %icmp_ln80, void %for.inc115.split, void %for.inc131.preheader.exitStub" [../../../../src/fft_kernel.cpp:80]   --->   Operation 31 'br' 'br_ln80' <Predicate = true> <Delay = 0.00>
ST_1 : Operation 32 [1/1] (0.00ns)   --->   "%trunc_ln80 = trunc i10 %k_1" [../../../../src/fft_kernel.cpp:80]   --->   Operation 32 'trunc' 'trunc_ln80' <Predicate = (!icmp_ln80)> <Delay = 0.00>
ST_1 : Operation 33 [1/1] (0.74ns)   --->   "%group = lshr i10 %k_1, i10 %zext_ln75_cast" [../../../../src/fft_kernel.cpp:82]   --->   Operation 33 'lshr' 'group' <Predicate = (!icmp_ln80)> <Delay = 0.74> <CoreInst = "Shifter">   --->   Core 75 'Shifter' <Latency = 0> <II = 1> <Delay = 0.74> <FuncUnit> <Opcode : 'shl' 'lshr' 'ashr'> <InPorts = 2> <OutPorts = 1>
ST_1 : Operation 34 [1/1] (0.21ns)   --->   "%pos = and i9 %trunc_ln80, i9 %sub78_read" [../../../../src/fft_kernel.cpp:83]   --->   Operation 34 'and' 'pos' <Predicate = (!icmp_ln80)> <Delay = 0.21> <CoreInst = "LogicGate">   --->   Core 74 'LogicGate' <Latency = 0> <II = 1> <Delay = 0.21> <FuncUnit> <Opcode : 'and' 'or' 'xor'> <InPorts = 2> <OutPorts = 1>
ST_1 : Operation 35 [1/1] (0.00ns)   --->   "%zext_ln78_readcast = zext i4 %zext_ln78_read" [../../../../src/fft_kernel.cpp:85]   --->   Operation 35 'zext' 'zext_ln78_readcast' <Predicate = (!icmp_ln80)> <Delay = 0.00>
ST_1 : Operation 36 [1/1] (0.74ns)   --->   "%shl_ln85 = shl i10 %group, i10 %zext_ln78_readcast" [../../../../src/fft_kernel.cpp:85]   --->   Operation 36 'shl' 'shl_ln85' <Predicate = (!icmp_ln80)> <Delay = 0.74> <CoreInst = "Shifter">   --->   Core 75 'Shifter' <Latency = 0> <II = 1> <Delay = 0.74> <FuncUnit> <Opcode : 'shl' 'lshr' 'ashr'> <InPorts = 2> <OutPorts = 1>
ST_1 : Operation 37 [1/1] (0.38ns)   --->   "%store_ln80 = store i10 %k_2, i10 %k" [../../../../src/fft_kernel.cpp:80]   --->   Operation 37 'store' 'store_ln80' <Predicate = (!icmp_ln80)> <Delay = 0.38>

State 2 <SV = 1> <Delay = 1.90>
ST_2 : Operation 38 [1/1] (0.00ns)   --->   "%zext_ln83 = zext i9 %pos" [../../../../src/fft_kernel.cpp:83]   --->   Operation 38 'zext' 'zext_ln83' <Predicate = (!icmp_ln80)> <Delay = 0.00>
ST_2 : Operation 39 [1/1] (0.72ns)   --->   "%top = add i10 %shl_ln85, i10 %zext_ln83" [../../../../src/fft_kernel.cpp:85]   --->   Operation 39 'add' 'top' <Predicate = (!icmp_ln80)> <Delay = 0.72> <CoreInst = "Adder">   --->   Core 1 'Adder' <Latency = 0> <II = 1> <Delay = 0.72> <FuncUnit> <Opcode : 'add' 'sub'> <InPorts = 2> <OutPorts = 1>
ST_2 : Operation 40 [1/1] (0.72ns)   --->   "%tw_idx = shl i10 %zext_ln83, i10 %sub_ln78_cast_cast" [../../../../src/fft_kernel.cpp:87]   --->   Operation 40 'shl' 'tw_idx' <Predicate = (!icmp_ln80)> <Delay = 0.72> <CoreInst = "Shifter">   --->   Core 75 'Shifter' <Latency = 0> <II = 1> <Delay = 0.72> <FuncUnit> <Opcode : 'shl' 'lshr' 'ashr'> <InPorts = 2> <OutPorts = 1>
ST_2 : Operation 41 [1/1] (0.00ns)   --->   "%zext_ln89 = zext i10 %tw_idx" [../../../../src/fft_kernel.cpp:89]   --->   Operation 41 'zext' 'zext_ln89' <Predicate = (!icmp_ln80)> <Delay = 0.00>
ST_2 : Operation 42 [1/1] (0.00ns)   --->   "%twR_addr = getelementptr i16 %twR, i64 0, i64 %zext_ln89" [../../../../src/fft_kernel.cpp:89]   --->   Operation 42 'getelementptr' 'twR_addr' <Predicate = (!icmp_ln80)> <Delay = 0.00>
ST_2 : Operation 43 [2/2] (1.17ns)   --->   "%w_real = load i9 %twR_addr" [../../../../src/fft_kernel.cpp:89]   --->   Operation 43 'load' 'w_real' <Predicate = (!icmp_ln80)> <Delay = 1.17> <CoreInst = "ROM">   --->   Core 100 'ROM' <Latency = 1> <II = 1> <Delay = 1.17> <Storage> <Opcode : 'load'> <Ports = 0> <Width = 16> <Depth = 512> <ROM>
ST_2 : Operation 44 [1/1] (0.00ns)   --->   "%twI_addr = getelementptr i15 %twI, i64 0, i64 %zext_ln89" [../../../../src/fft_kernel.cpp:90]   --->   Operation 44 'getelementptr' 'twI_addr' <Predicate = (!icmp_ln80)> <Delay = 0.00>
ST_2 : Operation 45 [2/2] (1.17ns)   --->   "%w_imag = load i9 %twI_addr" [../../../../src/fft_kernel.cpp:90]   --->   Operation 45 'load' 'w_imag' <Predicate = (!icmp_ln80)> <Delay = 1.17> <CoreInst = "ROM">   --->   Core 100 'ROM' <Latency = 1> <II = 1> <Delay = 1.17> <Storage> <Opcode : 'load'> <Ports = 0> <Width = 15> <Depth = 512> <ROM>

State 3 <SV = 2> <Delay = 1.92>
ST_3 : Operation 46 [1/1] (0.72ns)   --->   "%bot = add i10 %top, i10 %half_stride_read" [../../../../src/fft_kernel.cpp:86]   --->   Operation 46 'add' 'bot' <Predicate = true> <Delay = 0.72> <CoreInst = "Adder">   --->   Core 1 'Adder' <Latency = 0> <II = 1> <Delay = 0.72> <FuncUnit> <Opcode : 'add' 'sub'> <InPorts = 2> <OutPorts = 1>
ST_3 : Operation 47 [1/2] (1.17ns)   --->   "%w_real = load i9 %twR_addr" [../../../../src/fft_kernel.cpp:89]   --->   Operation 47 'load' 'w_real' <Predicate = true> <Delay = 1.17> <CoreInst = "ROM">   --->   Core 100 'ROM' <Latency = 1> <II = 1> <Delay = 1.17> <Storage> <Opcode : 'load'> <Ports = 0> <Width = 16> <Depth = 512> <ROM>
ST_3 : Operation 48 [1/2] (1.17ns)   --->   "%w_imag = load i9 %twI_addr" [../../../../src/fft_kernel.cpp:90]   --->   Operation 48 'load' 'w_imag' <Predicate = true> <Delay = 1.17> <CoreInst = "ROM">   --->   Core 100 'ROM' <Latency = 1> <II = 1> <Delay = 1.17> <Storage> <Opcode : 'load'> <Ports = 0> <Width = 15> <Depth = 512> <ROM>
ST_3 : Operation 49 [1/1] (0.00ns)   --->   "%zext_ln94 = zext i10 %bot" [../../../../src/fft_kernel.cpp:94]   --->   Operation 49 'zext' 'zext_ln94' <Predicate = true> <Delay = 0.00>
ST_3 : Operation 50 [1/1] (0.00ns)   --->   "%real_addr_1 = getelementptr i32 %real_r, i64 0, i64 %zext_ln94" [../../../../src/fft_kernel.cpp:94]   --->   Operation 50 'getelementptr' 'real_addr_1' <Predicate = true> <Delay = 0.00>
ST_3 : Operation 51 [2/2] (1.20ns)   --->   "%b_real = load i10 %real_addr_1" [../../../../src/fft_kernel.cpp:94]   --->   Operation 51 'load' 'b_real' <Predicate = true> <Delay = 1.20> <CoreInst = "RAM_2P_BRAM">   --->   Core 93 'RAM_2P_BRAM' <Latency = 1> <II = 1> <Delay = 1.20> <Storage> <Opcode : 'load' 'store'> <Ports = 2> <Width = 32> <Depth = 1024> <RAM>
ST_3 : Operation 52 [1/1] (0.00ns)   --->   "%imag_addr_1 = getelementptr i32 %imag, i64 0, i64 %zext_ln94" [../../../../src/fft_kernel.cpp:95]   --->   Operation 52 'getelementptr' 'imag_addr_1' <Predicate = true> <Delay = 0.00>
ST_3 : Operation 53 [2/2] (1.20ns)   --->   "%b_imag = load i10 %imag_addr_1" [../../../../src/fft_kernel.cpp:95]   --->   Operation 53 'load' 'b_imag' <Predicate = true> <Delay = 1.20> <CoreInst = "RAM_2P_BRAM">   --->   Core 93 'RAM_2P_BRAM' <Latency = 1> <II = 1> <Delay = 1.20> <Storage> <Opcode : 'load' 'store'> <Ports = 2> <Width = 32> <Depth = 1024> <RAM>

State 4 <SV = 3> <Delay = 1.20>
ST_4 : Operation 54 [1/2] (1.20ns)   --->   "%b_real = load i10 %real_addr_1" [../../../../src/fft_kernel.cpp:94]   --->   Operation 54 'load' 'b_real' <Predicate = true> <Delay = 1.20> <CoreInst = "RAM_2P_BRAM">   --->   Core 93 'RAM_2P_BRAM' <Latency = 1> <II = 1> <Delay = 1.20> <Storage> <Opcode : 'load' 'store'> <Ports = 2> <Width = 32> <Depth = 1024> <RAM>
ST_4 : Operation 55 [1/2] (1.20ns)   --->   "%b_imag = load i10 %imag_addr_1" [../../../../src/fft_kernel.cpp:95]   --->   Operation 55 'load' 'b_imag' <Predicate = true> <Delay = 1.20> <CoreInst = "RAM_2P_BRAM">   --->   Core 93 'RAM_2P_BRAM' <Latency = 1> <II = 1> <Delay = 1.20> <Storage> <Opcode : 'load' 'store'> <Ports = 2> <Width = 32> <Depth = 1024> <RAM>

State 5 <SV = 4> <Delay = 2.10>
ST_5 : Operation 56 [1/1] (0.00ns)   --->   "%sext_ln89 = sext i16 %w_real" [../../../../src/fft_kernel.cpp:89]   --->   Operation 56 'sext' 'sext_ln89' <Predicate = true> <Delay = 0.00>
ST_5 : Operation 57 [1/1] (0.00ns)   --->   "%sext_ln90 = sext i15 %w_imag" [../../../../src/fft_kernel.cpp:90]   --->   Operation 57 'sext' 'sext_ln90' <Predicate = true> <Delay = 0.00>
ST_5 : Operation 58 [3/3] (2.10ns)   --->   "%mul_ln98 = mul i32 %b_real, i32 %sext_ln89" [../../../../src/fft_kernel.cpp:98]   --->   Operation 58 'mul' 'mul_ln98' <Predicate = true> <Delay = 2.10> <CoreInst = "Multiplier">   --->   Core 3 'Multiplier' <Latency = 2> <II = 1> <Delay = 2.10> <FuncUnit> <Opcode : 'mul'> <InPorts = 2> <OutPorts = 1>
ST_5 : Operation 59 [3/3] (2.10ns)   --->   "%mul_ln98_1 = mul i32 %b_imag, i32 %sext_ln90" [../../../../src/fft_kernel.cpp:98]   --->   Operation 59 'mul' 'mul_ln98_1' <Predicate = true> <Delay = 2.10> <CoreInst = "Multiplier">   --->   Core 3 'Multiplier' <Latency = 2> <II = 1> <Delay = 2.10> <FuncUnit> <Opcode : 'mul'> <InPorts = 2> <OutPorts = 1>

State 6 <SV = 5> <Delay = 2.10>
ST_6 : Operation 60 [1/1] (0.00ns)   --->   "%zext_ln92 = zext i10 %top" [../../../../src/fft_kernel.cpp:92]   --->   Operation 60 'zext' 'zext_ln92' <Predicate = true> <Delay = 0.00>
ST_6 : Operation 61 [1/1] (0.00ns)   --->   "%real_addr = getelementptr i32 %real_r, i64 0, i64 %zext_ln92" [../../../../src/fft_kernel.cpp:92]   --->   Operation 61 'getelementptr' 'real_addr' <Predicate = true> <Delay = 0.00>
ST_6 : Operation 62 [2/2] (1.20ns)   --->   "%a_real = load i10 %real_addr" [../../../../src/fft_kernel.cpp:92]   --->   Operation 62 'load' 'a_real' <Predicate = true> <Delay = 1.20> <CoreInst = "RAM_2P_BRAM">   --->   Core 93 'RAM_2P_BRAM' <Latency = 1> <II = 1> <Delay = 1.20> <Storage> <Opcode : 'load' 'store'> <Ports = 2> <Width = 32> <Depth = 1024> <RAM>
ST_6 : Operation 63 [2/3] (2.10ns)   --->   "%mul_ln98 = mul i32 %b_real, i32 %sext_ln89" [../../../../src/fft_kernel.cpp:98]   --->   Operation 63 'mul' 'mul_ln98' <Predicate = true> <Delay = 2.10> <CoreInst = "Multiplier">   --->   Core 3 'Multiplier' <Latency = 2> <II = 1> <Delay = 2.10> <FuncUnit> <Opcode : 'mul'> <InPorts = 2> <OutPorts = 1>
ST_6 : Operation 64 [2/3] (2.10ns)   --->   "%mul_ln98_1 = mul i32 %b_imag, i32 %sext_ln90" [../../../../src/fft_kernel.cpp:98]   --->   Operation 64 'mul' 'mul_ln98_1' <Predicate = true> <Delay = 2.10> <CoreInst = "Multiplier">   --->   Core 3 'Multiplier' <Latency = 2> <II = 1> <Delay = 2.10> <FuncUnit> <Opcode : 'mul'> <InPorts = 2> <OutPorts = 1>
ST_6 : Operation 65 [3/3] (2.10ns)   --->   "%mul_ln101 = mul i32 %b_real, i32 %sext_ln90" [../../../../src/fft_kernel.cpp:101]   --->   Operation 65 'mul' 'mul_ln101' <Predicate = true> <Delay = 2.10> <CoreInst = "Multiplier">   --->   Core 3 'Multiplier' <Latency = 2> <II = 1> <Delay = 2.10> <FuncUnit> <Opcode : 'mul'> <InPorts = 2> <OutPorts = 1>
ST_6 : Operation 66 [3/3] (2.10ns)   --->   "%mul_ln101_1 = mul i32 %b_imag, i32 %sext_ln89" [../../../../src/fft_kernel.cpp:101]   --->   Operation 66 'mul' 'mul_ln101_1' <Predicate = true> <Delay = 2.10> <CoreInst = "Multiplier">   --->   Core 3 'Multiplier' <Latency = 2> <II = 1> <Delay = 2.10> <FuncUnit> <Opcode : 'mul'> <InPorts = 2> <OutPorts = 1>

State 7 <SV = 6> <Delay = 2.10>
ST_7 : Operation 67 [1/2] (1.20ns)   --->   "%a_real = load i10 %real_addr" [../../../../src/fft_kernel.cpp:92]   --->   Operation 67 'load' 'a_real' <Predicate = true> <Delay = 1.20> <CoreInst = "RAM_2P_BRAM">   --->   Core 93 'RAM_2P_BRAM' <Latency = 1> <II = 1> <Delay = 1.20> <Storage> <Opcode : 'load' 'store'> <Ports = 2> <Width = 32> <Depth = 1024> <RAM>
ST_7 : Operation 68 [1/3] (2.10ns)   --->   "%mul_ln98 = mul i32 %b_real, i32 %sext_ln89" [../../../../src/fft_kernel.cpp:98]   --->   Operation 68 'mul' 'mul_ln98' <Predicate = true> <Delay = 2.10> <CoreInst = "Multiplier">   --->   Core 3 'Multiplier' <Latency = 2> <II = 1> <Delay = 2.10> <FuncUnit> <Opcode : 'mul'> <InPorts = 2> <OutPorts = 1>
ST_7 : Operation 69 [1/3] (2.10ns)   --->   "%mul_ln98_1 = mul i32 %b_imag, i32 %sext_ln90" [../../../../src/fft_kernel.cpp:98]   --->   Operation 69 'mul' 'mul_ln98_1' <Predicate = true> <Delay = 2.10> <CoreInst = "Multiplier">   --->   Core 3 'Multiplier' <Latency = 2> <II = 1> <Delay = 2.10> <FuncUnit> <Opcode : 'mul'> <InPorts = 2> <OutPorts = 1>
ST_7 : Operation 70 [2/3] (2.10ns)   --->   "%mul_ln101 = mul i32 %b_real, i32 %sext_ln90" [../../../../src/fft_kernel.cpp:101]   --->   Operation 70 'mul' 'mul_ln101' <Predicate = true> <Delay = 2.10> <CoreInst = "Multiplier">   --->   Core 3 'Multiplier' <Latency = 2> <II = 1> <Delay = 2.10> <FuncUnit> <Opcode : 'mul'> <InPorts = 2> <OutPorts = 1>
ST_7 : Operation 71 [2/3] (2.10ns)   --->   "%mul_ln101_1 = mul i32 %b_imag, i32 %sext_ln89" [../../../../src/fft_kernel.cpp:101]   --->   Operation 71 'mul' 'mul_ln101_1' <Predicate = true> <Delay = 2.10> <CoreInst = "Multiplier">   --->   Core 3 'Multiplier' <Latency = 2> <II = 1> <Delay = 2.10> <FuncUnit> <Opcode : 'mul'> <InPorts = 2> <OutPorts = 1>

State 8 <SV = 7> <Delay = 2.10>
ST_8 : Operation 72 [1/1] (0.00ns)   --->   "%imag_addr = getelementptr i32 %imag, i64 0, i64 %zext_ln92" [../../../../src/fft_kernel.cpp:93]   --->   Operation 72 'getelementptr' 'imag_addr' <Predicate = true> <Delay = 0.00>
ST_8 : Operation 73 [2/2] (1.20ns)   --->   "%a_imag = load i10 %imag_addr" [../../../../src/fft_kernel.cpp:93]   --->   Operation 73 'load' 'a_imag' <Predicate = true> <Delay = 1.20> <CoreInst = "RAM_2P_BRAM">   --->   Core 93 'RAM_2P_BRAM' <Latency = 1> <II = 1> <Delay = 1.20> <Storage> <Opcode : 'load' 'store'> <Ports = 2> <Width = 32> <Depth = 1024> <RAM>
ST_8 : Operation 74 [1/1] (0.88ns)   --->   "%sub_ln98 = sub i32 %mul_ln98, i32 %mul_ln98_1" [../../../../src/fft_kernel.cpp:98]   --->   Operation 74 'sub' 'sub_ln98' <Predicate = true> <Delay = 0.88> <CoreInst = "Adder">   --->   Core 1 'Adder' <Latency = 0> <II = 1> <Delay = 0.88> <FuncUnit> <Opcode : 'add' 'sub'> <InPorts = 2> <OutPorts = 1>
ST_8 : Operation 75 [1/1] (0.00ns)   --->   "%bw_real = partselect i18 @_ssdm_op_PartSelect.i18.i32.i32.i32, i32 %sub_ln98, i32 14, i32 31" [../../../../src/fft_kernel.cpp:98]   --->   Operation 75 'partselect' 'bw_real' <Predicate = true> <Delay = 0.00>
ST_8 : Operation 76 [1/3] (2.10ns)   --->   "%mul_ln101 = mul i32 %b_real, i32 %sext_ln90" [../../../../src/fft_kernel.cpp:101]   --->   Operation 76 'mul' 'mul_ln101' <Predicate = true> <Delay = 2.10> <CoreInst = "Multiplier">   --->   Core 3 'Multiplier' <Latency = 2> <II = 1> <Delay = 2.10> <FuncUnit> <Opcode : 'mul'> <InPorts = 2> <OutPorts = 1>
ST_8 : Operation 77 [1/3] (2.10ns)   --->   "%mul_ln101_1 = mul i32 %b_imag, i32 %sext_ln89" [../../../../src/fft_kernel.cpp:101]   --->   Operation 77 'mul' 'mul_ln101_1' <Predicate = true> <Delay = 2.10> <CoreInst = "Multiplier">   --->   Core 3 'Multiplier' <Latency = 2> <II = 1> <Delay = 2.10> <FuncUnit> <Opcode : 'mul'> <InPorts = 2> <OutPorts = 1>

State 9 <SV = 8> <Delay = 2.08>
ST_9 : Operation 78 [1/2] (1.20ns)   --->   "%a_imag = load i10 %imag_addr" [../../../../src/fft_kernel.cpp:93]   --->   Operation 78 'load' 'a_imag' <Predicate = true> <Delay = 1.20> <CoreInst = "RAM_2P_BRAM">   --->   Core 93 'RAM_2P_BRAM' <Latency = 1> <II = 1> <Delay = 1.20> <Storage> <Opcode : 'load' 'store'> <Ports = 2> <Width = 32> <Depth = 1024> <RAM>
ST_9 : Operation 79 [1/1] (0.00ns)   --->   "%sext_ln98 = sext i18 %bw_real" [../../../../src/fft_kernel.cpp:98]   --->   Operation 79 'sext' 'sext_ln98' <Predicate = true> <Delay = 0.00>
ST_9 : Operation 80 [1/1] (0.88ns)   --->   "%add_ln101 = add i32 %mul_ln101_1, i32 %mul_ln101" [../../../../src/fft_kernel.cpp:101]   --->   Operation 80 'add' 'add_ln101' <Predicate = true> <Delay = 0.88> <CoreInst = "Adder">   --->   Core 1 'Adder' <Latency = 0> <II = 1> <Delay = 0.88> <FuncUnit> <Opcode : 'add' 'sub'> <InPorts = 2> <OutPorts = 1>
ST_9 : Operation 81 [1/1] (0.00ns)   --->   "%bw_imag = partselect i18 @_ssdm_op_PartSelect.i18.i32.i32.i32, i32 %add_ln101, i32 14, i32 31" [../../../../src/fft_kernel.cpp:101]   --->   Operation 81 'partselect' 'bw_imag' <Predicate = true> <Delay = 0.00>
ST_9 : Operation 82 [1/1] (0.88ns)   --->   "%add_ln103 = add i32 %a_real, i32 %sext_ln98" [../../../../src/fft_kernel.cpp:103]   --->   Operation 82 'add' 'add_ln103' <Predicate = true> <Delay = 0.88> <CoreInst = "Adder">   --->   Core 1 'Adder' <Latency = 0> <II = 1> <Delay = 0.88> <FuncUnit> <Opcode : 'add' 'sub'> <InPorts = 2> <OutPorts = 1>
ST_9 : Operation 83 [1/1] (0.00ns)   --->   "%out_real_addr = getelementptr i32 %out_real, i64 0, i64 %zext_ln92" [../../../../src/fft_kernel.cpp:103]   --->   Operation 83 'getelementptr' 'out_real_addr' <Predicate = true> <Delay = 0.00>
ST_9 : Operation 84 [1/1] (1.20ns)   --->   "%store_ln103 = store i32 %add_ln103, i10 %out_real_addr" [../../../../src/fft_kernel.cpp:103]   --->   Operation 84 'store' 'store_ln103' <Predicate = true> <Delay = 1.20> <CoreInst = "RAM_2P_BRAM">   --->   Core 93 'RAM_2P_BRAM' <Latency = 1> <II = 1> <Delay = 1.20> <Storage> <Opcode : 'load' 'store'> <Ports = 2> <Width = 32> <Depth = 1024> <RAM>
ST_9 : Operation 85 [1/1] (0.88ns)   --->   "%sub_ln105 = sub i32 %a_real, i32 %sext_ln98" [../../../../src/fft_kernel.cpp:105]   --->   Operation 85 'sub' 'sub_ln105' <Predicate = true> <Delay = 0.88> <CoreInst = "Adder">   --->   Core 1 'Adder' <Latency = 0> <II = 1> <Delay = 0.88> <FuncUnit> <Opcode : 'add' 'sub'> <InPorts = 2> <OutPorts = 1>
ST_9 : Operation 99 [1/1] (0.38ns)   --->   "%ret_ln0 = ret"   --->   Operation 99 'ret' 'ret_ln0' <Predicate = (icmp_ln80)> <Delay = 0.38>

State 10 <SV = 9> <Delay = 2.08>
ST_10 : Operation 86 [1/1] (0.00ns)   --->   "%sext_ln101 = sext i18 %bw_imag" [../../../../src/fft_kernel.cpp:101]   --->   Operation 86 'sext' 'sext_ln101' <Predicate = true> <Delay = 0.00>
ST_10 : Operation 87 [1/1] (0.88ns)   --->   "%add_ln104 = add i32 %a_imag, i32 %sext_ln101" [../../../../src/fft_kernel.cpp:104]   --->   Operation 87 'add' 'add_ln104' <Predicate = true> <Delay = 0.88> <CoreInst = "Adder">   --->   Core 1 'Adder' <Latency = 0> <II = 1> <Delay = 0.88> <FuncUnit> <Opcode : 'add' 'sub'> <InPorts = 2> <OutPorts = 1>
ST_10 : Operation 88 [1/1] (0.00ns)   --->   "%out_imag_addr = getelementptr i32 %out_imag, i64 0, i64 %zext_ln92" [../../../../src/fft_kernel.cpp:104]   --->   Operation 88 'getelementptr' 'out_imag_addr' <Predicate = true> <Delay = 0.00>
ST_10 : Operation 89 [1/1] (1.20ns)   --->   "%store_ln104 = store i32 %add_ln104, i10 %out_imag_addr" [../../../../src/fft_kernel.cpp:104]   --->   Operation 89 'store' 'store_ln104' <Predicate = true> <Delay = 1.20> <CoreInst = "RAM_2P_BRAM">   --->   Core 93 'RAM_2P_BRAM' <Latency = 1> <II = 1> <Delay = 1.20> <Storage> <Opcode : 'load' 'store'> <Ports = 2> <Width = 32> <Depth = 1024> <RAM>
ST_10 : Operation 90 [1/1] (0.00ns)   --->   "%out_real_addr_1 = getelementptr i32 %out_real, i64 0, i64 %zext_ln94" [../../../../src/fft_kernel.cpp:105]   --->   Operation 90 'getelementptr' 'out_real_addr_1' <Predicate = true> <Delay = 0.00>
ST_10 : Operation 91 [1/1] (1.20ns)   --->   "%store_ln105 = store i32 %sub_ln105, i10 %out_real_addr_1" [../../../../src/fft_kernel.cpp:105]   --->   Operation 91 'store' 'store_ln105' <Predicate = true> <Delay = 1.20> <CoreInst = "RAM_2P_BRAM">   --->   Core 93 'RAM_2P_BRAM' <Latency = 1> <II = 1> <Delay = 1.20> <Storage> <Opcode : 'load' 'store'> <Ports = 2> <Width = 32> <Depth = 1024> <RAM>
ST_10 : Operation 92 [1/1] (0.88ns)   --->   "%sub_ln106 = sub i32 %a_imag, i32 %sext_ln101" [../../../../src/fft_kernel.cpp:106]   --->   Operation 92 'sub' 'sub_ln106' <Predicate = true> <Delay = 0.88> <CoreInst = "Adder">   --->   Core 1 'Adder' <Latency = 0> <II = 1> <Delay = 0.88> <FuncUnit> <Opcode : 'add' 'sub'> <InPorts = 2> <OutPorts = 1>

State 11 <SV = 10> <Delay = 1.20>
ST_11 : Operation 93 [1/1] (0.00ns)   --->   "%specpipeline_ln81 = specpipeline void @_ssdm_op_SpecPipeline, i32 1, i32 0, i32 0, i32 0, void @empty_1" [../../../../src/fft_kernel.cpp:81]   --->   Operation 93 'specpipeline' 'specpipeline_ln81' <Predicate = true> <Delay = 0.00>
ST_11 : Operation 94 [1/1] (0.00ns)   --->   "%speclooptripcount_ln80 = speclooptripcount void @_ssdm_op_SpecLoopTripCount, i64 512, i64 512, i64 512" [../../../../src/fft_kernel.cpp:80]   --->   Operation 94 'speclooptripcount' 'speclooptripcount_ln80' <Predicate = true> <Delay = 0.00>
ST_11 : Operation 95 [1/1] (0.00ns)   --->   "%specloopname_ln80 = specloopname void @_ssdm_op_SpecLoopName, void @empty_22" [../../../../src/fft_kernel.cpp:80]   --->   Operation 95 'specloopname' 'specloopname_ln80' <Predicate = true> <Delay = 0.00>
ST_11 : Operation 96 [1/1] (0.00ns)   --->   "%out_imag_addr_1 = getelementptr i32 %out_imag, i64 0, i64 %zext_ln94" [../../../../src/fft_kernel.cpp:106]   --->   Operation 96 'getelementptr' 'out_imag_addr_1' <Predicate = true> <Delay = 0.00>
ST_11 : Operation 97 [1/1] (1.20ns)   --->   "%store_ln106 = store i32 %sub_ln106, i10 %out_imag_addr_1" [../../../../src/fft_kernel.cpp:106]   --->   Operation 97 'store' 'store_ln106' <Predicate = true> <Delay = 1.20> <CoreInst = "RAM_2P_BRAM">   --->   Core 93 'RAM_2P_BRAM' <Latency = 1> <II = 1> <Delay = 1.20> <Storage> <Opcode : 'load' 'store'> <Ports = 2> <Width = 32> <Depth = 1024> <RAM>
ST_11 : Operation 98 [1/1] (0.00ns)   --->   "%br_ln80 = br void %for.inc115" [../../../../src/fft_kernel.cpp:80]   --->   Operation 98 'br' 'br_ln80' <Predicate = true> <Delay = 0.00>


============================================================
+ Verbose Summary: Timing violations
============================================================
Target clock period: 3.000ns, clock uncertainty: 0.810ns.

 <State 1>: 1.868ns
The critical path consists of the following:
	'store' operation 0 bit ('store_ln80', ../../../../src/fft_kernel.cpp:80) of constant 0 on local variable 'k', ../../../../src/fft_kernel.cpp:80 [24]  (0.387 ns)
	'load' operation 10 bit ('k', ../../../../src/fft_kernel.cpp:80) on local variable 'k', ../../../../src/fft_kernel.cpp:80 [27]  (0.000 ns)
	'lshr' operation 10 bit ('group', ../../../../src/fft_kernel.cpp:82) [36]  (0.740 ns)
	'shl' operation 10 bit ('shl_ln85', ../../../../src/fft_kernel.cpp:85) [40]  (0.740 ns)

 <State 2>: 1.900ns
The critical path consists of the following:
	'shl' operation 10 bit ('tw_idx', ../../../../src/fft_kernel.cpp:87) [43]  (0.723 ns)
	'getelementptr' operation 9 bit ('twR_addr', ../../../../src/fft_kernel.cpp:89) [45]  (0.000 ns)
	'load' operation 16 bit ('w_real', ../../../../src/fft_kernel.cpp:89) on array 'twR' [46]  (1.177 ns)

 <State 3>: 1.925ns
The critical path consists of the following:
	'add' operation 10 bit ('bot', ../../../../src/fft_kernel.cpp:86) [42]  (0.725 ns)
	'getelementptr' operation 10 bit ('real_addr_1', ../../../../src/fft_kernel.cpp:94) [57]  (0.000 ns)
	'load' operation 32 bit ('b_real', ../../../../src/fft_kernel.cpp:94) on array 'real_r' [58]  (1.200 ns)

 <State 4>: 1.200ns
The critical path consists of the following:
	'load' operation 32 bit ('b_real', ../../../../src/fft_kernel.cpp:94) on array 'real_r' [58]  (1.200 ns)

 <State 5>: 2.100ns
The critical path consists of the following:
	'mul' operation 32 bit ('mul_ln98', ../../../../src/fft_kernel.cpp:98) [61]  (2.100 ns)

 <State 6>: 2.100ns
The critical path consists of the following:
	'mul' operation 32 bit ('mul_ln98', ../../../../src/fft_kernel.cpp:98) [61]  (2.100 ns)

 <State 7>: 2.100ns
The critical path consists of the following:
	'mul' operation 32 bit ('mul_ln98', ../../../../src/fft_kernel.cpp:98) [61]  (2.100 ns)

 <State 8>: 2.100ns
The critical path consists of the following:
	'mul' operation 32 bit ('mul_ln101', ../../../../src/fft_kernel.cpp:101) [66]  (2.100 ns)

 <State 9>: 2.080ns
The critical path consists of the following:
	'add' operation 32 bit ('add_ln103', ../../../../src/fft_kernel.cpp:103) [71]  (0.880 ns)
	'store' operation 0 bit ('store_ln103', ../../../../src/fft_kernel.cpp:103) of variable 'add_ln103', ../../../../src/fft_kernel.cpp:103 on array 'out_real' [73]  (1.200 ns)

 <State 10>: 2.080ns
The critical path consists of the following:
	'add' operation 32 bit ('add_ln104', ../../../../src/fft_kernel.cpp:104) [74]  (0.880 ns)
	'store' operation 0 bit ('store_ln104', ../../../../src/fft_kernel.cpp:104) of variable 'add_ln104', ../../../../src/fft_kernel.cpp:104 on array 'out_imag' [76]  (1.200 ns)

 <State 11>: 1.200ns
The critical path consists of the following:
	'getelementptr' operation 10 bit ('out_imag_addr_1', ../../../../src/fft_kernel.cpp:106) [81]  (0.000 ns)
	'store' operation 0 bit ('store_ln106', ../../../../src/fft_kernel.cpp:106) of variable 'sub_ln106', ../../../../src/fft_kernel.cpp:106 on array 'out_imag' [82]  (1.200 ns)


============================================================
+ Verbose Summary: Binding
============================================================
N/A
* FSMD analyzer results:
  - Output states:
 - Input state : 
  - Chain level:
	State 1
	State 2
	State 3
	State 4
	State 5
	State 6
	State 7
	State 8
	State 9
	State 10
	State 11


============================================================
+ Verbose Summary: Datapath Resource usage 
============================================================
N/A
