

================================================================
== Vitis HLS Report for 'fft_kernel_Pipeline_VITIS_LOOP_62_4'
================================================================
* Date:           Mon Jun  1 09:29:34 2026

* Version:        2024.1 (Build 5069499 on May 21 2024)
* Project:        hls_component
* Solution:       hls (Vivado IP Flow Target)
* Product family: virtexuplusHBM
* Target device:  xcvu47p-fsvh2892-2-e


================================================================
== Performance Estimates
================================================================
+ Timing: 
    * Summary: 
    +--------+---------+----------+------------+
    |  Clock |  Target | Estimated| Uncertainty|
    +--------+---------+----------+------------+
    |ap_clk  |  3.00 ns|  1.587 ns|     0.81 ns|
    +--------+---------+----------+------------+

+ Latency: 
    * Summary: 
    +---------+---------+----------+----------+------+------+-----------------------------------------------+
    |  Latency (cycles) |  Latency (absolute) |   Interval  |                    Pipeline                   |
    |   min   |   max   |    min   |    max   |  min |  max |                      Type                     |
    +---------+---------+----------+----------+------+------+-----------------------------------------------+
    |     1027|     1027|  3.081 us|  3.081 us|  1025|  1025|  loop auto-rewind stp(delay=0 clock cycles(s))|
    +---------+---------+----------+----------+------+------+-----------------------------------------------+

    + Detail: 
        * Instance: 
        N/A

        * Loop: 
        +-------------------+---------+---------+----------+-----------+-----------+------+----------+
        |                   |  Latency (cycles) | Iteration|  Initiation Interval  | Trip |          |
        |     Loop Name     |   min   |   max   |  Latency |  achieved |   target  | Count| Pipelined|
        +-------------------+---------+---------+----------+-----------+-----------+------+----------+
        |- VITIS_LOOP_62_4  |     1025|     1025|         3|          1|          1|  1024|       yes|
        +-------------------+---------+---------+----------+-----------+-----------+------+----------+



================================================================
== Utilization Estimates
================================================================
* Summary: 
+---------------------+---------+------+---------+---------+-----+
|         Name        | BRAM_18K|  DSP |    FF   |   LUT   | URAM|
+---------------------+---------+------+---------+---------+-----+
|DSP                  |        -|     -|        -|        -|    -|
|Expression           |        -|     -|        0|       39|    -|
|FIFO                 |        -|     -|        -|        -|    -|
|Instance             |        -|     -|        -|        -|    -|
|Memory               |        -|     -|        -|        -|    -|
|Multiplexer          |        -|     -|        0|       36|    -|
|Register             |        -|     -|      100|        -|    -|
+---------------------+---------+------+---------+---------+-----+
|Total                |        0|     0|      100|       75|    0|
+---------------------+---------+------+---------+---------+-----+
|Available SLR        |     1344|  3008|   869120|   434560|  320|
+---------------------+---------+------+---------+---------+-----+
|Utilization SLR (%)  |        0|     0|       ~0|       ~0|    0|
+---------------------+---------+------+---------+---------+-----+
|Available            |     4032|  9024|  2607360|  1303680|  960|
+---------------------+---------+------+---------+---------+-----+
|Utilization (%)      |        0|     0|       ~0|       ~0|    0|
+---------------------+---------+------+---------+---------+-----+

+ Detail: 
    * Instance: 
    N/A

    * DSP: 
    N/A

    * Memory: 
    N/A

    * FIFO: 
    N/A

    * Expression: 
    +---------------------+----------+----+---+----+------------+------------+
    |    Variable Name    | Operation| DSP| FF| LUT| Bitwidth P0| Bitwidth P1|
    +---------------------+----------+----+---+----+------------+------------+
    |add_ln62_fu_122_p2   |         +|   0|  0|  18|          11|           1|
    |icmp_ln62_fu_116_p2  |      icmp|   0|  0|  19|          11|          12|
    |ap_enable_pp0        |       xor|   0|  0|   2|           1|           2|
    +---------------------+----------+----+---+----+------------+------------+
    |Total                |          |   0|  0|  39|          23|          15|
    +---------------------+----------+----+---+----+------------+------------+

    * Multiplexer: 
    +-------------------------+----+-----------+-----+-----------+
    |           Name          | LUT| Input Size| Bits| Total Bits|
    +-------------------------+----+-----------+-----+-----------+
    |ap_done_int              |   9|          2|    1|          2|
    |ap_enable_reg_pp0_iter1  |   9|          2|    1|          2|
    |ap_sig_allocacmp_i_2     |   9|          2|   11|         22|
    |i_fu_44                  |   9|          2|   11|         22|
    +-------------------------+----+-----------+-----+-----------+
    |Total                    |  36|          8|   24|         48|
    +-------------------------+----+-----------+-----+-----------+

    * Register: 
    +----------------------------------+----+----+-----+-----------+
    |               Name               | FF | LUT| Bits| Const Bits|
    +----------------------------------+----+----+-----+-----------+
    |ap_CS_fsm                         |   1|   0|    1|          0|
    |ap_done_reg                       |   1|   0|    1|          0|
    |ap_enable_reg_pp0_iter1           |   1|   0|    1|          0|
    |ap_enable_reg_pp0_iter2           |   1|   0|    1|          0|
    |ap_loop_exit_ready_pp0_iter1_reg  |   1|   0|    1|          0|
    |i_fu_44                           |  11|   0|   11|          0|
    |imag_load_reg_185                 |  32|   0|   32|          0|
    |real_load_reg_180                 |  32|   0|   32|          0|
    |y_reg_165                         |  10|   0|   10|          0|
    |y_reg_165_pp0_iter1_reg           |  10|   0|   10|          0|
    +----------------------------------+----+----+-----+-----------+
    |Total                             | 100|   0|  100|          0|
    +----------------------------------+----+----+-----+-----------+



================================================================
== Interface
================================================================
* Summary: 
+-------------------+-----+-----+------------+-------------------------------------+--------------+
|     RTL Ports     | Dir | Bits|  Protocol  |            Source Object            |    C Type    |
+-------------------+-----+-----+------------+-------------------------------------+--------------+
|ap_clk             |   in|    1|  ap_ctrl_hs|  fft_kernel_Pipeline_VITIS_LOOP_62_4|  return value|
|ap_rst             |   in|    1|  ap_ctrl_hs|  fft_kernel_Pipeline_VITIS_LOOP_62_4|  return value|
|ap_start           |   in|    1|  ap_ctrl_hs|  fft_kernel_Pipeline_VITIS_LOOP_62_4|  return value|
|ap_done            |  out|    1|  ap_ctrl_hs|  fft_kernel_Pipeline_VITIS_LOOP_62_4|  return value|
|ap_idle            |  out|    1|  ap_ctrl_hs|  fft_kernel_Pipeline_VITIS_LOOP_62_4|  return value|
|ap_ready           |  out|    1|  ap_ctrl_hs|  fft_kernel_Pipeline_VITIS_LOOP_62_4|  return value|
|real_r_address0    |  out|   10|   ap_memory|                               real_r|         array|
|real_r_ce0         |  out|    1|   ap_memory|                               real_r|         array|
|real_r_q0          |   in|   32|   ap_memory|                               real_r|         array|
|tmp_real_address1  |  out|   10|   ap_memory|                             tmp_real|         array|
|tmp_real_ce1       |  out|    1|   ap_memory|                             tmp_real|         array|
|tmp_real_we1       |  out|    1|   ap_memory|                             tmp_real|         array|
|tmp_real_d1        |  out|   32|   ap_memory|                             tmp_real|         array|
|imag_address0      |  out|   10|   ap_memory|                                 imag|         array|
|imag_ce0           |  out|    1|   ap_memory|                                 imag|         array|
|imag_q0            |   in|   32|   ap_memory|                                 imag|         array|
|tmp_imag_address1  |  out|   10|   ap_memory|                             tmp_imag|         array|
|tmp_imag_ce1       |  out|    1|   ap_memory|                             tmp_imag|         array|
|tmp_imag_we1       |  out|    1|   ap_memory|                             tmp_imag|         array|
|tmp_imag_d1        |  out|   32|   ap_memory|                             tmp_imag|         array|
+-------------------+-----+-----+------------+-------------------------------------+--------------+

============================================================
+ Verbose Summary: Synthesis Manager
============================================================
InlineROM: 1
ExposeGlobal: 0
============================================================
+ Verbose Summary: CDFG Model
============================================================
IsTopModel: 0
ResetActiveHigh: 1
IsCombinational: 2
IsDatapathOnly: 2
HasWiredReturn: 1
HasMFsm: 2
HasVarLatency: 1
IsPipeline: 0
IsRtlPipelined: 0
IsInstanceOverlapped: 0
IsDontTouch: 0
HasImplIP: 0
IsGatedGlobalClock: 0

+ Individual pipeline summary: 
  * Pipeline-0: initiation interval (II) = 1, depth = 3


============================================================
+ Verbose Summary: Schedule
============================================================
* Number of FSM states : 3
* Pipeline : 1
  Pipeline-0 : II = 1, D = 3, States = { 1 2 3 }
* Dataflow Pipeline: 0

* FSM state transitions: 
1 --> 2 
2 --> 3 
3 --> 

* FSM state operations: 

State 1 <SV = 0> <Delay = 1.58>
ST_1 : Operation 6 [1/1] (0.00ns)   --->   "%i = alloca i32 1" [../../../../src/fft_kernel.cpp:62]   --->   Operation 6 'alloca' 'i' <Predicate = true> <Delay = 0.00>
ST_1 : Operation 7 [1/1] (0.00ns)   --->   "%specmemcore_ln0 = specmemcore void @_ssdm_op_SpecMemCore, i32 %tmp_imag, i64 666, i64 22, i64 18446744073709551615"   --->   Operation 7 'specmemcore' 'specmemcore_ln0' <Predicate = true> <Delay = 0.00>
ST_1 : Operation 8 [1/1] (0.00ns)   --->   "%specmemcore_ln0 = specmemcore void @_ssdm_op_SpecMemCore, i32 %tmp_real, i64 666, i64 22, i64 18446744073709551615"   --->   Operation 8 'specmemcore' 'specmemcore_ln0' <Predicate = true> <Delay = 0.00>
ST_1 : Operation 9 [1/1] (0.00ns)   --->   "%specmemcore_ln0 = specmemcore void @_ssdm_op_SpecMemCore, i32 %imag, i64 666, i64 22, i64 18446744073709551615"   --->   Operation 9 'specmemcore' 'specmemcore_ln0' <Predicate = true> <Delay = 0.00>
ST_1 : Operation 10 [1/1] (0.00ns)   --->   "%specmemcore_ln0 = specmemcore void @_ssdm_op_SpecMemCore, i32 %real_r, i64 666, i64 22, i64 18446744073709551615"   --->   Operation 10 'specmemcore' 'specmemcore_ln0' <Predicate = true> <Delay = 0.00>
ST_1 : Operation 11 [1/1] (0.38ns)   --->   "%store_ln62 = store i11 0, i11 %i" [../../../../src/fft_kernel.cpp:62]   --->   Operation 11 'store' 'store_ln62' <Predicate = true> <Delay = 0.38>
ST_1 : Operation 12 [1/1] (0.00ns)   --->   "%br_ln0 = br void %for.inc47"   --->   Operation 12 'br' 'br_ln0' <Predicate = true> <Delay = 0.00>
ST_1 : Operation 13 [1/1] (0.00ns)   --->   "%i_2 = load i11 %i" [../../../../src/fft_kernel.cpp:62]   --->   Operation 13 'load' 'i_2' <Predicate = true> <Delay = 0.00>
ST_1 : Operation 14 [1/1] (0.73ns)   --->   "%icmp_ln62 = icmp_eq  i11 %i_2, i11 1024" [../../../../src/fft_kernel.cpp:62]   --->   Operation 14 'icmp' 'icmp_ln62' <Predicate = true> <Delay = 0.73> <CoreInst = "Cmp">   --->   Core 9 'Cmp' <Latency = 0> <II = 1> <Delay = 0.74> <FuncUnit> <Opcode : 'seteq' 'setne' 'setle' 'setge' 'setlt' 'setgt'> <InPorts = 2> <OutPorts = 1>
ST_1 : Operation 15 [1/1] (0.73ns)   --->   "%add_ln62 = add i11 %i_2, i11 1" [../../../../src/fft_kernel.cpp:62]   --->   Operation 15 'add' 'add_ln62' <Predicate = true> <Delay = 0.73> <CoreInst = "Adder">   --->   Core 1 'Adder' <Latency = 0> <II = 1> <Delay = 0.73> <FuncUnit> <Opcode : 'add' 'sub'> <InPorts = 2> <OutPorts = 1>
ST_1 : Operation 16 [1/1] (0.00ns)   --->   "%br_ln62 = br i1 %icmp_ln62, void %for.inc47.split, void %for.inc63.preheader.exitStub" [../../../../src/fft_kernel.cpp:62]   --->   Operation 16 'br' 'br_ln62' <Predicate = true> <Delay = 0.00>
ST_1 : Operation 17 [1/1] (0.00ns)   --->   "%zext_ln62 = zext i11 %i_2" [../../../../src/fft_kernel.cpp:62]   --->   Operation 17 'zext' 'zext_ln62' <Predicate = (!icmp_ln62)> <Delay = 0.00>
ST_1 : Operation 18 [1/1] (0.00ns)   --->   "%y = partselect i10 @_ssdm_op_PartSelect.i10.i11.i32.i32, i11 %i_2, i32 9, i32 0" [../../../../src/fft_kernel.cpp:9->../../../../src/fft_kernel.cpp:64]   --->   Operation 18 'partselect' 'y' <Predicate = (!icmp_ln62)> <Delay = 0.00>
ST_1 : Operation 19 [1/1] (0.00ns)   --->   "%real_addr = getelementptr i32 %real_r, i64 0, i64 %zext_ln62" [../../../../src/fft_kernel.cpp:65]   --->   Operation 19 'getelementptr' 'real_addr' <Predicate = (!icmp_ln62)> <Delay = 0.00>
ST_1 : Operation 20 [2/2] (1.20ns)   --->   "%real_load = load i10 %real_addr" [../../../../src/fft_kernel.cpp:65]   --->   Operation 20 'load' 'real_load' <Predicate = (!icmp_ln62)> <Delay = 1.20> <CoreInst = "RAM_2P_BRAM">   --->   Core 93 'RAM_2P_BRAM' <Latency = 1> <II = 1> <Delay = 1.20> <Storage> <Opcode : 'load' 'store'> <Ports = 2> <Width = 32> <Depth = 1024> <RAM>
ST_1 : Operation 21 [1/1] (0.00ns)   --->   "%imag_addr = getelementptr i32 %imag, i64 0, i64 %zext_ln62" [../../../../src/fft_kernel.cpp:66]   --->   Operation 21 'getelementptr' 'imag_addr' <Predicate = (!icmp_ln62)> <Delay = 0.00>
ST_1 : Operation 22 [2/2] (1.20ns)   --->   "%imag_load = load i10 %imag_addr" [../../../../src/fft_kernel.cpp:66]   --->   Operation 22 'load' 'imag_load' <Predicate = (!icmp_ln62)> <Delay = 1.20> <CoreInst = "RAM_2P_BRAM">   --->   Core 93 'RAM_2P_BRAM' <Latency = 1> <II = 1> <Delay = 1.20> <Storage> <Opcode : 'load' 'store'> <Ports = 2> <Width = 32> <Depth = 1024> <RAM>
ST_1 : Operation 23 [1/1] (0.38ns)   --->   "%store_ln62 = store i11 %add_ln62, i11 %i" [../../../../src/fft_kernel.cpp:62]   --->   Operation 23 'store' 'store_ln62' <Predicate = (!icmp_ln62)> <Delay = 0.38>

State 2 <SV = 1> <Delay = 1.20>
ST_2 : Operation 24 [1/2] (1.20ns)   --->   "%real_load = load i10 %real_addr" [../../../../src/fft_kernel.cpp:65]   --->   Operation 24 'load' 'real_load' <Predicate = true> <Delay = 1.20> <CoreInst = "RAM_2P_BRAM">   --->   Core 93 'RAM_2P_BRAM' <Latency = 1> <II = 1> <Delay = 1.20> <Storage> <Opcode : 'load' 'store'> <Ports = 2> <Width = 32> <Depth = 1024> <RAM>
ST_2 : Operation 25 [1/2] (1.20ns)   --->   "%imag_load = load i10 %imag_addr" [../../../../src/fft_kernel.cpp:66]   --->   Operation 25 'load' 'imag_load' <Predicate = true> <Delay = 1.20> <CoreInst = "RAM_2P_BRAM">   --->   Core 93 'RAM_2P_BRAM' <Latency = 1> <II = 1> <Delay = 1.20> <Storage> <Opcode : 'load' 'store'> <Ports = 2> <Width = 32> <Depth = 1024> <RAM>
ST_2 : Operation 35 [1/1] (0.38ns)   --->   "%ret_ln0 = ret"   --->   Operation 35 'ret' 'ret_ln0' <Predicate = (icmp_ln62)> <Delay = 0.38>

State 3 <SV = 2> <Delay = 1.20>
ST_3 : Operation 26 [1/1] (0.00ns)   --->   "%specpipeline_ln63 = specpipeline void @_ssdm_op_SpecPipeline, i32 1, i32 0, i32 0, i32 0, void @empty_1" [../../../../src/fft_kernel.cpp:63]   --->   Operation 26 'specpipeline' 'specpipeline_ln63' <Predicate = true> <Delay = 0.00>
ST_3 : Operation 27 [1/1] (0.00ns)   --->   "%speclooptripcount_ln62 = speclooptripcount void @_ssdm_op_SpecLoopTripCount, i64 1024, i64 1024, i64 1024" [../../../../src/fft_kernel.cpp:62]   --->   Operation 27 'speclooptripcount' 'speclooptripcount_ln62' <Predicate = true> <Delay = 0.00>
ST_3 : Operation 28 [1/1] (0.00ns)   --->   "%specloopname_ln62 = specloopname void @_ssdm_op_SpecLoopName, void @empty_20" [../../../../src/fft_kernel.cpp:62]   --->   Operation 28 'specloopname' 'specloopname_ln62' <Predicate = true> <Delay = 0.00>
ST_3 : Operation 29 [1/1] (0.00ns)   --->   "%zext_ln65 = zext i10 %y" [../../../../src/fft_kernel.cpp:65]   --->   Operation 29 'zext' 'zext_ln65' <Predicate = true> <Delay = 0.00>
ST_3 : Operation 30 [1/1] (0.00ns)   --->   "%tmp_real_addr = getelementptr i32 %tmp_real, i64 0, i64 %zext_ln65" [../../../../src/fft_kernel.cpp:65]   --->   Operation 30 'getelementptr' 'tmp_real_addr' <Predicate = true> <Delay = 0.00>
ST_3 : Operation 31 [1/1] (1.20ns)   --->   "%store_ln65 = store i32 %real_load, i10 %tmp_real_addr" [../../../../src/fft_kernel.cpp:65]   --->   Operation 31 'store' 'store_ln65' <Predicate = true> <Delay = 1.20> <CoreInst = "RAM_2P_BRAM">   --->   Core 93 'RAM_2P_BRAM' <Latency = 1> <II = 1> <Delay = 1.20> <Storage> <Opcode : 'load' 'store'> <Ports = 2> <Width = 32> <Depth = 1024> <RAM>
ST_3 : Operation 32 [1/1] (0.00ns)   --->   "%tmp_imag_addr = getelementptr i32 %tmp_imag, i64 0, i64 %zext_ln65" [../../../../src/fft_kernel.cpp:66]   --->   Operation 32 'getelementptr' 'tmp_imag_addr' <Predicate = true> <Delay = 0.00>
ST_3 : Operation 33 [1/1] (1.20ns)   --->   "%store_ln66 = store i32 %imag_load, i10 %tmp_imag_addr" [../../../../src/fft_kernel.cpp:66]   --->   Operation 33 'store' 'store_ln66' <Predicate = true> <Delay = 1.20> <CoreInst = "RAM_2P_BRAM">   --->   Core 93 'RAM_2P_BRAM' <Latency = 1> <II = 1> <Delay = 1.20> <Storage> <Opcode : 'load' 'store'> <Ports = 2> <Width = 32> <Depth = 1024> <RAM>
ST_3 : Operation 34 [1/1] (0.00ns)   --->   "%br_ln62 = br void %for.inc47" [../../../../src/fft_kernel.cpp:62]   --->   Operation 34 'br' 'br_ln62' <Predicate = true> <Delay = 0.00>


============================================================
+ Verbose Summary: Binding
============================================================
STG Binding: 
---------------- STG Properties BEGIN ----------------
- Is combinational: 0
- Is one-state seq: 0
- Is datapath-only: 0
- Is pipelined: 0
- Is top level: 0
Port [ Return ] is wired: 1; IO mode=ap_ctrl_hs:ce=0
Port [ real_r]:  wired=1; compound=1; hidden=0; nouse=0; global=0; static=0; extern=0; dir=0; type=1; pingpong=0; private_global=0; MemPort=[13]; IO mode=ap_memory:ce=0
Port [ tmp_real]:  wired=1; compound=1; hidden=0; nouse=0; global=0; static=0; extern=0; dir=1; type=1; pingpong=0; private_global=0; MemPort=[30]; IO mode=ap_memory:ce=0
Port [ imag]:  wired=1; compound=1; hidden=0; nouse=0; global=0; static=0; extern=0; dir=0; type=1; pingpong=0; private_global=0; MemPort=[13]; IO mode=ap_memory:ce=0
Port [ tmp_imag]:  wired=1; compound=1; hidden=0; nouse=0; global=0; static=0; extern=0; dir=1; type=1; pingpong=0; private_global=0; MemPort=[30]; IO mode=ap_memory:ce=0
---------------- STG Properties END ------------------

---------------- Datapath Model BEGIN ----------------

<LifeTime>
<method=bitvector/>
i                      (alloca           ) [ 0100]
specmemcore_ln0        (specmemcore      ) [ 0000]
specmemcore_ln0        (specmemcore      ) [ 0000]
specmemcore_ln0        (specmemcore      ) [ 0000]
specmemcore_ln0        (specmemcore      ) [ 0000]
store_ln62             (store            ) [ 0000]
br_ln0                 (br               ) [ 0000]
i_2                    (load             ) [ 0000]
icmp_ln62              (icmp             ) [ 0110]
add_ln62               (add              ) [ 0000]
br_ln62                (br               ) [ 0000]
zext_ln62              (zext             ) [ 0000]
y                      (partselect       ) [ 0111]
real_addr              (getelementptr    ) [ 0110]
imag_addr              (getelementptr    ) [ 0110]
store_ln62             (store            ) [ 0000]
real_load              (load             ) [ 0101]
imag_load              (load             ) [ 0101]
specpipeline_ln63      (specpipeline     ) [ 0000]
speclooptripcount_ln62 (speclooptripcount) [ 0000]
specloopname_ln62      (specloopname     ) [ 0000]
zext_ln65              (zext             ) [ 0000]
tmp_real_addr          (getelementptr    ) [ 0000]
store_ln65             (store            ) [ 0000]
tmp_imag_addr          (getelementptr    ) [ 0000]
store_ln66             (store            ) [ 0000]
br_ln62                (br               ) [ 0000]
ret_ln0                (ret              ) [ 0000]
</LifeTime>

<model>

<comp_list>
<comp id="0" class="1000" name="real_r">
<pin_list>
<pin id="1" dir="1" index="0" bw="1" slack="0"/>
</pin_list>
<bind>
<StgValue><ssdm name="real_r"/><MemPortTyVec>1 3 </MemPortTyVec>
</StgValue>
</bind>
</comp>

<comp id="2" class="1000" name="tmp_real">
<pin_list>
<pin id="3" dir="1" index="0" bw="1" slack="0"/>
</pin_list>
<bind>
<StgValue><ssdm name="tmp_real"/><MemPortTyVec>3 0 </MemPortTyVec>
</StgValue>
</bind>
</comp>

<comp id="4" class="1000" name="imag">
<pin_list>
<pin id="5" dir="1" index="0" bw="1" slack="0"/>
</pin_list>
<bind>
<StgValue><ssdm name="imag"/><MemPortTyVec>1 3 </MemPortTyVec>
</StgValue>
</bind>
</comp>

<comp id="6" class="1000" name="tmp_imag">
<pin_list>
<pin id="7" dir="1" index="0" bw="1" slack="0"/>
</pin_list>
<bind>
<StgValue><ssdm name="tmp_imag"/><MemPortTyVec>3 0 </MemPortTyVec>
</StgValue>
</bind>
</comp>

<comp id="8" class="1001" name="const_8">
<pin_list>
<pin id="9" dir="1" index="0" bw="1" slack="0"/>
</pin_list>
<bind>
<StgValue><ssdm name=""/></StgValue>
</bind>
</comp>

<comp id="10" class="1001" name="const_10">
<pin_list>
<pin id="11" dir="1" index="0" bw="1" slack="2147483647"/>
</pin_list>
<bind>
<StgValue><ssdm name="_ssdm_op_SpecMemCore"/></StgValue>
</bind>
</comp>

<comp id="12" class="1001" name="const_12">
<pin_list>
<pin id="13" dir="1" index="0" bw="1" slack="2147483647"/>
</pin_list>
<bind>
<StgValue><ssdm name=""/></StgValue>
</bind>
</comp>

<comp id="14" class="1001" name="const_14">
<pin_list>
<pin id="15" dir="1" index="0" bw="1" slack="2147483647"/>
</pin_list>
<bind>
<StgValue><ssdm name=""/></StgValue>
</bind>
</comp>

<comp id="16" class="1001" name="const_16">
<pin_list>
<pin id="17" dir="1" index="0" bw="1" slack="2147483647"/>
</pin_list>
<bind>
<StgValue><ssdm name=""/></StgValue>
</bind>
</comp>

<comp id="18" class="1001" name="const_18">
<pin_list>
<pin id="19" dir="1" index="0" bw="1" slack="0"/>
</pin_list>
<bind>
<StgValue><ssdm name=""/></StgValue>
</bind>
</comp>

<comp id="20" class="1001" name="const_20">
<pin_list>
<pin id="21" dir="1" index="0" bw="1" slack="0"/>
</pin_list>
<bind>
<StgValue><ssdm name=""/></StgValue>
</bind>
</comp>

<comp id="22" class="1001" name="const_22">
<pin_list>
<pin id="23" dir="1" index="0" bw="1" slack="0"/>
</pin_list>
<bind>
<StgValue><ssdm name=""/></StgValue>
</bind>
</comp>

<comp id="24" class="1001" name="const_24">
<pin_list>
<pin id="25" dir="1" index="0" bw="1" slack="0"/>
</pin_list>
<bind>
<StgValue><ssdm name="_ssdm_op_PartSelect.i10.i11.i32.i32"/></StgValue>
</bind>
</comp>

<comp id="26" class="1001" name="const_26">
<pin_list>
<pin id="27" dir="1" index="0" bw="1" slack="0"/>
</pin_list>
<bind>
<StgValue><ssdm name=""/></StgValue>
</bind>
</comp>

<comp id="28" class="1001" name="const_28">
<pin_list>
<pin id="29" dir="1" index="0" bw="1" slack="0"/>
</pin_list>
<bind>
<StgValue><ssdm name=""/></StgValue>
</bind>
</comp>

<comp id="30" class="1001" name="const_30">
<pin_list>
<pin id="31" dir="1" index="0" bw="1" slack="0"/>
</pin_list>
<bind>
<StgValue><ssdm name=""/></StgValue>
</bind>
</comp>

<comp id="32" class="1001" name="const_32">
<pin_list>
<pin id="33" dir="1" index="0" bw="1" slack="2147483647"/>
</pin_list>
<bind>
<StgValue><ssdm name="_ssdm_op_SpecPipeline"/></StgValue>
</bind>
</comp>

<comp id="34" class="1001" name="const_34">
<pin_list>
<pin id="35" dir="1" index="0" bw="1" slack="2147483647"/>
</pin_list>
<bind>
<StgValue><ssdm name="empty_1"/></StgValue>
</bind>
</comp>

<comp id="36" class="1001" name="const_36">
<pin_list>
<pin id="37" dir="1" index="0" bw="1" slack="2147483647"/>
</pin_list>
<bind>
<StgValue><ssdm name="_ssdm_op_SpecLoopTripCount"/></StgValue>
</bind>
</comp>

<comp id="38" class="1001" name="const_38">
<pin_list>
<pin id="39" dir="1" index="0" bw="1" slack="2147483647"/>
</pin_list>
<bind>
<StgValue><ssdm name=""/></StgValue>
</bind>
</comp>

<comp id="40" class="1001" name="const_40">
<pin_list>
<pin id="41" dir="1" index="0" bw="1" slack="2147483647"/>
</pin_list>
<bind>
<StgValue><ssdm name="_ssdm_op_SpecLoopName"/></StgValue>
</bind>
</comp>

<comp id="42" class="1001" name="const_42">
<pin_list>
<pin id="43" dir="1" index="0" bw="1" slack="2147483647"/>
</pin_list>
<bind>
<StgValue><ssdm name="empty_20"/></StgValue>
</bind>
</comp>

<comp id="44" class="1004" name="i_fu_44">
<pin_list>
<pin id="45" dir="0" index="0" bw="1" slack="0"/>
<pin id="46" dir="1" index="1" bw="11" slack="0"/>
</pin_list>
<bind>
<opcode="alloca(26) " fcode="alloca"/>
<opset="i/1 "/>
</bind>
</comp>

<comp id="48" class="1004" name="real_addr_gep_fu_48">
<pin_list>
<pin id="49" dir="0" index="0" bw="32" slack="0"/>
<pin id="50" dir="0" index="1" bw="1" slack="0"/>
<pin id="51" dir="0" index="2" bw="11" slack="0"/>
<pin id="52" dir="1" index="3" bw="10" slack="0"/>
</pin_list>
<bind>
<opcode="getelementptr(29) " fcode="getelementptr"/>
<opset="real_addr/1 "/>
</bind>
</comp>

<comp id="55" class="1004" name="grp_access_fu_55">
<pin_list>
<pin id="56" dir="0" index="0" bw="10" slack="0"/>
<pin id="57" dir="0" index="1" bw="32" slack="2147483647"/>
<pin id="58" dir="0" index="2" bw="0" slack="2147483647"/>
<pin id="59" dir="1" index="3" bw="32" slack="1"/>
</pin_list>
<bind>
<opcode="load(27) " fcode="load"/>
<opset="real_load/1 "/>
</bind>
</comp>

<comp id="61" class="1004" name="imag_addr_gep_fu_61">
<pin_list>
<pin id="62" dir="0" index="0" bw="32" slack="0"/>
<pin id="63" dir="0" index="1" bw="1" slack="0"/>
<pin id="64" dir="0" index="2" bw="11" slack="0"/>
<pin id="65" dir="1" index="3" bw="10" slack="0"/>
</pin_list>
<bind>
<opcode="getelementptr(29) " fcode="getelementptr"/>
<opset="imag_addr/1 "/>
</bind>
</comp>

<comp id="68" class="1004" name="grp_access_fu_68">
<pin_list>
<pin id="69" dir="0" index="0" bw="10" slack="0"/>
<pin id="70" dir="0" index="1" bw="32" slack="2147483647"/>
<pin id="71" dir="0" index="2" bw="0" slack="2147483647"/>
<pin id="72" dir="1" index="3" bw="32" slack="1"/>
</pin_list>
<bind>
<opcode="load(27) " fcode="load"/>
<opset="imag_load/1 "/>
</bind>
</comp>

<comp id="74" class="1004" name="tmp_real_addr_gep_fu_74">
<pin_list>
<pin id="75" dir="0" index="0" bw="32" slack="0"/>
<pin id="76" dir="0" index="1" bw="1" slack="0"/>
<pin id="77" dir="0" index="2" bw="10" slack="0"/>
<pin id="78" dir="1" index="3" bw="10" slack="0"/>
</pin_list>
<bind>
<opcode="getelementptr(29) " fcode="getelementptr"/>
<opset="tmp_real_addr/3 "/>
</bind>
</comp>

<comp id="81" class="1004" name="store_ln65_access_fu_81">
<pin_list>
<pin id="82" dir="0" index="0" bw="10" slack="2147483647"/>
<pin id="83" dir="0" index="1" bw="32" slack="2147483647"/>
<pin id="84" dir="0" index="2" bw="0" slack="0"/>
<pin id="86" dir="0" index="4" bw="10" slack="1"/>
<pin id="87" dir="0" index="5" bw="32" slack="2147483647"/>
<pin id="88" dir="0" index="6" bw="0" slack="2147483647"/>
<pin id="85" dir="1" index="3" bw="32" slack="2147483647"/>
<pin id="89" dir="1" index="7" bw="32" slack="2147483647"/>
</pin_list>
<bind>
<opcode="store(28) " fcode="store"/>
<opset="store_ln65/3 "/>
</bind>
</comp>

<comp id="91" class="1004" name="tmp_imag_addr_gep_fu_91">
<pin_list>
<pin id="92" dir="0" index="0" bw="32" slack="0"/>
<pin id="93" dir="0" index="1" bw="1" slack="0"/>
<pin id="94" dir="0" index="2" bw="10" slack="0"/>
<pin id="95" dir="1" index="3" bw="10" slack="0"/>
</pin_list>
<bind>
<opcode="getelementptr(29) " fcode="getelementptr"/>
<opset="tmp_imag_addr/3 "/>
</bind>
</comp>

<comp id="98" class="1004" name="store_ln66_access_fu_98">
<pin_list>
<pin id="99" dir="0" index="0" bw="10" slack="2147483647"/>
<pin id="100" dir="0" index="1" bw="32" slack="2147483647"/>
<pin id="101" dir="0" index="2" bw="0" slack="0"/>
<pin id="103" dir="0" index="4" bw="10" slack="1"/>
<pin id="104" dir="0" index="5" bw="32" slack="2147483647"/>
<pin id="105" dir="0" index="6" bw="0" slack="2147483647"/>
<pin id="102" dir="1" index="3" bw="32" slack="2147483647"/>
<pin id="106" dir="1" index="7" bw="32" slack="2147483647"/>
</pin_list>
<bind>
<opcode="store(28) " fcode="store"/>
<opset="store_ln66/3 "/>
</bind>
</comp>

<comp id="108" class="1004" name="store_ln62_store_fu_108">
<pin_list>
<pin id="109" dir="0" index="0" bw="1" slack="0"/>
<pin id="110" dir="0" index="1" bw="11" slack="0"/>
<pin id="111" dir="1" index="2" bw="0" slack="2147483647"/>
</pin_list>
<bind>
<opcode="store(28) " fcode="store"/>
<opset="store_ln62/1 "/>
</bind>
</comp>

<comp id="113" class="1004" name="i_2_load_fu_113">
<pin_list>
<pin id="114" dir="0" index="0" bw="11" slack="0"/>
<pin id="115" dir="1" index="1" bw="11" slack="0"/>
</pin_list>
<bind>
<opcode="load(27) " fcode="load"/>
<opset="i_2/1 "/>
</bind>
</comp>

<comp id="116" class="1004" name="icmp_ln62_fu_116">
<pin_list>
<pin id="117" dir="0" index="0" bw="11" slack="0"/>
<pin id="118" dir="0" index="1" bw="11" slack="0"/>
<pin id="119" dir="1" index="2" bw="1" slack="1"/>
</pin_list>
<bind>
<opcode="icmp(45) " fcode="icmp"/>
<opset="icmp_ln62/1 "/>
</bind>
</comp>

<comp id="122" class="1004" name="add_ln62_fu_122">
<pin_list>
<pin id="123" dir="0" index="0" bw="11" slack="0"/>
<pin id="124" dir="0" index="1" bw="1" slack="0"/>
<pin id="125" dir="1" index="2" bw="11" slack="0"/>
</pin_list>
<bind>
<opcode="add(8) " fcode="add"/>
<opset="add_ln62/1 "/>
</bind>
</comp>

<comp id="128" class="1004" name="zext_ln62_fu_128">
<pin_list>
<pin id="129" dir="0" index="0" bw="11" slack="0"/>
<pin id="130" dir="1" index="1" bw="64" slack="0"/>
</pin_list>
<bind>
<opcode="zext(34) " fcode="zext"/>
<opset="zext_ln62/1 "/>
</bind>
</comp>

<comp id="134" class="1004" name="y_fu_134">
<pin_list>
<pin id="135" dir="0" index="0" bw="10" slack="0"/>
<pin id="136" dir="0" index="1" bw="11" slack="0"/>
<pin id="137" dir="0" index="2" bw="5" slack="0"/>
<pin id="138" dir="0" index="3" bw="1" slack="0"/>
<pin id="139" dir="1" index="4" bw="10" slack="2"/>
</pin_list>
<bind>
<opcode="partselect(1002) " fcode="partselect"/>
<opset="y/1 "/>
</bind>
</comp>

<comp id="144" class="1004" name="store_ln62_store_fu_144">
<pin_list>
<pin id="145" dir="0" index="0" bw="11" slack="0"/>
<pin id="146" dir="0" index="1" bw="11" slack="0"/>
<pin id="147" dir="1" index="2" bw="0" slack="2147483647"/>
</pin_list>
<bind>
<opcode="store(28) " fcode="store"/>
<opset="store_ln62/1 "/>
</bind>
</comp>

<comp id="149" class="1004" name="zext_ln65_fu_149">
<pin_list>
<pin id="150" dir="0" index="0" bw="10" slack="2"/>
<pin id="151" dir="1" index="1" bw="64" slack="0"/>
</pin_list>
<bind>
<opcode="zext(34) " fcode="zext"/>
<opset="zext_ln65/3 "/>
</bind>
</comp>

<comp id="154" class="1005" name="i_reg_154">
<pin_list>
<pin id="155" dir="0" index="0" bw="11" slack="0"/>
<pin id="156" dir="1" index="1" bw="11" slack="0"/>
</pin_list>
<bind>
<opset="i "/>
</bind>
</comp>

<comp id="161" class="1005" name="icmp_ln62_reg_161">
<pin_list>
<pin id="162" dir="0" index="0" bw="1" slack="1"/>
<pin id="163" dir="1" index="1" bw="1" slack="2147483647"/>
</pin_list>
<bind>
<opset="icmp_ln62 "/>
</bind>
</comp>

<comp id="165" class="1005" name="y_reg_165">
<pin_list>
<pin id="166" dir="0" index="0" bw="10" slack="2"/>
<pin id="167" dir="1" index="1" bw="10" slack="2"/>
</pin_list>
<bind>
<opset="y "/>
</bind>
</comp>

<comp id="170" class="1005" name="real_addr_reg_170">
<pin_list>
<pin id="171" dir="0" index="0" bw="10" slack="1"/>
<pin id="172" dir="1" index="1" bw="10" slack="1"/>
</pin_list>
<bind>
<opset="real_addr "/>
</bind>
</comp>

<comp id="175" class="1005" name="imag_addr_reg_175">
<pin_list>
<pin id="176" dir="0" index="0" bw="10" slack="1"/>
<pin id="177" dir="1" index="1" bw="10" slack="1"/>
</pin_list>
<bind>
<opset="imag_addr "/>
</bind>
</comp>

<comp id="180" class="1005" name="real_load_reg_180">
<pin_list>
<pin id="181" dir="0" index="0" bw="32" slack="1"/>
<pin id="182" dir="1" index="1" bw="32" slack="1"/>
</pin_list>
<bind>
<opset="real_load "/>
</bind>
</comp>

<comp id="185" class="1005" name="imag_load_reg_185">
<pin_list>
<pin id="186" dir="0" index="0" bw="32" slack="1"/>
<pin id="187" dir="1" index="1" bw="32" slack="1"/>
</pin_list>
<bind>
<opset="imag_load "/>
</bind>
</comp>

</comp_list>

<net_list>
<net id="47"><net_src comp="8" pin="0"/><net_sink comp="44" pin=0"/></net>

<net id="53"><net_src comp="0" pin="0"/><net_sink comp="48" pin=0"/></net>

<net id="54"><net_src comp="30" pin="0"/><net_sink comp="48" pin=1"/></net>

<net id="60"><net_src comp="48" pin="3"/><net_sink comp="55" pin=0"/></net>

<net id="66"><net_src comp="4" pin="0"/><net_sink comp="61" pin=0"/></net>

<net id="67"><net_src comp="30" pin="0"/><net_sink comp="61" pin=1"/></net>

<net id="73"><net_src comp="61" pin="3"/><net_sink comp="68" pin=0"/></net>

<net id="79"><net_src comp="2" pin="0"/><net_sink comp="74" pin=0"/></net>

<net id="80"><net_src comp="30" pin="0"/><net_sink comp="74" pin=1"/></net>

<net id="90"><net_src comp="74" pin="3"/><net_sink comp="81" pin=2"/></net>

<net id="96"><net_src comp="6" pin="0"/><net_sink comp="91" pin=0"/></net>

<net id="97"><net_src comp="30" pin="0"/><net_sink comp="91" pin=1"/></net>

<net id="107"><net_src comp="91" pin="3"/><net_sink comp="98" pin=2"/></net>

<net id="112"><net_src comp="18" pin="0"/><net_sink comp="108" pin=0"/></net>

<net id="120"><net_src comp="113" pin="1"/><net_sink comp="116" pin=0"/></net>

<net id="121"><net_src comp="20" pin="0"/><net_sink comp="116" pin=1"/></net>

<net id="126"><net_src comp="113" pin="1"/><net_sink comp="122" pin=0"/></net>

<net id="127"><net_src comp="22" pin="0"/><net_sink comp="122" pin=1"/></net>

<net id="131"><net_src comp="113" pin="1"/><net_sink comp="128" pin=0"/></net>

<net id="132"><net_src comp="128" pin="1"/><net_sink comp="48" pin=2"/></net>

<net id="133"><net_src comp="128" pin="1"/><net_sink comp="61" pin=2"/></net>

<net id="140"><net_src comp="24" pin="0"/><net_sink comp="134" pin=0"/></net>

<net id="141"><net_src comp="113" pin="1"/><net_sink comp="134" pin=1"/></net>

<net id="142"><net_src comp="26" pin="0"/><net_sink comp="134" pin=2"/></net>

<net id="143"><net_src comp="28" pin="0"/><net_sink comp="134" pin=3"/></net>

<net id="148"><net_src comp="122" pin="2"/><net_sink comp="144" pin=0"/></net>

<net id="152"><net_src comp="149" pin="1"/><net_sink comp="74" pin=2"/></net>

<net id="153"><net_src comp="149" pin="1"/><net_sink comp="91" pin=2"/></net>

<net id="157"><net_src comp="44" pin="1"/><net_sink comp="154" pin=0"/></net>

<net id="158"><net_src comp="154" pin="1"/><net_sink comp="108" pin=1"/></net>

<net id="159"><net_src comp="154" pin="1"/><net_sink comp="113" pin=0"/></net>

<net id="160"><net_src comp="154" pin="1"/><net_sink comp="144" pin=1"/></net>

<net id="164"><net_src comp="116" pin="2"/><net_sink comp="161" pin=0"/></net>

<net id="168"><net_src comp="134" pin="4"/><net_sink comp="165" pin=0"/></net>

<net id="169"><net_src comp="165" pin="1"/><net_sink comp="149" pin=0"/></net>

<net id="173"><net_src comp="48" pin="3"/><net_sink comp="170" pin=0"/></net>

<net id="174"><net_src comp="170" pin="1"/><net_sink comp="55" pin=0"/></net>

<net id="178"><net_src comp="61" pin="3"/><net_sink comp="175" pin=0"/></net>

<net id="179"><net_src comp="175" pin="1"/><net_sink comp="68" pin=0"/></net>

<net id="183"><net_src comp="55" pin="3"/><net_sink comp="180" pin=0"/></net>

<net id="184"><net_src comp="180" pin="1"/><net_sink comp="81" pin=4"/></net>

<net id="188"><net_src comp="68" pin="3"/><net_sink comp="185" pin=0"/></net>

<net id="189"><net_src comp="185" pin="1"/><net_sink comp="98" pin=4"/></net>

</net_list>

</model> 
---------------- Datapath Model END ------------------

* FSMD analyzer results:
  - Output states:
	Port: tmp_real | {3 }
	Port: tmp_imag | {3 }
 - Input state : 
	Port: fft_kernel_Pipeline_VITIS_LOOP_62_4 : real_r | {1 2 }
	Port: fft_kernel_Pipeline_VITIS_LOOP_62_4 : imag | {1 2 }
  - Chain level:
	State 1
		store_ln62 : 1
		i_2 : 1
		icmp_ln62 : 2
		add_ln62 : 2
		br_ln62 : 3
		zext_ln62 : 2
		y : 2
		real_addr : 3
		real_load : 4
		imag_addr : 3
		imag_load : 4
		store_ln62 : 3
	State 2
	State 3
		tmp_real_addr : 1
		store_ln65 : 2
		tmp_imag_addr : 1
		store_ln66 : 2


============================================================
+ Verbose Summary: Datapath Resource usage 
============================================================

* Functional unit list:
|----------|------------------|---------|---------|
| Operation|  Functional Unit |    FF   |   LUT   |
|----------|------------------|---------|---------|
|   icmp   | icmp_ln62_fu_116 |    0    |    18   |
|----------|------------------|---------|---------|
|    add   |  add_ln62_fu_122 |    0    |    18   |
|----------|------------------|---------|---------|
|   zext   | zext_ln62_fu_128 |    0    |    0    |
|          | zext_ln65_fu_149 |    0    |    0    |
|----------|------------------|---------|---------|
|partselect|     y_fu_134     |    0    |    0    |
|----------|------------------|---------|---------|
|   Total  |                  |    0    |    36   |
|----------|------------------|---------|---------|

Memories:
N/A

* Register list:
+-----------------+--------+
|                 |   FF   |
+-----------------+--------+
|    i_reg_154    |   11   |
|icmp_ln62_reg_161|    1   |
|imag_addr_reg_175|   10   |
|imag_load_reg_185|   32   |
|real_addr_reg_170|   10   |
|real_load_reg_180|   32   |
|    y_reg_165    |   10   |
+-----------------+--------+
|      Total      |   106  |
+-----------------+--------+

* Multiplexer (MUX) list: 
|------------------|------|------|------|--------||---------||---------||---------|
|       Comp       |  Pin | Size |  BW  | S x BW ||  Delay  ||    FF   ||   LUT   |
|------------------|------|------|------|--------||---------||---------||---------|
| grp_access_fu_55 |  p0  |   2  |  10  |   20   ||    0    ||    9    |
| grp_access_fu_68 |  p0  |   2  |  10  |   20   ||    0    ||    9    |
|------------------|------|------|------|--------||---------||---------||---------|
|       Total      |      |      |      |   40   ||  0.774  ||    0    ||    18   |
|------------------|------|------|------|--------||---------||---------||---------|



* Summary:
+-----------+--------+--------+--------+
|           |  Delay |   FF   |   LUT  |
+-----------+--------+--------+--------+
|  Function |    -   |    0   |   36   |
|   Memory  |    -   |    -   |    -   |
|Multiplexer|    0   |    0   |   18   |
|  Register |    -   |   106  |    -   |
+-----------+--------+--------+--------+
|   Total   |    0   |   106  |   54   |
+-----------+--------+--------+--------+
