

================================================================
== Vitis HLS Report for 'fft_kernel_Pipeline_VITIS_LOOP_49_2'
================================================================
* Date:           Mon Jun  1 09:29:34 2026

* Version:        2024.1 (Build 5069499 on May 21 2024)
* Project:        hls_component
* Solution:       hls (Vivado IP Flow Target)
* Product family: virtexuplusHBM
* Target device:  xcvu47p-fsvh2892-2-e


================================================================
== Performance Estimates
================================================================
+ Timing: 
    * Summary: 
    +--------+---------+----------+------------+
    |  Clock |  Target | Estimated| Uncertainty|
    +--------+---------+----------+------------+
    |ap_clk  |  3.00 ns|  2.190 ns|     0.81 ns|
    +--------+---------+----------+------------+

+ Latency: 
    * Summary: 
    +---------+---------+----------+----------+------+------+-----------------------------------------------+
    |  Latency (cycles) |  Latency (absolute) |   Interval  |                    Pipeline                   |
    |   min   |   max   |    min   |    max   |  min |  max |                      Type                     |
    +---------+---------+----------+----------+------+------+-----------------------------------------------+
    |     1027|     1027|  3.081 us|  3.081 us|  1025|  1025|  loop auto-rewind stp(delay=0 clock cycles(s))|
    +---------+---------+----------+----------+------+------+-----------------------------------------------+

    + Detail: 
        * Instance: 
        N/A

        * Loop: 
        +-------------------+---------+---------+----------+-----------+-----------+------+----------+
        |                   |  Latency (cycles) | Iteration|  Initiation Interval  | Trip |          |
        |     Loop Name     |   min   |   max   |  Latency |  achieved |   target  | Count| Pipelined|
        +-------------------+---------+---------+----------+-----------+-----------+------+----------+
        |- VITIS_LOOP_49_2  |     1025|     1025|         3|          1|          1|  1024|       yes|
        +-------------------+---------+---------+----------+-----------+-----------+------+----------+

============================================================
+ Verbose Summary: Synthesis Manager
============================================================
InlineROM: 1
ExposeGlobal: 0
============================================================
+ Verbose Summary: CDFG Model
============================================================
IsTopModel: 0
ResetActiveHigh: 1
IsCombinational: 0
IsDatapathOnly: 0
HasWiredReturn: 1
HasMFsm: 2
HasVarLatency: 1
IsPipeline: 0
IsRtlPipelined: 0
IsInstanceOverlapped: 0
IsDontTouch: 0
HasImplIP: 0
IsGatedGlobalClock: 0

+ Individual pipeline summary: 
  * Pipeline-0: initiation interval (II) = 1, depth = 3


============================================================
+ Verbose Summary: Schedule
============================================================
* Number of FSM states : 3
* Pipeline : 1
  Pipeline-0 : II = 1, D = 3, States = { 1 2 3 }
* Dataflow Pipeline: 0

* FSM state transitions: 
1 --> 2 
2 --> 3 
3 --> 

* FSM state operations: 

State 1 <SV = 0> <Delay = 1.50>
ST_1 : Operation 6 [1/1] (0.00ns)   --->   "%i = alloca i32 1" [../../../../src/fft_kernel.cpp:49]   --->   Operation 6 'alloca' 'i' <Predicate = true> <Delay = 0.00>
ST_1 : Operation 7 [1/1] (0.00ns)   --->   "%sext_ln47_1_read = read i62 @_ssdm_op_Read.ap_auto.i62, i62 %sext_ln47_1"   --->   Operation 7 'read' 'sext_ln47_1_read' <Predicate = true> <Delay = 0.00>
ST_1 : Operation 8 [1/1] (0.00ns)   --->   "%sext_ln47_read = read i62 @_ssdm_op_Read.ap_auto.i62, i62 %sext_ln47"   --->   Operation 8 'read' 'sext_ln47_read' <Predicate = true> <Delay = 0.00>
ST_1 : Operation 9 [1/1] (0.00ns)   --->   "%sext_ln47_1_cast = sext i62 %sext_ln47_1_read"   --->   Operation 9 'sext' 'sext_ln47_1_cast' <Predicate = true> <Delay = 0.00>
ST_1 : Operation 10 [1/1] (0.00ns)   --->   "%sext_ln47_cast = sext i62 %sext_ln47_read"   --->   Operation 10 'sext' 'sext_ln47_cast' <Predicate = true> <Delay = 0.00>
ST_1 : Operation 11 [1/1] (0.00ns)   --->   "%specmemcore_ln0 = specmemcore void @_ssdm_op_SpecMemCore, i32 %imag, i64 666, i64 22, i64 18446744073709551615"   --->   Operation 11 'specmemcore' 'specmemcore_ln0' <Predicate = true> <Delay = 0.00>
ST_1 : Operation 12 [1/1] (0.00ns)   --->   "%specmemcore_ln0 = specmemcore void @_ssdm_op_SpecMemCore, i32 %real_r, i64 666, i64 22, i64 18446744073709551615"   --->   Operation 12 'specmemcore' 'specmemcore_ln0' <Predicate = true> <Delay = 0.00>
ST_1 : Operation 13 [1/1] (0.00ns)   --->   "%specinterface_ln0 = specinterface void @_ssdm_op_SpecInterface, i32 %gmem1, void @empty_0, i32 0, i32 0, void @empty_1, i32 0, i32 0, void @empty_4, void @empty_3, void @empty_1, i32 16, i32 16, i32 16, i32 16, void @empty_1, void @empty_1, i32 4294967295, i32 0, i32 0"   --->   Operation 13 'specinterface' 'specinterface_ln0' <Predicate = true> <Delay = 0.00>
ST_1 : Operation 14 [1/1] (0.00ns)   --->   "%specinterface_ln0 = specinterface void @_ssdm_op_SpecInterface, i32 %gmem0, void @empty_0, i32 0, i32 0, void @empty_1, i32 0, i32 0, void @empty_2, void @empty_3, void @empty_1, i32 16, i32 16, i32 16, i32 16, void @empty_1, void @empty_1, i32 4294967295, i32 0, i32 0"   --->   Operation 14 'specinterface' 'specinterface_ln0' <Predicate = true> <Delay = 0.00>
ST_1 : Operation 15 [1/1] (0.38ns)   --->   "%store_ln49 = store i11 0, i11 %i" [../../../../src/fft_kernel.cpp:49]   --->   Operation 15 'store' 'store_ln49' <Predicate = true> <Delay = 0.38>
ST_1 : Operation 16 [1/1] (0.00ns)   --->   "%br_ln0 = br void %for.inc"   --->   Operation 16 'br' 'br_ln0' <Predicate = true> <Delay = 0.00>
ST_1 : Operation 17 [1/1] (0.00ns)   --->   "%i_3 = load i11 %i" [../../../../src/fft_kernel.cpp:49]   --->   Operation 17 'load' 'i_3' <Predicate = true> <Delay = 0.00>
ST_1 : Operation 18 [1/1] (0.00ns)   --->   "%specbitsmap_ln0 = specbitsmap void @_ssdm_op_SpecBitsMap, i32 %gmem1"   --->   Operation 18 'specbitsmap' 'specbitsmap_ln0' <Predicate = true> <Delay = 0.00>
ST_1 : Operation 19 [1/1] (0.00ns)   --->   "%specbitsmap_ln0 = specbitsmap void @_ssdm_op_SpecBitsMap, i32 %gmem0"   --->   Operation 19 'specbitsmap' 'specbitsmap_ln0' <Predicate = true> <Delay = 0.00>
ST_1 : Operation 20 [1/1] (0.73ns)   --->   "%icmp_ln49 = icmp_eq  i11 %i_3, i11 1024" [../../../../src/fft_kernel.cpp:49]   --->   Operation 20 'icmp' 'icmp_ln49' <Predicate = true> <Delay = 0.73> <CoreInst = "Cmp">   --->   Core 9 'Cmp' <Latency = 0> <II = 1> <Delay = 0.73> <FuncUnit> <Opcode : 'seteq' 'setne' 'setle' 'setge' 'setlt' 'setgt'> <InPorts = 2> <OutPorts = 1>
ST_1 : Operation 21 [1/1] (0.73ns)   --->   "%add_ln49 = add i11 %i_3, i11 1" [../../../../src/fft_kernel.cpp:49]   --->   Operation 21 'add' 'add_ln49' <Predicate = true> <Delay = 0.73> <CoreInst = "Adder">   --->   Core 1 'Adder' <Latency = 0> <II = 1> <Delay = 0.73> <FuncUnit> <Opcode : 'add' 'sub'> <InPorts = 2> <OutPorts = 1>
ST_1 : Operation 22 [1/1] (0.00ns)   --->   "%br_ln49 = br i1 %icmp_ln49, void %for.inc.split, void %for.inc31.preheader.exitStub" [../../../../src/fft_kernel.cpp:49]   --->   Operation 22 'br' 'br_ln49' <Predicate = true> <Delay = 0.00>
ST_1 : Operation 23 [1/1] (0.38ns)   --->   "%store_ln49 = store i11 %add_ln49, i11 %i" [../../../../src/fft_kernel.cpp:49]   --->   Operation 23 'store' 'store_ln49' <Predicate = (!icmp_ln49)> <Delay = 0.38>

State 2 <SV = 1> <Delay = 2.19>
ST_2 : Operation 24 [1/1] (0.00ns)   --->   "%gmem0_addr = getelementptr i32 %gmem0, i64 %sext_ln47_cast" [../../../../src/fft_kernel.cpp:47]   --->   Operation 24 'getelementptr' 'gmem0_addr' <Predicate = true> <Delay = 0.00>
ST_2 : Operation 25 [1/1] (0.00ns)   --->   "%gmem1_addr = getelementptr i32 %gmem1, i64 %sext_ln47_1_cast" [../../../../src/fft_kernel.cpp:47]   --->   Operation 25 'getelementptr' 'gmem1_addr' <Predicate = true> <Delay = 0.00>
ST_2 : Operation 26 [1/1] (2.19ns)   --->   "%gmem0_addr_read = read i32 @_ssdm_op_Read.m_axi.p1i32, i32 %gmem0_addr" [../../../../src/fft_kernel.cpp:51]   --->   Operation 26 'read' 'gmem0_addr_read' <Predicate = true> <Delay = 2.19> <CoreInst = "m_axi">   --->   Core 119 'm_axi' <Latency = 0> <II = 1> <Delay = 1.00> <Adapter> <Opcode : 'read' 'write' 'readreq' 'writereq' 'writeresp'>
ST_2 : Operation 27 [1/1] (2.19ns)   --->   "%gmem1_addr_read = read i32 @_ssdm_op_Read.m_axi.p1i32, i32 %gmem1_addr" [../../../../src/fft_kernel.cpp:52]   --->   Operation 27 'read' 'gmem1_addr_read' <Predicate = true> <Delay = 2.19> <CoreInst = "m_axi">   --->   Core 119 'm_axi' <Latency = 0> <II = 1> <Delay = 1.00> <Adapter> <Opcode : 'read' 'write' 'readreq' 'writereq' 'writeresp'>
ST_2 : Operation 37 [1/1] (0.38ns)   --->   "%ret_ln0 = ret"   --->   Operation 37 'ret' 'ret_ln0' <Predicate = (icmp_ln49)> <Delay = 0.38>

State 3 <SV = 2> <Delay = 1.20>
ST_3 : Operation 28 [1/1] (0.00ns)   --->   "%zext_ln49 = zext i11 %i_3" [../../../../src/fft_kernel.cpp:49]   --->   Operation 28 'zext' 'zext_ln49' <Predicate = true> <Delay = 0.00>
ST_3 : Operation 29 [1/1] (0.00ns)   --->   "%specpipeline_ln50 = specpipeline void @_ssdm_op_SpecPipeline, i32 1, i32 0, i32 0, i32 0, void @empty_1" [../../../../src/fft_kernel.cpp:50]   --->   Operation 29 'specpipeline' 'specpipeline_ln50' <Predicate = true> <Delay = 0.00>
ST_3 : Operation 30 [1/1] (0.00ns)   --->   "%speclooptripcount_ln49 = speclooptripcount void @_ssdm_op_SpecLoopTripCount, i64 1024, i64 1024, i64 1024" [../../../../src/fft_kernel.cpp:49]   --->   Operation 30 'speclooptripcount' 'speclooptripcount_ln49' <Predicate = true> <Delay = 0.00>
ST_3 : Operation 31 [1/1] (0.00ns)   --->   "%specloopname_ln49 = specloopname void @_ssdm_op_SpecLoopName, void @empty_17" [../../../../src/fft_kernel.cpp:49]   --->   Operation 31 'specloopname' 'specloopname_ln49' <Predicate = true> <Delay = 0.00>
ST_3 : Operation 32 [1/1] (0.00ns)   --->   "%real_addr = getelementptr i32 %real_r, i64 0, i64 %zext_ln49" [../../../../src/fft_kernel.cpp:51]   --->   Operation 32 'getelementptr' 'real_addr' <Predicate = true> <Delay = 0.00>
ST_3 : Operation 33 [1/1] (1.20ns)   --->   "%store_ln51 = store i32 %gmem0_addr_read, i10 %real_addr" [../../../../src/fft_kernel.cpp:51]   --->   Operation 33 'store' 'store_ln51' <Predicate = true> <Delay = 1.20> <CoreInst = "RAM_2P_BRAM">   --->   Core 93 'RAM_2P_BRAM' <Latency = 1> <II = 1> <Delay = 1.20> <Storage> <Opcode : 'load' 'store'> <Ports = 2> <Width = 32> <Depth = 1024> <RAM>
ST_3 : Operation 34 [1/1] (0.00ns)   --->   "%imag_addr = getelementptr i32 %imag, i64 0, i64 %zext_ln49" [../../../../src/fft_kernel.cpp:52]   --->   Operation 34 'getelementptr' 'imag_addr' <Predicate = true> <Delay = 0.00>
ST_3 : Operation 35 [1/1] (1.20ns)   --->   "%store_ln52 = store i32 %gmem1_addr_read, i10 %imag_addr" [../../../../src/fft_kernel.cpp:52]   --->   Operation 35 'store' 'store_ln52' <Predicate = true> <Delay = 1.20> <CoreInst = "RAM_2P_BRAM">   --->   Core 93 'RAM_2P_BRAM' <Latency = 1> <II = 1> <Delay = 1.20> <Storage> <Opcode : 'load' 'store'> <Ports = 2> <Width = 32> <Depth = 1024> <RAM>
ST_3 : Operation 36 [1/1] (0.00ns)   --->   "%br_ln49 = br void %for.inc" [../../../../src/fft_kernel.cpp:49]   --->   Operation 36 'br' 'br_ln49' <Predicate = true> <Delay = 0.00>


============================================================
+ Verbose Summary: Timing violations
============================================================
Target clock period: 3.000ns, clock uncertainty: 0.810ns.

 <State 1>: 1.509ns
The critical path consists of the following:
	'store' operation 0 bit ('store_ln49', ../../../../src/fft_kernel.cpp:49) of constant 0 on local variable 'i', ../../../../src/fft_kernel.cpp:49 [16]  (0.387 ns)
	'load' operation 11 bit ('i', ../../../../src/fft_kernel.cpp:49) on local variable 'i', ../../../../src/fft_kernel.cpp:49 [19]  (0.000 ns)
	'icmp' operation 1 bit ('icmp_ln49', ../../../../src/fft_kernel.cpp:49) [22]  (0.735 ns)
	'store' operation 0 bit ('store_ln49', ../../../../src/fft_kernel.cpp:49) of variable 'add_ln49', ../../../../src/fft_kernel.cpp:49 on local variable 'i', ../../../../src/fft_kernel.cpp:49 [38]  (0.387 ns)

 <State 2>: 2.190ns
The critical path consists of the following:
	'getelementptr' operation 32 bit ('gmem0_addr', ../../../../src/fft_kernel.cpp:47) [26]  (0.000 ns)
	bus read operation ('gmem0_addr_read', ../../../../src/fft_kernel.cpp:51) on port 'gmem0' (../../../../src/fft_kernel.cpp:51) [32]  (2.190 ns)

 <State 3>: 1.200ns
The critical path consists of the following:
	'getelementptr' operation 10 bit ('real_addr', ../../../../src/fft_kernel.cpp:51) [33]  (0.000 ns)
	'store' operation 0 bit ('store_ln51', ../../../../src/fft_kernel.cpp:51) of variable 'gmem0_addr_read', ../../../../src/fft_kernel.cpp:51 on array 'real_r' [34]  (1.200 ns)


============================================================
+ Verbose Summary: Binding
============================================================
N/A
* FSMD analyzer results:
  - Output states:
 - Input state : 
  - Chain level:
	State 1
	State 2
	State 3


============================================================
+ Verbose Summary: Datapath Resource usage 
============================================================
N/A
